[2025-02-12T02:21:54.106+0000] {local_task_job_runner.py:123} INFO - ::group::Pre task execution logs
[2025-02-12T02:21:54.117+0000] {taskinstance.py:2613} INFO - Dependencies all met for dep_context=non-requeueable deps ti=<TaskInstance: LocalIngestionDag.wget manual__2025-02-12T02:21:53.466271+00:00 [queued]>
[2025-02-12T02:21:54.121+0000] {taskinstance.py:2613} INFO - Dependencies all met for dep_context=requeueable deps ti=<TaskInstance: LocalIngestionDag.wget manual__2025-02-12T02:21:53.466271+00:00 [queued]>
[2025-02-12T02:21:54.121+0000] {taskinstance.py:2866} INFO - Starting attempt 1 of 1
[2025-02-12T02:21:54.129+0000] {taskinstance.py:2889} INFO - Executing <Task(BashOperator): wget> on 2025-02-12 02:21:53.466271+00:00
[2025-02-12T02:21:54.132+0000] {warnings.py:112} WARNING - /home/***/.local/lib/python3.12/site-packages/***/task/task_runner/standard_task_runner.py:70: DeprecationWarning: This process (pid=14643) is multi-threaded, use of fork() may lead to deadlocks in the child.
  pid = os.fork()

[2025-02-12T02:21:54.133+0000] {standard_task_runner.py:72} INFO - Started process 14644 to run task
[2025-02-12T02:21:54.134+0000] {standard_task_runner.py:104} INFO - Running: ['***', 'tasks', 'run', 'LocalIngestionDag', 'wget', 'manual__2025-02-12T02:21:53.466271+00:00', '--job-id', '113', '--raw', '--subdir', 'DAGS_FOLDER/data_ingestion_local.py', '--cfg-path', '/tmp/tmp34ck_lmn']
[2025-02-12T02:21:54.135+0000] {standard_task_runner.py:105} INFO - Job 113: Subtask wget
[2025-02-12T02:21:54.165+0000] {task_command.py:467} INFO - Running <TaskInstance: LocalIngestionDag.wget manual__2025-02-12T02:21:53.466271+00:00 [running]> on host 79800649bc05
[2025-02-12T02:21:54.214+0000] {taskinstance.py:3132} INFO - Exporting env vars: AIRFLOW_CTX_DAG_OWNER='***' AIRFLOW_CTX_DAG_ID='LocalIngestionDag' AIRFLOW_CTX_TASK_ID='wget' AIRFLOW_CTX_EXECUTION_DATE='2025-02-12T02:21:53.466271+00:00' AIRFLOW_CTX_TRY_NUMBER='1' AIRFLOW_CTX_DAG_RUN_ID='manual__2025-02-12T02:21:53.466271+00:00'
[2025-02-12T02:21:54.215+0000] {taskinstance.py:731} INFO - ::endgroup::
[2025-02-12T02:21:54.223+0000] {subprocess.py:78} INFO - Tmp dir root location: /tmp
[2025-02-12T02:21:54.224+0000] {subprocess.py:88} INFO - Running command: ['/usr/bin/bash', '-c', 'curl -sSL https://s3.amazonaws.com/nyc-tlc/trip+data/yellow_tripdata_2025-02.csv > /opt/***/output_2025-02.csv']
[2025-02-12T02:21:54.229+0000] {subprocess.py:99} INFO - Output:
[2025-02-12T02:21:54.389+0000] {subprocess.py:110} INFO - Command exited with return code 0
[2025-02-12T02:21:54.537+0000] {taskinstance.py:340} INFO - ::group::Post task execution logs
[2025-02-12T02:21:54.537+0000] {taskinstance.py:352} INFO - Marking task as SUCCESS. dag_id=LocalIngestionDag, task_id=wget, run_id=manual__2025-02-12T02:21:53.466271+00:00, execution_date=20250212T022153, start_date=20250212T022154, end_date=20250212T022154
[2025-02-12T02:21:54.566+0000] {local_task_job_runner.py:266} INFO - Task exited with return code 0
[2025-02-12T02:21:54.581+0000] {taskinstance.py:3895} INFO - 1 downstream tasks scheduled from follow-on schedule check
[2025-02-12T02:21:54.582+0000] {local_task_job_runner.py:245} INFO - ::endgroup::
