[2025-02-13T01:42:56.685+0000] {local_task_job_runner.py:123} INFO - ::group::Pre task execution logs
[2025-02-13T01:42:56.696+0000] {taskinstance.py:2613} INFO - Dependencies all met for dep_context=non-requeueable deps ti=<TaskInstance: LocalIngestionDag.wget manual__2025-02-13T01:42:55.969021+00:00 [queued]>
[2025-02-13T01:42:56.699+0000] {taskinstance.py:2613} INFO - Dependencies all met for dep_context=requeueable deps ti=<TaskInstance: LocalIngestionDag.wget manual__2025-02-13T01:42:55.969021+00:00 [queued]>
[2025-02-13T01:42:56.699+0000] {taskinstance.py:2866} INFO - Starting attempt 1 of 1
[2025-02-13T01:42:56.706+0000] {taskinstance.py:2889} INFO - Executing <Task(BashOperator): wget> on 2025-02-13 01:42:55.969021+00:00
[2025-02-13T01:42:56.709+0000] {warnings.py:112} WARNING - /home/***/.local/lib/python3.12/site-packages/***/task/task_runner/standard_task_runner.py:70: DeprecationWarning: This process (pid=6164) is multi-threaded, use of fork() may lead to deadlocks in the child.
  pid = os.fork()

[2025-02-13T01:42:56.710+0000] {standard_task_runner.py:72} INFO - Started process 6165 to run task
[2025-02-13T01:42:56.711+0000] {standard_task_runner.py:104} INFO - Running: ['***', 'tasks', 'run', 'LocalIngestionDag', 'wget', 'manual__2025-02-13T01:42:55.969021+00:00', '--job-id', '109', '--raw', '--subdir', 'DAGS_FOLDER/data_ingestion_local.py', '--cfg-path', '/tmp/tmp7whcwow6']
[2025-02-13T01:42:56.712+0000] {standard_task_runner.py:105} INFO - Job 109: Subtask wget
[2025-02-13T01:42:56.740+0000] {task_command.py:467} INFO - Running <TaskInstance: LocalIngestionDag.wget manual__2025-02-13T01:42:55.969021+00:00 [running]> on host ee2ea8770015
[2025-02-13T01:42:56.784+0000] {taskinstance.py:3132} INFO - Exporting env vars: AIRFLOW_CTX_DAG_OWNER='***' AIRFLOW_CTX_DAG_ID='LocalIngestionDag' AIRFLOW_CTX_TASK_ID='wget' AIRFLOW_CTX_EXECUTION_DATE='2025-02-13T01:42:55.969021+00:00' AIRFLOW_CTX_TRY_NUMBER='1' AIRFLOW_CTX_DAG_RUN_ID='manual__2025-02-13T01:42:55.969021+00:00'
[2025-02-13T01:42:56.785+0000] {taskinstance.py:731} INFO - ::endgroup::
[2025-02-13T01:42:56.795+0000] {subprocess.py:78} INFO - Tmp dir root location: /tmp
[2025-02-13T01:42:56.796+0000] {subprocess.py:88} INFO - Running command: ['/usr/bin/bash', '-c', 'curl -sSL https://github.com/DataTalksClub/nyc-tlc-data/releases/download/yellow/yellow_tripdata_2020-04.csv.gz > /opt/***/yellow_tripdata_2020-04.csv.gz']
[2025-02-13T01:42:56.802+0000] {subprocess.py:99} INFO - Output:
[2025-02-13T01:42:59.099+0000] {subprocess.py:110} INFO - Command exited with return code 0
[2025-02-13T01:42:59.258+0000] {taskinstance.py:340} INFO - ::group::Post task execution logs
[2025-02-13T01:42:59.258+0000] {taskinstance.py:352} INFO - Marking task as SUCCESS. dag_id=LocalIngestionDag, task_id=wget, run_id=manual__2025-02-13T01:42:55.969021+00:00, execution_date=20250213T014255, start_date=20250213T014256, end_date=20250213T014259
[2025-02-13T01:42:59.305+0000] {local_task_job_runner.py:266} INFO - Task exited with return code 0
[2025-02-13T01:42:59.319+0000] {taskinstance.py:3895} INFO - 1 downstream tasks scheduled from follow-on schedule check
[2025-02-13T01:42:59.320+0000] {local_task_job_runner.py:245} INFO - ::endgroup::
