[2025-02-11T01:59:08.437+0000] {local_task_job_runner.py:123} INFO - ::group::Pre task execution logs
[2025-02-11T01:59:08.484+0000] {taskinstance.py:2613} INFO - Dependencies all met for dep_context=non-requeueable deps ti=<TaskInstance: LocalIngestionDag.wget scheduled__2023-01-02T06:00:00+00:00 [queued]>
[2025-02-11T01:59:08.510+0000] {taskinstance.py:2613} INFO - Dependencies all met for dep_context=requeueable deps ti=<TaskInstance: LocalIngestionDag.wget scheduled__2023-01-02T06:00:00+00:00 [queued]>
[2025-02-11T01:59:08.520+0000] {taskinstance.py:2866} INFO - Starting attempt 1 of 1
[2025-02-11T01:59:08.584+0000] {taskinstance.py:2889} INFO - Executing <Task(BashOperator): wget> on 2023-01-02 06:00:00+00:00
[2025-02-11T01:59:08.607+0000] {warnings.py:112} WARNING - /home/***/.local/lib/python3.12/site-packages/***/task/task_runner/standard_task_runner.py:70: DeprecationWarning: This process (pid=485) is multi-threaded, use of fork() may lead to deadlocks in the child.
  pid = os.fork()

[2025-02-11T01:59:08.611+0000] {standard_task_runner.py:72} INFO - Started process 519 to run task
[2025-02-11T01:59:08.608+0000] {standard_task_runner.py:104} INFO - Running: ['***', 'tasks', 'run', 'LocalIngestionDag', 'wget', 'scheduled__2023-01-02T06:00:00+00:00', '--job-id', '45', '--raw', '--subdir', 'DAGS_FOLDER/data_ingestion_local.py', '--cfg-path', '/tmp/tmpk9bzs0va']
[2025-02-11T01:59:08.619+0000] {standard_task_runner.py:105} INFO - Job 45: Subtask wget
[2025-02-11T01:59:08.755+0000] {task_command.py:467} INFO - Running <TaskInstance: LocalIngestionDag.wget scheduled__2023-01-02T06:00:00+00:00 [running]> on host 79800649bc05
[2025-02-11T01:59:08.893+0000] {taskinstance.py:3132} INFO - Exporting env vars: AIRFLOW_CTX_DAG_OWNER='***' AIRFLOW_CTX_DAG_ID='LocalIngestionDag' AIRFLOW_CTX_TASK_ID='wget' AIRFLOW_CTX_EXECUTION_DATE='2023-01-02T06:00:00+00:00' AIRFLOW_CTX_TRY_NUMBER='1' AIRFLOW_CTX_DAG_RUN_ID='scheduled__2023-01-02T06:00:00+00:00'
[2025-02-11T01:59:08.896+0000] {taskinstance.py:731} INFO - ::endgroup::
[2025-02-11T01:59:08.908+0000] {subprocess.py:78} INFO - Tmp dir root location: /tmp
[2025-02-11T01:59:08.915+0000] {subprocess.py:88} INFO - Running command: ['/usr/bin/bash', '-c', 'curl -sSL https://s3.amazonaws.com/nyc-tlc/trip+data/yellow_tripdata_2023-01.csv > /opt/***/output_2023-01.csv']
[2025-02-11T01:59:08.938+0000] {subprocess.py:99} INFO - Output:
[2025-02-11T01:59:09.135+0000] {subprocess.py:110} INFO - Command exited with return code 0
[2025-02-11T01:59:09.597+0000] {taskinstance.py:340} INFO - ::group::Post task execution logs
[2025-02-11T01:59:09.599+0000] {taskinstance.py:352} INFO - Marking task as SUCCESS. dag_id=LocalIngestionDag, task_id=wget, run_id=scheduled__2023-01-02T06:00:00+00:00, execution_date=20230102T060000, start_date=20250211T015908, end_date=20250211T015909
[2025-02-11T01:59:09.654+0000] {local_task_job_runner.py:266} INFO - Task exited with return code 0
[2025-02-11T01:59:09.679+0000] {taskinstance.py:3895} INFO - 1 downstream tasks scheduled from follow-on schedule check
[2025-02-11T01:59:09.682+0000] {local_task_job_runner.py:245} INFO - ::endgroup::
[2025-02-12T03:53:25.718+0000] {local_task_job_runner.py:123} INFO - ::group::Pre task execution logs
[2025-02-12T03:53:25.734+0000] {taskinstance.py:2613} INFO - Dependencies all met for dep_context=non-requeueable deps ti=<TaskInstance: LocalIngestionDag.wget scheduled__2023-01-02T06:00:00+00:00 [queued]>
[2025-02-12T03:53:25.742+0000] {taskinstance.py:2613} INFO - Dependencies all met for dep_context=requeueable deps ti=<TaskInstance: LocalIngestionDag.wget scheduled__2023-01-02T06:00:00+00:00 [queued]>
[2025-02-12T03:53:25.742+0000] {taskinstance.py:2866} INFO - Starting attempt 1 of 1
[2025-02-12T03:53:25.754+0000] {taskinstance.py:2889} INFO - Executing <Task(BashOperator): wget> on 2023-01-02 06:00:00+00:00
[2025-02-12T03:53:25.757+0000] {warnings.py:112} WARNING - /home/***/.local/lib/python3.12/site-packages/***/task/task_runner/standard_task_runner.py:70: DeprecationWarning: This process (pid=746) is multi-threaded, use of fork() may lead to deadlocks in the child.
  pid = os.fork()

[2025-02-12T03:53:25.759+0000] {standard_task_runner.py:72} INFO - Started process 778 to run task
[2025-02-12T03:53:25.759+0000] {standard_task_runner.py:104} INFO - Running: ['***', 'tasks', 'run', 'LocalIngestionDag', 'wget', 'scheduled__2023-01-02T06:00:00+00:00', '--job-id', '45', '--raw', '--subdir', 'DAGS_FOLDER/data_ingestion_local.py', '--cfg-path', '/tmp/tmpalp56vss']
[2025-02-12T03:53:25.760+0000] {standard_task_runner.py:105} INFO - Job 45: Subtask wget
[2025-02-12T03:53:25.799+0000] {task_command.py:467} INFO - Running <TaskInstance: LocalIngestionDag.wget scheduled__2023-01-02T06:00:00+00:00 [running]> on host ee2ea8770015
[2025-02-12T03:53:25.862+0000] {taskinstance.py:3132} INFO - Exporting env vars: AIRFLOW_CTX_DAG_OWNER='***' AIRFLOW_CTX_DAG_ID='LocalIngestionDag' AIRFLOW_CTX_TASK_ID='wget' AIRFLOW_CTX_EXECUTION_DATE='2023-01-02T06:00:00+00:00' AIRFLOW_CTX_TRY_NUMBER='1' AIRFLOW_CTX_DAG_RUN_ID='scheduled__2023-01-02T06:00:00+00:00'
[2025-02-12T03:53:25.898+0000] {taskinstance.py:731} INFO - ::endgroup::
[2025-02-12T03:53:25.917+0000] {subprocess.py:78} INFO - Tmp dir root location: /tmp
[2025-02-12T03:53:25.919+0000] {subprocess.py:88} INFO - Running command: ['/usr/bin/bash', '-c', 'curl -sSL https://github.com/DataTalksClub/nyc-tlc-data/releases/download/yellow/yellow_tripdata_2019-01.csv.gz > /opt/***/yellow_tripdata_2019-01.csv.gz']
[2025-02-12T03:53:25.925+0000] {subprocess.py:99} INFO - Output:
[2025-02-12T03:54:01.678+0000] {subprocess.py:110} INFO - Command exited with return code 0
[2025-02-12T03:54:01.917+0000] {taskinstance.py:340} INFO - ::group::Post task execution logs
[2025-02-12T03:54:01.917+0000] {taskinstance.py:352} INFO - Marking task as SUCCESS. dag_id=LocalIngestionDag, task_id=wget, run_id=scheduled__2023-01-02T06:00:00+00:00, execution_date=20230102T060000, start_date=20250212T035325, end_date=20250212T035401
[2025-02-12T03:54:01.963+0000] {local_task_job_runner.py:266} INFO - Task exited with return code 0
[2025-02-12T03:54:01.979+0000] {taskinstance.py:3895} INFO - 1 downstream tasks scheduled from follow-on schedule check
[2025-02-12T03:54:01.980+0000] {local_task_job_runner.py:245} INFO - ::endgroup::
