[2025-02-11T01:59:07.656+0000] {local_task_job_runner.py:123} INFO - ::group::Pre task execution logs
[2025-02-11T01:59:07.671+0000] {taskinstance.py:2613} INFO - Dependencies all met for dep_context=non-requeueable deps ti=<TaskInstance: LocalIngestionDag.wget scheduled__2022-06-02T06:00:00+00:00 [queued]>
[2025-02-11T01:59:07.677+0000] {taskinstance.py:2613} INFO - Dependencies all met for dep_context=requeueable deps ti=<TaskInstance: LocalIngestionDag.wget scheduled__2022-06-02T06:00:00+00:00 [queued]>
[2025-02-11T01:59:07.678+0000] {taskinstance.py:2866} INFO - Starting attempt 1 of 1
[2025-02-11T01:59:07.687+0000] {taskinstance.py:2889} INFO - Executing <Task(BashOperator): wget> on 2022-06-02 06:00:00+00:00
[2025-02-11T01:59:07.692+0000] {warnings.py:112} WARNING - /home/***/.local/lib/python3.12/site-packages/***/task/task_runner/standard_task_runner.py:70: DeprecationWarning: This process (pid=470) is multi-threaded, use of fork() may lead to deadlocks in the child.
  pid = os.fork()

[2025-02-11T01:59:07.694+0000] {standard_task_runner.py:72} INFO - Started process 478 to run task
[2025-02-11T01:59:07.697+0000] {standard_task_runner.py:104} INFO - Running: ['***', 'tasks', 'run', 'LocalIngestionDag', 'wget', 'scheduled__2022-06-02T06:00:00+00:00', '--job-id', '38', '--raw', '--subdir', 'DAGS_FOLDER/data_ingestion_local.py', '--cfg-path', '/tmp/tmpxhfahqyz']
[2025-02-11T01:59:07.699+0000] {standard_task_runner.py:105} INFO - Job 38: Subtask wget
[2025-02-11T01:59:07.783+0000] {task_command.py:467} INFO - Running <TaskInstance: LocalIngestionDag.wget scheduled__2022-06-02T06:00:00+00:00 [running]> on host 79800649bc05
[2025-02-11T01:59:07.894+0000] {taskinstance.py:3132} INFO - Exporting env vars: AIRFLOW_CTX_DAG_OWNER='***' AIRFLOW_CTX_DAG_ID='LocalIngestionDag' AIRFLOW_CTX_TASK_ID='wget' AIRFLOW_CTX_EXECUTION_DATE='2022-06-02T06:00:00+00:00' AIRFLOW_CTX_TRY_NUMBER='1' AIRFLOW_CTX_DAG_RUN_ID='scheduled__2022-06-02T06:00:00+00:00'
[2025-02-11T01:59:07.895+0000] {taskinstance.py:731} INFO - ::endgroup::
[2025-02-11T01:59:07.907+0000] {subprocess.py:78} INFO - Tmp dir root location: /tmp
[2025-02-11T01:59:07.908+0000] {subprocess.py:88} INFO - Running command: ['/usr/bin/bash', '-c', 'curl -sSL https://s3.amazonaws.com/nyc-tlc/trip+data/yellow_tripdata_2022-06.csv > /opt/***/output_2022-06.csv']
[2025-02-11T01:59:07.919+0000] {subprocess.py:99} INFO - Output:
[2025-02-11T01:59:08.078+0000] {subprocess.py:110} INFO - Command exited with return code 0
[2025-02-11T01:59:08.334+0000] {taskinstance.py:340} INFO - ::group::Post task execution logs
[2025-02-11T01:59:08.337+0000] {taskinstance.py:352} INFO - Marking task as SUCCESS. dag_id=LocalIngestionDag, task_id=wget, run_id=scheduled__2022-06-02T06:00:00+00:00, execution_date=20220602T060000, start_date=20250211T015907, end_date=20250211T015908
[2025-02-11T01:59:08.378+0000] {local_task_job_runner.py:266} INFO - Task exited with return code 0
[2025-02-11T01:59:08.409+0000] {local_task_job_runner.py:245} INFO - ::endgroup::
[2025-02-12T03:53:25.181+0000] {local_task_job_runner.py:123} INFO - ::group::Pre task execution logs
[2025-02-12T03:53:25.207+0000] {taskinstance.py:2613} INFO - Dependencies all met for dep_context=non-requeueable deps ti=<TaskInstance: LocalIngestionDag.wget scheduled__2022-06-02T06:00:00+00:00 [queued]>
[2025-02-12T03:53:25.217+0000] {taskinstance.py:2613} INFO - Dependencies all met for dep_context=requeueable deps ti=<TaskInstance: LocalIngestionDag.wget scheduled__2022-06-02T06:00:00+00:00 [queued]>
[2025-02-12T03:53:25.217+0000] {taskinstance.py:2866} INFO - Starting attempt 1 of 1
[2025-02-12T03:53:25.233+0000] {taskinstance.py:2889} INFO - Executing <Task(BashOperator): wget> on 2022-06-02 06:00:00+00:00
[2025-02-12T03:53:25.240+0000] {warnings.py:112} WARNING - /home/***/.local/lib/python3.12/site-packages/***/task/task_runner/standard_task_runner.py:70: DeprecationWarning: This process (pid=718) is multi-threaded, use of fork() may lead to deadlocks in the child.
  pid = os.fork()

[2025-02-12T03:53:25.243+0000] {standard_task_runner.py:72} INFO - Started process 754 to run task
[2025-02-12T03:53:25.243+0000] {standard_task_runner.py:104} INFO - Running: ['***', 'tasks', 'run', 'LocalIngestionDag', 'wget', 'scheduled__2022-06-02T06:00:00+00:00', '--job-id', '41', '--raw', '--subdir', 'DAGS_FOLDER/data_ingestion_local.py', '--cfg-path', '/tmp/tmpoyc63jst']
[2025-02-12T03:53:25.246+0000] {standard_task_runner.py:105} INFO - Job 41: Subtask wget
[2025-02-12T03:53:25.291+0000] {task_command.py:467} INFO - Running <TaskInstance: LocalIngestionDag.wget scheduled__2022-06-02T06:00:00+00:00 [running]> on host ee2ea8770015
[2025-02-12T03:53:25.380+0000] {taskinstance.py:3132} INFO - Exporting env vars: AIRFLOW_CTX_DAG_OWNER='***' AIRFLOW_CTX_DAG_ID='LocalIngestionDag' AIRFLOW_CTX_TASK_ID='wget' AIRFLOW_CTX_EXECUTION_DATE='2022-06-02T06:00:00+00:00' AIRFLOW_CTX_TRY_NUMBER='1' AIRFLOW_CTX_DAG_RUN_ID='scheduled__2022-06-02T06:00:00+00:00'
[2025-02-12T03:53:25.382+0000] {taskinstance.py:731} INFO - ::endgroup::
[2025-02-12T03:53:25.399+0000] {subprocess.py:78} INFO - Tmp dir root location: /tmp
[2025-02-12T03:53:25.401+0000] {subprocess.py:88} INFO - Running command: ['/usr/bin/bash', '-c', 'curl -sSL https://github.com/DataTalksClub/nyc-tlc-data/releases/download/yellow/yellow_tripdata_2019-01.csv.gz > /opt/***/yellow_tripdata_2019-01.csv.gz']
[2025-02-12T03:53:25.410+0000] {subprocess.py:99} INFO - Output:
[2025-02-12T03:54:12.848+0000] {subprocess.py:110} INFO - Command exited with return code 0
[2025-02-12T03:54:12.889+0000] {taskinstance.py:340} INFO - ::group::Post task execution logs
[2025-02-12T03:54:12.889+0000] {taskinstance.py:352} INFO - Marking task as SUCCESS. dag_id=LocalIngestionDag, task_id=wget, run_id=scheduled__2022-06-02T06:00:00+00:00, execution_date=20220602T060000, start_date=20250212T035325, end_date=20250212T035412
[2025-02-12T03:54:12.937+0000] {local_task_job_runner.py:266} INFO - Task exited with return code 0
[2025-02-12T03:54:12.958+0000] {taskinstance.py:3895} INFO - 1 downstream tasks scheduled from follow-on schedule check
[2025-02-12T03:54:12.960+0000] {local_task_job_runner.py:245} INFO - ::endgroup::
