[2025-02-11T01:59:14.718+0000] {local_task_job_runner.py:123} INFO - ::group::Pre task execution logs
[2025-02-11T01:59:14.734+0000] {taskinstance.py:2613} INFO - Dependencies all met for dep_context=non-requeueable deps ti=<TaskInstance: LocalIngestionDag.wget scheduled__2024-03-02T06:00:00+00:00 [queued]>
[2025-02-11T01:59:14.742+0000] {taskinstance.py:2613} INFO - Dependencies all met for dep_context=requeueable deps ti=<TaskInstance: LocalIngestionDag.wget scheduled__2024-03-02T06:00:00+00:00 [queued]>
[2025-02-11T01:59:14.743+0000] {taskinstance.py:2866} INFO - Starting attempt 1 of 1
[2025-02-11T01:59:14.788+0000] {taskinstance.py:2889} INFO - Executing <Task(BashOperator): wget> on 2024-03-02 06:00:00+00:00
[2025-02-11T01:59:14.792+0000] {warnings.py:112} WARNING - /home/***/.local/lib/python3.12/site-packages/***/task/task_runner/standard_task_runner.py:70: DeprecationWarning: This process (pid=632) is multi-threaded, use of fork() may lead to deadlocks in the child.
  pid = os.fork()

[2025-02-11T01:59:14.794+0000] {standard_task_runner.py:72} INFO - Started process 660 to run task
[2025-02-11T01:59:14.801+0000] {standard_task_runner.py:104} INFO - Running: ['***', 'tasks', 'run', 'LocalIngestionDag', 'wget', 'scheduled__2024-03-02T06:00:00+00:00', '--job-id', '76', '--raw', '--subdir', 'DAGS_FOLDER/data_ingestion_local.py', '--cfg-path', '/tmp/tmp67yb4cfk']
[2025-02-11T01:59:14.806+0000] {standard_task_runner.py:105} INFO - Job 76: Subtask wget
[2025-02-11T01:59:14.856+0000] {task_command.py:467} INFO - Running <TaskInstance: LocalIngestionDag.wget scheduled__2024-03-02T06:00:00+00:00 [running]> on host 79800649bc05
[2025-02-11T01:59:14.910+0000] {taskinstance.py:3132} INFO - Exporting env vars: AIRFLOW_CTX_DAG_OWNER='***' AIRFLOW_CTX_DAG_ID='LocalIngestionDag' AIRFLOW_CTX_TASK_ID='wget' AIRFLOW_CTX_EXECUTION_DATE='2024-03-02T06:00:00+00:00' AIRFLOW_CTX_TRY_NUMBER='1' AIRFLOW_CTX_DAG_RUN_ID='scheduled__2024-03-02T06:00:00+00:00'
[2025-02-11T01:59:14.911+0000] {taskinstance.py:731} INFO - ::endgroup::
[2025-02-11T01:59:14.919+0000] {subprocess.py:78} INFO - Tmp dir root location: /tmp
[2025-02-11T01:59:14.919+0000] {subprocess.py:88} INFO - Running command: ['/usr/bin/bash', '-c', 'curl -sSL https://s3.amazonaws.com/nyc-tlc/trip+data/yellow_tripdata_2024-03.csv > /opt/***/output_2024-03.csv']
[2025-02-11T01:59:14.927+0000] {subprocess.py:99} INFO - Output:
[2025-02-11T01:59:15.095+0000] {subprocess.py:110} INFO - Command exited with return code 0
[2025-02-11T01:59:15.255+0000] {taskinstance.py:340} INFO - ::group::Post task execution logs
[2025-02-11T01:59:15.256+0000] {taskinstance.py:352} INFO - Marking task as SUCCESS. dag_id=LocalIngestionDag, task_id=wget, run_id=scheduled__2024-03-02T06:00:00+00:00, execution_date=20240302T060000, start_date=20250211T015914, end_date=20250211T015915
[2025-02-11T01:59:15.305+0000] {local_task_job_runner.py:266} INFO - Task exited with return code 0
[2025-02-11T01:59:15.320+0000] {taskinstance.py:3895} INFO - 1 downstream tasks scheduled from follow-on schedule check
[2025-02-11T01:59:15.321+0000] {local_task_job_runner.py:245} INFO - ::endgroup::
