[2025-02-12T02:02:05.740+0000] {local_task_job_runner.py:123} INFO - ::group::Pre task execution logs
[2025-02-12T02:02:05.751+0000] {taskinstance.py:2613} INFO - Dependencies all met for dep_context=non-requeueable deps ti=<TaskInstance: LocalIngestionDag.wget manual__2025-02-12T02:02:04.994304+00:00 [queued]>
[2025-02-12T02:02:05.754+0000] {taskinstance.py:2613} INFO - Dependencies all met for dep_context=requeueable deps ti=<TaskInstance: LocalIngestionDag.wget manual__2025-02-12T02:02:04.994304+00:00 [queued]>
[2025-02-12T02:02:05.755+0000] {taskinstance.py:2866} INFO - Starting attempt 1 of 1
[2025-02-12T02:02:05.761+0000] {taskinstance.py:2889} INFO - Executing <Task(BashOperator): wget> on 2025-02-12 02:02:04.994304+00:00
[2025-02-12T02:02:05.764+0000] {warnings.py:112} WARNING - /home/***/.local/lib/python3.12/site-packages/***/task/task_runner/standard_task_runner.py:70: DeprecationWarning: This process (pid=13686) is multi-threaded, use of fork() may lead to deadlocks in the child.
  pid = os.fork()

[2025-02-12T02:02:05.765+0000] {standard_task_runner.py:72} INFO - Started process 13687 to run task
[2025-02-12T02:02:05.766+0000] {standard_task_runner.py:104} INFO - Running: ['***', 'tasks', 'run', 'LocalIngestionDag', 'wget', 'manual__2025-02-12T02:02:04.994304+00:00', '--job-id', '111', '--raw', '--subdir', 'DAGS_FOLDER/data_ingestion_local.py', '--cfg-path', '/tmp/tmpf9u0j8bl']
[2025-02-12T02:02:05.767+0000] {standard_task_runner.py:105} INFO - Job 111: Subtask wget
[2025-02-12T02:02:05.797+0000] {task_command.py:467} INFO - Running <TaskInstance: LocalIngestionDag.wget manual__2025-02-12T02:02:04.994304+00:00 [running]> on host 79800649bc05
[2025-02-12T02:02:05.845+0000] {taskinstance.py:3132} INFO - Exporting env vars: AIRFLOW_CTX_DAG_OWNER='***' AIRFLOW_CTX_DAG_ID='LocalIngestionDag' AIRFLOW_CTX_TASK_ID='wget' AIRFLOW_CTX_EXECUTION_DATE='2025-02-12T02:02:04.994304+00:00' AIRFLOW_CTX_TRY_NUMBER='1' AIRFLOW_CTX_DAG_RUN_ID='manual__2025-02-12T02:02:04.994304+00:00'
[2025-02-12T02:02:05.846+0000] {taskinstance.py:731} INFO - ::endgroup::
[2025-02-12T02:02:05.852+0000] {subprocess.py:78} INFO - Tmp dir root location: /tmp
[2025-02-12T02:02:05.853+0000] {subprocess.py:88} INFO - Running command: ['/usr/bin/bash', '-c', 'curl -sSL https://s3.amazonaws.com/nyc-tlc/trip+data/yellow_tripdata_2025-02.csv > /opt/***/output_2025-02.csv']
[2025-02-12T02:02:05.859+0000] {subprocess.py:99} INFO - Output:
[2025-02-12T02:02:12.287+0000] {subprocess.py:110} INFO - Command exited with return code 0
[2025-02-12T02:02:12.433+0000] {taskinstance.py:340} INFO - ::group::Post task execution logs
[2025-02-12T02:02:12.434+0000] {taskinstance.py:352} INFO - Marking task as SUCCESS. dag_id=LocalIngestionDag, task_id=wget, run_id=manual__2025-02-12T02:02:04.994304+00:00, execution_date=20250212T020204, start_date=20250212T020205, end_date=20250212T020212
[2025-02-12T02:02:12.456+0000] {local_task_job_runner.py:266} INFO - Task exited with return code 0
[2025-02-12T02:02:12.463+0000] {local_task_job_runner.py:245} INFO - ::endgroup::
