[2025-02-11T01:59:07.715+0000] {local_task_job_runner.py:123} INFO - ::group::Pre task execution logs
[2025-02-11T01:59:07.756+0000] {taskinstance.py:2613} INFO - Dependencies all met for dep_context=non-requeueable deps ti=<TaskInstance: LocalIngestionDag.wget scheduled__2022-07-02T06:00:00+00:00 [queued]>
[2025-02-11T01:59:07.769+0000] {taskinstance.py:2613} INFO - Dependencies all met for dep_context=requeueable deps ti=<TaskInstance: LocalIngestionDag.wget scheduled__2022-07-02T06:00:00+00:00 [queued]>
[2025-02-11T01:59:07.769+0000] {taskinstance.py:2866} INFO - Starting attempt 1 of 1
[2025-02-11T01:59:07.790+0000] {taskinstance.py:2889} INFO - Executing <Task(BashOperator): wget> on 2022-07-02 06:00:00+00:00
[2025-02-11T01:59:07.795+0000] {warnings.py:112} WARNING - /home/***/.local/lib/python3.12/site-packages/***/task/task_runner/standard_task_runner.py:70: DeprecationWarning: This process (pid=471) is multi-threaded, use of fork() may lead to deadlocks in the child.
  pid = os.fork()

[2025-02-11T01:59:07.798+0000] {standard_task_runner.py:72} INFO - Started process 481 to run task
[2025-02-11T01:59:07.801+0000] {standard_task_runner.py:104} INFO - Running: ['***', 'tasks', 'run', 'LocalIngestionDag', 'wget', 'scheduled__2022-07-02T06:00:00+00:00', '--job-id', '39', '--raw', '--subdir', 'DAGS_FOLDER/data_ingestion_local.py', '--cfg-path', '/tmp/tmpejpr_ujg']
[2025-02-11T01:59:07.806+0000] {standard_task_runner.py:105} INFO - Job 39: Subtask wget
[2025-02-11T01:59:07.885+0000] {task_command.py:467} INFO - Running <TaskInstance: LocalIngestionDag.wget scheduled__2022-07-02T06:00:00+00:00 [running]> on host 79800649bc05
[2025-02-11T01:59:08.009+0000] {taskinstance.py:3132} INFO - Exporting env vars: AIRFLOW_CTX_DAG_OWNER='***' AIRFLOW_CTX_DAG_ID='LocalIngestionDag' AIRFLOW_CTX_TASK_ID='wget' AIRFLOW_CTX_EXECUTION_DATE='2022-07-02T06:00:00+00:00' AIRFLOW_CTX_TRY_NUMBER='1' AIRFLOW_CTX_DAG_RUN_ID='scheduled__2022-07-02T06:00:00+00:00'
[2025-02-11T01:59:08.016+0000] {taskinstance.py:731} INFO - ::endgroup::
[2025-02-11T01:59:08.191+0000] {subprocess.py:78} INFO - Tmp dir root location: /tmp
[2025-02-11T01:59:08.195+0000] {subprocess.py:88} INFO - Running command: ['/usr/bin/bash', '-c', 'curl -sSL https://s3.amazonaws.com/nyc-tlc/trip+data/yellow_tripdata_2022-07.csv > /opt/***/output_2022-07.csv']
[2025-02-11T01:59:08.209+0000] {subprocess.py:99} INFO - Output:
[2025-02-11T01:59:08.342+0000] {subprocess.py:110} INFO - Command exited with return code 0
[2025-02-11T01:59:08.394+0000] {taskinstance.py:340} INFO - ::group::Post task execution logs
[2025-02-11T01:59:08.395+0000] {taskinstance.py:352} INFO - Marking task as SUCCESS. dag_id=LocalIngestionDag, task_id=wget, run_id=scheduled__2022-07-02T06:00:00+00:00, execution_date=20220702T060000, start_date=20250211T015907, end_date=20250211T015908
[2025-02-11T01:59:08.478+0000] {local_task_job_runner.py:266} INFO - Task exited with return code 0
[2025-02-11T01:59:08.507+0000] {taskinstance.py:3895} INFO - 1 downstream tasks scheduled from follow-on schedule check
[2025-02-11T01:59:08.511+0000] {local_task_job_runner.py:245} INFO - ::endgroup::
[2025-02-12T03:53:24.587+0000] {local_task_job_runner.py:123} INFO - ::group::Pre task execution logs
[2025-02-12T03:53:24.608+0000] {taskinstance.py:2613} INFO - Dependencies all met for dep_context=non-requeueable deps ti=<TaskInstance: LocalIngestionDag.wget scheduled__2022-07-02T06:00:00+00:00 [queued]>
[2025-02-12T03:53:24.615+0000] {taskinstance.py:2613} INFO - Dependencies all met for dep_context=requeueable deps ti=<TaskInstance: LocalIngestionDag.wget scheduled__2022-07-02T06:00:00+00:00 [queued]>
[2025-02-12T03:53:24.615+0000] {taskinstance.py:2866} INFO - Starting attempt 1 of 1
[2025-02-12T03:53:24.625+0000] {taskinstance.py:2889} INFO - Executing <Task(BashOperator): wget> on 2022-07-02 06:00:00+00:00
[2025-02-12T03:53:24.631+0000] {warnings.py:112} WARNING - /home/***/.local/lib/python3.12/site-packages/***/task/task_runner/standard_task_runner.py:70: DeprecationWarning: This process (pid=719) is multi-threaded, use of fork() may lead to deadlocks in the child.
  pid = os.fork()

[2025-02-12T03:53:24.633+0000] {standard_task_runner.py:72} INFO - Started process 725 to run task
[2025-02-12T03:53:24.634+0000] {standard_task_runner.py:104} INFO - Running: ['***', 'tasks', 'run', 'LocalIngestionDag', 'wget', 'scheduled__2022-07-02T06:00:00+00:00', '--job-id', '38', '--raw', '--subdir', 'DAGS_FOLDER/data_ingestion_local.py', '--cfg-path', '/tmp/tmpznodznr4']
[2025-02-12T03:53:24.635+0000] {standard_task_runner.py:105} INFO - Job 38: Subtask wget
[2025-02-12T03:53:24.683+0000] {task_command.py:467} INFO - Running <TaskInstance: LocalIngestionDag.wget scheduled__2022-07-02T06:00:00+00:00 [running]> on host ee2ea8770015
[2025-02-12T03:53:24.782+0000] {taskinstance.py:3132} INFO - Exporting env vars: AIRFLOW_CTX_DAG_OWNER='***' AIRFLOW_CTX_DAG_ID='LocalIngestionDag' AIRFLOW_CTX_TASK_ID='wget' AIRFLOW_CTX_EXECUTION_DATE='2022-07-02T06:00:00+00:00' AIRFLOW_CTX_TRY_NUMBER='1' AIRFLOW_CTX_DAG_RUN_ID='scheduled__2022-07-02T06:00:00+00:00'
[2025-02-12T03:53:24.784+0000] {taskinstance.py:731} INFO - ::endgroup::
[2025-02-12T03:53:24.817+0000] {subprocess.py:78} INFO - Tmp dir root location: /tmp
[2025-02-12T03:53:24.820+0000] {subprocess.py:88} INFO - Running command: ['/usr/bin/bash', '-c', 'curl -sSL https://github.com/DataTalksClub/nyc-tlc-data/releases/download/yellow/yellow_tripdata_2019-01.csv.gz > /opt/***/yellow_tripdata_2019-01.csv.gz']
[2025-02-12T03:53:24.835+0000] {subprocess.py:99} INFO - Output:
[2025-02-12T03:54:12.713+0000] {subprocess.py:110} INFO - Command exited with return code 0
[2025-02-12T03:54:12.746+0000] {taskinstance.py:340} INFO - ::group::Post task execution logs
[2025-02-12T03:54:12.746+0000] {taskinstance.py:352} INFO - Marking task as SUCCESS. dag_id=LocalIngestionDag, task_id=wget, run_id=scheduled__2022-07-02T06:00:00+00:00, execution_date=20220702T060000, start_date=20250212T035324, end_date=20250212T035412
[2025-02-12T03:54:12.764+0000] {local_task_job_runner.py:266} INFO - Task exited with return code 0
[2025-02-12T03:54:12.788+0000] {taskinstance.py:3895} INFO - 1 downstream tasks scheduled from follow-on schedule check
[2025-02-12T03:54:12.791+0000] {local_task_job_runner.py:245} INFO - ::endgroup::
