[2025-02-12T04:06:55.879+0000] {local_task_job_runner.py:123} INFO - ::group::Pre task execution logs
[2025-02-12T04:06:55.891+0000] {taskinstance.py:2613} INFO - Dependencies all met for dep_context=non-requeueable deps ti=<TaskInstance: LocalIngestionDag.ingest manual__2025-02-12T04:06:42.576214+00:00 [queued]>
[2025-02-12T04:06:55.896+0000] {taskinstance.py:2613} INFO - Dependencies all met for dep_context=requeueable deps ti=<TaskInstance: LocalIngestionDag.ingest manual__2025-02-12T04:06:42.576214+00:00 [queued]>
[2025-02-12T04:06:55.896+0000] {taskinstance.py:2866} INFO - Starting attempt 1 of 1
[2025-02-12T04:06:55.903+0000] {taskinstance.py:2889} INFO - Executing <Task(PythonOperator): ingest> on 2025-02-12 04:06:42.576214+00:00
[2025-02-12T04:06:55.906+0000] {warnings.py:112} WARNING - /home/***/.local/lib/python3.12/site-packages/***/task/task_runner/standard_task_runner.py:70: DeprecationWarning: This process (pid=2273) is multi-threaded, use of fork() may lead to deadlocks in the child.
  pid = os.fork()

[2025-02-12T04:06:55.907+0000] {standard_task_runner.py:72} INFO - Started process 2274 to run task
[2025-02-12T04:06:55.908+0000] {standard_task_runner.py:104} INFO - Running: ['***', 'tasks', 'run', 'LocalIngestionDag', 'ingest', 'manual__2025-02-12T04:06:42.576214+00:00', '--job-id', '108', '--raw', '--subdir', 'DAGS_FOLDER/data_ingestion_local.py', '--cfg-path', '/tmp/tmp4lr5a9qb']
[2025-02-12T04:06:55.909+0000] {standard_task_runner.py:105} INFO - Job 108: Subtask ingest
[2025-02-12T04:06:55.942+0000] {task_command.py:467} INFO - Running <TaskInstance: LocalIngestionDag.ingest manual__2025-02-12T04:06:42.576214+00:00 [running]> on host ee2ea8770015
[2025-02-12T04:06:55.988+0000] {taskinstance.py:3132} INFO - Exporting env vars: AIRFLOW_CTX_DAG_OWNER='***' AIRFLOW_CTX_DAG_ID='LocalIngestionDag' AIRFLOW_CTX_TASK_ID='ingest' AIRFLOW_CTX_EXECUTION_DATE='2025-02-12T04:06:42.576214+00:00' AIRFLOW_CTX_TRY_NUMBER='1' AIRFLOW_CTX_DAG_RUN_ID='manual__2025-02-12T04:06:42.576214+00:00'
[2025-02-12T04:06:55.989+0000] {taskinstance.py:731} INFO - ::endgroup::
[2025-02-12T04:06:55.995+0000] {logging_mixin.py:190} INFO - Connection to PostgreSQL database successful.
[2025-02-12T04:06:55.996+0000] {logging_mixin.py:190} INFO - Ingesting data from /opt/***/yellow_tripdata_2019-01.csv.gz into yellow_taxi.
[2025-02-12T04:06:57.620+0000] {logging_mixin.py:190} INFO - Data successfully read from /opt/***/yellow_tripdata_2019-01.csv.gz.
[2025-02-12T04:07:12.400+0000] {job.py:229} INFO - Heartbeat recovered after 16.55 seconds
[2025-02-12T04:07:12.592+0000] {local_task_job_runner.py:266} INFO - Task exited with return code -9. For more information, see https://***.apache.org/docs/apache-***/stable/troubleshooting.html#LocalTaskJob-killed
[2025-02-12T04:07:12.603+0000] {taskinstance.py:3895} INFO - 0 downstream tasks scheduled from follow-on schedule check
[2025-02-12T04:07:12.603+0000] {local_task_job_runner.py:245} INFO - ::endgroup::
