[2025-02-11T01:59:19.671+0000] {local_task_job_runner.py:123} INFO - ::group::Pre task execution logs
[2025-02-11T01:59:19.681+0000] {taskinstance.py:2613} INFO - Dependencies all met for dep_context=non-requeueable deps ti=<TaskInstance: LocalIngestionDag.wget scheduled__2025-01-02T06:00:00+00:00 [queued]>
[2025-02-11T01:59:19.685+0000] {taskinstance.py:2613} INFO - Dependencies all met for dep_context=requeueable deps ti=<TaskInstance: LocalIngestionDag.wget scheduled__2025-01-02T06:00:00+00:00 [queued]>
[2025-02-11T01:59:19.686+0000] {taskinstance.py:2866} INFO - Starting attempt 1 of 1
[2025-02-11T01:59:19.693+0000] {taskinstance.py:2889} INFO - Executing <Task(BashOperator): wget> on 2025-01-02 06:00:00+00:00
[2025-02-11T01:59:19.696+0000] {warnings.py:112} WARNING - /home/***/.local/lib/python3.12/site-packages/***/task/task_runner/standard_task_runner.py:70: DeprecationWarning: This process (pid=726) is multi-threaded, use of fork() may lead to deadlocks in the child.
  pid = os.fork()

[2025-02-11T01:59:19.697+0000] {standard_task_runner.py:72} INFO - Started process 752 to run task
[2025-02-11T01:59:19.697+0000] {standard_task_runner.py:104} INFO - Running: ['***', 'tasks', 'run', 'LocalIngestionDag', 'wget', 'scheduled__2025-01-02T06:00:00+00:00', '--job-id', '95', '--raw', '--subdir', 'DAGS_FOLDER/data_ingestion_local.py', '--cfg-path', '/tmp/tmpcrgyby__']
[2025-02-11T01:59:19.699+0000] {standard_task_runner.py:105} INFO - Job 95: Subtask wget
[2025-02-11T01:59:19.728+0000] {task_command.py:467} INFO - Running <TaskInstance: LocalIngestionDag.wget scheduled__2025-01-02T06:00:00+00:00 [running]> on host 79800649bc05
[2025-02-11T01:59:19.770+0000] {taskinstance.py:3132} INFO - Exporting env vars: AIRFLOW_CTX_DAG_OWNER='***' AIRFLOW_CTX_DAG_ID='LocalIngestionDag' AIRFLOW_CTX_TASK_ID='wget' AIRFLOW_CTX_EXECUTION_DATE='2025-01-02T06:00:00+00:00' AIRFLOW_CTX_TRY_NUMBER='1' AIRFLOW_CTX_DAG_RUN_ID='scheduled__2025-01-02T06:00:00+00:00'
[2025-02-11T01:59:19.770+0000] {taskinstance.py:731} INFO - ::endgroup::
[2025-02-11T01:59:19.776+0000] {subprocess.py:78} INFO - Tmp dir root location: /tmp
[2025-02-11T01:59:19.777+0000] {subprocess.py:88} INFO - Running command: ['/usr/bin/bash', '-c', 'curl -sSL https://s3.amazonaws.com/nyc-tlc/trip+data/yellow_tripdata_2025-01.csv > /opt/***/output_2025-01.csv']
[2025-02-11T01:59:19.783+0000] {subprocess.py:99} INFO - Output:
[2025-02-11T01:59:19.903+0000] {subprocess.py:110} INFO - Command exited with return code 0
[2025-02-11T01:59:20.058+0000] {taskinstance.py:340} INFO - ::group::Post task execution logs
[2025-02-11T01:59:20.059+0000] {taskinstance.py:352} INFO - Marking task as SUCCESS. dag_id=LocalIngestionDag, task_id=wget, run_id=scheduled__2025-01-02T06:00:00+00:00, execution_date=20250102T060000, start_date=20250211T015919, end_date=20250211T015920
[2025-02-11T01:59:20.084+0000] {local_task_job_runner.py:266} INFO - Task exited with return code 0
[2025-02-11T01:59:20.106+0000] {taskinstance.py:3895} INFO - 1 downstream tasks scheduled from follow-on schedule check
[2025-02-11T01:59:20.108+0000] {local_task_job_runner.py:245} INFO - ::endgroup::
