[2025-02-11T01:58:50.815+0000] {local_task_job_runner.py:123} INFO - ::group::Pre task execution logs
[2025-02-11T01:58:50.872+0000] {taskinstance.py:2613} INFO - Dependencies all met for dep_context=non-requeueable deps ti=<TaskInstance: LocalIngestionDag.wget scheduled__2021-04-02T06:00:00+00:00 [queued]>
[2025-02-11T01:58:50.898+0000] {taskinstance.py:2613} INFO - Dependencies all met for dep_context=requeueable deps ti=<TaskInstance: LocalIngestionDag.wget scheduled__2021-04-02T06:00:00+00:00 [queued]>
[2025-02-11T01:58:50.899+0000] {taskinstance.py:2866} INFO - Starting attempt 1 of 1
[2025-02-11T01:58:50.932+0000] {taskinstance.py:2889} INFO - Executing <Task(BashOperator): wget> on 2021-04-02 06:00:00+00:00
[2025-02-11T01:58:50.963+0000] {standard_task_runner.py:104} INFO - Running: ['***', 'tasks', 'run', 'LocalIngestionDag', 'wget', 'scheduled__2021-04-02T06:00:00+00:00', '--job-id', '6', '--raw', '--subdir', 'DAGS_FOLDER/data_ingestion_local.py', '--cfg-path', '/tmp/tmpdszd3574']
[2025-02-11T01:58:50.996+0000] {standard_task_runner.py:105} INFO - Job 6: Subtask wget
[2025-02-11T01:58:50.959+0000] {warnings.py:112} WARNING - /home/***/.local/lib/python3.12/site-packages/***/task/task_runner/standard_task_runner.py:70: DeprecationWarning: This process (pid=307) is multi-threaded, use of fork() may lead to deadlocks in the child.
  pid = os.fork()

[2025-02-11T01:58:51.027+0000] {standard_task_runner.py:72} INFO - Started process 326 to run task
[2025-02-11T01:58:51.260+0000] {task_command.py:467} INFO - Running <TaskInstance: LocalIngestionDag.wget scheduled__2021-04-02T06:00:00+00:00 [running]> on host 79800649bc05
[2025-02-11T01:58:52.147+0000] {taskinstance.py:3132} INFO - Exporting env vars: AIRFLOW_CTX_DAG_OWNER='***' AIRFLOW_CTX_DAG_ID='LocalIngestionDag' AIRFLOW_CTX_TASK_ID='wget' AIRFLOW_CTX_EXECUTION_DATE='2021-04-02T06:00:00+00:00' AIRFLOW_CTX_TRY_NUMBER='1' AIRFLOW_CTX_DAG_RUN_ID='scheduled__2021-04-02T06:00:00+00:00'
[2025-02-11T01:58:52.160+0000] {taskinstance.py:731} INFO - ::endgroup::
[2025-02-11T01:58:52.175+0000] {subprocess.py:78} INFO - Tmp dir root location: /tmp
[2025-02-11T01:58:52.179+0000] {subprocess.py:88} INFO - Running command: ['/usr/bin/bash', '-c', 'curl -sSL https://s3.amazonaws.com/nyc-tlc/trip+data/yellow_tripdata_2021-04.csv > /opt/***/output_2021-04.csv']
[2025-02-11T01:58:52.199+0000] {subprocess.py:99} INFO - Output:
[2025-02-11T01:58:58.028+0000] {subprocess.py:110} INFO - Command exited with return code 0
[2025-02-11T01:58:58.103+0000] {taskinstance.py:340} INFO - ::group::Post task execution logs
[2025-02-11T01:58:58.104+0000] {taskinstance.py:352} INFO - Marking task as SUCCESS. dag_id=LocalIngestionDag, task_id=wget, run_id=scheduled__2021-04-02T06:00:00+00:00, execution_date=20210402T060000, start_date=20250211T015850, end_date=20250211T015858
[2025-02-11T01:58:58.176+0000] {local_task_job_runner.py:266} INFO - Task exited with return code 0
[2025-02-11T01:58:58.238+0000] {local_task_job_runner.py:245} INFO - ::endgroup::
[2025-02-12T03:51:46.530+0000] {local_task_job_runner.py:123} INFO - ::group::Pre task execution logs
[2025-02-12T03:51:46.577+0000] {taskinstance.py:2613} INFO - Dependencies all met for dep_context=non-requeueable deps ti=<TaskInstance: LocalIngestionDag.wget scheduled__2021-04-02T06:00:00+00:00 [queued]>
[2025-02-12T03:51:46.594+0000] {taskinstance.py:2613} INFO - Dependencies all met for dep_context=requeueable deps ti=<TaskInstance: LocalIngestionDag.wget scheduled__2021-04-02T06:00:00+00:00 [queued]>
[2025-02-12T03:51:46.597+0000] {taskinstance.py:2866} INFO - Starting attempt 1 of 1
[2025-02-12T03:51:46.646+0000] {taskinstance.py:2889} INFO - Executing <Task(BashOperator): wget> on 2021-04-02 06:00:00+00:00
[2025-02-12T03:51:46.672+0000] {warnings.py:112} WARNING - /home/***/.local/lib/python3.12/site-packages/***/task/task_runner/standard_task_runner.py:70: DeprecationWarning: This process (pid=299) is multi-threaded, use of fork() may lead to deadlocks in the child.
  pid = os.fork()

[2025-02-12T03:51:46.679+0000] {standard_task_runner.py:72} INFO - Started process 315 to run task
[2025-02-12T03:51:46.682+0000] {standard_task_runner.py:104} INFO - Running: ['***', 'tasks', 'run', 'LocalIngestionDag', 'wget', 'scheduled__2021-04-02T06:00:00+00:00', '--job-id', '8', '--raw', '--subdir', 'DAGS_FOLDER/data_ingestion_local.py', '--cfg-path', '/tmp/tmpcs1dfk2q']
[2025-02-12T03:51:46.693+0000] {standard_task_runner.py:105} INFO - Job 8: Subtask wget
[2025-02-12T03:51:46.941+0000] {task_command.py:467} INFO - Running <TaskInstance: LocalIngestionDag.wget scheduled__2021-04-02T06:00:00+00:00 [running]> on host ee2ea8770015
[2025-02-12T03:51:47.529+0000] {taskinstance.py:3132} INFO - Exporting env vars: AIRFLOW_CTX_DAG_OWNER='***' AIRFLOW_CTX_DAG_ID='LocalIngestionDag' AIRFLOW_CTX_TASK_ID='wget' AIRFLOW_CTX_EXECUTION_DATE='2021-04-02T06:00:00+00:00' AIRFLOW_CTX_TRY_NUMBER='1' AIRFLOW_CTX_DAG_RUN_ID='scheduled__2021-04-02T06:00:00+00:00'
[2025-02-12T03:51:47.541+0000] {taskinstance.py:731} INFO - ::endgroup::
[2025-02-12T03:51:47.559+0000] {subprocess.py:78} INFO - Tmp dir root location: /tmp
[2025-02-12T03:51:47.584+0000] {subprocess.py:88} INFO - Running command: ['/usr/bin/bash', '-c', 'curl -sSL https://github.com/DataTalksClub/nyc-tlc-data/releases/download/yellow/yellow_tripdata_2019-01.csv.gz > /opt/***/yellow_tripdata_2019-01.csv.gz']
[2025-02-12T03:51:47.599+0000] {subprocess.py:99} INFO - Output:
[2025-02-12T03:53:03.406+0000] {subprocess.py:110} INFO - Command exited with return code 0
[2025-02-12T03:53:03.636+0000] {taskinstance.py:340} INFO - ::group::Post task execution logs
[2025-02-12T03:53:03.644+0000] {taskinstance.py:352} INFO - Marking task as SUCCESS. dag_id=LocalIngestionDag, task_id=wget, run_id=scheduled__2021-04-02T06:00:00+00:00, execution_date=20210402T060000, start_date=20250212T035146, end_date=20250212T035303
[2025-02-12T03:53:03.817+0000] {local_task_job_runner.py:266} INFO - Task exited with return code 0
[2025-02-12T03:53:03.847+0000] {taskinstance.py:3895} INFO - 1 downstream tasks scheduled from follow-on schedule check
[2025-02-12T03:53:03.848+0000] {local_task_job_runner.py:245} INFO - ::endgroup::
