[2025-02-11T01:58:50.869+0000] {local_task_job_runner.py:123} INFO - ::group::Pre task execution logs
[2025-02-11T01:58:50.938+0000] {taskinstance.py:2613} INFO - Dependencies all met for dep_context=non-requeueable deps ti=<TaskInstance: LocalIngestionDag.wget scheduled__2021-05-02T06:00:00+00:00 [queued]>
[2025-02-11T01:58:50.968+0000] {taskinstance.py:2613} INFO - Dependencies all met for dep_context=requeueable deps ti=<TaskInstance: LocalIngestionDag.wget scheduled__2021-05-02T06:00:00+00:00 [queued]>
[2025-02-11T01:58:50.996+0000] {taskinstance.py:2866} INFO - Starting attempt 1 of 1
[2025-02-11T01:58:51.189+0000] {taskinstance.py:2889} INFO - Executing <Task(BashOperator): wget> on 2021-05-02 06:00:00+00:00
[2025-02-11T01:58:51.194+0000] {warnings.py:112} WARNING - /home/***/.local/lib/python3.12/site-packages/***/task/task_runner/standard_task_runner.py:70: DeprecationWarning: This process (pid=308) is multi-threaded, use of fork() may lead to deadlocks in the child.
  pid = os.fork()

[2025-02-11T01:58:51.205+0000] {standard_task_runner.py:72} INFO - Started process 341 to run task
[2025-02-11T01:58:51.201+0000] {standard_task_runner.py:104} INFO - Running: ['***', 'tasks', 'run', 'LocalIngestionDag', 'wget', 'scheduled__2021-05-02T06:00:00+00:00', '--job-id', '9', '--raw', '--subdir', 'DAGS_FOLDER/data_ingestion_local.py', '--cfg-path', '/tmp/tmpbiis6syv']
[2025-02-11T01:58:51.235+0000] {standard_task_runner.py:105} INFO - Job 9: Subtask wget
[2025-02-11T01:58:51.450+0000] {task_command.py:467} INFO - Running <TaskInstance: LocalIngestionDag.wget scheduled__2021-05-02T06:00:00+00:00 [running]> on host 79800649bc05
[2025-02-11T01:58:52.402+0000] {taskinstance.py:3132} INFO - Exporting env vars: AIRFLOW_CTX_DAG_OWNER='***' AIRFLOW_CTX_DAG_ID='LocalIngestionDag' AIRFLOW_CTX_TASK_ID='wget' AIRFLOW_CTX_EXECUTION_DATE='2021-05-02T06:00:00+00:00' AIRFLOW_CTX_TRY_NUMBER='1' AIRFLOW_CTX_DAG_RUN_ID='scheduled__2021-05-02T06:00:00+00:00'
[2025-02-11T01:58:52.404+0000] {taskinstance.py:731} INFO - ::endgroup::
[2025-02-11T01:58:52.419+0000] {subprocess.py:78} INFO - Tmp dir root location: /tmp
[2025-02-11T01:58:52.420+0000] {subprocess.py:88} INFO - Running command: ['/usr/bin/bash', '-c', 'curl -sSL https://s3.amazonaws.com/nyc-tlc/trip+data/yellow_tripdata_2021-05.csv > /opt/***/output_2021-05.csv']
[2025-02-11T01:58:52.431+0000] {subprocess.py:99} INFO - Output:
[2025-02-11T01:58:58.021+0000] {subprocess.py:110} INFO - Command exited with return code 0
[2025-02-11T01:58:58.076+0000] {taskinstance.py:340} INFO - ::group::Post task execution logs
[2025-02-11T01:58:58.080+0000] {taskinstance.py:352} INFO - Marking task as SUCCESS. dag_id=LocalIngestionDag, task_id=wget, run_id=scheduled__2021-05-02T06:00:00+00:00, execution_date=20210502T060000, start_date=20250211T015850, end_date=20250211T015858
[2025-02-11T01:58:58.139+0000] {local_task_job_runner.py:266} INFO - Task exited with return code 0
[2025-02-11T01:58:58.174+0000] {local_task_job_runner.py:245} INFO - ::endgroup::
