[2025-02-14T02:14:49.874+0000] {local_task_job_runner.py:123} INFO - ::group::Pre task execution logs
[2025-02-14T02:14:49.888+0000] {taskinstance.py:2613} INFO - Dependencies all met for dep_context=non-requeueable deps ti=<TaskInstance: Backfill_Yellow_Taxi.wget_2022_5 manual__2025-02-14T02:14:40.387594+00:00 [queued]>
[2025-02-14T02:14:49.893+0000] {taskinstance.py:2613} INFO - Dependencies all met for dep_context=requeueable deps ti=<TaskInstance: Backfill_Yellow_Taxi.wget_2022_5 manual__2025-02-14T02:14:40.387594+00:00 [queued]>
[2025-02-14T02:14:49.893+0000] {taskinstance.py:2866} INFO - Starting attempt 1 of 2
[2025-02-14T02:14:49.901+0000] {taskinstance.py:2889} INFO - Executing <Task(BashOperator): wget_2022_5> on 2025-02-14 02:14:40.387594+00:00
[2025-02-14T02:14:49.904+0000] {warnings.py:112} WARNING - /home/***/.local/lib/python3.12/site-packages/***/task/task_runner/standard_task_runner.py:70: DeprecationWarning: This process (pid=16539) is multi-threaded, use of fork() may lead to deadlocks in the child.
  pid = os.fork()

[2025-02-14T02:14:49.905+0000] {standard_task_runner.py:72} INFO - Started process 16540 to run task
[2025-02-14T02:14:49.905+0000] {standard_task_runner.py:104} INFO - Running: ['***', 'tasks', 'run', 'Backfill_Yellow_Taxi', 'wget_2022_5', 'manual__2025-02-14T02:14:40.387594+00:00', '--job-id', '145', '--raw', '--subdir', 'DAGS_FOLDER/data_ingestion_local.py', '--cfg-path', '/tmp/tmp3w8qoa74']
[2025-02-14T02:14:49.907+0000] {standard_task_runner.py:105} INFO - Job 145: Subtask wget_2022_5
[2025-02-14T02:14:49.939+0000] {task_command.py:467} INFO - Running <TaskInstance: Backfill_Yellow_Taxi.wget_2022_5 manual__2025-02-14T02:14:40.387594+00:00 [running]> on host 06c256ee3505
[2025-02-14T02:14:49.985+0000] {taskinstance.py:3132} INFO - Exporting env vars: AIRFLOW_CTX_DAG_OWNER='***' AIRFLOW_CTX_DAG_ID='Backfill_Yellow_Taxi' AIRFLOW_CTX_TASK_ID='wget_2022_5' AIRFLOW_CTX_EXECUTION_DATE='2025-02-14T02:14:40.387594+00:00' AIRFLOW_CTX_TRY_NUMBER='1' AIRFLOW_CTX_DAG_RUN_ID='manual__2025-02-14T02:14:40.387594+00:00'
[2025-02-14T02:14:49.986+0000] {taskinstance.py:731} INFO - ::endgroup::
[2025-02-14T02:14:49.993+0000] {subprocess.py:78} INFO - Tmp dir root location: /tmp
[2025-02-14T02:14:49.994+0000] {subprocess.py:88} INFO - Running command: ['/usr/bin/bash', '-c', 'curl -sSL https://github.com/DataTalksClub/nyc-tlc-data/releases/download/yellow/yellow_tripdata_2022-05.csv.gz > /opt/***/yellow_tripdata_2022-05.csv.gz']
[2025-02-14T02:14:49.999+0000] {subprocess.py:99} INFO - Output:
[2025-02-14T02:14:50.408+0000] {subprocess.py:110} INFO - Command exited with return code 0
[2025-02-14T02:14:51.066+0000] {taskinstance.py:340} INFO - ::group::Post task execution logs
[2025-02-14T02:14:51.081+0000] {taskinstance.py:352} INFO - Marking task as SUCCESS. dag_id=Backfill_Yellow_Taxi, task_id=wget_2022_5, run_id=manual__2025-02-14T02:14:40.387594+00:00, execution_date=20250214T021440, start_date=20250214T021449, end_date=20250214T021451
[2025-02-14T02:14:51.227+0000] {local_task_job_runner.py:266} INFO - Task exited with return code 0
[2025-02-14T02:14:51.285+0000] {taskinstance.py:3895} INFO - 0 downstream tasks scheduled from follow-on schedule check
[2025-02-14T02:14:51.289+0000] {local_task_job_runner.py:245} INFO - ::endgroup::
