[2025-02-11T01:59:14.971+0000] {local_task_job_runner.py:123} INFO - ::group::Pre task execution logs
[2025-02-11T01:59:14.981+0000] {taskinstance.py:2613} INFO - Dependencies all met for dep_context=non-requeueable deps ti=<TaskInstance: LocalIngestionDag.wget scheduled__2024-05-02T06:00:00+00:00 [queued]>
[2025-02-11T01:59:14.985+0000] {taskinstance.py:2613} INFO - Dependencies all met for dep_context=requeueable deps ti=<TaskInstance: LocalIngestionDag.wget scheduled__2024-05-02T06:00:00+00:00 [queued]>
[2025-02-11T01:59:14.985+0000] {taskinstance.py:2866} INFO - Starting attempt 1 of 1
[2025-02-11T01:59:14.998+0000] {taskinstance.py:2889} INFO - Executing <Task(BashOperator): wget> on 2024-05-02 06:00:00+00:00
[2025-02-11T01:59:15.001+0000] {warnings.py:112} WARNING - /home/***/.local/lib/python3.12/site-packages/***/task/task_runner/standard_task_runner.py:70: DeprecationWarning: This process (pid=642) is multi-threaded, use of fork() may lead to deadlocks in the child.
  pid = os.fork()

[2025-02-11T01:59:15.002+0000] {standard_task_runner.py:72} INFO - Started process 672 to run task
[2025-02-11T01:59:15.002+0000] {standard_task_runner.py:104} INFO - Running: ['***', 'tasks', 'run', 'LocalIngestionDag', 'wget', 'scheduled__2024-05-02T06:00:00+00:00', '--job-id', '78', '--raw', '--subdir', 'DAGS_FOLDER/data_ingestion_local.py', '--cfg-path', '/tmp/tmpse3nljik']
[2025-02-11T01:59:15.004+0000] {standard_task_runner.py:105} INFO - Job 78: Subtask wget
[2025-02-11T01:59:15.050+0000] {task_command.py:467} INFO - Running <TaskInstance: LocalIngestionDag.wget scheduled__2024-05-02T06:00:00+00:00 [running]> on host 79800649bc05
[2025-02-11T01:59:15.107+0000] {taskinstance.py:3132} INFO - Exporting env vars: AIRFLOW_CTX_DAG_OWNER='***' AIRFLOW_CTX_DAG_ID='LocalIngestionDag' AIRFLOW_CTX_TASK_ID='wget' AIRFLOW_CTX_EXECUTION_DATE='2024-05-02T06:00:00+00:00' AIRFLOW_CTX_TRY_NUMBER='1' AIRFLOW_CTX_DAG_RUN_ID='scheduled__2024-05-02T06:00:00+00:00'
[2025-02-11T01:59:15.110+0000] {taskinstance.py:731} INFO - ::endgroup::
[2025-02-11T01:59:15.120+0000] {subprocess.py:78} INFO - Tmp dir root location: /tmp
[2025-02-11T01:59:15.121+0000] {subprocess.py:88} INFO - Running command: ['/usr/bin/bash', '-c', 'curl -sSL https://s3.amazonaws.com/nyc-tlc/trip+data/yellow_tripdata_2024-05.csv > /opt/***/output_2024-05.csv']
[2025-02-11T01:59:15.127+0000] {subprocess.py:99} INFO - Output:
[2025-02-11T01:59:15.257+0000] {subprocess.py:110} INFO - Command exited with return code 0
[2025-02-11T01:59:15.384+0000] {taskinstance.py:340} INFO - ::group::Post task execution logs
[2025-02-11T01:59:15.384+0000] {taskinstance.py:352} INFO - Marking task as SUCCESS. dag_id=LocalIngestionDag, task_id=wget, run_id=scheduled__2024-05-02T06:00:00+00:00, execution_date=20240502T060000, start_date=20250211T015914, end_date=20250211T015915
[2025-02-11T01:59:15.433+0000] {local_task_job_runner.py:266} INFO - Task exited with return code 0
[2025-02-11T01:59:15.447+0000] {taskinstance.py:3895} INFO - 1 downstream tasks scheduled from follow-on schedule check
[2025-02-11T01:59:15.448+0000] {local_task_job_runner.py:245} INFO - ::endgroup::
[2025-02-12T03:54:54.889+0000] {local_task_job_runner.py:123} INFO - ::group::Pre task execution logs
[2025-02-12T03:54:54.917+0000] {taskinstance.py:2613} INFO - Dependencies all met for dep_context=non-requeueable deps ti=<TaskInstance: LocalIngestionDag.wget scheduled__2024-05-02T06:00:00+00:00 [queued]>
[2025-02-12T03:54:54.932+0000] {taskinstance.py:2613} INFO - Dependencies all met for dep_context=requeueable deps ti=<TaskInstance: LocalIngestionDag.wget scheduled__2024-05-02T06:00:00+00:00 [queued]>
[2025-02-12T03:54:54.933+0000] {taskinstance.py:2866} INFO - Starting attempt 1 of 1
[2025-02-12T03:54:54.951+0000] {taskinstance.py:2889} INFO - Executing <Task(BashOperator): wget> on 2024-05-02 06:00:00+00:00
[2025-02-12T03:54:54.957+0000] {warnings.py:112} WARNING - /home/***/.local/lib/python3.12/site-packages/***/task/task_runner/standard_task_runner.py:70: DeprecationWarning: This process (pid=1228) is multi-threaded, use of fork() may lead to deadlocks in the child.
  pid = os.fork()

[2025-02-12T03:54:54.962+0000] {standard_task_runner.py:104} INFO - Running: ['***', 'tasks', 'run', 'LocalIngestionDag', 'wget', 'scheduled__2024-05-02T06:00:00+00:00', '--job-id', '80', '--raw', '--subdir', 'DAGS_FOLDER/data_ingestion_local.py', '--cfg-path', '/tmp/tmpba40oi_g']
[2025-02-12T03:54:54.966+0000] {standard_task_runner.py:105} INFO - Job 80: Subtask wget
[2025-02-12T03:54:54.964+0000] {standard_task_runner.py:72} INFO - Started process 1233 to run task
[2025-02-12T03:54:55.062+0000] {task_command.py:467} INFO - Running <TaskInstance: LocalIngestionDag.wget scheduled__2024-05-02T06:00:00+00:00 [running]> on host ee2ea8770015
[2025-02-12T03:54:55.170+0000] {taskinstance.py:3132} INFO - Exporting env vars: AIRFLOW_CTX_DAG_OWNER='***' AIRFLOW_CTX_DAG_ID='LocalIngestionDag' AIRFLOW_CTX_TASK_ID='wget' AIRFLOW_CTX_EXECUTION_DATE='2024-05-02T06:00:00+00:00' AIRFLOW_CTX_TRY_NUMBER='1' AIRFLOW_CTX_DAG_RUN_ID='scheduled__2024-05-02T06:00:00+00:00'
[2025-02-12T03:54:55.173+0000] {taskinstance.py:731} INFO - ::endgroup::
[2025-02-12T03:54:55.186+0000] {subprocess.py:78} INFO - Tmp dir root location: /tmp
[2025-02-12T03:54:55.187+0000] {subprocess.py:88} INFO - Running command: ['/usr/bin/bash', '-c', 'curl -sSL https://github.com/DataTalksClub/nyc-tlc-data/releases/download/yellow/yellow_tripdata_2019-01.csv.gz > /opt/***/yellow_tripdata_2019-01.csv.gz']
[2025-02-12T03:54:55.204+0000] {subprocess.py:99} INFO - Output:
[2025-02-12T03:55:40.861+0000] {subprocess.py:110} INFO - Command exited with return code 0
[2025-02-12T03:55:41.028+0000] {taskinstance.py:340} INFO - ::group::Post task execution logs
[2025-02-12T03:55:41.029+0000] {taskinstance.py:352} INFO - Marking task as SUCCESS. dag_id=LocalIngestionDag, task_id=wget, run_id=scheduled__2024-05-02T06:00:00+00:00, execution_date=20240502T060000, start_date=20250212T035454, end_date=20250212T035541
[2025-02-12T03:55:41.082+0000] {local_task_job_runner.py:266} INFO - Task exited with return code 0
[2025-02-12T03:55:41.116+0000] {taskinstance.py:3895} INFO - 1 downstream tasks scheduled from follow-on schedule check
[2025-02-12T03:55:41.119+0000] {local_task_job_runner.py:245} INFO - ::endgroup::
