[2025-02-11T01:59:09.445+0000] {local_task_job_runner.py:123} INFO - ::group::Pre task execution logs
[2025-02-11T01:59:09.492+0000] {taskinstance.py:2613} INFO - Dependencies all met for dep_context=non-requeueable deps ti=<TaskInstance: LocalIngestionDag.wget scheduled__2023-06-02T06:00:00+00:00 [queued]>
[2025-02-11T01:59:09.514+0000] {taskinstance.py:2613} INFO - Dependencies all met for dep_context=requeueable deps ti=<TaskInstance: LocalIngestionDag.wget scheduled__2023-06-02T06:00:00+00:00 [queued]>
[2025-02-11T01:59:09.523+0000] {taskinstance.py:2866} INFO - Starting attempt 1 of 1
[2025-02-11T01:59:09.552+0000] {taskinstance.py:2889} INFO - Executing <Task(BashOperator): wget> on 2023-06-02 06:00:00+00:00
[2025-02-11T01:59:09.574+0000] {warnings.py:112} WARNING - /home/***/.local/lib/python3.12/site-packages/***/task/task_runner/standard_task_runner.py:70: DeprecationWarning: This process (pid=522) is multi-threaded, use of fork() may lead to deadlocks in the child.
  pid = os.fork()

[2025-02-11T01:59:09.577+0000] {standard_task_runner.py:72} INFO - Started process 560 to run task
[2025-02-11T01:59:09.576+0000] {standard_task_runner.py:104} INFO - Running: ['***', 'tasks', 'run', 'LocalIngestionDag', 'wget', 'scheduled__2023-06-02T06:00:00+00:00', '--job-id', '52', '--raw', '--subdir', 'DAGS_FOLDER/data_ingestion_local.py', '--cfg-path', '/tmp/tmpiwbrxu52']
[2025-02-11T01:59:09.597+0000] {standard_task_runner.py:105} INFO - Job 52: Subtask wget
[2025-02-11T01:59:09.757+0000] {task_command.py:467} INFO - Running <TaskInstance: LocalIngestionDag.wget scheduled__2023-06-02T06:00:00+00:00 [running]> on host 79800649bc05
[2025-02-11T01:59:09.976+0000] {taskinstance.py:3132} INFO - Exporting env vars: AIRFLOW_CTX_DAG_OWNER='***' AIRFLOW_CTX_DAG_ID='LocalIngestionDag' AIRFLOW_CTX_TASK_ID='wget' AIRFLOW_CTX_EXECUTION_DATE='2023-06-02T06:00:00+00:00' AIRFLOW_CTX_TRY_NUMBER='1' AIRFLOW_CTX_DAG_RUN_ID='scheduled__2023-06-02T06:00:00+00:00'
[2025-02-11T01:59:09.985+0000] {taskinstance.py:731} INFO - ::endgroup::
[2025-02-11T01:59:10.256+0000] {subprocess.py:78} INFO - Tmp dir root location: /tmp
[2025-02-11T01:59:10.262+0000] {subprocess.py:88} INFO - Running command: ['/usr/bin/bash', '-c', 'curl -sSL https://s3.amazonaws.com/nyc-tlc/trip+data/yellow_tripdata_2023-06.csv > /opt/***/output_2023-06.csv']
[2025-02-11T01:59:10.289+0000] {subprocess.py:99} INFO - Output:
[2025-02-11T01:59:10.436+0000] {subprocess.py:110} INFO - Command exited with return code 0
[2025-02-11T01:59:10.503+0000] {taskinstance.py:340} INFO - ::group::Post task execution logs
[2025-02-11T01:59:10.504+0000] {taskinstance.py:352} INFO - Marking task as SUCCESS. dag_id=LocalIngestionDag, task_id=wget, run_id=scheduled__2023-06-02T06:00:00+00:00, execution_date=20230602T060000, start_date=20250211T015909, end_date=20250211T015910
[2025-02-11T01:59:10.542+0000] {local_task_job_runner.py:266} INFO - Task exited with return code 0
[2025-02-11T01:59:10.568+0000] {taskinstance.py:3895} INFO - 1 downstream tasks scheduled from follow-on schedule check
[2025-02-11T01:59:10.570+0000] {local_task_job_runner.py:245} INFO - ::endgroup::
[2025-02-12T03:53:46.867+0000] {local_task_job_runner.py:123} INFO - ::group::Pre task execution logs
[2025-02-12T03:53:46.887+0000] {taskinstance.py:2613} INFO - Dependencies all met for dep_context=non-requeueable deps ti=<TaskInstance: LocalIngestionDag.wget scheduled__2023-06-02T06:00:00+00:00 [queued]>
[2025-02-12T03:53:46.895+0000] {taskinstance.py:2613} INFO - Dependencies all met for dep_context=requeueable deps ti=<TaskInstance: LocalIngestionDag.wget scheduled__2023-06-02T06:00:00+00:00 [queued]>
[2025-02-12T03:53:46.895+0000] {taskinstance.py:2866} INFO - Starting attempt 1 of 1
[2025-02-12T03:53:46.906+0000] {taskinstance.py:2889} INFO - Executing <Task(BashOperator): wget> on 2023-06-02 06:00:00+00:00
[2025-02-12T03:53:46.910+0000] {warnings.py:112} WARNING - /home/***/.local/lib/python3.12/site-packages/***/task/task_runner/standard_task_runner.py:70: DeprecationWarning: This process (pid=829) is multi-threaded, use of fork() may lead to deadlocks in the child.
  pid = os.fork()

[2025-02-12T03:53:46.912+0000] {standard_task_runner.py:104} INFO - Running: ['***', 'tasks', 'run', 'LocalIngestionDag', 'wget', 'scheduled__2023-06-02T06:00:00+00:00', '--job-id', '51', '--raw', '--subdir', 'DAGS_FOLDER/data_ingestion_local.py', '--cfg-path', '/tmp/tmpasr1xfmq']
[2025-02-12T03:53:46.913+0000] {standard_task_runner.py:72} INFO - Started process 851 to run task
[2025-02-12T03:53:46.914+0000] {standard_task_runner.py:105} INFO - Job 51: Subtask wget
[2025-02-12T03:53:46.960+0000] {task_command.py:467} INFO - Running <TaskInstance: LocalIngestionDag.wget scheduled__2023-06-02T06:00:00+00:00 [running]> on host ee2ea8770015
[2025-02-12T03:53:47.031+0000] {taskinstance.py:3132} INFO - Exporting env vars: AIRFLOW_CTX_DAG_OWNER='***' AIRFLOW_CTX_DAG_ID='LocalIngestionDag' AIRFLOW_CTX_TASK_ID='wget' AIRFLOW_CTX_EXECUTION_DATE='2023-06-02T06:00:00+00:00' AIRFLOW_CTX_TRY_NUMBER='1' AIRFLOW_CTX_DAG_RUN_ID='scheduled__2023-06-02T06:00:00+00:00'
[2025-02-12T03:53:47.032+0000] {taskinstance.py:731} INFO - ::endgroup::
[2025-02-12T03:53:47.043+0000] {subprocess.py:78} INFO - Tmp dir root location: /tmp
[2025-02-12T03:53:47.044+0000] {subprocess.py:88} INFO - Running command: ['/usr/bin/bash', '-c', 'curl -sSL https://github.com/DataTalksClub/nyc-tlc-data/releases/download/yellow/yellow_tripdata_2019-01.csv.gz > /opt/***/yellow_tripdata_2019-01.csv.gz']
[2025-02-12T03:53:47.050+0000] {subprocess.py:99} INFO - Output:
[2025-02-12T03:54:31.257+0000] {subprocess.py:110} INFO - Command exited with return code 0
[2025-02-12T03:54:32.422+0000] {taskinstance.py:340} INFO - ::group::Post task execution logs
[2025-02-12T03:54:32.423+0000] {taskinstance.py:352} INFO - Marking task as SUCCESS. dag_id=LocalIngestionDag, task_id=wget, run_id=scheduled__2023-06-02T06:00:00+00:00, execution_date=20230602T060000, start_date=20250212T035346, end_date=20250212T035432
[2025-02-12T03:54:32.454+0000] {local_task_job_runner.py:266} INFO - Task exited with return code 0
[2025-02-12T03:54:32.472+0000] {taskinstance.py:3895} INFO - 1 downstream tasks scheduled from follow-on schedule check
[2025-02-12T03:54:32.475+0000] {local_task_job_runner.py:245} INFO - ::endgroup::
