[2025-02-11T01:58:52.577+0000] {local_task_job_runner.py:123} INFO - ::group::Pre task execution logs
[2025-02-11T01:58:52.602+0000] {taskinstance.py:2613} INFO - Dependencies all met for dep_context=non-requeueable deps ti=<TaskInstance: LocalIngestionDag.wget scheduled__2022-04-02T06:00:00+00:00 [queued]>
[2025-02-11T01:58:52.607+0000] {taskinstance.py:2613} INFO - Dependencies all met for dep_context=requeueable deps ti=<TaskInstance: LocalIngestionDag.wget scheduled__2022-04-02T06:00:00+00:00 [queued]>
[2025-02-11T01:58:52.608+0000] {taskinstance.py:2866} INFO - Starting attempt 1 of 1
[2025-02-11T01:58:52.615+0000] {taskinstance.py:2889} INFO - Executing <Task(BashOperator): wget> on 2022-04-02 06:00:00+00:00
[2025-02-11T01:58:52.619+0000] {warnings.py:112} WARNING - /home/***/.local/lib/python3.12/site-packages/***/task/task_runner/standard_task_runner.py:70: DeprecationWarning: This process (pid=346) is multi-threaded, use of fork() may lead to deadlocks in the child.
  pid = os.fork()

[2025-02-11T01:58:52.620+0000] {standard_task_runner.py:72} INFO - Started process 399 to run task
[2025-02-11T01:58:52.621+0000] {standard_task_runner.py:104} INFO - Running: ['***', 'tasks', 'run', 'LocalIngestionDag', 'wget', 'scheduled__2022-04-02T06:00:00+00:00', '--job-id', '20', '--raw', '--subdir', 'DAGS_FOLDER/data_ingestion_local.py', '--cfg-path', '/tmp/tmpj9szf3of']
[2025-02-11T01:58:52.622+0000] {standard_task_runner.py:105} INFO - Job 20: Subtask wget
[2025-02-11T01:58:52.659+0000] {task_command.py:467} INFO - Running <TaskInstance: LocalIngestionDag.wget scheduled__2022-04-02T06:00:00+00:00 [running]> on host 79800649bc05
[2025-02-11T01:58:52.710+0000] {taskinstance.py:3132} INFO - Exporting env vars: AIRFLOW_CTX_DAG_OWNER='***' AIRFLOW_CTX_DAG_ID='LocalIngestionDag' AIRFLOW_CTX_TASK_ID='wget' AIRFLOW_CTX_EXECUTION_DATE='2022-04-02T06:00:00+00:00' AIRFLOW_CTX_TRY_NUMBER='1' AIRFLOW_CTX_DAG_RUN_ID='scheduled__2022-04-02T06:00:00+00:00'
[2025-02-11T01:58:52.711+0000] {taskinstance.py:731} INFO - ::endgroup::
[2025-02-11T01:58:52.720+0000] {subprocess.py:78} INFO - Tmp dir root location: /tmp
[2025-02-11T01:58:52.720+0000] {subprocess.py:88} INFO - Running command: ['/usr/bin/bash', '-c', 'curl -sSL https://s3.amazonaws.com/nyc-tlc/trip+data/yellow_tripdata_2022-04.csv > /opt/***/output_2022-04.csv']
[2025-02-11T01:58:52.727+0000] {subprocess.py:99} INFO - Output:
[2025-02-11T01:58:58.020+0000] {subprocess.py:110} INFO - Command exited with return code 0
[2025-02-11T01:58:58.421+0000] {taskinstance.py:340} INFO - ::group::Post task execution logs
[2025-02-11T01:58:58.429+0000] {taskinstance.py:352} INFO - Marking task as SUCCESS. dag_id=LocalIngestionDag, task_id=wget, run_id=scheduled__2022-04-02T06:00:00+00:00, execution_date=20220402T060000, start_date=20250211T015852, end_date=20250211T015858
[2025-02-11T01:58:58.509+0000] {local_task_job_runner.py:266} INFO - Task exited with return code 0
[2025-02-11T01:58:58.532+0000] {local_task_job_runner.py:245} INFO - ::endgroup::
[2025-02-12T03:53:15.188+0000] {local_task_job_runner.py:123} INFO - ::group::Pre task execution logs
[2025-02-12T03:53:15.644+0000] {taskinstance.py:2613} INFO - Dependencies all met for dep_context=non-requeueable deps ti=<TaskInstance: LocalIngestionDag.wget scheduled__2022-04-02T06:00:00+00:00 [queued]>
[2025-02-12T03:53:15.658+0000] {taskinstance.py:2613} INFO - Dependencies all met for dep_context=requeueable deps ti=<TaskInstance: LocalIngestionDag.wget scheduled__2022-04-02T06:00:00+00:00 [queued]>
[2025-02-12T03:53:15.658+0000] {taskinstance.py:2866} INFO - Starting attempt 1 of 1
[2025-02-12T03:53:15.685+0000] {taskinstance.py:2889} INFO - Executing <Task(BashOperator): wget> on 2022-04-02 06:00:00+00:00
[2025-02-12T03:53:15.716+0000] {warnings.py:112} WARNING - /home/***/.local/lib/python3.12/site-packages/***/task/task_runner/standard_task_runner.py:70: DeprecationWarning: This process (pid=664) is multi-threaded, use of fork() may lead to deadlocks in the child.
  pid = os.fork()

[2025-02-12T03:53:15.728+0000] {standard_task_runner.py:72} INFO - Started process 697 to run task
[2025-02-12T03:53:15.759+0000] {standard_task_runner.py:104} INFO - Running: ['***', 'tasks', 'run', 'LocalIngestionDag', 'wget', 'scheduled__2022-04-02T06:00:00+00:00', '--job-id', '35', '--raw', '--subdir', 'DAGS_FOLDER/data_ingestion_local.py', '--cfg-path', '/tmp/tmpg_zxlh_d']
[2025-02-12T03:53:15.765+0000] {standard_task_runner.py:105} INFO - Job 35: Subtask wget
[2025-02-12T03:53:15.859+0000] {task_command.py:467} INFO - Running <TaskInstance: LocalIngestionDag.wget scheduled__2022-04-02T06:00:00+00:00 [running]> on host ee2ea8770015
[2025-02-12T03:53:15.969+0000] {taskinstance.py:3132} INFO - Exporting env vars: AIRFLOW_CTX_DAG_OWNER='***' AIRFLOW_CTX_DAG_ID='LocalIngestionDag' AIRFLOW_CTX_TASK_ID='wget' AIRFLOW_CTX_EXECUTION_DATE='2022-04-02T06:00:00+00:00' AIRFLOW_CTX_TRY_NUMBER='1' AIRFLOW_CTX_DAG_RUN_ID='scheduled__2022-04-02T06:00:00+00:00'
[2025-02-12T03:53:15.972+0000] {taskinstance.py:731} INFO - ::endgroup::
[2025-02-12T03:53:16.023+0000] {subprocess.py:78} INFO - Tmp dir root location: /tmp
[2025-02-12T03:53:16.024+0000] {subprocess.py:88} INFO - Running command: ['/usr/bin/bash', '-c', 'curl -sSL https://github.com/DataTalksClub/nyc-tlc-data/releases/download/yellow/yellow_tripdata_2019-01.csv.gz > /opt/***/yellow_tripdata_2019-01.csv.gz']
[2025-02-12T03:53:16.047+0000] {subprocess.py:99} INFO - Output:
[2025-02-12T03:53:23.278+0000] {subprocess.py:110} INFO - Command exited with return code 0
[2025-02-12T03:53:23.470+0000] {taskinstance.py:340} INFO - ::group::Post task execution logs
[2025-02-12T03:53:23.470+0000] {taskinstance.py:352} INFO - Marking task as SUCCESS. dag_id=LocalIngestionDag, task_id=wget, run_id=scheduled__2022-04-02T06:00:00+00:00, execution_date=20220402T060000, start_date=20250212T035315, end_date=20250212T035323
[2025-02-12T03:53:23.497+0000] {local_task_job_runner.py:266} INFO - Task exited with return code 0
[2025-02-12T03:53:23.510+0000] {taskinstance.py:3895} INFO - 1 downstream tasks scheduled from follow-on schedule check
[2025-02-12T03:53:23.511+0000] {local_task_job_runner.py:245} INFO - ::endgroup::
