[2025-02-11T01:59:14.874+0000] {local_task_job_runner.py:123} INFO - ::group::Pre task execution logs
[2025-02-11T01:59:14.887+0000] {taskinstance.py:2613} INFO - Dependencies all met for dep_context=non-requeueable deps ti=<TaskInstance: LocalIngestionDag.wget scheduled__2024-04-02T06:00:00+00:00 [queued]>
[2025-02-11T01:59:14.893+0000] {taskinstance.py:2613} INFO - Dependencies all met for dep_context=requeueable deps ti=<TaskInstance: LocalIngestionDag.wget scheduled__2024-04-02T06:00:00+00:00 [queued]>
[2025-02-11T01:59:14.893+0000] {taskinstance.py:2866} INFO - Starting attempt 1 of 1
[2025-02-11T01:59:14.900+0000] {taskinstance.py:2889} INFO - Executing <Task(BashOperator): wget> on 2024-04-02 06:00:00+00:00
[2025-02-11T01:59:14.903+0000] {warnings.py:112} WARNING - /home/***/.local/lib/python3.12/site-packages/***/task/task_runner/standard_task_runner.py:70: DeprecationWarning: This process (pid=639) is multi-threaded, use of fork() may lead to deadlocks in the child.
  pid = os.fork()

[2025-02-11T01:59:14.904+0000] {standard_task_runner.py:72} INFO - Started process 665 to run task
[2025-02-11T01:59:14.905+0000] {standard_task_runner.py:104} INFO - Running: ['***', 'tasks', 'run', 'LocalIngestionDag', 'wget', 'scheduled__2024-04-02T06:00:00+00:00', '--job-id', '77', '--raw', '--subdir', 'DAGS_FOLDER/data_ingestion_local.py', '--cfg-path', '/tmp/tmpsyn3tc_r']
[2025-02-11T01:59:14.906+0000] {standard_task_runner.py:105} INFO - Job 77: Subtask wget
[2025-02-11T01:59:14.940+0000] {task_command.py:467} INFO - Running <TaskInstance: LocalIngestionDag.wget scheduled__2024-04-02T06:00:00+00:00 [running]> on host 79800649bc05
[2025-02-11T01:59:14.983+0000] {taskinstance.py:3132} INFO - Exporting env vars: AIRFLOW_CTX_DAG_OWNER='***' AIRFLOW_CTX_DAG_ID='LocalIngestionDag' AIRFLOW_CTX_TASK_ID='wget' AIRFLOW_CTX_EXECUTION_DATE='2024-04-02T06:00:00+00:00' AIRFLOW_CTX_TRY_NUMBER='1' AIRFLOW_CTX_DAG_RUN_ID='scheduled__2024-04-02T06:00:00+00:00'
[2025-02-11T01:59:14.985+0000] {taskinstance.py:731} INFO - ::endgroup::
[2025-02-11T01:59:14.991+0000] {subprocess.py:78} INFO - Tmp dir root location: /tmp
[2025-02-11T01:59:14.992+0000] {subprocess.py:88} INFO - Running command: ['/usr/bin/bash', '-c', 'curl -sSL https://s3.amazonaws.com/nyc-tlc/trip+data/yellow_tripdata_2024-04.csv > /opt/***/output_2024-04.csv']
[2025-02-11T01:59:14.997+0000] {subprocess.py:99} INFO - Output:
[2025-02-11T01:59:15.124+0000] {subprocess.py:110} INFO - Command exited with return code 0
[2025-02-11T01:59:15.279+0000] {taskinstance.py:340} INFO - ::group::Post task execution logs
[2025-02-11T01:59:15.280+0000] {taskinstance.py:352} INFO - Marking task as SUCCESS. dag_id=LocalIngestionDag, task_id=wget, run_id=scheduled__2024-04-02T06:00:00+00:00, execution_date=20240402T060000, start_date=20250211T015914, end_date=20250211T015915
[2025-02-11T01:59:15.333+0000] {local_task_job_runner.py:266} INFO - Task exited with return code 0
[2025-02-11T01:59:15.350+0000] {taskinstance.py:3895} INFO - 1 downstream tasks scheduled from follow-on schedule check
[2025-02-11T01:59:15.351+0000] {local_task_job_runner.py:245} INFO - ::endgroup::
[2025-02-12T03:54:42.657+0000] {local_task_job_runner.py:123} INFO - ::group::Pre task execution logs
[2025-02-12T03:54:42.669+0000] {taskinstance.py:2613} INFO - Dependencies all met for dep_context=non-requeueable deps ti=<TaskInstance: LocalIngestionDag.wget scheduled__2024-04-02T06:00:00+00:00 [queued]>
[2025-02-12T03:54:42.674+0000] {taskinstance.py:2613} INFO - Dependencies all met for dep_context=requeueable deps ti=<TaskInstance: LocalIngestionDag.wget scheduled__2024-04-02T06:00:00+00:00 [queued]>
[2025-02-12T03:54:42.674+0000] {taskinstance.py:2866} INFO - Starting attempt 1 of 1
[2025-02-12T03:54:42.682+0000] {taskinstance.py:2889} INFO - Executing <Task(BashOperator): wget> on 2024-04-02 06:00:00+00:00
[2025-02-12T03:54:42.686+0000] {warnings.py:112} WARNING - /home/***/.local/lib/python3.12/site-packages/***/task/task_runner/standard_task_runner.py:70: DeprecationWarning: This process (pid=1181) is multi-threaded, use of fork() may lead to deadlocks in the child.
  pid = os.fork()

[2025-02-12T03:54:42.687+0000] {standard_task_runner.py:72} INFO - Started process 1182 to run task
[2025-02-12T03:54:42.687+0000] {standard_task_runner.py:104} INFO - Running: ['***', 'tasks', 'run', 'LocalIngestionDag', 'wget', 'scheduled__2024-04-02T06:00:00+00:00', '--job-id', '77', '--raw', '--subdir', 'DAGS_FOLDER/data_ingestion_local.py', '--cfg-path', '/tmp/tmpbz7o6sce']
[2025-02-12T03:54:42.689+0000] {standard_task_runner.py:105} INFO - Job 77: Subtask wget
[2025-02-12T03:54:42.724+0000] {task_command.py:467} INFO - Running <TaskInstance: LocalIngestionDag.wget scheduled__2024-04-02T06:00:00+00:00 [running]> on host ee2ea8770015
[2025-02-12T03:54:42.774+0000] {taskinstance.py:3132} INFO - Exporting env vars: AIRFLOW_CTX_DAG_OWNER='***' AIRFLOW_CTX_DAG_ID='LocalIngestionDag' AIRFLOW_CTX_TASK_ID='wget' AIRFLOW_CTX_EXECUTION_DATE='2024-04-02T06:00:00+00:00' AIRFLOW_CTX_TRY_NUMBER='1' AIRFLOW_CTX_DAG_RUN_ID='scheduled__2024-04-02T06:00:00+00:00'
[2025-02-12T03:54:42.775+0000] {taskinstance.py:731} INFO - ::endgroup::
[2025-02-12T03:54:42.781+0000] {subprocess.py:78} INFO - Tmp dir root location: /tmp
[2025-02-12T03:54:42.782+0000] {subprocess.py:88} INFO - Running command: ['/usr/bin/bash', '-c', 'curl -sSL https://github.com/DataTalksClub/nyc-tlc-data/releases/download/yellow/yellow_tripdata_2019-01.csv.gz > /opt/***/yellow_tripdata_2019-01.csv.gz']
[2025-02-12T03:54:42.788+0000] {subprocess.py:99} INFO - Output:
[2025-02-12T03:55:17.845+0000] {subprocess.py:110} INFO - Command exited with return code 0
[2025-02-12T03:55:17.989+0000] {taskinstance.py:340} INFO - ::group::Post task execution logs
[2025-02-12T03:55:17.990+0000] {taskinstance.py:352} INFO - Marking task as SUCCESS. dag_id=LocalIngestionDag, task_id=wget, run_id=scheduled__2024-04-02T06:00:00+00:00, execution_date=20240402T060000, start_date=20250212T035442, end_date=20250212T035517
[2025-02-12T03:55:18.015+0000] {local_task_job_runner.py:266} INFO - Task exited with return code 0
[2025-02-12T03:55:18.033+0000] {taskinstance.py:3895} INFO - 1 downstream tasks scheduled from follow-on schedule check
[2025-02-12T03:55:18.036+0000] {local_task_job_runner.py:245} INFO - ::endgroup::
