[2025-02-11T01:59:14.122+0000] {local_task_job_runner.py:123} INFO - ::group::Pre task execution logs
[2025-02-11T01:59:14.141+0000] {taskinstance.py:2613} INFO - Dependencies all met for dep_context=non-requeueable deps ti=<TaskInstance: LocalIngestionDag.wget scheduled__2023-10-02T06:00:00+00:00 [queued]>
[2025-02-11T01:59:14.148+0000] {taskinstance.py:2613} INFO - Dependencies all met for dep_context=requeueable deps ti=<TaskInstance: LocalIngestionDag.wget scheduled__2023-10-02T06:00:00+00:00 [queued]>
[2025-02-11T01:59:14.149+0000] {taskinstance.py:2866} INFO - Starting attempt 1 of 1
[2025-02-11T01:59:14.169+0000] {taskinstance.py:2889} INFO - Executing <Task(BashOperator): wget> on 2023-10-02 06:00:00+00:00
[2025-02-11T01:59:14.174+0000] {warnings.py:112} WARNING - /home/***/.local/lib/python3.12/site-packages/***/task/task_runner/standard_task_runner.py:70: DeprecationWarning: This process (pid=627) is multi-threaded, use of fork() may lead to deadlocks in the child.
  pid = os.fork()

[2025-02-11T01:59:14.175+0000] {standard_task_runner.py:104} INFO - Running: ['***', 'tasks', 'run', 'LocalIngestionDag', 'wget', 'scheduled__2023-10-02T06:00:00+00:00', '--job-id', '71', '--raw', '--subdir', 'DAGS_FOLDER/data_ingestion_local.py', '--cfg-path', '/tmp/tmpbvself5y']
[2025-02-11T01:59:14.177+0000] {standard_task_runner.py:72} INFO - Started process 633 to run task
[2025-02-11T01:59:14.178+0000] {standard_task_runner.py:105} INFO - Job 71: Subtask wget
[2025-02-11T01:59:14.234+0000] {task_command.py:467} INFO - Running <TaskInstance: LocalIngestionDag.wget scheduled__2023-10-02T06:00:00+00:00 [running]> on host 79800649bc05
[2025-02-11T01:59:14.329+0000] {taskinstance.py:3132} INFO - Exporting env vars: AIRFLOW_CTX_DAG_OWNER='***' AIRFLOW_CTX_DAG_ID='LocalIngestionDag' AIRFLOW_CTX_TASK_ID='wget' AIRFLOW_CTX_EXECUTION_DATE='2023-10-02T06:00:00+00:00' AIRFLOW_CTX_TRY_NUMBER='1' AIRFLOW_CTX_DAG_RUN_ID='scheduled__2023-10-02T06:00:00+00:00'
[2025-02-11T01:59:14.331+0000] {taskinstance.py:731} INFO - ::endgroup::
[2025-02-11T01:59:14.578+0000] {subprocess.py:78} INFO - Tmp dir root location: /tmp
[2025-02-11T01:59:14.582+0000] {subprocess.py:88} INFO - Running command: ['/usr/bin/bash', '-c', 'curl -sSL https://s3.amazonaws.com/nyc-tlc/trip+data/yellow_tripdata_2023-10.csv > /opt/***/output_2023-10.csv']
[2025-02-11T01:59:14.606+0000] {subprocess.py:99} INFO - Output:
[2025-02-11T01:59:14.767+0000] {subprocess.py:110} INFO - Command exited with return code 0
[2025-02-11T01:59:14.805+0000] {taskinstance.py:340} INFO - ::group::Post task execution logs
[2025-02-11T01:59:14.805+0000] {taskinstance.py:352} INFO - Marking task as SUCCESS. dag_id=LocalIngestionDag, task_id=wget, run_id=scheduled__2023-10-02T06:00:00+00:00, execution_date=20231002T060000, start_date=20250211T015914, end_date=20250211T015914
[2025-02-11T01:59:14.841+0000] {local_task_job_runner.py:266} INFO - Task exited with return code 0
[2025-02-11T01:59:14.861+0000] {taskinstance.py:3895} INFO - 1 downstream tasks scheduled from follow-on schedule check
[2025-02-11T01:59:14.863+0000] {local_task_job_runner.py:245} INFO - ::endgroup::
[2025-02-12T03:54:22.373+0000] {local_task_job_runner.py:123} INFO - ::group::Pre task execution logs
[2025-02-12T03:54:22.395+0000] {taskinstance.py:2613} INFO - Dependencies all met for dep_context=non-requeueable deps ti=<TaskInstance: LocalIngestionDag.wget scheduled__2023-10-02T06:00:00+00:00 [queued]>
[2025-02-12T03:54:22.403+0000] {taskinstance.py:2613} INFO - Dependencies all met for dep_context=requeueable deps ti=<TaskInstance: LocalIngestionDag.wget scheduled__2023-10-02T06:00:00+00:00 [queued]>
[2025-02-12T03:54:22.405+0000] {taskinstance.py:2866} INFO - Starting attempt 1 of 1
[2025-02-12T03:54:22.420+0000] {taskinstance.py:2889} INFO - Executing <Task(BashOperator): wget> on 2023-10-02 06:00:00+00:00
[2025-02-12T03:54:22.426+0000] {warnings.py:112} WARNING - /home/***/.local/lib/python3.12/site-packages/***/task/task_runner/standard_task_runner.py:70: DeprecationWarning: This process (pid=1001) is multi-threaded, use of fork() may lead to deadlocks in the child.
  pid = os.fork()

[2025-02-12T03:54:22.428+0000] {standard_task_runner.py:72} INFO - Started process 1002 to run task
[2025-02-12T03:54:22.427+0000] {standard_task_runner.py:104} INFO - Running: ['***', 'tasks', 'run', 'LocalIngestionDag', 'wget', 'scheduled__2023-10-02T06:00:00+00:00', '--job-id', '62', '--raw', '--subdir', 'DAGS_FOLDER/data_ingestion_local.py', '--cfg-path', '/tmp/tmp0apassxp']
[2025-02-12T03:54:22.429+0000] {standard_task_runner.py:105} INFO - Job 62: Subtask wget
[2025-02-12T03:54:22.499+0000] {task_command.py:467} INFO - Running <TaskInstance: LocalIngestionDag.wget scheduled__2023-10-02T06:00:00+00:00 [running]> on host ee2ea8770015
[2025-02-12T03:54:22.578+0000] {taskinstance.py:3132} INFO - Exporting env vars: AIRFLOW_CTX_DAG_OWNER='***' AIRFLOW_CTX_DAG_ID='LocalIngestionDag' AIRFLOW_CTX_TASK_ID='wget' AIRFLOW_CTX_EXECUTION_DATE='2023-10-02T06:00:00+00:00' AIRFLOW_CTX_TRY_NUMBER='1' AIRFLOW_CTX_DAG_RUN_ID='scheduled__2023-10-02T06:00:00+00:00'
[2025-02-12T03:54:22.581+0000] {taskinstance.py:731} INFO - ::endgroup::
[2025-02-12T03:54:22.597+0000] {subprocess.py:78} INFO - Tmp dir root location: /tmp
[2025-02-12T03:54:22.599+0000] {subprocess.py:88} INFO - Running command: ['/usr/bin/bash', '-c', 'curl -sSL https://github.com/DataTalksClub/nyc-tlc-data/releases/download/yellow/yellow_tripdata_2019-01.csv.gz > /opt/***/yellow_tripdata_2019-01.csv.gz']
[2025-02-12T03:54:22.607+0000] {subprocess.py:99} INFO - Output:
[2025-02-12T03:54:47.668+0000] {subprocess.py:110} INFO - Command exited with return code 0
[2025-02-12T03:54:47.691+0000] {taskinstance.py:340} INFO - ::group::Post task execution logs
[2025-02-12T03:54:47.692+0000] {taskinstance.py:352} INFO - Marking task as SUCCESS. dag_id=LocalIngestionDag, task_id=wget, run_id=scheduled__2023-10-02T06:00:00+00:00, execution_date=20231002T060000, start_date=20250212T035422, end_date=20250212T035447
[2025-02-12T03:54:47.713+0000] {local_task_job_runner.py:266} INFO - Task exited with return code 0
[2025-02-12T03:54:47.726+0000] {taskinstance.py:3895} INFO - 1 downstream tasks scheduled from follow-on schedule check
[2025-02-12T03:54:47.727+0000] {local_task_job_runner.py:245} INFO - ::endgroup::
