[2025-02-11T01:58:50.878+0000] {local_task_job_runner.py:123} INFO - ::group::Pre task execution logs
[2025-02-11T01:58:50.937+0000] {taskinstance.py:2613} INFO - Dependencies all met for dep_context=non-requeueable deps ti=<TaskInstance: LocalIngestionDag.wget scheduled__2021-02-02T06:00:00+00:00 [queued]>
[2025-02-11T01:58:50.968+0000] {taskinstance.py:2613} INFO - Dependencies all met for dep_context=requeueable deps ti=<TaskInstance: LocalIngestionDag.wget scheduled__2021-02-02T06:00:00+00:00 [queued]>
[2025-02-11T01:58:50.980+0000] {taskinstance.py:2866} INFO - Starting attempt 1 of 1
[2025-02-11T01:58:51.163+0000] {taskinstance.py:2889} INFO - Executing <Task(BashOperator): wget> on 2021-02-02 06:00:00+00:00
[2025-02-11T01:58:51.170+0000] {warnings.py:112} WARNING - /home/***/.local/lib/python3.12/site-packages/***/task/task_runner/standard_task_runner.py:70: DeprecationWarning: This process (pid=305) is multi-threaded, use of fork() may lead to deadlocks in the child.
  pid = os.fork()

[2025-02-11T01:58:51.187+0000] {standard_task_runner.py:72} INFO - Started process 336 to run task
[2025-02-11T01:58:51.197+0000] {standard_task_runner.py:104} INFO - Running: ['***', 'tasks', 'run', 'LocalIngestionDag', 'wget', 'scheduled__2021-02-02T06:00:00+00:00', '--job-id', '8', '--raw', '--subdir', 'DAGS_FOLDER/data_ingestion_local.py', '--cfg-path', '/tmp/tmppgbq_zai']
[2025-02-11T01:58:51.204+0000] {standard_task_runner.py:105} INFO - Job 8: Subtask wget
[2025-02-11T01:58:51.455+0000] {task_command.py:467} INFO - Running <TaskInstance: LocalIngestionDag.wget scheduled__2021-02-02T06:00:00+00:00 [running]> on host 79800649bc05
[2025-02-11T01:58:52.325+0000] {taskinstance.py:3132} INFO - Exporting env vars: AIRFLOW_CTX_DAG_OWNER='***' AIRFLOW_CTX_DAG_ID='LocalIngestionDag' AIRFLOW_CTX_TASK_ID='wget' AIRFLOW_CTX_EXECUTION_DATE='2021-02-02T06:00:00+00:00' AIRFLOW_CTX_TRY_NUMBER='1' AIRFLOW_CTX_DAG_RUN_ID='scheduled__2021-02-02T06:00:00+00:00'
[2025-02-11T01:58:52.330+0000] {taskinstance.py:731} INFO - ::endgroup::
[2025-02-11T01:58:52.353+0000] {subprocess.py:78} INFO - Tmp dir root location: /tmp
[2025-02-11T01:58:52.353+0000] {subprocess.py:88} INFO - Running command: ['/usr/bin/bash', '-c', 'curl -sSL https://s3.amazonaws.com/nyc-tlc/trip+data/yellow_tripdata_2021-02.csv > /opt/***/output_2021-02.csv']
[2025-02-11T01:58:52.371+0000] {subprocess.py:99} INFO - Output:
[2025-02-11T01:58:58.023+0000] {subprocess.py:110} INFO - Command exited with return code 0
[2025-02-11T01:58:58.089+0000] {taskinstance.py:340} INFO - ::group::Post task execution logs
[2025-02-11T01:58:58.091+0000] {taskinstance.py:352} INFO - Marking task as SUCCESS. dag_id=LocalIngestionDag, task_id=wget, run_id=scheduled__2021-02-02T06:00:00+00:00, execution_date=20210202T060000, start_date=20250211T015850, end_date=20250211T015858
[2025-02-11T01:58:58.179+0000] {local_task_job_runner.py:266} INFO - Task exited with return code 0
[2025-02-11T01:58:58.230+0000] {local_task_job_runner.py:245} INFO - ::endgroup::
[2025-02-12T03:51:46.542+0000] {local_task_job_runner.py:123} INFO - ::group::Pre task execution logs
[2025-02-12T03:51:46.582+0000] {taskinstance.py:2613} INFO - Dependencies all met for dep_context=non-requeueable deps ti=<TaskInstance: LocalIngestionDag.wget scheduled__2021-02-02T06:00:00+00:00 [queued]>
[2025-02-12T03:51:46.598+0000] {taskinstance.py:2613} INFO - Dependencies all met for dep_context=requeueable deps ti=<TaskInstance: LocalIngestionDag.wget scheduled__2021-02-02T06:00:00+00:00 [queued]>
[2025-02-12T03:51:46.598+0000] {taskinstance.py:2866} INFO - Starting attempt 1 of 1
[2025-02-12T03:51:46.647+0000] {taskinstance.py:2889} INFO - Executing <Task(BashOperator): wget> on 2021-02-02 06:00:00+00:00
[2025-02-12T03:51:46.668+0000] {warnings.py:112} WARNING - /home/***/.local/lib/python3.12/site-packages/***/task/task_runner/standard_task_runner.py:70: DeprecationWarning: This process (pid=297) is multi-threaded, use of fork() may lead to deadlocks in the child.
  pid = os.fork()

[2025-02-12T03:51:46.677+0000] {standard_task_runner.py:72} INFO - Started process 310 to run task
[2025-02-12T03:51:46.669+0000] {standard_task_runner.py:104} INFO - Running: ['***', 'tasks', 'run', 'LocalIngestionDag', 'wget', 'scheduled__2021-02-02T06:00:00+00:00', '--job-id', '9', '--raw', '--subdir', 'DAGS_FOLDER/data_ingestion_local.py', '--cfg-path', '/tmp/tmp2194jdum']
[2025-02-12T03:51:46.680+0000] {standard_task_runner.py:105} INFO - Job 9: Subtask wget
[2025-02-12T03:51:46.904+0000] {task_command.py:467} INFO - Running <TaskInstance: LocalIngestionDag.wget scheduled__2021-02-02T06:00:00+00:00 [running]> on host ee2ea8770015
[2025-02-12T03:51:47.308+0000] {taskinstance.py:3132} INFO - Exporting env vars: AIRFLOW_CTX_DAG_OWNER='***' AIRFLOW_CTX_DAG_ID='LocalIngestionDag' AIRFLOW_CTX_TASK_ID='wget' AIRFLOW_CTX_EXECUTION_DATE='2021-02-02T06:00:00+00:00' AIRFLOW_CTX_TRY_NUMBER='1' AIRFLOW_CTX_DAG_RUN_ID='scheduled__2021-02-02T06:00:00+00:00'
[2025-02-12T03:51:47.313+0000] {taskinstance.py:731} INFO - ::endgroup::
[2025-02-12T03:51:47.594+0000] {subprocess.py:78} INFO - Tmp dir root location: /tmp
[2025-02-12T03:51:47.595+0000] {subprocess.py:88} INFO - Running command: ['/usr/bin/bash', '-c', 'curl -sSL https://github.com/DataTalksClub/nyc-tlc-data/releases/download/yellow/yellow_tripdata_2019-01.csv.gz > /opt/***/yellow_tripdata_2019-01.csv.gz']
[2025-02-12T03:51:47.615+0000] {subprocess.py:99} INFO - Output:
[2025-02-12T03:52:57.658+0000] {subprocess.py:110} INFO - Command exited with return code 0
[2025-02-12T03:52:57.732+0000] {taskinstance.py:340} INFO - ::group::Post task execution logs
[2025-02-12T03:52:57.734+0000] {taskinstance.py:352} INFO - Marking task as SUCCESS. dag_id=LocalIngestionDag, task_id=wget, run_id=scheduled__2021-02-02T06:00:00+00:00, execution_date=20210202T060000, start_date=20250212T035146, end_date=20250212T035257
[2025-02-12T03:52:57.800+0000] {local_task_job_runner.py:266} INFO - Task exited with return code 0
[2025-02-12T03:52:57.918+0000] {taskinstance.py:3895} INFO - 1 downstream tasks scheduled from follow-on schedule check
[2025-02-12T03:52:57.947+0000] {local_task_job_runner.py:245} INFO - ::endgroup::
