[2025-02-11T01:58:50.809+0000] {local_task_job_runner.py:123} INFO - ::group::Pre task execution logs
[2025-02-11T01:58:50.854+0000] {taskinstance.py:2613} INFO - Dependencies all met for dep_context=non-requeueable deps ti=<TaskInstance: LocalIngestionDag.wget scheduled__2021-09-02T06:00:00+00:00 [queued]>
[2025-02-11T01:58:50.877+0000] {taskinstance.py:2613} INFO - Dependencies all met for dep_context=requeueable deps ti=<TaskInstance: LocalIngestionDag.wget scheduled__2021-09-02T06:00:00+00:00 [queued]>
[2025-02-11T01:58:50.880+0000] {taskinstance.py:2866} INFO - Starting attempt 1 of 1
[2025-02-11T01:58:50.922+0000] {taskinstance.py:2889} INFO - Executing <Task(BashOperator): wget> on 2021-09-02 06:00:00+00:00
[2025-02-11T01:58:50.936+0000] {standard_task_runner.py:104} INFO - Running: ['***', 'tasks', 'run', 'LocalIngestionDag', 'wget', 'scheduled__2021-09-02T06:00:00+00:00', '--job-id', '5', '--raw', '--subdir', 'DAGS_FOLDER/data_ingestion_local.py', '--cfg-path', '/tmp/tmphwkjfujp']
[2025-02-11T01:58:50.943+0000] {standard_task_runner.py:105} INFO - Job 5: Subtask wget
[2025-02-11T01:58:50.931+0000] {warnings.py:112} WARNING - /home/***/.local/lib/python3.12/site-packages/***/task/task_runner/standard_task_runner.py:70: DeprecationWarning: This process (pid=312) is multi-threaded, use of fork() may lead to deadlocks in the child.
  pid = os.fork()

[2025-02-11T01:58:50.981+0000] {standard_task_runner.py:72} INFO - Started process 325 to run task
[2025-02-11T01:58:51.145+0000] {task_command.py:467} INFO - Running <TaskInstance: LocalIngestionDag.wget scheduled__2021-09-02T06:00:00+00:00 [running]> on host 79800649bc05
[2025-02-11T01:58:51.443+0000] {taskinstance.py:3132} INFO - Exporting env vars: AIRFLOW_CTX_DAG_OWNER='***' AIRFLOW_CTX_DAG_ID='LocalIngestionDag' AIRFLOW_CTX_TASK_ID='wget' AIRFLOW_CTX_EXECUTION_DATE='2021-09-02T06:00:00+00:00' AIRFLOW_CTX_TRY_NUMBER='1' AIRFLOW_CTX_DAG_RUN_ID='scheduled__2021-09-02T06:00:00+00:00'
[2025-02-11T01:58:51.448+0000] {taskinstance.py:731} INFO - ::endgroup::
[2025-02-11T01:58:51.646+0000] {subprocess.py:78} INFO - Tmp dir root location: /tmp
[2025-02-11T01:58:51.646+0000] {subprocess.py:88} INFO - Running command: ['/usr/bin/bash', '-c', 'curl -sSL https://s3.amazonaws.com/nyc-tlc/trip+data/yellow_tripdata_2021-09.csv > /opt/***/output_2021-09.csv']
[2025-02-11T01:58:51.670+0000] {subprocess.py:99} INFO - Output:
[2025-02-11T01:58:58.021+0000] {subprocess.py:110} INFO - Command exited with return code 0
[2025-02-11T01:58:58.328+0000] {taskinstance.py:340} INFO - ::group::Post task execution logs
[2025-02-11T01:58:58.334+0000] {taskinstance.py:352} INFO - Marking task as SUCCESS. dag_id=LocalIngestionDag, task_id=wget, run_id=scheduled__2021-09-02T06:00:00+00:00, execution_date=20210902T060000, start_date=20250211T015850, end_date=20250211T015858
[2025-02-11T01:58:58.417+0000] {local_task_job_runner.py:266} INFO - Task exited with return code 0
[2025-02-11T01:58:58.442+0000] {taskinstance.py:3895} INFO - 1 downstream tasks scheduled from follow-on schedule check
[2025-02-11T01:58:58.447+0000] {local_task_job_runner.py:245} INFO - ::endgroup::
[2025-02-12T03:51:46.812+0000] {local_task_job_runner.py:123} INFO - ::group::Pre task execution logs
[2025-02-12T03:51:46.883+0000] {taskinstance.py:2613} INFO - Dependencies all met for dep_context=non-requeueable deps ti=<TaskInstance: LocalIngestionDag.wget scheduled__2021-09-02T06:00:00+00:00 [queued]>
[2025-02-12T03:51:46.903+0000] {taskinstance.py:2613} INFO - Dependencies all met for dep_context=requeueable deps ti=<TaskInstance: LocalIngestionDag.wget scheduled__2021-09-02T06:00:00+00:00 [queued]>
[2025-02-12T03:51:46.904+0000] {taskinstance.py:2866} INFO - Starting attempt 1 of 1
[2025-02-12T03:51:46.958+0000] {taskinstance.py:2889} INFO - Executing <Task(BashOperator): wget> on 2021-09-02 06:00:00+00:00
[2025-02-12T03:51:46.973+0000] {warnings.py:112} WARNING - /home/***/.local/lib/python3.12/site-packages/***/task/task_runner/standard_task_runner.py:70: DeprecationWarning: This process (pid=304) is multi-threaded, use of fork() may lead to deadlocks in the child.
  pid = os.fork()

[2025-02-12T03:51:46.979+0000] {standard_task_runner.py:72} INFO - Started process 327 to run task
[2025-02-12T03:51:46.980+0000] {standard_task_runner.py:104} INFO - Running: ['***', 'tasks', 'run', 'LocalIngestionDag', 'wget', 'scheduled__2021-09-02T06:00:00+00:00', '--job-id', '12', '--raw', '--subdir', 'DAGS_FOLDER/data_ingestion_local.py', '--cfg-path', '/tmp/tmp56osiiz5']
[2025-02-12T03:51:47.002+0000] {standard_task_runner.py:105} INFO - Job 12: Subtask wget
[2025-02-12T03:51:47.176+0000] {task_command.py:467} INFO - Running <TaskInstance: LocalIngestionDag.wget scheduled__2021-09-02T06:00:00+00:00 [running]> on host ee2ea8770015
[2025-02-12T03:51:47.433+0000] {taskinstance.py:3132} INFO - Exporting env vars: AIRFLOW_CTX_DAG_OWNER='***' AIRFLOW_CTX_DAG_ID='LocalIngestionDag' AIRFLOW_CTX_TASK_ID='wget' AIRFLOW_CTX_EXECUTION_DATE='2021-09-02T06:00:00+00:00' AIRFLOW_CTX_TRY_NUMBER='1' AIRFLOW_CTX_DAG_RUN_ID='scheduled__2021-09-02T06:00:00+00:00'
[2025-02-12T03:51:47.443+0000] {taskinstance.py:731} INFO - ::endgroup::
[2025-02-12T03:51:47.468+0000] {subprocess.py:78} INFO - Tmp dir root location: /tmp
[2025-02-12T03:51:47.471+0000] {subprocess.py:88} INFO - Running command: ['/usr/bin/bash', '-c', 'curl -sSL https://github.com/DataTalksClub/nyc-tlc-data/releases/download/yellow/yellow_tripdata_2019-01.csv.gz > /opt/***/yellow_tripdata_2019-01.csv.gz']
[2025-02-12T03:51:47.492+0000] {subprocess.py:99} INFO - Output:
[2025-02-12T03:53:00.013+0000] {subprocess.py:110} INFO - Command exited with return code 0
[2025-02-12T03:53:03.779+0000] {taskinstance.py:340} INFO - ::group::Post task execution logs
[2025-02-12T03:53:03.781+0000] {taskinstance.py:352} INFO - Marking task as SUCCESS. dag_id=LocalIngestionDag, task_id=wget, run_id=scheduled__2021-09-02T06:00:00+00:00, execution_date=20210902T060000, start_date=20250212T035146, end_date=20250212T035303
[2025-02-12T03:53:03.822+0000] {local_task_job_runner.py:266} INFO - Task exited with return code 0
[2025-02-12T03:53:03.906+0000] {taskinstance.py:3895} INFO - 1 downstream tasks scheduled from follow-on schedule check
[2025-02-12T03:53:03.908+0000] {local_task_job_runner.py:245} INFO - ::endgroup::
