[2025-02-13T02:29:45.258+0000] {local_task_job_runner.py:123} INFO - ::group::Pre task execution logs
[2025-02-13T02:29:45.268+0000] {taskinstance.py:2613} INFO - Dependencies all met for dep_context=non-requeueable deps ti=<TaskInstance: LocalIngestionDag.wget manual__2025-02-13T02:29:43.889772+00:00 [queued]>
[2025-02-13T02:29:45.273+0000] {taskinstance.py:2613} INFO - Dependencies all met for dep_context=requeueable deps ti=<TaskInstance: LocalIngestionDag.wget manual__2025-02-13T02:29:43.889772+00:00 [queued]>
[2025-02-13T02:29:45.273+0000] {taskinstance.py:2866} INFO - Starting attempt 1 of 1
[2025-02-13T02:29:45.280+0000] {taskinstance.py:2889} INFO - Executing <Task(BashOperator): wget> on 2025-02-13 02:29:43.889772+00:00
[2025-02-13T02:29:45.284+0000] {warnings.py:112} WARNING - /home/***/.local/lib/python3.12/site-packages/***/task/task_runner/standard_task_runner.py:70: DeprecationWarning: This process (pid=100) is multi-threaded, use of fork() may lead to deadlocks in the child.
  pid = os.fork()

[2025-02-13T02:29:45.285+0000] {standard_task_runner.py:72} INFO - Started process 108 to run task
[2025-02-13T02:29:45.285+0000] {standard_task_runner.py:104} INFO - Running: ['***', 'tasks', 'run', 'LocalIngestionDag', 'wget', 'manual__2025-02-13T02:29:43.889772+00:00', '--job-id', '115', '--raw', '--subdir', 'DAGS_FOLDER/data_ingestion_local.py', '--cfg-path', '/tmp/tmpzp7bforr']
[2025-02-13T02:29:45.287+0000] {standard_task_runner.py:105} INFO - Job 115: Subtask wget
[2025-02-13T02:29:45.316+0000] {task_command.py:467} INFO - Running <TaskInstance: LocalIngestionDag.wget manual__2025-02-13T02:29:43.889772+00:00 [running]> on host 06c256ee3505
[2025-02-13T02:29:45.459+0000] {taskinstance.py:3132} INFO - Exporting env vars: AIRFLOW_CTX_DAG_OWNER='***' AIRFLOW_CTX_DAG_ID='LocalIngestionDag' AIRFLOW_CTX_TASK_ID='wget' AIRFLOW_CTX_EXECUTION_DATE='2025-02-13T02:29:43.889772+00:00' AIRFLOW_CTX_TRY_NUMBER='1' AIRFLOW_CTX_DAG_RUN_ID='manual__2025-02-13T02:29:43.889772+00:00'
[2025-02-13T02:29:45.459+0000] {taskinstance.py:731} INFO - ::endgroup::
[2025-02-13T02:29:45.476+0000] {subprocess.py:78} INFO - Tmp dir root location: /tmp
[2025-02-13T02:29:45.477+0000] {subprocess.py:88} INFO - Running command: ['/usr/bin/bash', '-c', 'curl -sSL https://github.com/DataTalksClub/nyc-tlc-data/releases/download/yellow/yellow_tripdata_2019-01.csv.gz > /opt/***/yellow_tripdata_2019-01.csv.gz']
[2025-02-13T02:29:45.482+0000] {subprocess.py:99} INFO - Output:
[2025-02-13T02:29:56.525+0000] {subprocess.py:110} INFO - Command exited with return code 0
[2025-02-13T02:29:56.544+0000] {taskinstance.py:340} INFO - ::group::Post task execution logs
[2025-02-13T02:29:56.544+0000] {taskinstance.py:352} INFO - Marking task as SUCCESS. dag_id=LocalIngestionDag, task_id=wget, run_id=manual__2025-02-13T02:29:43.889772+00:00, execution_date=20250213T022943, start_date=20250213T022945, end_date=20250213T022956
[2025-02-13T02:29:56.575+0000] {local_task_job_runner.py:266} INFO - Task exited with return code 0
[2025-02-13T02:29:56.588+0000] {taskinstance.py:3895} INFO - 1 downstream tasks scheduled from follow-on schedule check
[2025-02-13T02:29:56.589+0000] {local_task_job_runner.py:245} INFO - ::endgroup::
