[2025-02-11T01:59:12.997+0000] {local_task_job_runner.py:123} INFO - ::group::Pre task execution logs
[2025-02-11T01:59:13.008+0000] {taskinstance.py:2613} INFO - Dependencies all met for dep_context=non-requeueable deps ti=<TaskInstance: LocalIngestionDag.wget scheduled__2023-09-02T06:00:00+00:00 [queued]>
[2025-02-11T01:59:13.013+0000] {taskinstance.py:2613} INFO - Dependencies all met for dep_context=requeueable deps ti=<TaskInstance: LocalIngestionDag.wget scheduled__2023-09-02T06:00:00+00:00 [queued]>
[2025-02-11T01:59:13.013+0000] {taskinstance.py:2866} INFO - Starting attempt 1 of 1
[2025-02-11T01:59:13.021+0000] {taskinstance.py:2889} INFO - Executing <Task(BashOperator): wget> on 2023-09-02 06:00:00+00:00
[2025-02-11T01:59:13.024+0000] {warnings.py:112} WARNING - /home/***/.local/lib/python3.12/site-packages/***/task/task_runner/standard_task_runner.py:70: DeprecationWarning: This process (pid=620) is multi-threaded, use of fork() may lead to deadlocks in the child.
  pid = os.fork()

[2025-02-11T01:59:13.024+0000] {standard_task_runner.py:72} INFO - Started process 621 to run task
[2025-02-11T01:59:13.025+0000] {standard_task_runner.py:104} INFO - Running: ['***', 'tasks', 'run', 'LocalIngestionDag', 'wget', 'scheduled__2023-09-02T06:00:00+00:00', '--job-id', '69', '--raw', '--subdir', 'DAGS_FOLDER/data_ingestion_local.py', '--cfg-path', '/tmp/tmp1icndc76']
[2025-02-11T01:59:13.027+0000] {standard_task_runner.py:105} INFO - Job 69: Subtask wget
[2025-02-11T01:59:13.057+0000] {task_command.py:467} INFO - Running <TaskInstance: LocalIngestionDag.wget scheduled__2023-09-02T06:00:00+00:00 [running]> on host 79800649bc05
[2025-02-11T01:59:13.105+0000] {taskinstance.py:3132} INFO - Exporting env vars: AIRFLOW_CTX_DAG_OWNER='***' AIRFLOW_CTX_DAG_ID='LocalIngestionDag' AIRFLOW_CTX_TASK_ID='wget' AIRFLOW_CTX_EXECUTION_DATE='2023-09-02T06:00:00+00:00' AIRFLOW_CTX_TRY_NUMBER='1' AIRFLOW_CTX_DAG_RUN_ID='scheduled__2023-09-02T06:00:00+00:00'
[2025-02-11T01:59:13.105+0000] {taskinstance.py:731} INFO - ::endgroup::
[2025-02-11T01:59:13.112+0000] {subprocess.py:78} INFO - Tmp dir root location: /tmp
[2025-02-11T01:59:13.112+0000] {subprocess.py:88} INFO - Running command: ['/usr/bin/bash', '-c', 'curl -sSL https://s3.amazonaws.com/nyc-tlc/trip+data/yellow_tripdata_2023-09.csv > /opt/***/output_2023-09.csv']
[2025-02-11T01:59:13.117+0000] {subprocess.py:99} INFO - Output:
[2025-02-11T01:59:13.606+0000] {subprocess.py:110} INFO - Command exited with return code 0
[2025-02-11T01:59:13.724+0000] {taskinstance.py:340} INFO - ::group::Post task execution logs
[2025-02-11T01:59:13.724+0000] {taskinstance.py:352} INFO - Marking task as SUCCESS. dag_id=LocalIngestionDag, task_id=wget, run_id=scheduled__2023-09-02T06:00:00+00:00, execution_date=20230902T060000, start_date=20250211T015913, end_date=20250211T015913
[2025-02-11T01:59:13.742+0000] {local_task_job_runner.py:266} INFO - Task exited with return code 0
[2025-02-11T01:59:13.763+0000] {taskinstance.py:3895} INFO - 0 downstream tasks scheduled from follow-on schedule check
[2025-02-11T01:59:13.765+0000] {local_task_job_runner.py:245} INFO - ::endgroup::
[2025-02-12T03:53:47.001+0000] {local_task_job_runner.py:123} INFO - ::group::Pre task execution logs
[2025-02-12T03:53:47.020+0000] {taskinstance.py:2613} INFO - Dependencies all met for dep_context=non-requeueable deps ti=<TaskInstance: LocalIngestionDag.wget scheduled__2023-09-02T06:00:00+00:00 [queued]>
[2025-02-12T03:53:47.026+0000] {taskinstance.py:2613} INFO - Dependencies all met for dep_context=requeueable deps ti=<TaskInstance: LocalIngestionDag.wget scheduled__2023-09-02T06:00:00+00:00 [queued]>
[2025-02-12T03:53:47.027+0000] {taskinstance.py:2866} INFO - Starting attempt 1 of 1
[2025-02-12T03:53:47.037+0000] {taskinstance.py:2889} INFO - Executing <Task(BashOperator): wget> on 2023-09-02 06:00:00+00:00
[2025-02-12T03:53:47.042+0000] {warnings.py:112} WARNING - /home/***/.local/lib/python3.12/site-packages/***/task/task_runner/standard_task_runner.py:70: DeprecationWarning: This process (pid=837) is multi-threaded, use of fork() may lead to deadlocks in the child.
  pid = os.fork()

[2025-02-12T03:53:47.044+0000] {standard_task_runner.py:72} INFO - Started process 855 to run task
[2025-02-12T03:53:47.044+0000] {standard_task_runner.py:104} INFO - Running: ['***', 'tasks', 'run', 'LocalIngestionDag', 'wget', 'scheduled__2023-09-02T06:00:00+00:00', '--job-id', '53', '--raw', '--subdir', 'DAGS_FOLDER/data_ingestion_local.py', '--cfg-path', '/tmp/tmpuatscm75']
[2025-02-12T03:53:47.046+0000] {standard_task_runner.py:105} INFO - Job 53: Subtask wget
[2025-02-12T03:53:47.087+0000] {task_command.py:467} INFO - Running <TaskInstance: LocalIngestionDag.wget scheduled__2023-09-02T06:00:00+00:00 [running]> on host ee2ea8770015
[2025-02-12T03:53:47.156+0000] {taskinstance.py:3132} INFO - Exporting env vars: AIRFLOW_CTX_DAG_OWNER='***' AIRFLOW_CTX_DAG_ID='LocalIngestionDag' AIRFLOW_CTX_TASK_ID='wget' AIRFLOW_CTX_EXECUTION_DATE='2023-09-02T06:00:00+00:00' AIRFLOW_CTX_TRY_NUMBER='1' AIRFLOW_CTX_DAG_RUN_ID='scheduled__2023-09-02T06:00:00+00:00'
[2025-02-12T03:53:47.157+0000] {taskinstance.py:731} INFO - ::endgroup::
[2025-02-12T03:53:47.168+0000] {subprocess.py:78} INFO - Tmp dir root location: /tmp
[2025-02-12T03:53:47.169+0000] {subprocess.py:88} INFO - Running command: ['/usr/bin/bash', '-c', 'curl -sSL https://github.com/DataTalksClub/nyc-tlc-data/releases/download/yellow/yellow_tripdata_2019-01.csv.gz > /opt/***/yellow_tripdata_2019-01.csv.gz']
[2025-02-12T03:53:47.176+0000] {subprocess.py:99} INFO - Output:
[2025-02-12T03:54:31.231+0000] {subprocess.py:110} INFO - Command exited with return code 0
[2025-02-12T03:54:32.805+0000] {taskinstance.py:340} INFO - ::group::Post task execution logs
[2025-02-12T03:54:32.805+0000] {taskinstance.py:352} INFO - Marking task as SUCCESS. dag_id=LocalIngestionDag, task_id=wget, run_id=scheduled__2023-09-02T06:00:00+00:00, execution_date=20230902T060000, start_date=20250212T035347, end_date=20250212T035432
[2025-02-12T03:54:32.861+0000] {local_task_job_runner.py:266} INFO - Task exited with return code 0
[2025-02-12T03:54:32.882+0000] {taskinstance.py:3895} INFO - 1 downstream tasks scheduled from follow-on schedule check
[2025-02-12T03:54:32.883+0000] {local_task_job_runner.py:245} INFO - ::endgroup::
