[2025-02-11T01:58:51.117+0000] {local_task_job_runner.py:123} INFO - ::group::Pre task execution logs
[2025-02-11T01:58:51.149+0000] {taskinstance.py:2613} INFO - Dependencies all met for dep_context=non-requeueable deps ti=<TaskInstance: LocalIngestionDag.wget scheduled__2021-10-02T06:00:00+00:00 [queued]>
[2025-02-11T01:58:51.158+0000] {taskinstance.py:2613} INFO - Dependencies all met for dep_context=requeueable deps ti=<TaskInstance: LocalIngestionDag.wget scheduled__2021-10-02T06:00:00+00:00 [queued]>
[2025-02-11T01:58:51.161+0000] {taskinstance.py:2866} INFO - Starting attempt 1 of 1
[2025-02-11T01:58:51.229+0000] {taskinstance.py:2889} INFO - Executing <Task(BashOperator): wget> on 2021-10-02 06:00:00+00:00
[2025-02-11T01:58:51.272+0000] {warnings.py:112} WARNING - /home/***/.local/lib/python3.12/site-packages/***/task/task_runner/standard_task_runner.py:70: DeprecationWarning: This process (pid=313) is multi-threaded, use of fork() may lead to deadlocks in the child.
  pid = os.fork()

[2025-02-11T01:58:51.275+0000] {standard_task_runner.py:72} INFO - Started process 344 to run task
[2025-02-11T01:58:51.273+0000] {standard_task_runner.py:104} INFO - Running: ['***', 'tasks', 'run', 'LocalIngestionDag', 'wget', 'scheduled__2021-10-02T06:00:00+00:00', '--job-id', '14', '--raw', '--subdir', 'DAGS_FOLDER/data_ingestion_local.py', '--cfg-path', '/tmp/tmp7vc59wmy']
[2025-02-11T01:58:51.278+0000] {standard_task_runner.py:105} INFO - Job 14: Subtask wget
[2025-02-11T01:58:51.488+0000] {task_command.py:467} INFO - Running <TaskInstance: LocalIngestionDag.wget scheduled__2021-10-02T06:00:00+00:00 [running]> on host 79800649bc05
[2025-02-11T01:58:51.994+0000] {taskinstance.py:3132} INFO - Exporting env vars: AIRFLOW_CTX_DAG_OWNER='***' AIRFLOW_CTX_DAG_ID='LocalIngestionDag' AIRFLOW_CTX_TASK_ID='wget' AIRFLOW_CTX_EXECUTION_DATE='2021-10-02T06:00:00+00:00' AIRFLOW_CTX_TRY_NUMBER='1' AIRFLOW_CTX_DAG_RUN_ID='scheduled__2021-10-02T06:00:00+00:00'
[2025-02-11T01:58:51.997+0000] {taskinstance.py:731} INFO - ::endgroup::
[2025-02-11T01:58:52.056+0000] {subprocess.py:78} INFO - Tmp dir root location: /tmp
[2025-02-11T01:58:52.062+0000] {subprocess.py:88} INFO - Running command: ['/usr/bin/bash', '-c', 'curl -sSL https://s3.amazonaws.com/nyc-tlc/trip+data/yellow_tripdata_2021-10.csv > /opt/***/output_2021-10.csv']
[2025-02-11T01:58:52.103+0000] {subprocess.py:99} INFO - Output:
[2025-02-11T01:58:58.019+0000] {subprocess.py:110} INFO - Command exited with return code 0
[2025-02-11T01:58:58.519+0000] {taskinstance.py:340} INFO - ::group::Post task execution logs
[2025-02-11T01:58:58.522+0000] {taskinstance.py:352} INFO - Marking task as SUCCESS. dag_id=LocalIngestionDag, task_id=wget, run_id=scheduled__2021-10-02T06:00:00+00:00, execution_date=20211002T060000, start_date=20250211T015851, end_date=20250211T015858
[2025-02-11T01:58:58.731+0000] {local_task_job_runner.py:266} INFO - Task exited with return code 0
[2025-02-11T01:58:58.764+0000] {taskinstance.py:3895} INFO - 1 downstream tasks scheduled from follow-on schedule check
[2025-02-11T01:58:58.774+0000] {local_task_job_runner.py:245} INFO - ::endgroup::
[2025-02-12T03:51:47.028+0000] {local_task_job_runner.py:123} INFO - ::group::Pre task execution logs
[2025-02-12T03:51:47.078+0000] {taskinstance.py:2613} INFO - Dependencies all met for dep_context=non-requeueable deps ti=<TaskInstance: LocalIngestionDag.wget scheduled__2021-10-02T06:00:00+00:00 [queued]>
[2025-02-12T03:51:47.102+0000] {taskinstance.py:2613} INFO - Dependencies all met for dep_context=requeueable deps ti=<TaskInstance: LocalIngestionDag.wget scheduled__2021-10-02T06:00:00+00:00 [queued]>
[2025-02-12T03:51:47.107+0000] {taskinstance.py:2866} INFO - Starting attempt 1 of 1
[2025-02-12T03:51:47.150+0000] {taskinstance.py:2889} INFO - Executing <Task(BashOperator): wget> on 2021-10-02 06:00:00+00:00
[2025-02-12T03:51:47.154+0000] {warnings.py:112} WARNING - /home/***/.local/lib/python3.12/site-packages/***/task/task_runner/standard_task_runner.py:70: DeprecationWarning: This process (pid=305) is multi-threaded, use of fork() may lead to deadlocks in the child.
  pid = os.fork()

[2025-02-12T03:51:47.156+0000] {standard_task_runner.py:72} INFO - Started process 330 to run task
[2025-02-12T03:51:47.158+0000] {standard_task_runner.py:104} INFO - Running: ['***', 'tasks', 'run', 'LocalIngestionDag', 'wget', 'scheduled__2021-10-02T06:00:00+00:00', '--job-id', '13', '--raw', '--subdir', 'DAGS_FOLDER/data_ingestion_local.py', '--cfg-path', '/tmp/tmpr5251vol']
[2025-02-12T03:51:47.166+0000] {standard_task_runner.py:105} INFO - Job 13: Subtask wget
[2025-02-12T03:51:47.373+0000] {task_command.py:467} INFO - Running <TaskInstance: LocalIngestionDag.wget scheduled__2021-10-02T06:00:00+00:00 [running]> on host ee2ea8770015
[2025-02-12T03:51:47.596+0000] {taskinstance.py:3132} INFO - Exporting env vars: AIRFLOW_CTX_DAG_OWNER='***' AIRFLOW_CTX_DAG_ID='LocalIngestionDag' AIRFLOW_CTX_TASK_ID='wget' AIRFLOW_CTX_EXECUTION_DATE='2021-10-02T06:00:00+00:00' AIRFLOW_CTX_TRY_NUMBER='1' AIRFLOW_CTX_DAG_RUN_ID='scheduled__2021-10-02T06:00:00+00:00'
[2025-02-12T03:51:47.598+0000] {taskinstance.py:731} INFO - ::endgroup::
[2025-02-12T03:51:47.609+0000] {subprocess.py:78} INFO - Tmp dir root location: /tmp
[2025-02-12T03:51:47.609+0000] {subprocess.py:88} INFO - Running command: ['/usr/bin/bash', '-c', 'curl -sSL https://github.com/DataTalksClub/nyc-tlc-data/releases/download/yellow/yellow_tripdata_2019-01.csv.gz > /opt/***/yellow_tripdata_2019-01.csv.gz']
[2025-02-12T03:51:47.624+0000] {subprocess.py:99} INFO - Output:
[2025-02-12T03:52:58.843+0000] {subprocess.py:110} INFO - Command exited with return code 0
[2025-02-12T03:52:59.562+0000] {taskinstance.py:340} INFO - ::group::Post task execution logs
[2025-02-12T03:52:59.563+0000] {taskinstance.py:352} INFO - Marking task as SUCCESS. dag_id=LocalIngestionDag, task_id=wget, run_id=scheduled__2021-10-02T06:00:00+00:00, execution_date=20211002T060000, start_date=20250212T035147, end_date=20250212T035259
[2025-02-12T03:52:59.629+0000] {local_task_job_runner.py:266} INFO - Task exited with return code 0
[2025-02-12T03:52:59.649+0000] {taskinstance.py:3895} INFO - 1 downstream tasks scheduled from follow-on schedule check
[2025-02-12T03:52:59.650+0000] {local_task_job_runner.py:245} INFO - ::endgroup::
