[2025-02-11T01:39:45.908+0000] {processor.py:186} INFO - Started process (PID=4639) to work on /opt/airflow/dags/data_ingestion_local.py
[2025-02-11T01:39:45.908+0000] {processor.py:914} INFO - Processing file /opt/airflow/dags/data_ingestion_local.py for tasks to queue
[2025-02-11T01:39:45.910+0000] {logging_mixin.py:190} INFO - [2025-02-11T01:39:45.910+0000] {dagbag.py:588} INFO - Filling up the DagBag from /opt/airflow/dags/data_ingestion_local.py
[2025-02-11T01:39:45.917+0000] {logging_mixin.py:190} INFO - [2025-02-11T01:39:45.916+0000] {dagbag.py:387} ERROR - Failed to import: /opt/airflow/dags/data_ingestion_local.py
Traceback (most recent call last):
  File "/home/airflow/.local/lib/python3.12/site-packages/airflow/models/dagbag.py", line 383, in parse
    loader.exec_module(new_module)
  File "<frozen importlib._bootstrap_external>", line 999, in exec_module
  File "<frozen importlib._bootstrap>", line 488, in _call_with_frames_removed
  File "/opt/airflow/dags/data_ingestion_local.py", line 10, in <module>
    from ingest_script import ingest_callable
ModuleNotFoundError: No module named 'ingest_script'
[2025-02-11T01:39:45.917+0000] {processor.py:927} WARNING - No viable dags retrieved from /opt/airflow/dags/data_ingestion_local.py
[2025-02-11T01:39:45.933+0000] {processor.py:208} INFO - Processing /opt/airflow/dags/data_ingestion_local.py took 0.030 seconds
[2025-02-11T01:40:16.353+0000] {processor.py:186} INFO - Started process (PID=4681) to work on /opt/airflow/dags/data_ingestion_local.py
[2025-02-11T01:40:16.356+0000] {processor.py:914} INFO - Processing file /opt/airflow/dags/data_ingestion_local.py for tasks to queue
[2025-02-11T01:40:16.359+0000] {logging_mixin.py:190} INFO - [2025-02-11T01:40:16.358+0000] {dagbag.py:588} INFO - Filling up the DagBag from /opt/airflow/dags/data_ingestion_local.py
[2025-02-11T01:40:16.381+0000] {logging_mixin.py:190} INFO - [2025-02-11T01:40:16.380+0000] {dagbag.py:387} ERROR - Failed to import: /opt/airflow/dags/data_ingestion_local.py
Traceback (most recent call last):
  File "/home/airflow/.local/lib/python3.12/site-packages/airflow/models/dagbag.py", line 383, in parse
    loader.exec_module(new_module)
  File "<frozen importlib._bootstrap_external>", line 999, in exec_module
  File "<frozen importlib._bootstrap>", line 488, in _call_with_frames_removed
  File "/opt/airflow/dags/data_ingestion_local.py", line 10, in <module>
    from ingest_script import ingest_callable
ModuleNotFoundError: No module named 'ingest_script'
[2025-02-11T01:40:16.381+0000] {processor.py:927} WARNING - No viable dags retrieved from /opt/airflow/dags/data_ingestion_local.py
[2025-02-11T01:40:16.394+0000] {processor.py:208} INFO - Processing /opt/airflow/dags/data_ingestion_local.py took 0.047 seconds
[2025-02-11T01:40:46.655+0000] {processor.py:186} INFO - Started process (PID=4723) to work on /opt/airflow/dags/data_ingestion_local.py
[2025-02-11T01:40:46.656+0000] {processor.py:914} INFO - Processing file /opt/airflow/dags/data_ingestion_local.py for tasks to queue
[2025-02-11T01:40:46.657+0000] {logging_mixin.py:190} INFO - [2025-02-11T01:40:46.657+0000] {dagbag.py:588} INFO - Filling up the DagBag from /opt/airflow/dags/data_ingestion_local.py
[2025-02-11T01:40:46.661+0000] {logging_mixin.py:190} INFO - [2025-02-11T01:40:46.660+0000] {dagbag.py:387} ERROR - Failed to import: /opt/airflow/dags/data_ingestion_local.py
Traceback (most recent call last):
  File "/home/airflow/.local/lib/python3.12/site-packages/airflow/models/dagbag.py", line 383, in parse
    loader.exec_module(new_module)
  File "<frozen importlib._bootstrap_external>", line 999, in exec_module
  File "<frozen importlib._bootstrap>", line 488, in _call_with_frames_removed
  File "/opt/airflow/dags/data_ingestion_local.py", line 10, in <module>
    from ingest_script import ingest_callable
ModuleNotFoundError: No module named 'ingest_script'
[2025-02-11T01:40:46.661+0000] {processor.py:927} WARNING - No viable dags retrieved from /opt/airflow/dags/data_ingestion_local.py
[2025-02-11T01:40:46.676+0000] {processor.py:208} INFO - Processing /opt/airflow/dags/data_ingestion_local.py took 0.025 seconds
[2025-02-11T01:41:16.924+0000] {processor.py:186} INFO - Started process (PID=4765) to work on /opt/airflow/dags/data_ingestion_local.py
[2025-02-11T01:41:16.925+0000] {processor.py:914} INFO - Processing file /opt/airflow/dags/data_ingestion_local.py for tasks to queue
[2025-02-11T01:41:16.928+0000] {logging_mixin.py:190} INFO - [2025-02-11T01:41:16.927+0000] {dagbag.py:588} INFO - Filling up the DagBag from /opt/airflow/dags/data_ingestion_local.py
[2025-02-11T01:41:16.933+0000] {logging_mixin.py:190} INFO - [2025-02-11T01:41:16.931+0000] {dagbag.py:387} ERROR - Failed to import: /opt/airflow/dags/data_ingestion_local.py
Traceback (most recent call last):
  File "/home/airflow/.local/lib/python3.12/site-packages/airflow/models/dagbag.py", line 383, in parse
    loader.exec_module(new_module)
  File "<frozen importlib._bootstrap_external>", line 999, in exec_module
  File "<frozen importlib._bootstrap>", line 488, in _call_with_frames_removed
  File "/opt/airflow/dags/data_ingestion_local.py", line 10, in <module>
    from ingest_script import ingest_callable
ModuleNotFoundError: No module named 'ingest_script'
[2025-02-11T01:41:16.933+0000] {processor.py:927} WARNING - No viable dags retrieved from /opt/airflow/dags/data_ingestion_local.py
[2025-02-11T01:41:16.953+0000] {processor.py:208} INFO - Processing /opt/airflow/dags/data_ingestion_local.py took 0.036 seconds
[2025-02-11T01:41:47.155+0000] {processor.py:186} INFO - Started process (PID=4807) to work on /opt/airflow/dags/data_ingestion_local.py
[2025-02-11T01:41:47.156+0000] {processor.py:914} INFO - Processing file /opt/airflow/dags/data_ingestion_local.py for tasks to queue
[2025-02-11T01:41:47.157+0000] {logging_mixin.py:190} INFO - [2025-02-11T01:41:47.157+0000] {dagbag.py:588} INFO - Filling up the DagBag from /opt/airflow/dags/data_ingestion_local.py
[2025-02-11T01:41:47.160+0000] {logging_mixin.py:190} INFO - [2025-02-11T01:41:47.159+0000] {dagbag.py:387} ERROR - Failed to import: /opt/airflow/dags/data_ingestion_local.py
Traceback (most recent call last):
  File "/home/airflow/.local/lib/python3.12/site-packages/airflow/models/dagbag.py", line 383, in parse
    loader.exec_module(new_module)
  File "<frozen importlib._bootstrap_external>", line 999, in exec_module
  File "<frozen importlib._bootstrap>", line 488, in _call_with_frames_removed
  File "/opt/airflow/dags/data_ingestion_local.py", line 10, in <module>
    from ingest_script import ingest_callable
ModuleNotFoundError: No module named 'ingest_script'
[2025-02-11T01:41:47.160+0000] {processor.py:927} WARNING - No viable dags retrieved from /opt/airflow/dags/data_ingestion_local.py
[2025-02-11T01:41:47.176+0000] {processor.py:208} INFO - Processing /opt/airflow/dags/data_ingestion_local.py took 0.026 seconds
[2025-02-11T01:42:17.521+0000] {processor.py:186} INFO - Started process (PID=4849) to work on /opt/airflow/dags/data_ingestion_local.py
[2025-02-11T01:42:17.522+0000] {processor.py:914} INFO - Processing file /opt/airflow/dags/data_ingestion_local.py for tasks to queue
[2025-02-11T01:42:17.524+0000] {logging_mixin.py:190} INFO - [2025-02-11T01:42:17.523+0000] {dagbag.py:588} INFO - Filling up the DagBag from /opt/airflow/dags/data_ingestion_local.py
[2025-02-11T01:42:17.530+0000] {logging_mixin.py:190} INFO - [2025-02-11T01:42:17.528+0000] {dagbag.py:387} ERROR - Failed to import: /opt/airflow/dags/data_ingestion_local.py
Traceback (most recent call last):
  File "/home/airflow/.local/lib/python3.12/site-packages/airflow/models/dagbag.py", line 383, in parse
    loader.exec_module(new_module)
  File "<frozen importlib._bootstrap_external>", line 999, in exec_module
  File "<frozen importlib._bootstrap>", line 488, in _call_with_frames_removed
  File "/opt/airflow/dags/data_ingestion_local.py", line 10, in <module>
    from ingest_script import ingest_callable
ModuleNotFoundError: No module named 'ingest_script'
[2025-02-11T01:42:17.530+0000] {processor.py:927} WARNING - No viable dags retrieved from /opt/airflow/dags/data_ingestion_local.py
[2025-02-11T01:42:17.548+0000] {processor.py:208} INFO - Processing /opt/airflow/dags/data_ingestion_local.py took 0.029 seconds
[2025-02-11T01:42:47.676+0000] {processor.py:186} INFO - Started process (PID=4891) to work on /opt/airflow/dags/data_ingestion_local.py
[2025-02-11T01:42:47.677+0000] {processor.py:914} INFO - Processing file /opt/airflow/dags/data_ingestion_local.py for tasks to queue
[2025-02-11T01:42:47.678+0000] {logging_mixin.py:190} INFO - [2025-02-11T01:42:47.678+0000] {dagbag.py:588} INFO - Filling up the DagBag from /opt/airflow/dags/data_ingestion_local.py
[2025-02-11T01:42:47.683+0000] {logging_mixin.py:190} INFO - [2025-02-11T01:42:47.682+0000] {dagbag.py:387} ERROR - Failed to import: /opt/airflow/dags/data_ingestion_local.py
Traceback (most recent call last):
  File "/home/airflow/.local/lib/python3.12/site-packages/airflow/models/dagbag.py", line 383, in parse
    loader.exec_module(new_module)
  File "<frozen importlib._bootstrap_external>", line 999, in exec_module
  File "<frozen importlib._bootstrap>", line 488, in _call_with_frames_removed
  File "/opt/airflow/dags/data_ingestion_local.py", line 10, in <module>
    from ingest_script import ingest_callable
ModuleNotFoundError: No module named 'ingest_script'
[2025-02-11T01:42:47.683+0000] {processor.py:927} WARNING - No viable dags retrieved from /opt/airflow/dags/data_ingestion_local.py
[2025-02-11T01:42:47.698+0000] {processor.py:208} INFO - Processing /opt/airflow/dags/data_ingestion_local.py took 0.026 seconds
[2025-02-11T01:43:18.027+0000] {processor.py:186} INFO - Started process (PID=4932) to work on /opt/airflow/dags/data_ingestion_local.py
[2025-02-11T01:43:18.028+0000] {processor.py:914} INFO - Processing file /opt/airflow/dags/data_ingestion_local.py for tasks to queue
[2025-02-11T01:43:18.031+0000] {logging_mixin.py:190} INFO - [2025-02-11T01:43:18.031+0000] {dagbag.py:588} INFO - Filling up the DagBag from /opt/airflow/dags/data_ingestion_local.py
[2025-02-11T01:43:18.035+0000] {logging_mixin.py:190} INFO - [2025-02-11T01:43:18.034+0000] {dagbag.py:387} ERROR - Failed to import: /opt/airflow/dags/data_ingestion_local.py
Traceback (most recent call last):
  File "/home/airflow/.local/lib/python3.12/site-packages/airflow/models/dagbag.py", line 383, in parse
    loader.exec_module(new_module)
  File "<frozen importlib._bootstrap_external>", line 999, in exec_module
  File "<frozen importlib._bootstrap>", line 488, in _call_with_frames_removed
  File "/opt/airflow/dags/data_ingestion_local.py", line 10, in <module>
    from ingest_script import ingest_callable
ModuleNotFoundError: No module named 'ingest_script'
[2025-02-11T01:43:18.035+0000] {processor.py:927} WARNING - No viable dags retrieved from /opt/airflow/dags/data_ingestion_local.py
[2025-02-11T01:43:18.053+0000] {processor.py:208} INFO - Processing /opt/airflow/dags/data_ingestion_local.py took 0.029 seconds
[2025-02-11T01:43:48.330+0000] {processor.py:186} INFO - Started process (PID=4975) to work on /opt/airflow/dags/data_ingestion_local.py
[2025-02-11T01:43:48.331+0000] {processor.py:914} INFO - Processing file /opt/airflow/dags/data_ingestion_local.py for tasks to queue
[2025-02-11T01:43:48.332+0000] {logging_mixin.py:190} INFO - [2025-02-11T01:43:48.332+0000] {dagbag.py:588} INFO - Filling up the DagBag from /opt/airflow/dags/data_ingestion_local.py
[2025-02-11T01:43:48.335+0000] {logging_mixin.py:190} INFO - [2025-02-11T01:43:48.334+0000] {dagbag.py:387} ERROR - Failed to import: /opt/airflow/dags/data_ingestion_local.py
Traceback (most recent call last):
  File "/home/airflow/.local/lib/python3.12/site-packages/airflow/models/dagbag.py", line 383, in parse
    loader.exec_module(new_module)
  File "<frozen importlib._bootstrap_external>", line 999, in exec_module
  File "<frozen importlib._bootstrap>", line 488, in _call_with_frames_removed
  File "/opt/airflow/dags/data_ingestion_local.py", line 10, in <module>
    from ingest_script import ingest_callable
ModuleNotFoundError: No module named 'ingest_script'
[2025-02-11T01:43:48.335+0000] {processor.py:927} WARNING - No viable dags retrieved from /opt/airflow/dags/data_ingestion_local.py
[2025-02-11T01:43:48.347+0000] {processor.py:208} INFO - Processing /opt/airflow/dags/data_ingestion_local.py took 0.020 seconds
[2025-02-11T01:44:18.625+0000] {processor.py:186} INFO - Started process (PID=5017) to work on /opt/airflow/dags/data_ingestion_local.py
[2025-02-11T01:44:18.626+0000] {processor.py:914} INFO - Processing file /opt/airflow/dags/data_ingestion_local.py for tasks to queue
[2025-02-11T01:44:18.628+0000] {logging_mixin.py:190} INFO - [2025-02-11T01:44:18.628+0000] {dagbag.py:588} INFO - Filling up the DagBag from /opt/airflow/dags/data_ingestion_local.py
[2025-02-11T01:44:18.633+0000] {logging_mixin.py:190} INFO - [2025-02-11T01:44:18.632+0000] {dagbag.py:387} ERROR - Failed to import: /opt/airflow/dags/data_ingestion_local.py
Traceback (most recent call last):
  File "/home/airflow/.local/lib/python3.12/site-packages/airflow/models/dagbag.py", line 383, in parse
    loader.exec_module(new_module)
  File "<frozen importlib._bootstrap_external>", line 999, in exec_module
  File "<frozen importlib._bootstrap>", line 488, in _call_with_frames_removed
  File "/opt/airflow/dags/data_ingestion_local.py", line 10, in <module>
    from ingest_script import ingest_callable
ModuleNotFoundError: No module named 'ingest_script'
[2025-02-11T01:44:18.633+0000] {processor.py:927} WARNING - No viable dags retrieved from /opt/airflow/dags/data_ingestion_local.py
[2025-02-11T01:44:18.652+0000] {processor.py:208} INFO - Processing /opt/airflow/dags/data_ingestion_local.py took 0.033 seconds
[2025-02-11T01:44:48.881+0000] {processor.py:186} INFO - Started process (PID=5060) to work on /opt/airflow/dags/data_ingestion_local.py
[2025-02-11T01:44:48.882+0000] {processor.py:914} INFO - Processing file /opt/airflow/dags/data_ingestion_local.py for tasks to queue
[2025-02-11T01:44:48.884+0000] {logging_mixin.py:190} INFO - [2025-02-11T01:44:48.884+0000] {dagbag.py:588} INFO - Filling up the DagBag from /opt/airflow/dags/data_ingestion_local.py
[2025-02-11T01:44:48.887+0000] {logging_mixin.py:190} INFO - [2025-02-11T01:44:48.886+0000] {dagbag.py:387} ERROR - Failed to import: /opt/airflow/dags/data_ingestion_local.py
Traceback (most recent call last):
  File "/home/airflow/.local/lib/python3.12/site-packages/airflow/models/dagbag.py", line 383, in parse
    loader.exec_module(new_module)
  File "<frozen importlib._bootstrap_external>", line 999, in exec_module
  File "<frozen importlib._bootstrap>", line 488, in _call_with_frames_removed
  File "/opt/airflow/dags/data_ingestion_local.py", line 10, in <module>
    from ingest_script import ingest_callable
ModuleNotFoundError: No module named 'ingest_script'
[2025-02-11T01:44:48.887+0000] {processor.py:927} WARNING - No viable dags retrieved from /opt/airflow/dags/data_ingestion_local.py
[2025-02-11T01:44:48.901+0000] {processor.py:208} INFO - Processing /opt/airflow/dags/data_ingestion_local.py took 0.022 seconds
[2025-02-11T01:45:19.169+0000] {processor.py:186} INFO - Started process (PID=5103) to work on /opt/airflow/dags/data_ingestion_local.py
[2025-02-11T01:45:19.170+0000] {processor.py:914} INFO - Processing file /opt/airflow/dags/data_ingestion_local.py for tasks to queue
[2025-02-11T01:45:19.171+0000] {logging_mixin.py:190} INFO - [2025-02-11T01:45:19.171+0000] {dagbag.py:588} INFO - Filling up the DagBag from /opt/airflow/dags/data_ingestion_local.py
[2025-02-11T01:45:19.175+0000] {logging_mixin.py:190} INFO - [2025-02-11T01:45:19.174+0000] {dagbag.py:387} ERROR - Failed to import: /opt/airflow/dags/data_ingestion_local.py
Traceback (most recent call last):
  File "/home/airflow/.local/lib/python3.12/site-packages/airflow/models/dagbag.py", line 383, in parse
    loader.exec_module(new_module)
  File "<frozen importlib._bootstrap_external>", line 999, in exec_module
  File "<frozen importlib._bootstrap>", line 488, in _call_with_frames_removed
  File "/opt/airflow/dags/data_ingestion_local.py", line 10, in <module>
    from ingest_script import ingest_callable
ModuleNotFoundError: No module named 'ingest_script'
[2025-02-11T01:45:19.175+0000] {processor.py:927} WARNING - No viable dags retrieved from /opt/airflow/dags/data_ingestion_local.py
[2025-02-11T01:45:19.190+0000] {processor.py:208} INFO - Processing /opt/airflow/dags/data_ingestion_local.py took 0.024 seconds
[2025-02-11T01:45:49.477+0000] {processor.py:186} INFO - Started process (PID=5146) to work on /opt/airflow/dags/data_ingestion_local.py
[2025-02-11T01:45:49.478+0000] {processor.py:914} INFO - Processing file /opt/airflow/dags/data_ingestion_local.py for tasks to queue
[2025-02-11T01:45:49.480+0000] {logging_mixin.py:190} INFO - [2025-02-11T01:45:49.480+0000] {dagbag.py:588} INFO - Filling up the DagBag from /opt/airflow/dags/data_ingestion_local.py
[2025-02-11T01:45:49.487+0000] {logging_mixin.py:190} INFO - [2025-02-11T01:45:49.485+0000] {dagbag.py:387} ERROR - Failed to import: /opt/airflow/dags/data_ingestion_local.py
Traceback (most recent call last):
  File "/home/airflow/.local/lib/python3.12/site-packages/airflow/models/dagbag.py", line 383, in parse
    loader.exec_module(new_module)
  File "<frozen importlib._bootstrap_external>", line 999, in exec_module
  File "<frozen importlib._bootstrap>", line 488, in _call_with_frames_removed
  File "/opt/airflow/dags/data_ingestion_local.py", line 10, in <module>
    from ingest_script import ingest_callable
ImportError: cannot import name 'ingest_callable' from 'ingest_script' (/opt/airflow/dags/ingest_script.py)
[2025-02-11T01:45:49.487+0000] {processor.py:927} WARNING - No viable dags retrieved from /opt/airflow/dags/data_ingestion_local.py
[2025-02-11T01:45:49.507+0000] {processor.py:208} INFO - Processing /opt/airflow/dags/data_ingestion_local.py took 0.037 seconds
[2025-02-11T01:46:19.766+0000] {processor.py:186} INFO - Started process (PID=5188) to work on /opt/airflow/dags/data_ingestion_local.py
[2025-02-11T01:46:19.767+0000] {processor.py:914} INFO - Processing file /opt/airflow/dags/data_ingestion_local.py for tasks to queue
[2025-02-11T01:46:19.768+0000] {logging_mixin.py:190} INFO - [2025-02-11T01:46:19.768+0000] {dagbag.py:588} INFO - Filling up the DagBag from /opt/airflow/dags/data_ingestion_local.py
[2025-02-11T01:46:19.776+0000] {logging_mixin.py:190} INFO - [2025-02-11T01:46:19.775+0000] {dagbag.py:387} ERROR - Failed to import: /opt/airflow/dags/data_ingestion_local.py
Traceback (most recent call last):
  File "/home/airflow/.local/lib/python3.12/site-packages/airflow/models/dagbag.py", line 383, in parse
    loader.exec_module(new_module)
  File "<frozen importlib._bootstrap_external>", line 999, in exec_module
  File "<frozen importlib._bootstrap>", line 488, in _call_with_frames_removed
  File "/opt/airflow/dags/data_ingestion_local.py", line 10, in <module>
    from ingest_script import ingest_callable
ImportError: cannot import name 'ingest_callable' from 'ingest_script' (/opt/airflow/dags/ingest_script.py)
[2025-02-11T01:46:19.777+0000] {processor.py:927} WARNING - No viable dags retrieved from /opt/airflow/dags/data_ingestion_local.py
[2025-02-11T01:46:19.791+0000] {processor.py:208} INFO - Processing /opt/airflow/dags/data_ingestion_local.py took 0.030 seconds
[2025-02-11T01:46:49.988+0000] {processor.py:186} INFO - Started process (PID=5231) to work on /opt/airflow/dags/data_ingestion_local.py
[2025-02-11T01:46:49.989+0000] {processor.py:914} INFO - Processing file /opt/airflow/dags/data_ingestion_local.py for tasks to queue
[2025-02-11T01:46:49.991+0000] {logging_mixin.py:190} INFO - [2025-02-11T01:46:49.991+0000] {dagbag.py:588} INFO - Filling up the DagBag from /opt/airflow/dags/data_ingestion_local.py
[2025-02-11T01:46:49.996+0000] {logging_mixin.py:190} INFO - [2025-02-11T01:46:49.995+0000] {dagbag.py:387} ERROR - Failed to import: /opt/airflow/dags/data_ingestion_local.py
Traceback (most recent call last):
  File "/home/airflow/.local/lib/python3.12/site-packages/airflow/models/dagbag.py", line 383, in parse
    loader.exec_module(new_module)
  File "<frozen importlib._bootstrap_external>", line 999, in exec_module
  File "<frozen importlib._bootstrap>", line 488, in _call_with_frames_removed
  File "/opt/airflow/dags/data_ingestion_local.py", line 10, in <module>
    from ingest_script import ingest_callable
ImportError: cannot import name 'ingest_callable' from 'ingest_script' (/opt/airflow/dags/ingest_script.py)
[2025-02-11T01:46:49.996+0000] {processor.py:927} WARNING - No viable dags retrieved from /opt/airflow/dags/data_ingestion_local.py
[2025-02-11T01:46:50.011+0000] {processor.py:208} INFO - Processing /opt/airflow/dags/data_ingestion_local.py took 0.025 seconds
[2025-02-11T01:47:20.253+0000] {processor.py:186} INFO - Started process (PID=5272) to work on /opt/airflow/dags/data_ingestion_local.py
[2025-02-11T01:47:20.253+0000] {processor.py:914} INFO - Processing file /opt/airflow/dags/data_ingestion_local.py for tasks to queue
[2025-02-11T01:47:20.255+0000] {logging_mixin.py:190} INFO - [2025-02-11T01:47:20.255+0000] {dagbag.py:588} INFO - Filling up the DagBag from /opt/airflow/dags/data_ingestion_local.py
[2025-02-11T01:47:20.257+0000] {logging_mixin.py:190} INFO - [2025-02-11T01:47:20.257+0000] {dagbag.py:387} ERROR - Failed to import: /opt/airflow/dags/data_ingestion_local.py
Traceback (most recent call last):
  File "/home/airflow/.local/lib/python3.12/site-packages/airflow/models/dagbag.py", line 383, in parse
    loader.exec_module(new_module)
  File "<frozen importlib._bootstrap_external>", line 999, in exec_module
  File "<frozen importlib._bootstrap>", line 488, in _call_with_frames_removed
  File "/opt/airflow/dags/data_ingestion_local.py", line 10, in <module>
    from ingest_script import ingest_callable
ImportError: cannot import name 'ingest_callable' from 'ingest_script' (/opt/airflow/dags/ingest_script.py)
[2025-02-11T01:47:20.258+0000] {processor.py:927} WARNING - No viable dags retrieved from /opt/airflow/dags/data_ingestion_local.py
[2025-02-11T01:47:20.269+0000] {processor.py:208} INFO - Processing /opt/airflow/dags/data_ingestion_local.py took 0.019 seconds
[2025-02-11T01:47:50.504+0000] {processor.py:186} INFO - Started process (PID=5314) to work on /opt/airflow/dags/data_ingestion_local.py
[2025-02-11T01:47:50.504+0000] {processor.py:914} INFO - Processing file /opt/airflow/dags/data_ingestion_local.py for tasks to queue
[2025-02-11T01:47:50.505+0000] {logging_mixin.py:190} INFO - [2025-02-11T01:47:50.505+0000] {dagbag.py:588} INFO - Filling up the DagBag from /opt/airflow/dags/data_ingestion_local.py
[2025-02-11T01:47:50.508+0000] {logging_mixin.py:190} INFO - [2025-02-11T01:47:50.507+0000] {dagbag.py:387} ERROR - Failed to import: /opt/airflow/dags/data_ingestion_local.py
Traceback (most recent call last):
  File "/home/airflow/.local/lib/python3.12/site-packages/airflow/models/dagbag.py", line 383, in parse
    loader.exec_module(new_module)
  File "<frozen importlib._bootstrap_external>", line 999, in exec_module
  File "<frozen importlib._bootstrap>", line 488, in _call_with_frames_removed
  File "/opt/airflow/dags/data_ingestion_local.py", line 10, in <module>
    from ingest_script import ingest_callable
ImportError: cannot import name 'ingest_callable' from 'ingest_script' (/opt/airflow/dags/ingest_script.py)
[2025-02-11T01:47:50.508+0000] {processor.py:927} WARNING - No viable dags retrieved from /opt/airflow/dags/data_ingestion_local.py
[2025-02-11T01:47:50.521+0000] {processor.py:208} INFO - Processing /opt/airflow/dags/data_ingestion_local.py took 0.020 seconds
[2025-02-11T01:48:20.732+0000] {processor.py:186} INFO - Started process (PID=5357) to work on /opt/airflow/dags/data_ingestion_local.py
[2025-02-11T01:48:20.733+0000] {processor.py:914} INFO - Processing file /opt/airflow/dags/data_ingestion_local.py for tasks to queue
[2025-02-11T01:48:20.735+0000] {logging_mixin.py:190} INFO - [2025-02-11T01:48:20.734+0000] {dagbag.py:588} INFO - Filling up the DagBag from /opt/airflow/dags/data_ingestion_local.py
[2025-02-11T01:48:20.739+0000] {logging_mixin.py:190} INFO - [2025-02-11T01:48:20.738+0000] {dagbag.py:387} ERROR - Failed to import: /opt/airflow/dags/data_ingestion_local.py
Traceback (most recent call last):
  File "/home/airflow/.local/lib/python3.12/site-packages/airflow/models/dagbag.py", line 383, in parse
    loader.exec_module(new_module)
  File "<frozen importlib._bootstrap_external>", line 999, in exec_module
  File "<frozen importlib._bootstrap>", line 488, in _call_with_frames_removed
  File "/opt/airflow/dags/data_ingestion_local.py", line 10, in <module>
    from ingest_script import ingest_callable
ImportError: cannot import name 'ingest_callable' from 'ingest_script' (/opt/airflow/dags/ingest_script.py)
[2025-02-11T01:48:20.740+0000] {processor.py:927} WARNING - No viable dags retrieved from /opt/airflow/dags/data_ingestion_local.py
[2025-02-11T01:48:20.756+0000] {processor.py:208} INFO - Processing /opt/airflow/dags/data_ingestion_local.py took 0.029 seconds
[2025-02-11T01:48:50.985+0000] {processor.py:186} INFO - Started process (PID=5400) to work on /opt/airflow/dags/data_ingestion_local.py
[2025-02-11T01:48:50.986+0000] {processor.py:914} INFO - Processing file /opt/airflow/dags/data_ingestion_local.py for tasks to queue
[2025-02-11T01:48:50.987+0000] {logging_mixin.py:190} INFO - [2025-02-11T01:48:50.987+0000] {dagbag.py:588} INFO - Filling up the DagBag from /opt/airflow/dags/data_ingestion_local.py
[2025-02-11T01:48:50.990+0000] {logging_mixin.py:190} INFO - [2025-02-11T01:48:50.989+0000] {dagbag.py:387} ERROR - Failed to import: /opt/airflow/dags/data_ingestion_local.py
Traceback (most recent call last):
  File "/home/airflow/.local/lib/python3.12/site-packages/airflow/models/dagbag.py", line 383, in parse
    loader.exec_module(new_module)
  File "<frozen importlib._bootstrap_external>", line 999, in exec_module
  File "<frozen importlib._bootstrap>", line 488, in _call_with_frames_removed
  File "/opt/airflow/dags/data_ingestion_local.py", line 10, in <module>
    from ingest_script import ingest_callable
ImportError: cannot import name 'ingest_callable' from 'ingest_script' (/opt/airflow/dags/ingest_script.py)
[2025-02-11T01:48:50.990+0000] {processor.py:927} WARNING - No viable dags retrieved from /opt/airflow/dags/data_ingestion_local.py
[2025-02-11T01:48:51.004+0000] {processor.py:208} INFO - Processing /opt/airflow/dags/data_ingestion_local.py took 0.022 seconds
[2025-02-11T01:49:21.204+0000] {processor.py:186} INFO - Started process (PID=5443) to work on /opt/airflow/dags/data_ingestion_local.py
[2025-02-11T01:49:21.205+0000] {processor.py:914} INFO - Processing file /opt/airflow/dags/data_ingestion_local.py for tasks to queue
[2025-02-11T01:49:21.207+0000] {logging_mixin.py:190} INFO - [2025-02-11T01:49:21.206+0000] {dagbag.py:588} INFO - Filling up the DagBag from /opt/airflow/dags/data_ingestion_local.py
[2025-02-11T01:49:22.238+0000] {processor.py:925} INFO - DAG(s) 'LocalIngestionDag' retrieved from /opt/airflow/dags/data_ingestion_local.py
[2025-02-11T01:49:22.449+0000] {logging_mixin.py:190} INFO - [2025-02-11T01:49:22.448+0000] {override.py:1911} INFO - Created Permission View: can read on DAG:LocalIngestionDag
[2025-02-11T01:49:22.452+0000] {logging_mixin.py:190} INFO - [2025-02-11T01:49:22.452+0000] {override.py:1911} INFO - Created Permission View: can delete on DAG:LocalIngestionDag
[2025-02-11T01:49:22.455+0000] {logging_mixin.py:190} INFO - [2025-02-11T01:49:22.454+0000] {override.py:1911} INFO - Created Permission View: can edit on DAG:LocalIngestionDag
[2025-02-11T01:49:22.457+0000] {logging_mixin.py:190} INFO - [2025-02-11T01:49:22.457+0000] {override.py:1911} INFO - Created Permission View: can read on DAG Run:LocalIngestionDag
[2025-02-11T01:49:22.459+0000] {logging_mixin.py:190} INFO - [2025-02-11T01:49:22.459+0000] {override.py:1911} INFO - Created Permission View: can delete on DAG Run:LocalIngestionDag
[2025-02-11T01:49:22.462+0000] {logging_mixin.py:190} INFO - [2025-02-11T01:49:22.462+0000] {override.py:1911} INFO - Created Permission View: can create on DAG Run:LocalIngestionDag
[2025-02-11T01:49:22.464+0000] {logging_mixin.py:190} INFO - [2025-02-11T01:49:22.464+0000] {override.py:1911} INFO - Created Permission View: menu access on DAG Run:LocalIngestionDag
[2025-02-11T01:49:22.464+0000] {logging_mixin.py:190} INFO - [2025-02-11T01:49:22.464+0000] {dag.py:3239} INFO - Sync 1 DAGs
[2025-02-11T01:49:22.470+0000] {logging_mixin.py:190} INFO - [2025-02-11T01:49:22.470+0000] {dag.py:3262} INFO - Creating ORM DAG for LocalIngestionDag
[2025-02-11T01:49:22.476+0000] {logging_mixin.py:190} INFO - [2025-02-11T01:49:22.475+0000] {dag.py:4180} INFO - Setting next_dagrun for LocalIngestionDag to 2021-01-02 06:00:00+00:00, run_after=2021-02-02 06:00:00+00:00
[2025-02-11T01:49:22.484+0000] {processor.py:208} INFO - Processing /opt/airflow/dags/data_ingestion_local.py took 1.285 seconds
[2025-02-11T01:49:52.798+0000] {processor.py:186} INFO - Started process (PID=5493) to work on /opt/airflow/dags/data_ingestion_local.py
[2025-02-11T01:49:52.800+0000] {processor.py:914} INFO - Processing file /opt/airflow/dags/data_ingestion_local.py for tasks to queue
[2025-02-11T01:49:52.803+0000] {logging_mixin.py:190} INFO - [2025-02-11T01:49:52.803+0000] {dagbag.py:588} INFO - Filling up the DagBag from /opt/airflow/dags/data_ingestion_local.py
[2025-02-11T01:49:53.010+0000] {processor.py:925} INFO - DAG(s) 'LocalIngestionDag' retrieved from /opt/airflow/dags/data_ingestion_local.py
[2025-02-11T01:49:53.023+0000] {logging_mixin.py:190} INFO - [2025-02-11T01:49:53.023+0000] {dag.py:3239} INFO - Sync 1 DAGs
[2025-02-11T01:49:53.034+0000] {logging_mixin.py:190} INFO - [2025-02-11T01:49:53.034+0000] {dag.py:4180} INFO - Setting next_dagrun for LocalIngestionDag to 2021-01-02 06:00:00+00:00, run_after=2021-02-02 06:00:00+00:00
[2025-02-11T01:49:53.043+0000] {processor.py:208} INFO - Processing /opt/airflow/dags/data_ingestion_local.py took 0.251 seconds
[2025-02-11T01:50:23.082+0000] {processor.py:186} INFO - Started process (PID=5543) to work on /opt/airflow/dags/data_ingestion_local.py
[2025-02-11T01:50:23.083+0000] {processor.py:914} INFO - Processing file /opt/airflow/dags/data_ingestion_local.py for tasks to queue
[2025-02-11T01:50:23.086+0000] {logging_mixin.py:190} INFO - [2025-02-11T01:50:23.085+0000] {dagbag.py:588} INFO - Filling up the DagBag from /opt/airflow/dags/data_ingestion_local.py
[2025-02-11T01:50:23.302+0000] {processor.py:925} INFO - DAG(s) 'LocalIngestionDag' retrieved from /opt/airflow/dags/data_ingestion_local.py
[2025-02-11T01:50:23.316+0000] {logging_mixin.py:190} INFO - [2025-02-11T01:50:23.316+0000] {dag.py:3239} INFO - Sync 1 DAGs
[2025-02-11T01:50:23.328+0000] {logging_mixin.py:190} INFO - [2025-02-11T01:50:23.327+0000] {dag.py:4180} INFO - Setting next_dagrun for LocalIngestionDag to 2021-01-02 06:00:00+00:00, run_after=2021-02-02 06:00:00+00:00
[2025-02-11T01:50:23.336+0000] {processor.py:208} INFO - Processing /opt/airflow/dags/data_ingestion_local.py took 0.263 seconds
[2025-02-11T01:50:53.585+0000] {processor.py:186} INFO - Started process (PID=5593) to work on /opt/airflow/dags/data_ingestion_local.py
[2025-02-11T01:50:53.585+0000] {processor.py:914} INFO - Processing file /opt/airflow/dags/data_ingestion_local.py for tasks to queue
[2025-02-11T01:50:53.587+0000] {logging_mixin.py:190} INFO - [2025-02-11T01:50:53.587+0000] {dagbag.py:588} INFO - Filling up the DagBag from /opt/airflow/dags/data_ingestion_local.py
[2025-02-11T01:50:53.828+0000] {processor.py:925} INFO - DAG(s) 'LocalIngestionDag' retrieved from /opt/airflow/dags/data_ingestion_local.py
[2025-02-11T01:50:53.844+0000] {logging_mixin.py:190} INFO - [2025-02-11T01:50:53.843+0000] {dag.py:3239} INFO - Sync 1 DAGs
[2025-02-11T01:50:53.857+0000] {logging_mixin.py:190} INFO - [2025-02-11T01:50:53.857+0000] {dag.py:4180} INFO - Setting next_dagrun for LocalIngestionDag to 2021-01-02 06:00:00+00:00, run_after=2021-02-02 06:00:00+00:00
[2025-02-11T01:50:53.873+0000] {processor.py:208} INFO - Processing /opt/airflow/dags/data_ingestion_local.py took 0.292 seconds
[2025-02-11T01:51:24.086+0000] {processor.py:186} INFO - Started process (PID=5642) to work on /opt/airflow/dags/data_ingestion_local.py
[2025-02-11T01:51:24.087+0000] {processor.py:914} INFO - Processing file /opt/airflow/dags/data_ingestion_local.py for tasks to queue
[2025-02-11T01:51:24.089+0000] {logging_mixin.py:190} INFO - [2025-02-11T01:51:24.089+0000] {dagbag.py:588} INFO - Filling up the DagBag from /opt/airflow/dags/data_ingestion_local.py
[2025-02-11T01:51:24.346+0000] {processor.py:925} INFO - DAG(s) 'LocalIngestionDag' retrieved from /opt/airflow/dags/data_ingestion_local.py
[2025-02-11T01:51:24.360+0000] {logging_mixin.py:190} INFO - [2025-02-11T01:51:24.360+0000] {dag.py:3239} INFO - Sync 1 DAGs
[2025-02-11T01:51:24.371+0000] {logging_mixin.py:190} INFO - [2025-02-11T01:51:24.371+0000] {dag.py:4180} INFO - Setting next_dagrun for LocalIngestionDag to 2021-01-02 06:00:00+00:00, run_after=2021-02-02 06:00:00+00:00
[2025-02-11T01:51:24.380+0000] {processor.py:208} INFO - Processing /opt/airflow/dags/data_ingestion_local.py took 0.297 seconds
[2025-02-11T01:51:54.645+0000] {processor.py:186} INFO - Started process (PID=5698) to work on /opt/airflow/dags/data_ingestion_local.py
[2025-02-11T01:51:54.646+0000] {processor.py:914} INFO - Processing file /opt/airflow/dags/data_ingestion_local.py for tasks to queue
[2025-02-11T01:51:54.649+0000] {logging_mixin.py:190} INFO - [2025-02-11T01:51:54.649+0000] {dagbag.py:588} INFO - Filling up the DagBag from /opt/airflow/dags/data_ingestion_local.py
[2025-02-11T01:51:54.875+0000] {processor.py:925} INFO - DAG(s) 'LocalIngestionDag' retrieved from /opt/airflow/dags/data_ingestion_local.py
[2025-02-11T01:51:54.889+0000] {logging_mixin.py:190} INFO - [2025-02-11T01:51:54.889+0000] {dag.py:3239} INFO - Sync 1 DAGs
[2025-02-11T01:51:54.900+0000] {logging_mixin.py:190} INFO - [2025-02-11T01:51:54.900+0000] {dag.py:4180} INFO - Setting next_dagrun for LocalIngestionDag to 2021-01-02 06:00:00+00:00, run_after=2021-02-02 06:00:00+00:00
[2025-02-11T01:51:54.908+0000] {processor.py:208} INFO - Processing /opt/airflow/dags/data_ingestion_local.py took 0.270 seconds
[2025-02-11T01:51:58.660+0000] {processor.py:186} INFO - Started process (PID=5706) to work on /opt/airflow/dags/data_ingestion_local.py
[2025-02-11T01:51:58.661+0000] {processor.py:914} INFO - Processing file /opt/airflow/dags/data_ingestion_local.py for tasks to queue
[2025-02-11T01:51:58.662+0000] {logging_mixin.py:190} INFO - [2025-02-11T01:51:58.662+0000] {dagbag.py:588} INFO - Filling up the DagBag from /opt/airflow/dags/data_ingestion_local.py
[2025-02-11T01:51:58.901+0000] {logging_mixin.py:190} INFO - [2025-02-11T01:51:58.900+0000] {dagbag.py:387} ERROR - Failed to import: /opt/airflow/dags/data_ingestion_local.py
Traceback (most recent call last):
  File "/home/airflow/.local/lib/python3.12/site-packages/airflow/models/dagbag.py", line 383, in parse
    loader.exec_module(new_module)
  File "<frozen importlib._bootstrap_external>", line 999, in exec_module
  File "<frozen importlib._bootstrap>", line 488, in _call_with_frames_removed
  File "/opt/airflow/dags/data_ingestion_local.py", line 10, in <module>
    from ingest_script import main as ingest_callable
ImportError: cannot import name 'main' from 'ingest_script' (/opt/airflow/dags/ingest_script.py)
[2025-02-11T01:51:58.902+0000] {processor.py:927} WARNING - No viable dags retrieved from /opt/airflow/dags/data_ingestion_local.py
[2025-02-11T01:51:58.917+0000] {processor.py:208} INFO - Processing /opt/airflow/dags/data_ingestion_local.py took 0.260 seconds
[2025-02-11T01:52:29.171+0000] {processor.py:186} INFO - Started process (PID=5756) to work on /opt/airflow/dags/data_ingestion_local.py
[2025-02-11T01:52:29.172+0000] {processor.py:914} INFO - Processing file /opt/airflow/dags/data_ingestion_local.py for tasks to queue
[2025-02-11T01:52:29.173+0000] {logging_mixin.py:190} INFO - [2025-02-11T01:52:29.173+0000] {dagbag.py:588} INFO - Filling up the DagBag from /opt/airflow/dags/data_ingestion_local.py
[2025-02-11T01:52:29.418+0000] {logging_mixin.py:190} INFO - [2025-02-11T01:52:29.416+0000] {dagbag.py:387} ERROR - Failed to import: /opt/airflow/dags/data_ingestion_local.py
Traceback (most recent call last):
  File "/home/airflow/.local/lib/python3.12/site-packages/airflow/models/dagbag.py", line 383, in parse
    loader.exec_module(new_module)
  File "<frozen importlib._bootstrap_external>", line 999, in exec_module
  File "<frozen importlib._bootstrap>", line 488, in _call_with_frames_removed
  File "/opt/airflow/dags/data_ingestion_local.py", line 10, in <module>
    from ingest_script import main as ingest_callable
ImportError: cannot import name 'main' from 'ingest_script' (/opt/airflow/dags/ingest_script.py)
[2025-02-11T01:52:29.418+0000] {processor.py:927} WARNING - No viable dags retrieved from /opt/airflow/dags/data_ingestion_local.py
[2025-02-11T01:52:29.430+0000] {processor.py:208} INFO - Processing /opt/airflow/dags/data_ingestion_local.py took 0.261 seconds
[2025-02-11T01:52:59.714+0000] {processor.py:186} INFO - Started process (PID=5808) to work on /opt/airflow/dags/data_ingestion_local.py
[2025-02-11T01:52:59.715+0000] {processor.py:914} INFO - Processing file /opt/airflow/dags/data_ingestion_local.py for tasks to queue
[2025-02-11T01:52:59.717+0000] {logging_mixin.py:190} INFO - [2025-02-11T01:52:59.716+0000] {dagbag.py:588} INFO - Filling up the DagBag from /opt/airflow/dags/data_ingestion_local.py
[2025-02-11T01:52:59.921+0000] {logging_mixin.py:190} INFO - [2025-02-11T01:52:59.920+0000] {dagbag.py:387} ERROR - Failed to import: /opt/airflow/dags/data_ingestion_local.py
Traceback (most recent call last):
  File "/home/airflow/.local/lib/python3.12/site-packages/airflow/models/dagbag.py", line 383, in parse
    loader.exec_module(new_module)
  File "<frozen importlib._bootstrap_external>", line 999, in exec_module
  File "<frozen importlib._bootstrap>", line 488, in _call_with_frames_removed
  File "/opt/airflow/dags/data_ingestion_local.py", line 10, in <module>
    from ingest_script import main as ingest_callable
ImportError: cannot import name 'main' from 'ingest_script' (/opt/airflow/dags/ingest_script.py)
[2025-02-11T01:52:59.922+0000] {processor.py:927} WARNING - No viable dags retrieved from /opt/airflow/dags/data_ingestion_local.py
[2025-02-11T01:52:59.933+0000] {processor.py:208} INFO - Processing /opt/airflow/dags/data_ingestion_local.py took 0.225 seconds
[2025-02-11T01:53:29.950+0000] {processor.py:186} INFO - Started process (PID=5859) to work on /opt/airflow/dags/data_ingestion_local.py
[2025-02-11T01:53:29.951+0000] {processor.py:914} INFO - Processing file /opt/airflow/dags/data_ingestion_local.py for tasks to queue
[2025-02-11T01:53:29.951+0000] {logging_mixin.py:190} INFO - [2025-02-11T01:53:29.951+0000] {dagbag.py:588} INFO - Filling up the DagBag from /opt/airflow/dags/data_ingestion_local.py
[2025-02-11T01:53:30.161+0000] {logging_mixin.py:190} INFO - [2025-02-11T01:53:30.159+0000] {dagbag.py:387} ERROR - Failed to import: /opt/airflow/dags/data_ingestion_local.py
Traceback (most recent call last):
  File "/home/airflow/.local/lib/python3.12/site-packages/airflow/models/dagbag.py", line 383, in parse
    loader.exec_module(new_module)
  File "<frozen importlib._bootstrap_external>", line 999, in exec_module
  File "<frozen importlib._bootstrap>", line 488, in _call_with_frames_removed
  File "/opt/airflow/dags/data_ingestion_local.py", line 10, in <module>
    from ingest_script import main as ingest_callable
ImportError: cannot import name 'main' from 'ingest_script' (/opt/airflow/dags/ingest_script.py)
[2025-02-11T01:53:30.161+0000] {processor.py:927} WARNING - No viable dags retrieved from /opt/airflow/dags/data_ingestion_local.py
[2025-02-11T01:53:30.172+0000] {processor.py:208} INFO - Processing /opt/airflow/dags/data_ingestion_local.py took 0.226 seconds
[2025-02-11T01:54:00.232+0000] {processor.py:186} INFO - Started process (PID=5909) to work on /opt/airflow/dags/data_ingestion_local.py
[2025-02-11T01:54:00.232+0000] {processor.py:914} INFO - Processing file /opt/airflow/dags/data_ingestion_local.py for tasks to queue
[2025-02-11T01:54:00.233+0000] {logging_mixin.py:190} INFO - [2025-02-11T01:54:00.233+0000] {dagbag.py:588} INFO - Filling up the DagBag from /opt/airflow/dags/data_ingestion_local.py
[2025-02-11T01:54:00.483+0000] {logging_mixin.py:190} INFO - [2025-02-11T01:54:00.482+0000] {dagbag.py:387} ERROR - Failed to import: /opt/airflow/dags/data_ingestion_local.py
Traceback (most recent call last):
  File "/home/airflow/.local/lib/python3.12/site-packages/airflow/models/dagbag.py", line 383, in parse
    loader.exec_module(new_module)
  File "<frozen importlib._bootstrap_external>", line 999, in exec_module
  File "<frozen importlib._bootstrap>", line 488, in _call_with_frames_removed
  File "/opt/airflow/dags/data_ingestion_local.py", line 10, in <module>
    from ingest_script import main as ingest_callable
ImportError: cannot import name 'main' from 'ingest_script' (/opt/airflow/dags/ingest_script.py)
[2025-02-11T01:54:00.483+0000] {processor.py:927} WARNING - No viable dags retrieved from /opt/airflow/dags/data_ingestion_local.py
[2025-02-11T01:54:00.495+0000] {processor.py:208} INFO - Processing /opt/airflow/dags/data_ingestion_local.py took 0.267 seconds
[2025-02-11T01:54:20.672+0000] {processor.py:186} INFO - Started process (PID=5945) to work on /opt/airflow/dags/data_ingestion_local.py
[2025-02-11T01:54:20.673+0000] {processor.py:914} INFO - Processing file /opt/airflow/dags/data_ingestion_local.py for tasks to queue
[2025-02-11T01:54:20.674+0000] {logging_mixin.py:190} INFO - [2025-02-11T01:54:20.674+0000] {dagbag.py:588} INFO - Filling up the DagBag from /opt/airflow/dags/data_ingestion_local.py
[2025-02-11T01:54:20.892+0000] {processor.py:925} INFO - DAG(s) 'LocalIngestionDag' retrieved from /opt/airflow/dags/data_ingestion_local.py
[2025-02-11T01:54:21.020+0000] {logging_mixin.py:190} INFO - [2025-02-11T01:54:21.020+0000] {dag.py:3239} INFO - Sync 1 DAGs
[2025-02-11T01:54:21.031+0000] {logging_mixin.py:190} INFO - [2025-02-11T01:54:21.030+0000] {dag.py:4180} INFO - Setting next_dagrun for LocalIngestionDag to 2021-01-02 06:00:00+00:00, run_after=2021-02-02 06:00:00+00:00
[2025-02-11T01:54:21.042+0000] {processor.py:208} INFO - Processing /opt/airflow/dags/data_ingestion_local.py took 0.377 seconds
[2025-02-11T01:54:51.292+0000] {processor.py:186} INFO - Started process (PID=5995) to work on /opt/airflow/dags/data_ingestion_local.py
[2025-02-11T01:54:51.292+0000] {processor.py:914} INFO - Processing file /opt/airflow/dags/data_ingestion_local.py for tasks to queue
[2025-02-11T01:54:51.294+0000] {logging_mixin.py:190} INFO - [2025-02-11T01:54:51.294+0000] {dagbag.py:588} INFO - Filling up the DagBag from /opt/airflow/dags/data_ingestion_local.py
[2025-02-11T01:54:51.507+0000] {processor.py:925} INFO - DAG(s) 'LocalIngestionDag' retrieved from /opt/airflow/dags/data_ingestion_local.py
[2025-02-11T01:54:51.520+0000] {logging_mixin.py:190} INFO - [2025-02-11T01:54:51.520+0000] {dag.py:3239} INFO - Sync 1 DAGs
[2025-02-11T01:54:51.531+0000] {logging_mixin.py:190} INFO - [2025-02-11T01:54:51.530+0000] {dag.py:4180} INFO - Setting next_dagrun for LocalIngestionDag to 2021-01-02 06:00:00+00:00, run_after=2021-02-02 06:00:00+00:00
[2025-02-11T01:54:51.538+0000] {processor.py:208} INFO - Processing /opt/airflow/dags/data_ingestion_local.py took 0.252 seconds
[2025-02-11T01:55:06.436+0000] {processor.py:186} INFO - Started process (PID=33) to work on /opt/airflow/dags/data_ingestion_local.py
[2025-02-11T01:55:06.438+0000] {processor.py:914} INFO - Processing file /opt/airflow/dags/data_ingestion_local.py for tasks to queue
[2025-02-11T01:55:06.440+0000] {logging_mixin.py:190} INFO - [2025-02-11T01:55:06.439+0000] {dagbag.py:588} INFO - Filling up the DagBag from /opt/airflow/dags/data_ingestion_local.py
[2025-02-11T01:55:06.794+0000] {processor.py:925} INFO - DAG(s) 'LocalIngestionDag' retrieved from /opt/airflow/dags/data_ingestion_local.py
[2025-02-11T01:55:06.808+0000] {logging_mixin.py:190} INFO - [2025-02-11T01:55:06.807+0000] {dag.py:3239} INFO - Sync 1 DAGs
[2025-02-11T01:55:06.818+0000] {logging_mixin.py:190} INFO - [2025-02-11T01:55:06.818+0000] {dag.py:4180} INFO - Setting next_dagrun for LocalIngestionDag to 2021-01-02 06:00:00+00:00, run_after=2021-02-02 06:00:00+00:00
[2025-02-11T01:55:06.826+0000] {processor.py:208} INFO - Processing /opt/airflow/dags/data_ingestion_local.py took 0.398 seconds
[2025-02-11T01:55:37.049+0000] {processor.py:186} INFO - Started process (PID=82) to work on /opt/airflow/dags/data_ingestion_local.py
[2025-02-11T01:55:37.049+0000] {processor.py:914} INFO - Processing file /opt/airflow/dags/data_ingestion_local.py for tasks to queue
[2025-02-11T01:55:37.051+0000] {logging_mixin.py:190} INFO - [2025-02-11T01:55:37.050+0000] {dagbag.py:588} INFO - Filling up the DagBag from /opt/airflow/dags/data_ingestion_local.py
[2025-02-11T01:55:37.377+0000] {processor.py:925} INFO - DAG(s) 'LocalIngestionDag' retrieved from /opt/airflow/dags/data_ingestion_local.py
[2025-02-11T01:55:37.391+0000] {logging_mixin.py:190} INFO - [2025-02-11T01:55:37.391+0000] {dag.py:3239} INFO - Sync 1 DAGs
[2025-02-11T01:55:37.403+0000] {logging_mixin.py:190} INFO - [2025-02-11T01:55:37.403+0000] {dag.py:4180} INFO - Setting next_dagrun for LocalIngestionDag to 2021-01-02 06:00:00+00:00, run_after=2021-02-02 06:00:00+00:00
[2025-02-11T01:55:37.412+0000] {processor.py:208} INFO - Processing /opt/airflow/dags/data_ingestion_local.py took 0.366 seconds
[2025-02-11T01:56:07.662+0000] {processor.py:186} INFO - Started process (PID=131) to work on /opt/airflow/dags/data_ingestion_local.py
[2025-02-11T01:56:07.663+0000] {processor.py:914} INFO - Processing file /opt/airflow/dags/data_ingestion_local.py for tasks to queue
[2025-02-11T01:56:07.664+0000] {logging_mixin.py:190} INFO - [2025-02-11T01:56:07.664+0000] {dagbag.py:588} INFO - Filling up the DagBag from /opt/airflow/dags/data_ingestion_local.py
[2025-02-11T01:56:07.999+0000] {processor.py:925} INFO - DAG(s) 'LocalIngestionDag' retrieved from /opt/airflow/dags/data_ingestion_local.py
[2025-02-11T01:56:08.013+0000] {logging_mixin.py:190} INFO - [2025-02-11T01:56:08.013+0000] {dag.py:3239} INFO - Sync 1 DAGs
[2025-02-11T01:56:08.024+0000] {logging_mixin.py:190} INFO - [2025-02-11T01:56:08.024+0000] {dag.py:4180} INFO - Setting next_dagrun for LocalIngestionDag to 2021-01-02 06:00:00+00:00, run_after=2021-02-02 06:00:00+00:00
[2025-02-11T01:56:08.034+0000] {processor.py:208} INFO - Processing /opt/airflow/dags/data_ingestion_local.py took 0.374 seconds
[2025-02-11T01:56:38.264+0000] {processor.py:186} INFO - Started process (PID=180) to work on /opt/airflow/dags/data_ingestion_local.py
[2025-02-11T01:56:38.265+0000] {processor.py:914} INFO - Processing file /opt/airflow/dags/data_ingestion_local.py for tasks to queue
[2025-02-11T01:56:38.267+0000] {logging_mixin.py:190} INFO - [2025-02-11T01:56:38.267+0000] {dagbag.py:588} INFO - Filling up the DagBag from /opt/airflow/dags/data_ingestion_local.py
[2025-02-11T01:56:38.577+0000] {processor.py:925} INFO - DAG(s) 'LocalIngestionDag' retrieved from /opt/airflow/dags/data_ingestion_local.py
[2025-02-11T01:56:38.592+0000] {logging_mixin.py:190} INFO - [2025-02-11T01:56:38.592+0000] {dag.py:3239} INFO - Sync 1 DAGs
[2025-02-11T01:56:38.603+0000] {logging_mixin.py:190} INFO - [2025-02-11T01:56:38.603+0000] {dag.py:4180} INFO - Setting next_dagrun for LocalIngestionDag to 2021-01-02 06:00:00+00:00, run_after=2021-02-02 06:00:00+00:00
[2025-02-11T01:56:38.612+0000] {processor.py:208} INFO - Processing /opt/airflow/dags/data_ingestion_local.py took 0.355 seconds
[2025-02-11T01:57:08.862+0000] {processor.py:186} INFO - Started process (PID=229) to work on /opt/airflow/dags/data_ingestion_local.py
[2025-02-11T01:57:08.864+0000] {processor.py:914} INFO - Processing file /opt/airflow/dags/data_ingestion_local.py for tasks to queue
[2025-02-11T01:57:08.866+0000] {logging_mixin.py:190} INFO - [2025-02-11T01:57:08.866+0000] {dagbag.py:588} INFO - Filling up the DagBag from /opt/airflow/dags/data_ingestion_local.py
[2025-02-11T01:57:09.162+0000] {processor.py:925} INFO - DAG(s) 'LocalIngestionDag' retrieved from /opt/airflow/dags/data_ingestion_local.py
[2025-02-11T01:57:09.176+0000] {logging_mixin.py:190} INFO - [2025-02-11T01:57:09.176+0000] {dag.py:3239} INFO - Sync 1 DAGs
[2025-02-11T01:57:09.187+0000] {logging_mixin.py:190} INFO - [2025-02-11T01:57:09.187+0000] {dag.py:4180} INFO - Setting next_dagrun for LocalIngestionDag to 2021-01-02 06:00:00+00:00, run_after=2021-02-02 06:00:00+00:00
[2025-02-11T01:57:09.195+0000] {processor.py:208} INFO - Processing /opt/airflow/dags/data_ingestion_local.py took 0.339 seconds
[2025-02-11T01:57:39.510+0000] {processor.py:186} INFO - Started process (PID=279) to work on /opt/airflow/dags/data_ingestion_local.py
[2025-02-11T01:57:39.511+0000] {processor.py:914} INFO - Processing file /opt/airflow/dags/data_ingestion_local.py for tasks to queue
[2025-02-11T01:57:39.513+0000] {logging_mixin.py:190} INFO - [2025-02-11T01:57:39.512+0000] {dagbag.py:588} INFO - Filling up the DagBag from /opt/airflow/dags/data_ingestion_local.py
[2025-02-11T01:57:39.811+0000] {processor.py:925} INFO - DAG(s) 'LocalIngestionDag' retrieved from /opt/airflow/dags/data_ingestion_local.py
[2025-02-11T01:57:39.825+0000] {logging_mixin.py:190} INFO - [2025-02-11T01:57:39.825+0000] {dag.py:3239} INFO - Sync 1 DAGs
[2025-02-11T01:57:39.836+0000] {logging_mixin.py:190} INFO - [2025-02-11T01:57:39.836+0000] {dag.py:4180} INFO - Setting next_dagrun for LocalIngestionDag to 2021-01-02 06:00:00+00:00, run_after=2021-02-02 06:00:00+00:00
[2025-02-11T01:57:39.846+0000] {processor.py:208} INFO - Processing /opt/airflow/dags/data_ingestion_local.py took 0.340 seconds
[2025-02-11T01:58:10.080+0000] {processor.py:186} INFO - Started process (PID=329) to work on /opt/airflow/dags/data_ingestion_local.py
[2025-02-11T01:58:10.080+0000] {processor.py:914} INFO - Processing file /opt/airflow/dags/data_ingestion_local.py for tasks to queue
[2025-02-11T01:58:10.082+0000] {logging_mixin.py:190} INFO - [2025-02-11T01:58:10.081+0000] {dagbag.py:588} INFO - Filling up the DagBag from /opt/airflow/dags/data_ingestion_local.py
[2025-02-11T01:58:10.406+0000] {processor.py:925} INFO - DAG(s) 'LocalIngestionDag' retrieved from /opt/airflow/dags/data_ingestion_local.py
[2025-02-11T01:58:10.420+0000] {logging_mixin.py:190} INFO - [2025-02-11T01:58:10.420+0000] {dag.py:3239} INFO - Sync 1 DAGs
[2025-02-11T01:58:10.429+0000] {logging_mixin.py:190} INFO - [2025-02-11T01:58:10.429+0000] {dag.py:4180} INFO - Setting next_dagrun for LocalIngestionDag to 2021-01-02 06:00:00+00:00, run_after=2021-02-02 06:00:00+00:00
[2025-02-11T01:58:10.438+0000] {processor.py:208} INFO - Processing /opt/airflow/dags/data_ingestion_local.py took 0.361 seconds
[2025-02-11T01:58:40.695+0000] {processor.py:186} INFO - Started process (PID=379) to work on /opt/airflow/dags/data_ingestion_local.py
[2025-02-11T01:58:40.695+0000] {processor.py:914} INFO - Processing file /opt/airflow/dags/data_ingestion_local.py for tasks to queue
[2025-02-11T01:58:40.696+0000] {logging_mixin.py:190} INFO - [2025-02-11T01:58:40.696+0000] {dagbag.py:588} INFO - Filling up the DagBag from /opt/airflow/dags/data_ingestion_local.py
[2025-02-11T01:58:40.998+0000] {processor.py:925} INFO - DAG(s) 'LocalIngestionDag' retrieved from /opt/airflow/dags/data_ingestion_local.py
[2025-02-11T01:58:41.010+0000] {logging_mixin.py:190} INFO - [2025-02-11T01:58:41.010+0000] {dag.py:3239} INFO - Sync 1 DAGs
[2025-02-11T01:58:41.021+0000] {logging_mixin.py:190} INFO - [2025-02-11T01:58:41.021+0000] {dag.py:4180} INFO - Setting next_dagrun for LocalIngestionDag to 2021-01-02 06:00:00+00:00, run_after=2021-02-02 06:00:00+00:00
[2025-02-11T01:58:41.029+0000] {processor.py:208} INFO - Processing /opt/airflow/dags/data_ingestion_local.py took 0.338 seconds
[2025-02-11T01:59:11.238+0000] {processor.py:186} INFO - Started process (PID=471) to work on /opt/airflow/dags/data_ingestion_local.py
[2025-02-11T01:59:11.239+0000] {processor.py:914} INFO - Processing file /opt/airflow/dags/data_ingestion_local.py for tasks to queue
[2025-02-11T01:59:11.242+0000] {logging_mixin.py:190} INFO - [2025-02-11T01:59:11.241+0000] {dagbag.py:588} INFO - Filling up the DagBag from /opt/airflow/dags/data_ingestion_local.py
[2025-02-11T01:59:11.712+0000] {processor.py:925} INFO - DAG(s) 'LocalIngestionDag' retrieved from /opt/airflow/dags/data_ingestion_local.py
[2025-02-11T01:59:11.731+0000] {logging_mixin.py:190} INFO - [2025-02-11T01:59:11.731+0000] {dag.py:3239} INFO - Sync 1 DAGs
[2025-02-11T01:59:11.746+0000] {logging_mixin.py:190} INFO - [2025-02-11T01:59:11.746+0000] {dag.py:4180} INFO - Setting next_dagrun for LocalIngestionDag to 2023-09-02 06:00:00+00:00, run_after=2023-10-02 06:00:00+00:00
[2025-02-11T01:59:11.767+0000] {processor.py:208} INFO - Processing /opt/airflow/dags/data_ingestion_local.py took 0.536 seconds
[2025-02-11T01:59:42.030+0000] {processor.py:186} INFO - Started process (PID=549) to work on /opt/airflow/dags/data_ingestion_local.py
[2025-02-11T01:59:42.030+0000] {processor.py:914} INFO - Processing file /opt/airflow/dags/data_ingestion_local.py for tasks to queue
[2025-02-11T01:59:42.031+0000] {logging_mixin.py:190} INFO - [2025-02-11T01:59:42.031+0000] {dagbag.py:588} INFO - Filling up the DagBag from /opt/airflow/dags/data_ingestion_local.py
[2025-02-11T01:59:42.316+0000] {processor.py:925} INFO - DAG(s) 'LocalIngestionDag' retrieved from /opt/airflow/dags/data_ingestion_local.py
[2025-02-11T01:59:42.329+0000] {logging_mixin.py:190} INFO - [2025-02-11T01:59:42.329+0000] {dag.py:3239} INFO - Sync 1 DAGs
[2025-02-11T01:59:42.339+0000] {logging_mixin.py:190} INFO - [2025-02-11T01:59:42.339+0000] {dag.py:4180} INFO - Setting next_dagrun for LocalIngestionDag to 2025-02-02 06:00:00+00:00, run_after=2025-03-02 06:00:00+00:00
[2025-02-11T01:59:42.346+0000] {processor.py:208} INFO - Processing /opt/airflow/dags/data_ingestion_local.py took 0.321 seconds
[2025-02-11T02:00:12.582+0000] {processor.py:186} INFO - Started process (PID=599) to work on /opt/airflow/dags/data_ingestion_local.py
[2025-02-11T02:00:12.583+0000] {processor.py:914} INFO - Processing file /opt/airflow/dags/data_ingestion_local.py for tasks to queue
[2025-02-11T02:00:12.584+0000] {logging_mixin.py:190} INFO - [2025-02-11T02:00:12.584+0000] {dagbag.py:588} INFO - Filling up the DagBag from /opt/airflow/dags/data_ingestion_local.py
[2025-02-11T02:00:12.936+0000] {processor.py:925} INFO - DAG(s) 'LocalIngestionDag' retrieved from /opt/airflow/dags/data_ingestion_local.py
[2025-02-11T02:00:12.950+0000] {logging_mixin.py:190} INFO - [2025-02-11T02:00:12.950+0000] {dag.py:3239} INFO - Sync 1 DAGs
[2025-02-11T02:00:12.962+0000] {logging_mixin.py:190} INFO - [2025-02-11T02:00:12.962+0000] {dag.py:4180} INFO - Setting next_dagrun for LocalIngestionDag to 2025-02-02 06:00:00+00:00, run_after=2025-03-02 06:00:00+00:00
[2025-02-11T02:00:12.971+0000] {processor.py:208} INFO - Processing /opt/airflow/dags/data_ingestion_local.py took 0.392 seconds
[2025-02-11T02:00:43.218+0000] {processor.py:186} INFO - Started process (PID=653) to work on /opt/airflow/dags/data_ingestion_local.py
[2025-02-11T02:00:43.219+0000] {processor.py:914} INFO - Processing file /opt/airflow/dags/data_ingestion_local.py for tasks to queue
[2025-02-11T02:00:43.221+0000] {logging_mixin.py:190} INFO - [2025-02-11T02:00:43.220+0000] {dagbag.py:588} INFO - Filling up the DagBag from /opt/airflow/dags/data_ingestion_local.py
[2025-02-11T02:00:43.516+0000] {processor.py:925} INFO - DAG(s) 'LocalIngestionDag' retrieved from /opt/airflow/dags/data_ingestion_local.py
[2025-02-11T02:00:43.529+0000] {logging_mixin.py:190} INFO - [2025-02-11T02:00:43.529+0000] {dag.py:3239} INFO - Sync 1 DAGs
[2025-02-11T02:00:43.540+0000] {logging_mixin.py:190} INFO - [2025-02-11T02:00:43.540+0000] {dag.py:4180} INFO - Setting next_dagrun for LocalIngestionDag to 2025-02-02 06:00:00+00:00, run_after=2025-03-02 06:00:00+00:00
[2025-02-11T02:00:43.549+0000] {processor.py:208} INFO - Processing /opt/airflow/dags/data_ingestion_local.py took 0.333 seconds
[2025-02-11T02:01:13.814+0000] {processor.py:186} INFO - Started process (PID=702) to work on /opt/airflow/dags/data_ingestion_local.py
[2025-02-11T02:01:13.815+0000] {processor.py:914} INFO - Processing file /opt/airflow/dags/data_ingestion_local.py for tasks to queue
[2025-02-11T02:01:13.817+0000] {logging_mixin.py:190} INFO - [2025-02-11T02:01:13.817+0000] {dagbag.py:588} INFO - Filling up the DagBag from /opt/airflow/dags/data_ingestion_local.py
[2025-02-11T02:01:14.027+0000] {processor.py:925} INFO - DAG(s) 'LocalIngestionDag' retrieved from /opt/airflow/dags/data_ingestion_local.py
[2025-02-11T02:01:14.041+0000] {logging_mixin.py:190} INFO - [2025-02-11T02:01:14.041+0000] {dag.py:3239} INFO - Sync 1 DAGs
[2025-02-11T02:01:14.053+0000] {logging_mixin.py:190} INFO - [2025-02-11T02:01:14.052+0000] {dag.py:4180} INFO - Setting next_dagrun for LocalIngestionDag to 2025-02-02 06:00:00+00:00, run_after=2025-03-02 06:00:00+00:00
[2025-02-11T02:01:14.061+0000] {processor.py:208} INFO - Processing /opt/airflow/dags/data_ingestion_local.py took 0.254 seconds
[2025-02-11T02:01:44.346+0000] {processor.py:186} INFO - Started process (PID=751) to work on /opt/airflow/dags/data_ingestion_local.py
[2025-02-11T02:01:44.346+0000] {processor.py:914} INFO - Processing file /opt/airflow/dags/data_ingestion_local.py for tasks to queue
[2025-02-11T02:01:44.348+0000] {logging_mixin.py:190} INFO - [2025-02-11T02:01:44.348+0000] {dagbag.py:588} INFO - Filling up the DagBag from /opt/airflow/dags/data_ingestion_local.py
[2025-02-11T02:01:44.586+0000] {processor.py:925} INFO - DAG(s) 'LocalIngestionDag' retrieved from /opt/airflow/dags/data_ingestion_local.py
[2025-02-11T02:01:44.601+0000] {logging_mixin.py:190} INFO - [2025-02-11T02:01:44.601+0000] {dag.py:3239} INFO - Sync 1 DAGs
[2025-02-11T02:01:44.614+0000] {logging_mixin.py:190} INFO - [2025-02-11T02:01:44.614+0000] {dag.py:4180} INFO - Setting next_dagrun for LocalIngestionDag to 2025-02-02 06:00:00+00:00, run_after=2025-03-02 06:00:00+00:00
[2025-02-11T02:01:44.624+0000] {processor.py:208} INFO - Processing /opt/airflow/dags/data_ingestion_local.py took 0.283 seconds
[2025-02-11T02:02:14.843+0000] {processor.py:186} INFO - Started process (PID=800) to work on /opt/airflow/dags/data_ingestion_local.py
[2025-02-11T02:02:14.843+0000] {processor.py:914} INFO - Processing file /opt/airflow/dags/data_ingestion_local.py for tasks to queue
[2025-02-11T02:02:14.845+0000] {logging_mixin.py:190} INFO - [2025-02-11T02:02:14.844+0000] {dagbag.py:588} INFO - Filling up the DagBag from /opt/airflow/dags/data_ingestion_local.py
[2025-02-11T02:02:15.107+0000] {processor.py:925} INFO - DAG(s) 'LocalIngestionDag' retrieved from /opt/airflow/dags/data_ingestion_local.py
[2025-02-11T02:02:15.125+0000] {logging_mixin.py:190} INFO - [2025-02-11T02:02:15.125+0000] {dag.py:3239} INFO - Sync 1 DAGs
[2025-02-11T02:02:15.139+0000] {logging_mixin.py:190} INFO - [2025-02-11T02:02:15.139+0000] {dag.py:4180} INFO - Setting next_dagrun for LocalIngestionDag to 2025-02-02 06:00:00+00:00, run_after=2025-03-02 06:00:00+00:00
[2025-02-11T02:02:15.149+0000] {processor.py:208} INFO - Processing /opt/airflow/dags/data_ingestion_local.py took 0.310 seconds
[2025-02-11T02:02:45.378+0000] {processor.py:186} INFO - Started process (PID=849) to work on /opt/airflow/dags/data_ingestion_local.py
[2025-02-11T02:02:45.379+0000] {processor.py:914} INFO - Processing file /opt/airflow/dags/data_ingestion_local.py for tasks to queue
[2025-02-11T02:02:45.381+0000] {logging_mixin.py:190} INFO - [2025-02-11T02:02:45.380+0000] {dagbag.py:588} INFO - Filling up the DagBag from /opt/airflow/dags/data_ingestion_local.py
[2025-02-11T02:02:45.597+0000] {processor.py:925} INFO - DAG(s) 'LocalIngestionDag' retrieved from /opt/airflow/dags/data_ingestion_local.py
[2025-02-11T02:02:45.612+0000] {logging_mixin.py:190} INFO - [2025-02-11T02:02:45.612+0000] {dag.py:3239} INFO - Sync 1 DAGs
[2025-02-11T02:02:45.623+0000] {logging_mixin.py:190} INFO - [2025-02-11T02:02:45.623+0000] {dag.py:4180} INFO - Setting next_dagrun for LocalIngestionDag to 2025-02-02 06:00:00+00:00, run_after=2025-03-02 06:00:00+00:00
[2025-02-11T02:02:45.631+0000] {processor.py:208} INFO - Processing /opt/airflow/dags/data_ingestion_local.py took 0.259 seconds
[2025-02-11T02:03:15.844+0000] {processor.py:186} INFO - Started process (PID=899) to work on /opt/airflow/dags/data_ingestion_local.py
[2025-02-11T02:03:15.845+0000] {processor.py:914} INFO - Processing file /opt/airflow/dags/data_ingestion_local.py for tasks to queue
[2025-02-11T02:03:15.846+0000] {logging_mixin.py:190} INFO - [2025-02-11T02:03:15.846+0000] {dagbag.py:588} INFO - Filling up the DagBag from /opt/airflow/dags/data_ingestion_local.py
[2025-02-11T02:03:16.100+0000] {processor.py:925} INFO - DAG(s) 'LocalIngestionDag' retrieved from /opt/airflow/dags/data_ingestion_local.py
[2025-02-11T02:03:16.116+0000] {logging_mixin.py:190} INFO - [2025-02-11T02:03:16.115+0000] {dag.py:3239} INFO - Sync 1 DAGs
[2025-02-11T02:03:16.128+0000] {logging_mixin.py:190} INFO - [2025-02-11T02:03:16.128+0000] {dag.py:4180} INFO - Setting next_dagrun for LocalIngestionDag to 2025-02-02 06:00:00+00:00, run_after=2025-03-02 06:00:00+00:00
[2025-02-11T02:03:16.137+0000] {processor.py:208} INFO - Processing /opt/airflow/dags/data_ingestion_local.py took 0.296 seconds
[2025-02-11T02:03:46.390+0000] {processor.py:186} INFO - Started process (PID=946) to work on /opt/airflow/dags/data_ingestion_local.py
[2025-02-11T02:03:46.391+0000] {processor.py:914} INFO - Processing file /opt/airflow/dags/data_ingestion_local.py for tasks to queue
[2025-02-11T02:03:46.393+0000] {logging_mixin.py:190} INFO - [2025-02-11T02:03:46.393+0000] {dagbag.py:588} INFO - Filling up the DagBag from /opt/airflow/dags/data_ingestion_local.py
[2025-02-11T02:03:46.620+0000] {processor.py:925} INFO - DAG(s) 'LocalIngestionDag' retrieved from /opt/airflow/dags/data_ingestion_local.py
[2025-02-11T02:03:46.635+0000] {logging_mixin.py:190} INFO - [2025-02-11T02:03:46.635+0000] {dag.py:3239} INFO - Sync 1 DAGs
[2025-02-11T02:03:46.648+0000] {logging_mixin.py:190} INFO - [2025-02-11T02:03:46.648+0000] {dag.py:4180} INFO - Setting next_dagrun for LocalIngestionDag to 2025-02-02 06:00:00+00:00, run_after=2025-03-02 06:00:00+00:00
[2025-02-11T02:03:46.659+0000] {processor.py:208} INFO - Processing /opt/airflow/dags/data_ingestion_local.py took 0.274 seconds
[2025-02-11T02:04:17.081+0000] {processor.py:186} INFO - Started process (PID=995) to work on /opt/airflow/dags/data_ingestion_local.py
[2025-02-11T02:04:17.081+0000] {processor.py:914} INFO - Processing file /opt/airflow/dags/data_ingestion_local.py for tasks to queue
[2025-02-11T02:04:17.084+0000] {logging_mixin.py:190} INFO - [2025-02-11T02:04:17.083+0000] {dagbag.py:588} INFO - Filling up the DagBag from /opt/airflow/dags/data_ingestion_local.py
[2025-02-11T02:04:17.330+0000] {processor.py:925} INFO - DAG(s) 'LocalIngestionDag' retrieved from /opt/airflow/dags/data_ingestion_local.py
[2025-02-11T02:04:17.346+0000] {logging_mixin.py:190} INFO - [2025-02-11T02:04:17.346+0000] {dag.py:3239} INFO - Sync 1 DAGs
[2025-02-11T02:04:17.360+0000] {logging_mixin.py:190} INFO - [2025-02-11T02:04:17.359+0000] {dag.py:4180} INFO - Setting next_dagrun for LocalIngestionDag to 2025-02-02 06:00:00+00:00, run_after=2025-03-02 06:00:00+00:00
[2025-02-11T02:04:17.369+0000] {processor.py:208} INFO - Processing /opt/airflow/dags/data_ingestion_local.py took 0.294 seconds
[2025-02-11T02:04:47.639+0000] {processor.py:186} INFO - Started process (PID=1045) to work on /opt/airflow/dags/data_ingestion_local.py
[2025-02-11T02:04:47.639+0000] {processor.py:914} INFO - Processing file /opt/airflow/dags/data_ingestion_local.py for tasks to queue
[2025-02-11T02:04:47.641+0000] {logging_mixin.py:190} INFO - [2025-02-11T02:04:47.641+0000] {dagbag.py:588} INFO - Filling up the DagBag from /opt/airflow/dags/data_ingestion_local.py
[2025-02-11T02:04:47.878+0000] {processor.py:925} INFO - DAG(s) 'LocalIngestionDag' retrieved from /opt/airflow/dags/data_ingestion_local.py
[2025-02-11T02:04:47.901+0000] {logging_mixin.py:190} INFO - [2025-02-11T02:04:47.901+0000] {dag.py:3239} INFO - Sync 1 DAGs
[2025-02-11T02:04:47.918+0000] {logging_mixin.py:190} INFO - [2025-02-11T02:04:47.918+0000] {dag.py:4180} INFO - Setting next_dagrun for LocalIngestionDag to 2025-02-02 06:00:00+00:00, run_after=2025-03-02 06:00:00+00:00
[2025-02-11T02:04:47.929+0000] {processor.py:208} INFO - Processing /opt/airflow/dags/data_ingestion_local.py took 0.294 seconds
[2025-02-11T02:05:17.963+0000] {processor.py:186} INFO - Started process (PID=1094) to work on /opt/airflow/dags/data_ingestion_local.py
[2025-02-11T02:05:17.964+0000] {processor.py:914} INFO - Processing file /opt/airflow/dags/data_ingestion_local.py for tasks to queue
[2025-02-11T02:05:17.965+0000] {logging_mixin.py:190} INFO - [2025-02-11T02:05:17.965+0000] {dagbag.py:588} INFO - Filling up the DagBag from /opt/airflow/dags/data_ingestion_local.py
[2025-02-11T02:05:18.206+0000] {processor.py:925} INFO - DAG(s) 'LocalIngestionDag' retrieved from /opt/airflow/dags/data_ingestion_local.py
[2025-02-11T02:05:18.230+0000] {logging_mixin.py:190} INFO - [2025-02-11T02:05:18.230+0000] {dag.py:3239} INFO - Sync 1 DAGs
[2025-02-11T02:05:18.244+0000] {logging_mixin.py:190} INFO - [2025-02-11T02:05:18.244+0000] {dag.py:4180} INFO - Setting next_dagrun for LocalIngestionDag to 2025-02-02 06:00:00+00:00, run_after=2025-03-02 06:00:00+00:00
[2025-02-11T02:05:18.256+0000] {processor.py:208} INFO - Processing /opt/airflow/dags/data_ingestion_local.py took 0.297 seconds
[2025-02-11T02:05:48.492+0000] {processor.py:186} INFO - Started process (PID=1144) to work on /opt/airflow/dags/data_ingestion_local.py
[2025-02-11T02:05:48.493+0000] {processor.py:914} INFO - Processing file /opt/airflow/dags/data_ingestion_local.py for tasks to queue
[2025-02-11T02:05:48.494+0000] {logging_mixin.py:190} INFO - [2025-02-11T02:05:48.494+0000] {dagbag.py:588} INFO - Filling up the DagBag from /opt/airflow/dags/data_ingestion_local.py
[2025-02-11T02:05:48.747+0000] {processor.py:925} INFO - DAG(s) 'LocalIngestionDag' retrieved from /opt/airflow/dags/data_ingestion_local.py
[2025-02-11T02:05:48.762+0000] {logging_mixin.py:190} INFO - [2025-02-11T02:05:48.761+0000] {dag.py:3239} INFO - Sync 1 DAGs
[2025-02-11T02:05:48.774+0000] {logging_mixin.py:190} INFO - [2025-02-11T02:05:48.774+0000] {dag.py:4180} INFO - Setting next_dagrun for LocalIngestionDag to 2025-02-02 06:00:00+00:00, run_after=2025-03-02 06:00:00+00:00
[2025-02-11T02:05:48.782+0000] {processor.py:208} INFO - Processing /opt/airflow/dags/data_ingestion_local.py took 0.293 seconds
[2025-02-11T02:06:19.077+0000] {processor.py:186} INFO - Started process (PID=1192) to work on /opt/airflow/dags/data_ingestion_local.py
[2025-02-11T02:06:19.079+0000] {processor.py:914} INFO - Processing file /opt/airflow/dags/data_ingestion_local.py for tasks to queue
[2025-02-11T02:06:19.081+0000] {logging_mixin.py:190} INFO - [2025-02-11T02:06:19.081+0000] {dagbag.py:588} INFO - Filling up the DagBag from /opt/airflow/dags/data_ingestion_local.py
[2025-02-11T02:06:19.301+0000] {processor.py:925} INFO - DAG(s) 'LocalIngestionDag' retrieved from /opt/airflow/dags/data_ingestion_local.py
[2025-02-11T02:06:19.316+0000] {logging_mixin.py:190} INFO - [2025-02-11T02:06:19.316+0000] {dag.py:3239} INFO - Sync 1 DAGs
[2025-02-11T02:06:19.329+0000] {logging_mixin.py:190} INFO - [2025-02-11T02:06:19.329+0000] {dag.py:4180} INFO - Setting next_dagrun for LocalIngestionDag to 2025-02-02 06:00:00+00:00, run_after=2025-03-02 06:00:00+00:00
[2025-02-11T02:06:19.339+0000] {processor.py:208} INFO - Processing /opt/airflow/dags/data_ingestion_local.py took 0.270 seconds
[2025-02-11T02:06:49.612+0000] {processor.py:186} INFO - Started process (PID=1241) to work on /opt/airflow/dags/data_ingestion_local.py
[2025-02-11T02:06:49.613+0000] {processor.py:914} INFO - Processing file /opt/airflow/dags/data_ingestion_local.py for tasks to queue
[2025-02-11T02:06:49.614+0000] {logging_mixin.py:190} INFO - [2025-02-11T02:06:49.614+0000] {dagbag.py:588} INFO - Filling up the DagBag from /opt/airflow/dags/data_ingestion_local.py
[2025-02-11T02:06:49.870+0000] {processor.py:925} INFO - DAG(s) 'LocalIngestionDag' retrieved from /opt/airflow/dags/data_ingestion_local.py
[2025-02-11T02:06:49.885+0000] {logging_mixin.py:190} INFO - [2025-02-11T02:06:49.885+0000] {dag.py:3239} INFO - Sync 1 DAGs
[2025-02-11T02:06:49.899+0000] {logging_mixin.py:190} INFO - [2025-02-11T02:06:49.898+0000] {dag.py:4180} INFO - Setting next_dagrun for LocalIngestionDag to 2025-02-02 06:00:00+00:00, run_after=2025-03-02 06:00:00+00:00
[2025-02-11T02:06:49.909+0000] {processor.py:208} INFO - Processing /opt/airflow/dags/data_ingestion_local.py took 0.303 seconds
[2025-02-11T02:07:20.167+0000] {processor.py:186} INFO - Started process (PID=1288) to work on /opt/airflow/dags/data_ingestion_local.py
[2025-02-11T02:07:20.167+0000] {processor.py:914} INFO - Processing file /opt/airflow/dags/data_ingestion_local.py for tasks to queue
[2025-02-11T02:07:20.169+0000] {logging_mixin.py:190} INFO - [2025-02-11T02:07:20.168+0000] {dagbag.py:588} INFO - Filling up the DagBag from /opt/airflow/dags/data_ingestion_local.py
[2025-02-11T02:07:20.423+0000] {processor.py:925} INFO - DAG(s) 'LocalIngestionDag' retrieved from /opt/airflow/dags/data_ingestion_local.py
[2025-02-11T02:07:20.439+0000] {logging_mixin.py:190} INFO - [2025-02-11T02:07:20.438+0000] {dag.py:3239} INFO - Sync 1 DAGs
[2025-02-11T02:07:20.451+0000] {logging_mixin.py:190} INFO - [2025-02-11T02:07:20.451+0000] {dag.py:4180} INFO - Setting next_dagrun for LocalIngestionDag to 2025-02-02 06:00:00+00:00, run_after=2025-03-02 06:00:00+00:00
[2025-02-11T02:07:20.460+0000] {processor.py:208} INFO - Processing /opt/airflow/dags/data_ingestion_local.py took 0.297 seconds
[2025-02-11T02:07:50.802+0000] {processor.py:186} INFO - Started process (PID=1337) to work on /opt/airflow/dags/data_ingestion_local.py
[2025-02-11T02:07:50.803+0000] {processor.py:914} INFO - Processing file /opt/airflow/dags/data_ingestion_local.py for tasks to queue
[2025-02-11T02:07:50.806+0000] {logging_mixin.py:190} INFO - [2025-02-11T02:07:50.806+0000] {dagbag.py:588} INFO - Filling up the DagBag from /opt/airflow/dags/data_ingestion_local.py
[2025-02-11T02:07:51.087+0000] {processor.py:925} INFO - DAG(s) 'LocalIngestionDag' retrieved from /opt/airflow/dags/data_ingestion_local.py
[2025-02-11T02:07:51.105+0000] {logging_mixin.py:190} INFO - [2025-02-11T02:07:51.105+0000] {dag.py:3239} INFO - Sync 1 DAGs
[2025-02-11T02:07:51.119+0000] {logging_mixin.py:190} INFO - [2025-02-11T02:07:51.119+0000] {dag.py:4180} INFO - Setting next_dagrun for LocalIngestionDag to 2025-02-02 06:00:00+00:00, run_after=2025-03-02 06:00:00+00:00
[2025-02-11T02:07:51.130+0000] {processor.py:208} INFO - Processing /opt/airflow/dags/data_ingestion_local.py took 0.332 seconds
[2025-02-11T02:08:21.440+0000] {processor.py:186} INFO - Started process (PID=1394) to work on /opt/airflow/dags/data_ingestion_local.py
[2025-02-11T02:08:21.442+0000] {processor.py:914} INFO - Processing file /opt/airflow/dags/data_ingestion_local.py for tasks to queue
[2025-02-11T02:08:21.459+0000] {logging_mixin.py:190} INFO - [2025-02-11T02:08:21.459+0000] {dagbag.py:588} INFO - Filling up the DagBag from /opt/airflow/dags/data_ingestion_local.py
[2025-02-11T02:08:21.759+0000] {processor.py:925} INFO - DAG(s) 'LocalIngestionDag' retrieved from /opt/airflow/dags/data_ingestion_local.py
[2025-02-11T02:08:21.775+0000] {logging_mixin.py:190} INFO - [2025-02-11T02:08:21.775+0000] {dag.py:3239} INFO - Sync 1 DAGs
[2025-02-11T02:08:21.787+0000] {logging_mixin.py:190} INFO - [2025-02-11T02:08:21.787+0000] {dag.py:4180} INFO - Setting next_dagrun for LocalIngestionDag to 2025-02-02 06:00:00+00:00, run_after=2025-03-02 06:00:00+00:00
[2025-02-11T02:08:21.796+0000] {processor.py:208} INFO - Processing /opt/airflow/dags/data_ingestion_local.py took 0.366 seconds
[2025-02-11T02:08:52.031+0000] {processor.py:186} INFO - Started process (PID=1442) to work on /opt/airflow/dags/data_ingestion_local.py
[2025-02-11T02:08:52.032+0000] {processor.py:914} INFO - Processing file /opt/airflow/dags/data_ingestion_local.py for tasks to queue
[2025-02-11T02:08:52.034+0000] {logging_mixin.py:190} INFO - [2025-02-11T02:08:52.034+0000] {dagbag.py:588} INFO - Filling up the DagBag from /opt/airflow/dags/data_ingestion_local.py
[2025-02-11T02:08:52.265+0000] {processor.py:925} INFO - DAG(s) 'LocalIngestionDag' retrieved from /opt/airflow/dags/data_ingestion_local.py
[2025-02-11T02:08:52.279+0000] {logging_mixin.py:190} INFO - [2025-02-11T02:08:52.278+0000] {dag.py:3239} INFO - Sync 1 DAGs
[2025-02-11T02:08:52.289+0000] {logging_mixin.py:190} INFO - [2025-02-11T02:08:52.289+0000] {dag.py:4180} INFO - Setting next_dagrun for LocalIngestionDag to 2025-02-02 06:00:00+00:00, run_after=2025-03-02 06:00:00+00:00
[2025-02-11T02:08:52.298+0000] {processor.py:208} INFO - Processing /opt/airflow/dags/data_ingestion_local.py took 0.270 seconds
[2025-02-11T02:09:22.592+0000] {processor.py:186} INFO - Started process (PID=1491) to work on /opt/airflow/dags/data_ingestion_local.py
[2025-02-11T02:09:22.593+0000] {processor.py:914} INFO - Processing file /opt/airflow/dags/data_ingestion_local.py for tasks to queue
[2025-02-11T02:09:22.596+0000] {logging_mixin.py:190} INFO - [2025-02-11T02:09:22.596+0000] {dagbag.py:588} INFO - Filling up the DagBag from /opt/airflow/dags/data_ingestion_local.py
[2025-02-11T02:09:22.810+0000] {processor.py:925} INFO - DAG(s) 'LocalIngestionDag' retrieved from /opt/airflow/dags/data_ingestion_local.py
[2025-02-11T02:09:22.824+0000] {logging_mixin.py:190} INFO - [2025-02-11T02:09:22.823+0000] {dag.py:3239} INFO - Sync 1 DAGs
[2025-02-11T02:09:22.834+0000] {logging_mixin.py:190} INFO - [2025-02-11T02:09:22.834+0000] {dag.py:4180} INFO - Setting next_dagrun for LocalIngestionDag to 2025-02-02 06:00:00+00:00, run_after=2025-03-02 06:00:00+00:00
[2025-02-11T02:09:22.842+0000] {processor.py:208} INFO - Processing /opt/airflow/dags/data_ingestion_local.py took 0.259 seconds
[2025-02-11T02:09:53.091+0000] {processor.py:186} INFO - Started process (PID=1539) to work on /opt/airflow/dags/data_ingestion_local.py
[2025-02-11T02:09:53.092+0000] {processor.py:914} INFO - Processing file /opt/airflow/dags/data_ingestion_local.py for tasks to queue
[2025-02-11T02:09:53.093+0000] {logging_mixin.py:190} INFO - [2025-02-11T02:09:53.093+0000] {dagbag.py:588} INFO - Filling up the DagBag from /opt/airflow/dags/data_ingestion_local.py
[2025-02-11T02:09:53.345+0000] {processor.py:925} INFO - DAG(s) 'LocalIngestionDag' retrieved from /opt/airflow/dags/data_ingestion_local.py
[2025-02-11T02:09:53.359+0000] {logging_mixin.py:190} INFO - [2025-02-11T02:09:53.359+0000] {dag.py:3239} INFO - Sync 1 DAGs
[2025-02-11T02:09:53.371+0000] {logging_mixin.py:190} INFO - [2025-02-11T02:09:53.371+0000] {dag.py:4180} INFO - Setting next_dagrun for LocalIngestionDag to 2025-02-02 06:00:00+00:00, run_after=2025-03-02 06:00:00+00:00
[2025-02-11T02:09:53.379+0000] {processor.py:208} INFO - Processing /opt/airflow/dags/data_ingestion_local.py took 0.293 seconds
[2025-02-11T02:10:23.604+0000] {processor.py:186} INFO - Started process (PID=1589) to work on /opt/airflow/dags/data_ingestion_local.py
[2025-02-11T02:10:23.605+0000] {processor.py:914} INFO - Processing file /opt/airflow/dags/data_ingestion_local.py for tasks to queue
[2025-02-11T02:10:23.606+0000] {logging_mixin.py:190} INFO - [2025-02-11T02:10:23.606+0000] {dagbag.py:588} INFO - Filling up the DagBag from /opt/airflow/dags/data_ingestion_local.py
[2025-02-11T02:10:23.869+0000] {processor.py:925} INFO - DAG(s) 'LocalIngestionDag' retrieved from /opt/airflow/dags/data_ingestion_local.py
[2025-02-11T02:10:23.886+0000] {logging_mixin.py:190} INFO - [2025-02-11T02:10:23.886+0000] {dag.py:3239} INFO - Sync 1 DAGs
[2025-02-11T02:10:23.898+0000] {logging_mixin.py:190} INFO - [2025-02-11T02:10:23.898+0000] {dag.py:4180} INFO - Setting next_dagrun for LocalIngestionDag to 2025-02-02 06:00:00+00:00, run_after=2025-03-02 06:00:00+00:00
[2025-02-11T02:10:23.908+0000] {processor.py:208} INFO - Processing /opt/airflow/dags/data_ingestion_local.py took 0.307 seconds
[2025-02-11T02:10:54.183+0000] {processor.py:186} INFO - Started process (PID=1637) to work on /opt/airflow/dags/data_ingestion_local.py
[2025-02-11T02:10:54.184+0000] {processor.py:914} INFO - Processing file /opt/airflow/dags/data_ingestion_local.py for tasks to queue
[2025-02-11T02:10:54.186+0000] {logging_mixin.py:190} INFO - [2025-02-11T02:10:54.186+0000] {dagbag.py:588} INFO - Filling up the DagBag from /opt/airflow/dags/data_ingestion_local.py
[2025-02-11T02:10:54.421+0000] {processor.py:925} INFO - DAG(s) 'LocalIngestionDag' retrieved from /opt/airflow/dags/data_ingestion_local.py
[2025-02-11T02:10:54.435+0000] {logging_mixin.py:190} INFO - [2025-02-11T02:10:54.435+0000] {dag.py:3239} INFO - Sync 1 DAGs
[2025-02-11T02:10:54.446+0000] {logging_mixin.py:190} INFO - [2025-02-11T02:10:54.446+0000] {dag.py:4180} INFO - Setting next_dagrun for LocalIngestionDag to 2025-02-02 06:00:00+00:00, run_after=2025-03-02 06:00:00+00:00
[2025-02-11T02:10:54.455+0000] {processor.py:208} INFO - Processing /opt/airflow/dags/data_ingestion_local.py took 0.279 seconds
[2025-02-11T02:11:24.714+0000] {processor.py:186} INFO - Started process (PID=1687) to work on /opt/airflow/dags/data_ingestion_local.py
[2025-02-11T02:11:24.715+0000] {processor.py:914} INFO - Processing file /opt/airflow/dags/data_ingestion_local.py for tasks to queue
[2025-02-11T02:11:24.717+0000] {logging_mixin.py:190} INFO - [2025-02-11T02:11:24.717+0000] {dagbag.py:588} INFO - Filling up the DagBag from /opt/airflow/dags/data_ingestion_local.py
[2025-02-11T02:11:24.921+0000] {processor.py:925} INFO - DAG(s) 'LocalIngestionDag' retrieved from /opt/airflow/dags/data_ingestion_local.py
[2025-02-11T02:11:24.934+0000] {logging_mixin.py:190} INFO - [2025-02-11T02:11:24.934+0000] {dag.py:3239} INFO - Sync 1 DAGs
[2025-02-11T02:11:24.945+0000] {logging_mixin.py:190} INFO - [2025-02-11T02:11:24.945+0000] {dag.py:4180} INFO - Setting next_dagrun for LocalIngestionDag to 2025-02-02 06:00:00+00:00, run_after=2025-03-02 06:00:00+00:00
[2025-02-11T02:11:24.953+0000] {processor.py:208} INFO - Processing /opt/airflow/dags/data_ingestion_local.py took 0.247 seconds
[2025-02-11T02:11:55.000+0000] {processor.py:186} INFO - Started process (PID=1736) to work on /opt/airflow/dags/data_ingestion_local.py
[2025-02-11T02:11:55.000+0000] {processor.py:914} INFO - Processing file /opt/airflow/dags/data_ingestion_local.py for tasks to queue
[2025-02-11T02:11:55.002+0000] {logging_mixin.py:190} INFO - [2025-02-11T02:11:55.001+0000] {dagbag.py:588} INFO - Filling up the DagBag from /opt/airflow/dags/data_ingestion_local.py
[2025-02-11T02:11:55.266+0000] {processor.py:925} INFO - DAG(s) 'LocalIngestionDag' retrieved from /opt/airflow/dags/data_ingestion_local.py
[2025-02-11T02:11:55.281+0000] {logging_mixin.py:190} INFO - [2025-02-11T02:11:55.281+0000] {dag.py:3239} INFO - Sync 1 DAGs
[2025-02-11T02:11:55.293+0000] {logging_mixin.py:190} INFO - [2025-02-11T02:11:55.293+0000] {dag.py:4180} INFO - Setting next_dagrun for LocalIngestionDag to 2025-02-02 06:00:00+00:00, run_after=2025-03-02 06:00:00+00:00
[2025-02-11T02:11:55.303+0000] {processor.py:208} INFO - Processing /opt/airflow/dags/data_ingestion_local.py took 0.307 seconds
[2025-02-11T02:12:25.574+0000] {processor.py:186} INFO - Started process (PID=1784) to work on /opt/airflow/dags/data_ingestion_local.py
[2025-02-11T02:12:25.574+0000] {processor.py:914} INFO - Processing file /opt/airflow/dags/data_ingestion_local.py for tasks to queue
[2025-02-11T02:12:25.576+0000] {logging_mixin.py:190} INFO - [2025-02-11T02:12:25.575+0000] {dagbag.py:588} INFO - Filling up the DagBag from /opt/airflow/dags/data_ingestion_local.py
[2025-02-11T02:12:25.842+0000] {processor.py:925} INFO - DAG(s) 'LocalIngestionDag' retrieved from /opt/airflow/dags/data_ingestion_local.py
[2025-02-11T02:12:25.858+0000] {logging_mixin.py:190} INFO - [2025-02-11T02:12:25.858+0000] {dag.py:3239} INFO - Sync 1 DAGs
[2025-02-11T02:12:25.869+0000] {logging_mixin.py:190} INFO - [2025-02-11T02:12:25.869+0000] {dag.py:4180} INFO - Setting next_dagrun for LocalIngestionDag to 2025-02-02 06:00:00+00:00, run_after=2025-03-02 06:00:00+00:00
[2025-02-11T02:12:25.880+0000] {processor.py:208} INFO - Processing /opt/airflow/dags/data_ingestion_local.py took 0.309 seconds
[2025-02-11T02:12:56.099+0000] {processor.py:186} INFO - Started process (PID=1831) to work on /opt/airflow/dags/data_ingestion_local.py
[2025-02-11T02:12:56.100+0000] {processor.py:914} INFO - Processing file /opt/airflow/dags/data_ingestion_local.py for tasks to queue
[2025-02-11T02:12:56.103+0000] {logging_mixin.py:190} INFO - [2025-02-11T02:12:56.103+0000] {dagbag.py:588} INFO - Filling up the DagBag from /opt/airflow/dags/data_ingestion_local.py
[2025-02-11T02:12:56.344+0000] {processor.py:925} INFO - DAG(s) 'LocalIngestionDag' retrieved from /opt/airflow/dags/data_ingestion_local.py
[2025-02-11T02:12:56.362+0000] {logging_mixin.py:190} INFO - [2025-02-11T02:12:56.362+0000] {dag.py:3239} INFO - Sync 1 DAGs
[2025-02-11T02:12:56.377+0000] {logging_mixin.py:190} INFO - [2025-02-11T02:12:56.377+0000] {dag.py:4180} INFO - Setting next_dagrun for LocalIngestionDag to 2025-02-02 06:00:00+00:00, run_after=2025-03-02 06:00:00+00:00
[2025-02-11T02:12:56.388+0000] {processor.py:208} INFO - Processing /opt/airflow/dags/data_ingestion_local.py took 0.293 seconds
[2025-02-11T02:13:26.842+0000] {processor.py:186} INFO - Started process (PID=1879) to work on /opt/airflow/dags/data_ingestion_local.py
[2025-02-11T02:13:26.843+0000] {processor.py:914} INFO - Processing file /opt/airflow/dags/data_ingestion_local.py for tasks to queue
[2025-02-11T02:13:26.844+0000] {logging_mixin.py:190} INFO - [2025-02-11T02:13:26.844+0000] {dagbag.py:588} INFO - Filling up the DagBag from /opt/airflow/dags/data_ingestion_local.py
[2025-02-11T02:13:27.127+0000] {processor.py:925} INFO - DAG(s) 'LocalIngestionDag' retrieved from /opt/airflow/dags/data_ingestion_local.py
[2025-02-11T02:13:27.142+0000] {logging_mixin.py:190} INFO - [2025-02-11T02:13:27.142+0000] {dag.py:3239} INFO - Sync 1 DAGs
[2025-02-11T02:13:27.156+0000] {logging_mixin.py:190} INFO - [2025-02-11T02:13:27.156+0000] {dag.py:4180} INFO - Setting next_dagrun for LocalIngestionDag to 2025-02-02 06:00:00+00:00, run_after=2025-03-02 06:00:00+00:00
[2025-02-11T02:13:27.165+0000] {processor.py:208} INFO - Processing /opt/airflow/dags/data_ingestion_local.py took 0.328 seconds
[2025-02-11T02:13:57.377+0000] {processor.py:186} INFO - Started process (PID=1928) to work on /opt/airflow/dags/data_ingestion_local.py
[2025-02-11T02:13:57.378+0000] {processor.py:914} INFO - Processing file /opt/airflow/dags/data_ingestion_local.py for tasks to queue
[2025-02-11T02:13:57.380+0000] {logging_mixin.py:190} INFO - [2025-02-11T02:13:57.380+0000] {dagbag.py:588} INFO - Filling up the DagBag from /opt/airflow/dags/data_ingestion_local.py
[2025-02-11T02:13:57.583+0000] {processor.py:925} INFO - DAG(s) 'LocalIngestionDag' retrieved from /opt/airflow/dags/data_ingestion_local.py
[2025-02-11T02:13:57.600+0000] {logging_mixin.py:190} INFO - [2025-02-11T02:13:57.600+0000] {dag.py:3239} INFO - Sync 1 DAGs
[2025-02-11T02:13:57.612+0000] {logging_mixin.py:190} INFO - [2025-02-11T02:13:57.612+0000] {dag.py:4180} INFO - Setting next_dagrun for LocalIngestionDag to 2025-02-02 06:00:00+00:00, run_after=2025-03-02 06:00:00+00:00
[2025-02-11T02:13:57.620+0000] {processor.py:208} INFO - Processing /opt/airflow/dags/data_ingestion_local.py took 0.252 seconds
[2025-02-11T02:14:27.899+0000] {processor.py:186} INFO - Started process (PID=1978) to work on /opt/airflow/dags/data_ingestion_local.py
[2025-02-11T02:14:27.900+0000] {processor.py:914} INFO - Processing file /opt/airflow/dags/data_ingestion_local.py for tasks to queue
[2025-02-11T02:14:27.902+0000] {logging_mixin.py:190} INFO - [2025-02-11T02:14:27.901+0000] {dagbag.py:588} INFO - Filling up the DagBag from /opt/airflow/dags/data_ingestion_local.py
[2025-02-11T02:14:28.114+0000] {processor.py:925} INFO - DAG(s) 'LocalIngestionDag' retrieved from /opt/airflow/dags/data_ingestion_local.py
[2025-02-11T02:14:28.129+0000] {logging_mixin.py:190} INFO - [2025-02-11T02:14:28.129+0000] {dag.py:3239} INFO - Sync 1 DAGs
[2025-02-11T02:14:28.140+0000] {logging_mixin.py:190} INFO - [2025-02-11T02:14:28.140+0000] {dag.py:4180} INFO - Setting next_dagrun for LocalIngestionDag to 2025-02-02 06:00:00+00:00, run_after=2025-03-02 06:00:00+00:00
[2025-02-11T02:14:28.150+0000] {processor.py:208} INFO - Processing /opt/airflow/dags/data_ingestion_local.py took 0.256 seconds
[2025-02-11T02:14:58.179+0000] {processor.py:186} INFO - Started process (PID=2027) to work on /opt/airflow/dags/data_ingestion_local.py
[2025-02-11T02:14:58.181+0000] {processor.py:914} INFO - Processing file /opt/airflow/dags/data_ingestion_local.py for tasks to queue
[2025-02-11T02:14:58.184+0000] {logging_mixin.py:190} INFO - [2025-02-11T02:14:58.183+0000] {dagbag.py:588} INFO - Filling up the DagBag from /opt/airflow/dags/data_ingestion_local.py
[2025-02-11T02:14:58.403+0000] {processor.py:925} INFO - DAG(s) 'LocalIngestionDag' retrieved from /opt/airflow/dags/data_ingestion_local.py
[2025-02-11T02:14:58.417+0000] {logging_mixin.py:190} INFO - [2025-02-11T02:14:58.417+0000] {dag.py:3239} INFO - Sync 1 DAGs
[2025-02-11T02:14:58.429+0000] {logging_mixin.py:190} INFO - [2025-02-11T02:14:58.429+0000] {dag.py:4180} INFO - Setting next_dagrun for LocalIngestionDag to 2025-02-02 06:00:00+00:00, run_after=2025-03-02 06:00:00+00:00
[2025-02-11T02:14:58.438+0000] {processor.py:208} INFO - Processing /opt/airflow/dags/data_ingestion_local.py took 0.265 seconds
[2025-02-11T02:15:28.677+0000] {processor.py:186} INFO - Started process (PID=2077) to work on /opt/airflow/dags/data_ingestion_local.py
[2025-02-11T02:15:28.678+0000] {processor.py:914} INFO - Processing file /opt/airflow/dags/data_ingestion_local.py for tasks to queue
[2025-02-11T02:15:28.679+0000] {logging_mixin.py:190} INFO - [2025-02-11T02:15:28.679+0000] {dagbag.py:588} INFO - Filling up the DagBag from /opt/airflow/dags/data_ingestion_local.py
[2025-02-11T02:15:28.893+0000] {processor.py:925} INFO - DAG(s) 'LocalIngestionDag' retrieved from /opt/airflow/dags/data_ingestion_local.py
[2025-02-11T02:15:28.912+0000] {logging_mixin.py:190} INFO - [2025-02-11T02:15:28.912+0000] {dag.py:3239} INFO - Sync 1 DAGs
[2025-02-11T02:15:28.923+0000] {logging_mixin.py:190} INFO - [2025-02-11T02:15:28.923+0000] {dag.py:4180} INFO - Setting next_dagrun for LocalIngestionDag to 2025-02-02 06:00:00+00:00, run_after=2025-03-02 06:00:00+00:00
[2025-02-11T02:15:28.932+0000] {processor.py:208} INFO - Processing /opt/airflow/dags/data_ingestion_local.py took 0.258 seconds
[2025-02-11T02:15:59.005+0000] {processor.py:186} INFO - Started process (PID=2127) to work on /opt/airflow/dags/data_ingestion_local.py
[2025-02-11T02:15:59.006+0000] {processor.py:914} INFO - Processing file /opt/airflow/dags/data_ingestion_local.py for tasks to queue
[2025-02-11T02:15:59.010+0000] {logging_mixin.py:190} INFO - [2025-02-11T02:15:59.009+0000] {dagbag.py:588} INFO - Filling up the DagBag from /opt/airflow/dags/data_ingestion_local.py
[2025-02-11T02:15:59.243+0000] {processor.py:925} INFO - DAG(s) 'LocalIngestionDag' retrieved from /opt/airflow/dags/data_ingestion_local.py
[2025-02-11T02:15:59.256+0000] {logging_mixin.py:190} INFO - [2025-02-11T02:15:59.256+0000] {dag.py:3239} INFO - Sync 1 DAGs
[2025-02-11T02:15:59.267+0000] {logging_mixin.py:190} INFO - [2025-02-11T02:15:59.267+0000] {dag.py:4180} INFO - Setting next_dagrun for LocalIngestionDag to 2025-02-02 06:00:00+00:00, run_after=2025-03-02 06:00:00+00:00
[2025-02-11T02:15:59.276+0000] {processor.py:208} INFO - Processing /opt/airflow/dags/data_ingestion_local.py took 0.278 seconds
[2025-02-11T02:16:29.342+0000] {processor.py:186} INFO - Started process (PID=2183) to work on /opt/airflow/dags/data_ingestion_local.py
[2025-02-11T02:16:29.342+0000] {processor.py:914} INFO - Processing file /opt/airflow/dags/data_ingestion_local.py for tasks to queue
[2025-02-11T02:16:29.344+0000] {logging_mixin.py:190} INFO - [2025-02-11T02:16:29.344+0000] {dagbag.py:588} INFO - Filling up the DagBag from /opt/airflow/dags/data_ingestion_local.py
[2025-02-11T02:16:29.581+0000] {processor.py:925} INFO - DAG(s) 'LocalIngestionDag' retrieved from /opt/airflow/dags/data_ingestion_local.py
[2025-02-11T02:16:29.599+0000] {logging_mixin.py:190} INFO - [2025-02-11T02:16:29.599+0000] {dag.py:3239} INFO - Sync 1 DAGs
[2025-02-11T02:16:29.612+0000] {logging_mixin.py:190} INFO - [2025-02-11T02:16:29.612+0000] {dag.py:4180} INFO - Setting next_dagrun for LocalIngestionDag to 2025-02-02 06:00:00+00:00, run_after=2025-03-02 06:00:00+00:00
[2025-02-11T02:16:29.622+0000] {processor.py:208} INFO - Processing /opt/airflow/dags/data_ingestion_local.py took 0.284 seconds
