[2025-02-11T01:59:08.276+0000] {local_task_job_runner.py:123} INFO - ::group::Pre task execution logs
[2025-02-11T01:59:08.295+0000] {taskinstance.py:2613} INFO - Dependencies all met for dep_context=non-requeueable deps ti=<TaskInstance: LocalIngestionDag.wget scheduled__2022-12-02T06:00:00+00:00 [queued]>
[2025-02-11T01:59:08.304+0000] {taskinstance.py:2613} INFO - Dependencies all met for dep_context=requeueable deps ti=<TaskInstance: LocalIngestionDag.wget scheduled__2022-12-02T06:00:00+00:00 [queued]>
[2025-02-11T01:59:08.310+0000] {taskinstance.py:2866} INFO - Starting attempt 1 of 1
[2025-02-11T01:59:08.337+0000] {taskinstance.py:2889} INFO - Executing <Task(BashOperator): wget> on 2022-12-02 06:00:00+00:00
[2025-02-11T01:59:08.344+0000] {warnings.py:112} WARNING - /home/***/.local/lib/python3.12/site-packages/***/task/task_runner/standard_task_runner.py:70: DeprecationWarning: This process (pid=480) is multi-threaded, use of fork() may lead to deadlocks in the child.
  pid = os.fork()

[2025-02-11T01:59:08.352+0000] {standard_task_runner.py:72} INFO - Started process 510 to run task
[2025-02-11T01:59:08.350+0000] {standard_task_runner.py:104} INFO - Running: ['***', 'tasks', 'run', 'LocalIngestionDag', 'wget', 'scheduled__2022-12-02T06:00:00+00:00', '--job-id', '44', '--raw', '--subdir', 'DAGS_FOLDER/data_ingestion_local.py', '--cfg-path', '/tmp/tmpdfs9zhvp']
[2025-02-11T01:59:08.358+0000] {standard_task_runner.py:105} INFO - Job 44: Subtask wget
[2025-02-11T01:59:08.468+0000] {task_command.py:467} INFO - Running <TaskInstance: LocalIngestionDag.wget scheduled__2022-12-02T06:00:00+00:00 [running]> on host 79800649bc05
[2025-02-11T01:59:08.669+0000] {taskinstance.py:3132} INFO - Exporting env vars: AIRFLOW_CTX_DAG_OWNER='***' AIRFLOW_CTX_DAG_ID='LocalIngestionDag' AIRFLOW_CTX_TASK_ID='wget' AIRFLOW_CTX_EXECUTION_DATE='2022-12-02T06:00:00+00:00' AIRFLOW_CTX_TRY_NUMBER='1' AIRFLOW_CTX_DAG_RUN_ID='scheduled__2022-12-02T06:00:00+00:00'
[2025-02-11T01:59:08.680+0000] {taskinstance.py:731} INFO - ::endgroup::
[2025-02-11T01:59:08.706+0000] {subprocess.py:78} INFO - Tmp dir root location: /tmp
[2025-02-11T01:59:08.708+0000] {subprocess.py:88} INFO - Running command: ['/usr/bin/bash', '-c', 'curl -sSL https://s3.amazonaws.com/nyc-tlc/trip+data/yellow_tripdata_2022-12.csv > /opt/***/output_2022-12.csv']
[2025-02-11T01:59:08.731+0000] {subprocess.py:99} INFO - Output:
[2025-02-11T01:59:08.897+0000] {subprocess.py:110} INFO - Command exited with return code 0
[2025-02-11T01:59:09.286+0000] {taskinstance.py:340} INFO - ::group::Post task execution logs
[2025-02-11T01:59:09.287+0000] {taskinstance.py:352} INFO - Marking task as SUCCESS. dag_id=LocalIngestionDag, task_id=wget, run_id=scheduled__2022-12-02T06:00:00+00:00, execution_date=20221202T060000, start_date=20250211T015908, end_date=20250211T015909
[2025-02-11T01:59:09.341+0000] {local_task_job_runner.py:266} INFO - Task exited with return code 0
[2025-02-11T01:59:09.374+0000] {taskinstance.py:3895} INFO - 1 downstream tasks scheduled from follow-on schedule check
[2025-02-11T01:59:09.387+0000] {local_task_job_runner.py:245} INFO - ::endgroup::
[2025-02-12T03:53:25.367+0000] {local_task_job_runner.py:123} INFO - ::group::Pre task execution logs
[2025-02-12T03:53:25.383+0000] {taskinstance.py:2613} INFO - Dependencies all met for dep_context=non-requeueable deps ti=<TaskInstance: LocalIngestionDag.wget scheduled__2022-12-02T06:00:00+00:00 [queued]>
[2025-02-12T03:53:25.391+0000] {taskinstance.py:2613} INFO - Dependencies all met for dep_context=requeueable deps ti=<TaskInstance: LocalIngestionDag.wget scheduled__2022-12-02T06:00:00+00:00 [queued]>
[2025-02-12T03:53:25.391+0000] {taskinstance.py:2866} INFO - Starting attempt 1 of 1
[2025-02-12T03:53:25.403+0000] {taskinstance.py:2889} INFO - Executing <Task(BashOperator): wget> on 2022-12-02 06:00:00+00:00
[2025-02-12T03:53:25.407+0000] {warnings.py:112} WARNING - /home/***/.local/lib/python3.12/site-packages/***/task/task_runner/standard_task_runner.py:70: DeprecationWarning: This process (pid=740) is multi-threaded, use of fork() may lead to deadlocks in the child.
  pid = os.fork()

[2025-02-12T03:53:25.410+0000] {standard_task_runner.py:72} INFO - Started process 761 to run task
[2025-02-12T03:53:25.411+0000] {standard_task_runner.py:104} INFO - Running: ['***', 'tasks', 'run', 'LocalIngestionDag', 'wget', 'scheduled__2022-12-02T06:00:00+00:00', '--job-id', '43', '--raw', '--subdir', 'DAGS_FOLDER/data_ingestion_local.py', '--cfg-path', '/tmp/tmpjyom632u']
[2025-02-12T03:53:25.412+0000] {standard_task_runner.py:105} INFO - Job 43: Subtask wget
[2025-02-12T03:53:25.461+0000] {task_command.py:467} INFO - Running <TaskInstance: LocalIngestionDag.wget scheduled__2022-12-02T06:00:00+00:00 [running]> on host ee2ea8770015
[2025-02-12T03:53:25.540+0000] {taskinstance.py:3132} INFO - Exporting env vars: AIRFLOW_CTX_DAG_OWNER='***' AIRFLOW_CTX_DAG_ID='LocalIngestionDag' AIRFLOW_CTX_TASK_ID='wget' AIRFLOW_CTX_EXECUTION_DATE='2022-12-02T06:00:00+00:00' AIRFLOW_CTX_TRY_NUMBER='1' AIRFLOW_CTX_DAG_RUN_ID='scheduled__2022-12-02T06:00:00+00:00'
[2025-02-12T03:53:25.540+0000] {taskinstance.py:731} INFO - ::endgroup::
[2025-02-12T03:53:25.552+0000] {subprocess.py:78} INFO - Tmp dir root location: /tmp
[2025-02-12T03:53:25.553+0000] {subprocess.py:88} INFO - Running command: ['/usr/bin/bash', '-c', 'curl -sSL https://github.com/DataTalksClub/nyc-tlc-data/releases/download/yellow/yellow_tripdata_2019-01.csv.gz > /opt/***/yellow_tripdata_2019-01.csv.gz']
[2025-02-12T03:53:25.562+0000] {subprocess.py:99} INFO - Output:
[2025-02-12T03:54:05.631+0000] {subprocess.py:110} INFO - Command exited with return code 0
[2025-02-12T03:54:05.886+0000] {taskinstance.py:340} INFO - ::group::Post task execution logs
[2025-02-12T03:54:05.887+0000] {taskinstance.py:352} INFO - Marking task as SUCCESS. dag_id=LocalIngestionDag, task_id=wget, run_id=scheduled__2022-12-02T06:00:00+00:00, execution_date=20221202T060000, start_date=20250212T035325, end_date=20250212T035405
[2025-02-12T03:54:05.940+0000] {local_task_job_runner.py:266} INFO - Task exited with return code 0
[2025-02-12T03:54:05.955+0000] {taskinstance.py:3895} INFO - 1 downstream tasks scheduled from follow-on schedule check
[2025-02-12T03:54:05.956+0000] {local_task_job_runner.py:245} INFO - ::endgroup::
