[2025-02-11T01:59:09.228+0000] {local_task_job_runner.py:123} INFO - ::group::Pre task execution logs
[2025-02-11T01:59:09.253+0000] {taskinstance.py:2613} INFO - Dependencies all met for dep_context=non-requeueable deps ti=<TaskInstance: LocalIngestionDag.wget scheduled__2023-05-02T06:00:00+00:00 [queued]>
[2025-02-11T01:59:09.260+0000] {taskinstance.py:2613} INFO - Dependencies all met for dep_context=requeueable deps ti=<TaskInstance: LocalIngestionDag.wget scheduled__2023-05-02T06:00:00+00:00 [queued]>
[2025-02-11T01:59:09.261+0000] {taskinstance.py:2866} INFO - Starting attempt 1 of 1
[2025-02-11T01:59:09.319+0000] {taskinstance.py:2889} INFO - Executing <Task(BashOperator): wget> on 2023-05-02 06:00:00+00:00
[2025-02-11T01:59:09.332+0000] {warnings.py:112} WARNING - /home/***/.local/lib/python3.12/site-packages/***/task/task_runner/standard_task_runner.py:70: DeprecationWarning: This process (pid=515) is multi-threaded, use of fork() may lead to deadlocks in the child.
  pid = os.fork()

[2025-02-11T01:59:09.336+0000] {standard_task_runner.py:72} INFO - Started process 555 to run task
[2025-02-11T01:59:09.357+0000] {standard_task_runner.py:104} INFO - Running: ['***', 'tasks', 'run', 'LocalIngestionDag', 'wget', 'scheduled__2023-05-02T06:00:00+00:00', '--job-id', '51', '--raw', '--subdir', 'DAGS_FOLDER/data_ingestion_local.py', '--cfg-path', '/tmp/tmpjwh0kj3f']
[2025-02-11T01:59:09.361+0000] {standard_task_runner.py:105} INFO - Job 51: Subtask wget
[2025-02-11T01:59:09.514+0000] {task_command.py:467} INFO - Running <TaskInstance: LocalIngestionDag.wget scheduled__2023-05-02T06:00:00+00:00 [running]> on host 79800649bc05
[2025-02-11T01:59:09.651+0000] {taskinstance.py:3132} INFO - Exporting env vars: AIRFLOW_CTX_DAG_OWNER='***' AIRFLOW_CTX_DAG_ID='LocalIngestionDag' AIRFLOW_CTX_TASK_ID='wget' AIRFLOW_CTX_EXECUTION_DATE='2023-05-02T06:00:00+00:00' AIRFLOW_CTX_TRY_NUMBER='1' AIRFLOW_CTX_DAG_RUN_ID='scheduled__2023-05-02T06:00:00+00:00'
[2025-02-11T01:59:09.654+0000] {taskinstance.py:731} INFO - ::endgroup::
[2025-02-11T01:59:09.666+0000] {subprocess.py:78} INFO - Tmp dir root location: /tmp
[2025-02-11T01:59:09.667+0000] {subprocess.py:88} INFO - Running command: ['/usr/bin/bash', '-c', 'curl -sSL https://s3.amazonaws.com/nyc-tlc/trip+data/yellow_tripdata_2023-05.csv > /opt/***/output_2023-05.csv']
[2025-02-11T01:59:09.686+0000] {subprocess.py:99} INFO - Output:
[2025-02-11T01:59:09.887+0000] {subprocess.py:110} INFO - Command exited with return code 0
[2025-02-11T01:59:10.160+0000] {taskinstance.py:340} INFO - ::group::Post task execution logs
[2025-02-11T01:59:10.164+0000] {taskinstance.py:352} INFO - Marking task as SUCCESS. dag_id=LocalIngestionDag, task_id=wget, run_id=scheduled__2023-05-02T06:00:00+00:00, execution_date=20230502T060000, start_date=20250211T015909, end_date=20250211T015910
[2025-02-11T01:59:10.254+0000] {local_task_job_runner.py:266} INFO - Task exited with return code 0
[2025-02-11T01:59:10.296+0000] {taskinstance.py:3895} INFO - 1 downstream tasks scheduled from follow-on schedule check
[2025-02-11T01:59:10.309+0000] {local_task_job_runner.py:245} INFO - ::endgroup::
[2025-02-12T03:53:46.564+0000] {local_task_job_runner.py:123} INFO - ::group::Pre task execution logs
[2025-02-12T03:53:46.590+0000] {taskinstance.py:2613} INFO - Dependencies all met for dep_context=non-requeueable deps ti=<TaskInstance: LocalIngestionDag.wget scheduled__2023-05-02T06:00:00+00:00 [queued]>
[2025-02-12T03:53:46.599+0000] {taskinstance.py:2613} INFO - Dependencies all met for dep_context=requeueable deps ti=<TaskInstance: LocalIngestionDag.wget scheduled__2023-05-02T06:00:00+00:00 [queued]>
[2025-02-12T03:53:46.599+0000] {taskinstance.py:2866} INFO - Starting attempt 1 of 1
[2025-02-12T03:53:46.609+0000] {taskinstance.py:2889} INFO - Executing <Task(BashOperator): wget> on 2023-05-02 06:00:00+00:00
[2025-02-12T03:53:46.613+0000] {warnings.py:112} WARNING - /home/***/.local/lib/python3.12/site-packages/***/task/task_runner/standard_task_runner.py:70: DeprecationWarning: This process (pid=828) is multi-threaded, use of fork() may lead to deadlocks in the child.
  pid = os.fork()

[2025-02-12T03:53:46.614+0000] {standard_task_runner.py:72} INFO - Started process 839 to run task
[2025-02-12T03:53:46.614+0000] {standard_task_runner.py:104} INFO - Running: ['***', 'tasks', 'run', 'LocalIngestionDag', 'wget', 'scheduled__2023-05-02T06:00:00+00:00', '--job-id', '49', '--raw', '--subdir', 'DAGS_FOLDER/data_ingestion_local.py', '--cfg-path', '/tmp/tmpbmfkx0r2']
[2025-02-12T03:53:46.617+0000] {standard_task_runner.py:105} INFO - Job 49: Subtask wget
[2025-02-12T03:53:46.660+0000] {task_command.py:467} INFO - Running <TaskInstance: LocalIngestionDag.wget scheduled__2023-05-02T06:00:00+00:00 [running]> on host ee2ea8770015
[2025-02-12T03:53:46.728+0000] {taskinstance.py:3132} INFO - Exporting env vars: AIRFLOW_CTX_DAG_OWNER='***' AIRFLOW_CTX_DAG_ID='LocalIngestionDag' AIRFLOW_CTX_TASK_ID='wget' AIRFLOW_CTX_EXECUTION_DATE='2023-05-02T06:00:00+00:00' AIRFLOW_CTX_TRY_NUMBER='1' AIRFLOW_CTX_DAG_RUN_ID='scheduled__2023-05-02T06:00:00+00:00'
[2025-02-12T03:53:46.729+0000] {taskinstance.py:731} INFO - ::endgroup::
[2025-02-12T03:53:46.738+0000] {subprocess.py:78} INFO - Tmp dir root location: /tmp
[2025-02-12T03:53:46.740+0000] {subprocess.py:88} INFO - Running command: ['/usr/bin/bash', '-c', 'curl -sSL https://github.com/DataTalksClub/nyc-tlc-data/releases/download/yellow/yellow_tripdata_2019-01.csv.gz > /opt/***/yellow_tripdata_2019-01.csv.gz']
[2025-02-12T03:53:46.749+0000] {subprocess.py:99} INFO - Output:
[2025-02-12T03:54:31.703+0000] {subprocess.py:110} INFO - Command exited with return code 0
[2025-02-12T03:54:32.569+0000] {taskinstance.py:340} INFO - ::group::Post task execution logs
[2025-02-12T03:54:32.570+0000] {taskinstance.py:352} INFO - Marking task as SUCCESS. dag_id=LocalIngestionDag, task_id=wget, run_id=scheduled__2023-05-02T06:00:00+00:00, execution_date=20230502T060000, start_date=20250212T035346, end_date=20250212T035432
[2025-02-12T03:54:32.620+0000] {local_task_job_runner.py:266} INFO - Task exited with return code 0
[2025-02-12T03:54:32.646+0000] {taskinstance.py:3895} INFO - 1 downstream tasks scheduled from follow-on schedule check
[2025-02-12T03:54:32.647+0000] {local_task_job_runner.py:245} INFO - ::endgroup::
