[2025-02-12T02:53:26.889+0000] {local_task_job_runner.py:123} INFO - ::group::Pre task execution logs
[2025-02-12T02:53:26.901+0000] {taskinstance.py:2613} INFO - Dependencies all met for dep_context=non-requeueable deps ti=<TaskInstance: LocalIngestionDag.wget manual__2025-02-12T02:53:26.031437+00:00 [queued]>
[2025-02-12T02:53:26.905+0000] {taskinstance.py:2613} INFO - Dependencies all met for dep_context=requeueable deps ti=<TaskInstance: LocalIngestionDag.wget manual__2025-02-12T02:53:26.031437+00:00 [queued]>
[2025-02-12T02:53:26.905+0000] {taskinstance.py:2866} INFO - Starting attempt 1 of 1
[2025-02-12T02:53:26.912+0000] {taskinstance.py:2889} INFO - Executing <Task(BashOperator): wget> on 2025-02-12 02:53:26.031437+00:00
[2025-02-12T02:53:26.915+0000] {warnings.py:112} WARNING - /home/***/.local/lib/python3.12/site-packages/***/task/task_runner/standard_task_runner.py:70: DeprecationWarning: This process (pid=836) is multi-threaded, use of fork() may lead to deadlocks in the child.
  pid = os.fork()

[2025-02-12T02:53:26.916+0000] {standard_task_runner.py:72} INFO - Started process 837 to run task
[2025-02-12T02:53:26.917+0000] {standard_task_runner.py:104} INFO - Running: ['***', 'tasks', 'run', 'LocalIngestionDag', 'wget', 'manual__2025-02-12T02:53:26.031437+00:00', '--job-id', '125', '--raw', '--subdir', 'DAGS_FOLDER/data_ingestion_local.py', '--cfg-path', '/tmp/tmptg9xe9ld']
[2025-02-12T02:53:26.918+0000] {standard_task_runner.py:105} INFO - Job 125: Subtask wget
[2025-02-12T02:53:26.946+0000] {task_command.py:467} INFO - Running <TaskInstance: LocalIngestionDag.wget manual__2025-02-12T02:53:26.031437+00:00 [running]> on host daeebf3e3edd
[2025-02-12T02:53:27.006+0000] {taskinstance.py:3132} INFO - Exporting env vars: AIRFLOW_CTX_DAG_OWNER='***' AIRFLOW_CTX_DAG_ID='LocalIngestionDag' AIRFLOW_CTX_TASK_ID='wget' AIRFLOW_CTX_EXECUTION_DATE='2025-02-12T02:53:26.031437+00:00' AIRFLOW_CTX_TRY_NUMBER='1' AIRFLOW_CTX_DAG_RUN_ID='manual__2025-02-12T02:53:26.031437+00:00'
[2025-02-12T02:53:27.007+0000] {taskinstance.py:731} INFO - ::endgroup::
[2025-02-12T02:53:27.014+0000] {subprocess.py:78} INFO - Tmp dir root location: /tmp
[2025-02-12T02:53:27.014+0000] {subprocess.py:88} INFO - Running command: ['/usr/bin/bash', '-c', 'curl -sSL https://s3.amazonaws.com/nyc-tlc/trip+data/yellow_tripdata_2025-02.csv > /opt/***/output_2025-02.csv']
[2025-02-12T02:53:27.020+0000] {subprocess.py:99} INFO - Output:
[2025-02-12T02:53:33.390+0000] {subprocess.py:110} INFO - Command exited with return code 0
[2025-02-12T02:53:33.545+0000] {taskinstance.py:340} INFO - ::group::Post task execution logs
[2025-02-12T02:53:33.546+0000] {taskinstance.py:352} INFO - Marking task as SUCCESS. dag_id=LocalIngestionDag, task_id=wget, run_id=manual__2025-02-12T02:53:26.031437+00:00, execution_date=20250212T025326, start_date=20250212T025326, end_date=20250212T025333
[2025-02-12T02:53:33.589+0000] {local_task_job_runner.py:266} INFO - Task exited with return code 0
[2025-02-12T02:53:33.601+0000] {taskinstance.py:3895} INFO - 1 downstream tasks scheduled from follow-on schedule check
[2025-02-12T02:53:33.602+0000] {local_task_job_runner.py:245} INFO - ::endgroup::
