[2025-02-11T01:58:52.195+0000] {local_task_job_runner.py:123} INFO - ::group::Pre task execution logs
[2025-02-11T01:58:52.262+0000] {taskinstance.py:2613} INFO - Dependencies all met for dep_context=non-requeueable deps ti=<TaskInstance: LocalIngestionDag.wget scheduled__2022-01-02T06:00:00+00:00 [queued]>
[2025-02-11T01:58:52.317+0000] {taskinstance.py:2613} INFO - Dependencies all met for dep_context=requeueable deps ti=<TaskInstance: LocalIngestionDag.wget scheduled__2022-01-02T06:00:00+00:00 [queued]>
[2025-02-11T01:58:52.325+0000] {taskinstance.py:2866} INFO - Starting attempt 1 of 1
[2025-02-11T01:58:52.385+0000] {taskinstance.py:2889} INFO - Executing <Task(BashOperator): wget> on 2022-01-02 06:00:00+00:00
[2025-02-11T01:58:52.396+0000] {warnings.py:112} WARNING - /home/***/.local/lib/python3.12/site-packages/***/task/task_runner/standard_task_runner.py:70: DeprecationWarning: This process (pid=316) is multi-threaded, use of fork() may lead to deadlocks in the child.
  pid = os.fork()

[2025-02-11T01:58:52.400+0000] {standard_task_runner.py:72} INFO - Started process 378 to run task
[2025-02-11T01:58:52.397+0000] {standard_task_runner.py:104} INFO - Running: ['***', 'tasks', 'run', 'LocalIngestionDag', 'wget', 'scheduled__2022-01-02T06:00:00+00:00', '--job-id', '17', '--raw', '--subdir', 'DAGS_FOLDER/data_ingestion_local.py', '--cfg-path', '/tmp/tmpx9gfx2i6']
[2025-02-11T01:58:52.407+0000] {standard_task_runner.py:105} INFO - Job 17: Subtask wget
[2025-02-11T01:58:52.481+0000] {task_command.py:467} INFO - Running <TaskInstance: LocalIngestionDag.wget scheduled__2022-01-02T06:00:00+00:00 [running]> on host 79800649bc05
[2025-02-11T01:58:52.553+0000] {taskinstance.py:3132} INFO - Exporting env vars: AIRFLOW_CTX_DAG_OWNER='***' AIRFLOW_CTX_DAG_ID='LocalIngestionDag' AIRFLOW_CTX_TASK_ID='wget' AIRFLOW_CTX_EXECUTION_DATE='2022-01-02T06:00:00+00:00' AIRFLOW_CTX_TRY_NUMBER='1' AIRFLOW_CTX_DAG_RUN_ID='scheduled__2022-01-02T06:00:00+00:00'
[2025-02-11T01:58:52.554+0000] {taskinstance.py:731} INFO - ::endgroup::
[2025-02-11T01:58:52.565+0000] {subprocess.py:78} INFO - Tmp dir root location: /tmp
[2025-02-11T01:58:52.566+0000] {subprocess.py:88} INFO - Running command: ['/usr/bin/bash', '-c', 'curl -sSL https://s3.amazonaws.com/nyc-tlc/trip+data/yellow_tripdata_2022-01.csv > /opt/***/output_2022-01.csv']
[2025-02-11T01:58:52.574+0000] {subprocess.py:99} INFO - Output:
[2025-02-11T01:58:58.026+0000] {subprocess.py:110} INFO - Command exited with return code 0
[2025-02-11T01:58:58.590+0000] {taskinstance.py:340} INFO - ::group::Post task execution logs
[2025-02-11T01:58:58.593+0000] {taskinstance.py:352} INFO - Marking task as SUCCESS. dag_id=LocalIngestionDag, task_id=wget, run_id=scheduled__2022-01-02T06:00:00+00:00, execution_date=20220102T060000, start_date=20250211T015852, end_date=20250211T015858
[2025-02-11T01:58:58.649+0000] {local_task_job_runner.py:266} INFO - Task exited with return code 0
[2025-02-11T01:58:58.673+0000] {taskinstance.py:3895} INFO - 1 downstream tasks scheduled from follow-on schedule check
[2025-02-11T01:58:58.692+0000] {local_task_job_runner.py:245} INFO - ::endgroup::
[2025-02-12T03:51:47.708+0000] {local_task_job_runner.py:123} INFO - ::group::Pre task execution logs
[2025-02-12T03:51:47.726+0000] {taskinstance.py:2613} INFO - Dependencies all met for dep_context=non-requeueable deps ti=<TaskInstance: LocalIngestionDag.wget scheduled__2022-01-02T06:00:00+00:00 [queued]>
[2025-02-12T03:51:47.736+0000] {taskinstance.py:2613} INFO - Dependencies all met for dep_context=requeueable deps ti=<TaskInstance: LocalIngestionDag.wget scheduled__2022-01-02T06:00:00+00:00 [queued]>
[2025-02-12T03:51:47.736+0000] {taskinstance.py:2866} INFO - Starting attempt 1 of 1
[2025-02-12T03:51:47.746+0000] {taskinstance.py:2889} INFO - Executing <Task(BashOperator): wget> on 2022-01-02 06:00:00+00:00
[2025-02-12T03:51:47.751+0000] {warnings.py:112} WARNING - /home/***/.local/lib/python3.12/site-packages/***/task/task_runner/standard_task_runner.py:70: DeprecationWarning: This process (pid=326) is multi-threaded, use of fork() may lead to deadlocks in the child.
  pid = os.fork()

[2025-02-12T03:51:47.753+0000] {standard_task_runner.py:72} INFO - Started process 371 to run task
[2025-02-12T03:51:47.752+0000] {standard_task_runner.py:104} INFO - Running: ['***', 'tasks', 'run', 'LocalIngestionDag', 'wget', 'scheduled__2022-01-02T06:00:00+00:00', '--job-id', '16', '--raw', '--subdir', 'DAGS_FOLDER/data_ingestion_local.py', '--cfg-path', '/tmp/tmpquf_t5mf']
[2025-02-12T03:51:47.757+0000] {standard_task_runner.py:105} INFO - Job 16: Subtask wget
[2025-02-12T03:51:47.801+0000] {task_command.py:467} INFO - Running <TaskInstance: LocalIngestionDag.wget scheduled__2022-01-02T06:00:00+00:00 [running]> on host ee2ea8770015
[2025-02-12T03:51:47.858+0000] {taskinstance.py:3132} INFO - Exporting env vars: AIRFLOW_CTX_DAG_OWNER='***' AIRFLOW_CTX_DAG_ID='LocalIngestionDag' AIRFLOW_CTX_TASK_ID='wget' AIRFLOW_CTX_EXECUTION_DATE='2022-01-02T06:00:00+00:00' AIRFLOW_CTX_TRY_NUMBER='1' AIRFLOW_CTX_DAG_RUN_ID='scheduled__2022-01-02T06:00:00+00:00'
[2025-02-12T03:51:47.859+0000] {taskinstance.py:731} INFO - ::endgroup::
[2025-02-12T03:51:47.866+0000] {subprocess.py:78} INFO - Tmp dir root location: /tmp
[2025-02-12T03:51:47.867+0000] {subprocess.py:88} INFO - Running command: ['/usr/bin/bash', '-c', 'curl -sSL https://github.com/DataTalksClub/nyc-tlc-data/releases/download/yellow/yellow_tripdata_2019-01.csv.gz > /opt/***/yellow_tripdata_2019-01.csv.gz']
[2025-02-12T03:51:47.875+0000] {subprocess.py:99} INFO - Output:
[2025-02-12T03:53:02.097+0000] {subprocess.py:110} INFO - Command exited with return code 0
[2025-02-12T03:53:06.313+0000] {taskinstance.py:340} INFO - ::group::Post task execution logs
[2025-02-12T03:53:06.314+0000] {taskinstance.py:352} INFO - Marking task as SUCCESS. dag_id=LocalIngestionDag, task_id=wget, run_id=scheduled__2022-01-02T06:00:00+00:00, execution_date=20220102T060000, start_date=20250212T035147, end_date=20250212T035306
[2025-02-12T03:53:06.378+0000] {local_task_job_runner.py:266} INFO - Task exited with return code 0
[2025-02-12T03:53:06.403+0000] {local_task_job_runner.py:245} INFO - ::endgroup::
