[2025-02-11T01:59:09.759+0000] {local_task_job_runner.py:123} INFO - ::group::Pre task execution logs
[2025-02-11T01:59:09.817+0000] {taskinstance.py:2613} INFO - Dependencies all met for dep_context=non-requeueable deps ti=<TaskInstance: LocalIngestionDag.wget scheduled__2023-07-02T06:00:00+00:00 [queued]>
[2025-02-11T01:59:09.836+0000] {taskinstance.py:2613} INFO - Dependencies all met for dep_context=requeueable deps ti=<TaskInstance: LocalIngestionDag.wget scheduled__2023-07-02T06:00:00+00:00 [queued]>
[2025-02-11T01:59:09.838+0000] {taskinstance.py:2866} INFO - Starting attempt 1 of 1
[2025-02-11T01:59:09.888+0000] {taskinstance.py:2889} INFO - Executing <Task(BashOperator): wget> on 2023-07-02 06:00:00+00:00
[2025-02-11T01:59:09.922+0000] {warnings.py:112} WARNING - /home/***/.local/lib/python3.12/site-packages/***/task/task_runner/standard_task_runner.py:70: DeprecationWarning: This process (pid=540) is multi-threaded, use of fork() may lead to deadlocks in the child.
  pid = os.fork()

[2025-02-11T01:59:09.923+0000] {standard_task_runner.py:72} INFO - Started process 573 to run task
[2025-02-11T01:59:09.927+0000] {standard_task_runner.py:104} INFO - Running: ['***', 'tasks', 'run', 'LocalIngestionDag', 'wget', 'scheduled__2023-07-02T06:00:00+00:00', '--job-id', '56', '--raw', '--subdir', 'DAGS_FOLDER/data_ingestion_local.py', '--cfg-path', '/tmp/tmpo0wy8f2l']
[2025-02-11T01:59:09.933+0000] {standard_task_runner.py:105} INFO - Job 56: Subtask wget
[2025-02-11T01:59:10.152+0000] {task_command.py:467} INFO - Running <TaskInstance: LocalIngestionDag.wget scheduled__2023-07-02T06:00:00+00:00 [running]> on host 79800649bc05
[2025-02-11T01:59:10.344+0000] {taskinstance.py:3132} INFO - Exporting env vars: AIRFLOW_CTX_DAG_OWNER='***' AIRFLOW_CTX_DAG_ID='LocalIngestionDag' AIRFLOW_CTX_TASK_ID='wget' AIRFLOW_CTX_EXECUTION_DATE='2023-07-02T06:00:00+00:00' AIRFLOW_CTX_TRY_NUMBER='1' AIRFLOW_CTX_DAG_RUN_ID='scheduled__2023-07-02T06:00:00+00:00'
[2025-02-11T01:59:10.345+0000] {taskinstance.py:731} INFO - ::endgroup::
[2025-02-11T01:59:10.369+0000] {subprocess.py:78} INFO - Tmp dir root location: /tmp
[2025-02-11T01:59:10.377+0000] {subprocess.py:88} INFO - Running command: ['/usr/bin/bash', '-c', 'curl -sSL https://s3.amazonaws.com/nyc-tlc/trip+data/yellow_tripdata_2023-07.csv > /opt/***/output_2023-07.csv']
[2025-02-11T01:59:10.395+0000] {subprocess.py:99} INFO - Output:
[2025-02-11T01:59:10.537+0000] {subprocess.py:110} INFO - Command exited with return code 0
[2025-02-11T01:59:10.771+0000] {taskinstance.py:340} INFO - ::group::Post task execution logs
[2025-02-11T01:59:10.772+0000] {taskinstance.py:352} INFO - Marking task as SUCCESS. dag_id=LocalIngestionDag, task_id=wget, run_id=scheduled__2023-07-02T06:00:00+00:00, execution_date=20230702T060000, start_date=20250211T015909, end_date=20250211T015910
[2025-02-11T01:59:10.832+0000] {local_task_job_runner.py:266} INFO - Task exited with return code 0
[2025-02-11T01:59:10.871+0000] {taskinstance.py:3895} INFO - 1 downstream tasks scheduled from follow-on schedule check
[2025-02-11T01:59:10.872+0000] {local_task_job_runner.py:245} INFO - ::endgroup::
