[2025-02-11T01:59:07.566+0000] {local_task_job_runner.py:123} INFO - ::group::Pre task execution logs
[2025-02-11T01:59:07.600+0000] {taskinstance.py:2613} INFO - Dependencies all met for dep_context=non-requeueable deps ti=<TaskInstance: LocalIngestionDag.wget scheduled__2022-05-02T06:00:00+00:00 [queued]>
[2025-02-11T01:59:07.613+0000] {taskinstance.py:2613} INFO - Dependencies all met for dep_context=requeueable deps ti=<TaskInstance: LocalIngestionDag.wget scheduled__2022-05-02T06:00:00+00:00 [queued]>
[2025-02-11T01:59:07.613+0000] {taskinstance.py:2866} INFO - Starting attempt 1 of 1
[2025-02-11T01:59:07.643+0000] {taskinstance.py:2889} INFO - Executing <Task(BashOperator): wget> on 2022-05-02 06:00:00+00:00
[2025-02-11T01:59:07.650+0000] {warnings.py:112} WARNING - /home/***/.local/lib/python3.12/site-packages/***/task/task_runner/standard_task_runner.py:70: DeprecationWarning: This process (pid=469) is multi-threaded, use of fork() may lead to deadlocks in the child.
  pid = os.fork()

[2025-02-11T01:59:07.655+0000] {standard_task_runner.py:72} INFO - Started process 475 to run task
[2025-02-11T01:59:07.652+0000] {standard_task_runner.py:104} INFO - Running: ['***', 'tasks', 'run', 'LocalIngestionDag', 'wget', 'scheduled__2022-05-02T06:00:00+00:00', '--job-id', '37', '--raw', '--subdir', 'DAGS_FOLDER/data_ingestion_local.py', '--cfg-path', '/tmp/tmp7fzbuau8']
[2025-02-11T01:59:07.657+0000] {standard_task_runner.py:105} INFO - Job 37: Subtask wget
[2025-02-11T01:59:07.743+0000] {task_command.py:467} INFO - Running <TaskInstance: LocalIngestionDag.wget scheduled__2022-05-02T06:00:00+00:00 [running]> on host 79800649bc05
[2025-02-11T01:59:07.841+0000] {taskinstance.py:3132} INFO - Exporting env vars: AIRFLOW_CTX_DAG_OWNER='***' AIRFLOW_CTX_DAG_ID='LocalIngestionDag' AIRFLOW_CTX_TASK_ID='wget' AIRFLOW_CTX_EXECUTION_DATE='2022-05-02T06:00:00+00:00' AIRFLOW_CTX_TRY_NUMBER='1' AIRFLOW_CTX_DAG_RUN_ID='scheduled__2022-05-02T06:00:00+00:00'
[2025-02-11T01:59:07.850+0000] {taskinstance.py:731} INFO - ::endgroup::
[2025-02-11T01:59:07.870+0000] {subprocess.py:78} INFO - Tmp dir root location: /tmp
[2025-02-11T01:59:07.874+0000] {subprocess.py:88} INFO - Running command: ['/usr/bin/bash', '-c', 'curl -sSL https://s3.amazonaws.com/nyc-tlc/trip+data/yellow_tripdata_2022-05.csv > /opt/***/output_2022-05.csv']
[2025-02-11T01:59:07.885+0000] {subprocess.py:99} INFO - Output:
[2025-02-11T01:59:08.001+0000] {subprocess.py:110} INFO - Command exited with return code 0
[2025-02-11T01:59:08.269+0000] {taskinstance.py:340} INFO - ::group::Post task execution logs
[2025-02-11T01:59:08.274+0000] {taskinstance.py:352} INFO - Marking task as SUCCESS. dag_id=LocalIngestionDag, task_id=wget, run_id=scheduled__2022-05-02T06:00:00+00:00, execution_date=20220502T060000, start_date=20250211T015907, end_date=20250211T015908
[2025-02-11T01:59:08.337+0000] {local_task_job_runner.py:266} INFO - Task exited with return code 0
[2025-02-11T01:59:08.378+0000] {taskinstance.py:3895} INFO - 1 downstream tasks scheduled from follow-on schedule check
[2025-02-11T01:59:08.388+0000] {local_task_job_runner.py:245} INFO - ::endgroup::
