[2025-02-11T01:59:19.566+0000] {local_task_job_runner.py:123} INFO - ::group::Pre task execution logs
[2025-02-11T01:59:19.579+0000] {taskinstance.py:2613} INFO - Dependencies all met for dep_context=non-requeueable deps ti=<TaskInstance: LocalIngestionDag.wget scheduled__2024-12-02T06:00:00+00:00 [queued]>
[2025-02-11T01:59:19.583+0000] {taskinstance.py:2613} INFO - Dependencies all met for dep_context=requeueable deps ti=<TaskInstance: LocalIngestionDag.wget scheduled__2024-12-02T06:00:00+00:00 [queued]>
[2025-02-11T01:59:19.584+0000] {taskinstance.py:2866} INFO - Starting attempt 1 of 1
[2025-02-11T01:59:19.592+0000] {taskinstance.py:2889} INFO - Executing <Task(BashOperator): wget> on 2024-12-02 06:00:00+00:00
[2025-02-11T01:59:19.596+0000] {warnings.py:112} WARNING - /home/***/.local/lib/python3.12/site-packages/***/task/task_runner/standard_task_runner.py:70: DeprecationWarning: This process (pid=723) is multi-threaded, use of fork() may lead to deadlocks in the child.
  pid = os.fork()

[2025-02-11T01:59:19.597+0000] {standard_task_runner.py:72} INFO - Started process 742 to run task
[2025-02-11T01:59:19.597+0000] {standard_task_runner.py:104} INFO - Running: ['***', 'tasks', 'run', 'LocalIngestionDag', 'wget', 'scheduled__2024-12-02T06:00:00+00:00', '--job-id', '94', '--raw', '--subdir', 'DAGS_FOLDER/data_ingestion_local.py', '--cfg-path', '/tmp/tmp4kh2tf42']
[2025-02-11T01:59:19.600+0000] {standard_task_runner.py:105} INFO - Job 94: Subtask wget
[2025-02-11T01:59:19.635+0000] {task_command.py:467} INFO - Running <TaskInstance: LocalIngestionDag.wget scheduled__2024-12-02T06:00:00+00:00 [running]> on host 79800649bc05
[2025-02-11T01:59:19.686+0000] {taskinstance.py:3132} INFO - Exporting env vars: AIRFLOW_CTX_DAG_OWNER='***' AIRFLOW_CTX_DAG_ID='LocalIngestionDag' AIRFLOW_CTX_TASK_ID='wget' AIRFLOW_CTX_EXECUTION_DATE='2024-12-02T06:00:00+00:00' AIRFLOW_CTX_TRY_NUMBER='1' AIRFLOW_CTX_DAG_RUN_ID='scheduled__2024-12-02T06:00:00+00:00'
[2025-02-11T01:59:19.687+0000] {taskinstance.py:731} INFO - ::endgroup::
[2025-02-11T01:59:19.693+0000] {subprocess.py:78} INFO - Tmp dir root location: /tmp
[2025-02-11T01:59:19.693+0000] {subprocess.py:88} INFO - Running command: ['/usr/bin/bash', '-c', 'curl -sSL https://s3.amazonaws.com/nyc-tlc/trip+data/yellow_tripdata_2024-12.csv > /opt/***/output_2024-12.csv']
[2025-02-11T01:59:19.699+0000] {subprocess.py:99} INFO - Output:
[2025-02-11T01:59:19.876+0000] {subprocess.py:110} INFO - Command exited with return code 0
[2025-02-11T01:59:20.058+0000] {taskinstance.py:340} INFO - ::group::Post task execution logs
[2025-02-11T01:59:20.058+0000] {taskinstance.py:352} INFO - Marking task as SUCCESS. dag_id=LocalIngestionDag, task_id=wget, run_id=scheduled__2024-12-02T06:00:00+00:00, execution_date=20241202T060000, start_date=20250211T015919, end_date=20250211T015920
[2025-02-11T01:59:20.113+0000] {local_task_job_runner.py:266} INFO - Task exited with return code 0
[2025-02-11T01:59:20.146+0000] {taskinstance.py:3895} INFO - 1 downstream tasks scheduled from follow-on schedule check
[2025-02-11T01:59:20.148+0000] {local_task_job_runner.py:245} INFO - ::endgroup::
[2025-02-12T03:54:56.074+0000] {local_task_job_runner.py:123} INFO - ::group::Pre task execution logs
[2025-02-12T03:54:56.090+0000] {taskinstance.py:2613} INFO - Dependencies all met for dep_context=non-requeueable deps ti=<TaskInstance: LocalIngestionDag.wget scheduled__2024-12-02T06:00:00+00:00 [queued]>
[2025-02-12T03:54:56.094+0000] {taskinstance.py:2613} INFO - Dependencies all met for dep_context=requeueable deps ti=<TaskInstance: LocalIngestionDag.wget scheduled__2024-12-02T06:00:00+00:00 [queued]>
[2025-02-12T03:54:56.095+0000] {taskinstance.py:2866} INFO - Starting attempt 1 of 1
[2025-02-12T03:54:56.102+0000] {taskinstance.py:2889} INFO - Executing <Task(BashOperator): wget> on 2024-12-02 06:00:00+00:00
[2025-02-12T03:54:56.107+0000] {warnings.py:112} WARNING - /home/***/.local/lib/python3.12/site-packages/***/task/task_runner/standard_task_runner.py:70: DeprecationWarning: This process (pid=1250) is multi-threaded, use of fork() may lead to deadlocks in the child.
  pid = os.fork()

[2025-02-12T03:54:56.108+0000] {standard_task_runner.py:72} INFO - Started process 1278 to run task
[2025-02-12T03:54:56.109+0000] {standard_task_runner.py:104} INFO - Running: ['***', 'tasks', 'run', 'LocalIngestionDag', 'wget', 'scheduled__2024-12-02T06:00:00+00:00', '--job-id', '88', '--raw', '--subdir', 'DAGS_FOLDER/data_ingestion_local.py', '--cfg-path', '/tmp/tmpiltk2n2r']
[2025-02-12T03:54:56.110+0000] {standard_task_runner.py:105} INFO - Job 88: Subtask wget
[2025-02-12T03:54:56.148+0000] {task_command.py:467} INFO - Running <TaskInstance: LocalIngestionDag.wget scheduled__2024-12-02T06:00:00+00:00 [running]> on host ee2ea8770015
[2025-02-12T03:54:56.205+0000] {taskinstance.py:3132} INFO - Exporting env vars: AIRFLOW_CTX_DAG_OWNER='***' AIRFLOW_CTX_DAG_ID='LocalIngestionDag' AIRFLOW_CTX_TASK_ID='wget' AIRFLOW_CTX_EXECUTION_DATE='2024-12-02T06:00:00+00:00' AIRFLOW_CTX_TRY_NUMBER='1' AIRFLOW_CTX_DAG_RUN_ID='scheduled__2024-12-02T06:00:00+00:00'
[2025-02-12T03:54:56.206+0000] {taskinstance.py:731} INFO - ::endgroup::
[2025-02-12T03:54:56.214+0000] {subprocess.py:78} INFO - Tmp dir root location: /tmp
[2025-02-12T03:54:56.215+0000] {subprocess.py:88} INFO - Running command: ['/usr/bin/bash', '-c', 'curl -sSL https://github.com/DataTalksClub/nyc-tlc-data/releases/download/yellow/yellow_tripdata_2019-01.csv.gz > /opt/***/yellow_tripdata_2019-01.csv.gz']
[2025-02-12T03:54:56.220+0000] {subprocess.py:99} INFO - Output:
[2025-02-12T03:55:38.815+0000] {subprocess.py:110} INFO - Command exited with return code 0
[2025-02-12T03:55:39.012+0000] {taskinstance.py:340} INFO - ::group::Post task execution logs
[2025-02-12T03:55:39.013+0000] {taskinstance.py:352} INFO - Marking task as SUCCESS. dag_id=LocalIngestionDag, task_id=wget, run_id=scheduled__2024-12-02T06:00:00+00:00, execution_date=20241202T060000, start_date=20250212T035456, end_date=20250212T035539
[2025-02-12T03:55:39.064+0000] {local_task_job_runner.py:266} INFO - Task exited with return code 0
[2025-02-12T03:55:39.080+0000] {taskinstance.py:3895} INFO - 1 downstream tasks scheduled from follow-on schedule check
[2025-02-12T03:55:39.082+0000] {local_task_job_runner.py:245} INFO - ::endgroup::
