[2025-02-11T01:59:14.214+0000] {local_task_job_runner.py:123} INFO - ::group::Pre task execution logs
[2025-02-11T01:59:14.230+0000] {taskinstance.py:2613} INFO - Dependencies all met for dep_context=non-requeueable deps ti=<TaskInstance: LocalIngestionDag.wget scheduled__2023-11-02T06:00:00+00:00 [queued]>
[2025-02-11T01:59:14.237+0000] {taskinstance.py:2613} INFO - Dependencies all met for dep_context=requeueable deps ti=<TaskInstance: LocalIngestionDag.wget scheduled__2023-11-02T06:00:00+00:00 [queued]>
[2025-02-11T01:59:14.240+0000] {taskinstance.py:2866} INFO - Starting attempt 1 of 1
[2025-02-11T01:59:14.263+0000] {taskinstance.py:2889} INFO - Executing <Task(BashOperator): wget> on 2023-11-02 06:00:00+00:00
[2025-02-11T01:59:14.272+0000] {warnings.py:112} WARNING - /home/***/.local/lib/python3.12/site-packages/***/task/task_runner/standard_task_runner.py:70: DeprecationWarning: This process (pid=628) is multi-threaded, use of fork() may lead to deadlocks in the child.
  pid = os.fork()

[2025-02-11T01:59:14.274+0000] {standard_task_runner.py:72} INFO - Started process 637 to run task
[2025-02-11T01:59:14.275+0000] {standard_task_runner.py:104} INFO - Running: ['***', 'tasks', 'run', 'LocalIngestionDag', 'wget', 'scheduled__2023-11-02T06:00:00+00:00', '--job-id', '72', '--raw', '--subdir', 'DAGS_FOLDER/data_ingestion_local.py', '--cfg-path', '/tmp/tmpcp201p6r']
[2025-02-11T01:59:14.281+0000] {standard_task_runner.py:105} INFO - Job 72: Subtask wget
[2025-02-11T01:59:14.362+0000] {task_command.py:467} INFO - Running <TaskInstance: LocalIngestionDag.wget scheduled__2023-11-02T06:00:00+00:00 [running]> on host 79800649bc05
[2025-02-11T01:59:14.534+0000] {taskinstance.py:3132} INFO - Exporting env vars: AIRFLOW_CTX_DAG_OWNER='***' AIRFLOW_CTX_DAG_ID='LocalIngestionDag' AIRFLOW_CTX_TASK_ID='wget' AIRFLOW_CTX_EXECUTION_DATE='2023-11-02T06:00:00+00:00' AIRFLOW_CTX_TRY_NUMBER='1' AIRFLOW_CTX_DAG_RUN_ID='scheduled__2023-11-02T06:00:00+00:00'
[2025-02-11T01:59:14.542+0000] {taskinstance.py:731} INFO - ::endgroup::
[2025-02-11T01:59:14.565+0000] {subprocess.py:78} INFO - Tmp dir root location: /tmp
[2025-02-11T01:59:14.570+0000] {subprocess.py:88} INFO - Running command: ['/usr/bin/bash', '-c', 'curl -sSL https://s3.amazonaws.com/nyc-tlc/trip+data/yellow_tripdata_2023-11.csv > /opt/***/output_2023-11.csv']
[2025-02-11T01:59:14.584+0000] {subprocess.py:99} INFO - Output:
[2025-02-11T01:59:14.988+0000] {subprocess.py:110} INFO - Command exited with return code 0
[2025-02-11T01:59:15.118+0000] {taskinstance.py:340} INFO - ::group::Post task execution logs
[2025-02-11T01:59:15.119+0000] {taskinstance.py:352} INFO - Marking task as SUCCESS. dag_id=LocalIngestionDag, task_id=wget, run_id=scheduled__2023-11-02T06:00:00+00:00, execution_date=20231102T060000, start_date=20250211T015914, end_date=20250211T015915
[2025-02-11T01:59:15.175+0000] {local_task_job_runner.py:266} INFO - Task exited with return code 0
[2025-02-11T01:59:15.194+0000] {taskinstance.py:3895} INFO - 1 downstream tasks scheduled from follow-on schedule check
[2025-02-11T01:59:15.197+0000] {local_task_job_runner.py:245} INFO - ::endgroup::
[2025-02-12T03:54:31.850+0000] {local_task_job_runner.py:123} INFO - ::group::Pre task execution logs
[2025-02-12T03:54:31.878+0000] {taskinstance.py:2613} INFO - Dependencies all met for dep_context=non-requeueable deps ti=<TaskInstance: LocalIngestionDag.wget scheduled__2023-11-02T06:00:00+00:00 [queued]>
[2025-02-12T03:54:31.885+0000] {taskinstance.py:2613} INFO - Dependencies all met for dep_context=requeueable deps ti=<TaskInstance: LocalIngestionDag.wget scheduled__2023-11-02T06:00:00+00:00 [queued]>
[2025-02-12T03:54:31.885+0000] {taskinstance.py:2866} INFO - Starting attempt 1 of 1
[2025-02-12T03:54:31.964+0000] {taskinstance.py:2889} INFO - Executing <Task(BashOperator): wget> on 2023-11-02 06:00:00+00:00
[2025-02-12T03:54:31.969+0000] {warnings.py:112} WARNING - /home/***/.local/lib/python3.12/site-packages/***/task/task_runner/standard_task_runner.py:70: DeprecationWarning: This process (pid=1068) is multi-threaded, use of fork() may lead to deadlocks in the child.
  pid = os.fork()

[2025-02-12T03:54:31.971+0000] {standard_task_runner.py:72} INFO - Started process 1072 to run task
[2025-02-12T03:54:31.972+0000] {standard_task_runner.py:104} INFO - Running: ['***', 'tasks', 'run', 'LocalIngestionDag', 'wget', 'scheduled__2023-11-02T06:00:00+00:00', '--job-id', '67', '--raw', '--subdir', 'DAGS_FOLDER/data_ingestion_local.py', '--cfg-path', '/tmp/tmpk14lqkox']
[2025-02-12T03:54:31.975+0000] {standard_task_runner.py:105} INFO - Job 67: Subtask wget
[2025-02-12T03:54:32.091+0000] {task_command.py:467} INFO - Running <TaskInstance: LocalIngestionDag.wget scheduled__2023-11-02T06:00:00+00:00 [running]> on host ee2ea8770015
[2025-02-12T03:54:32.201+0000] {taskinstance.py:3132} INFO - Exporting env vars: AIRFLOW_CTX_DAG_OWNER='***' AIRFLOW_CTX_DAG_ID='LocalIngestionDag' AIRFLOW_CTX_TASK_ID='wget' AIRFLOW_CTX_EXECUTION_DATE='2023-11-02T06:00:00+00:00' AIRFLOW_CTX_TRY_NUMBER='1' AIRFLOW_CTX_DAG_RUN_ID='scheduled__2023-11-02T06:00:00+00:00'
[2025-02-12T03:54:32.202+0000] {taskinstance.py:731} INFO - ::endgroup::
[2025-02-12T03:54:32.217+0000] {subprocess.py:78} INFO - Tmp dir root location: /tmp
[2025-02-12T03:54:32.227+0000] {subprocess.py:88} INFO - Running command: ['/usr/bin/bash', '-c', 'curl -sSL https://github.com/DataTalksClub/nyc-tlc-data/releases/download/yellow/yellow_tripdata_2019-01.csv.gz > /opt/***/yellow_tripdata_2019-01.csv.gz']
[2025-02-12T03:54:32.249+0000] {subprocess.py:99} INFO - Output:
[2025-02-12T03:54:45.525+0000] {subprocess.py:110} INFO - Command exited with return code 0
[2025-02-12T03:54:45.564+0000] {taskinstance.py:340} INFO - ::group::Post task execution logs
[2025-02-12T03:54:45.565+0000] {taskinstance.py:352} INFO - Marking task as SUCCESS. dag_id=LocalIngestionDag, task_id=wget, run_id=scheduled__2023-11-02T06:00:00+00:00, execution_date=20231102T060000, start_date=20250212T035431, end_date=20250212T035445
[2025-02-12T03:54:45.632+0000] {local_task_job_runner.py:266} INFO - Task exited with return code 0
[2025-02-12T03:54:45.647+0000] {taskinstance.py:3895} INFO - 1 downstream tasks scheduled from follow-on schedule check
[2025-02-12T03:54:45.648+0000] {local_task_job_runner.py:245} INFO - ::endgroup::
