[2025-02-14T02:14:47.442+0000] {local_task_job_runner.py:123} INFO - ::group::Pre task execution logs
[2025-02-14T02:14:47.454+0000] {taskinstance.py:2613} INFO - Dependencies all met for dep_context=non-requeueable deps ti=<TaskInstance: Backfill_Yellow_Taxi.wget_2022_3 manual__2025-02-14T02:14:40.387594+00:00 [queued]>
[2025-02-14T02:14:47.459+0000] {taskinstance.py:2613} INFO - Dependencies all met for dep_context=requeueable deps ti=<TaskInstance: Backfill_Yellow_Taxi.wget_2022_3 manual__2025-02-14T02:14:40.387594+00:00 [queued]>
[2025-02-14T02:14:47.459+0000] {taskinstance.py:2866} INFO - Starting attempt 1 of 2
[2025-02-14T02:14:47.466+0000] {taskinstance.py:2889} INFO - Executing <Task(BashOperator): wget_2022_3> on 2025-02-14 02:14:40.387594+00:00
[2025-02-14T02:14:47.469+0000] {warnings.py:112} WARNING - /home/***/.local/lib/python3.12/site-packages/***/task/task_runner/standard_task_runner.py:70: DeprecationWarning: This process (pid=16503) is multi-threaded, use of fork() may lead to deadlocks in the child.
  pid = os.fork()

[2025-02-14T02:14:47.470+0000] {standard_task_runner.py:72} INFO - Started process 16505 to run task
[2025-02-14T02:14:47.471+0000] {standard_task_runner.py:104} INFO - Running: ['***', 'tasks', 'run', 'Backfill_Yellow_Taxi', 'wget_2022_3', 'manual__2025-02-14T02:14:40.387594+00:00', '--job-id', '141', '--raw', '--subdir', 'DAGS_FOLDER/data_ingestion_local.py', '--cfg-path', '/tmp/tmphfuwbal2']
[2025-02-14T02:14:47.473+0000] {standard_task_runner.py:105} INFO - Job 141: Subtask wget_2022_3
[2025-02-14T02:14:47.506+0000] {task_command.py:467} INFO - Running <TaskInstance: Backfill_Yellow_Taxi.wget_2022_3 manual__2025-02-14T02:14:40.387594+00:00 [running]> on host 06c256ee3505
[2025-02-14T02:14:47.558+0000] {taskinstance.py:3132} INFO - Exporting env vars: AIRFLOW_CTX_DAG_OWNER='***' AIRFLOW_CTX_DAG_ID='Backfill_Yellow_Taxi' AIRFLOW_CTX_TASK_ID='wget_2022_3' AIRFLOW_CTX_EXECUTION_DATE='2025-02-14T02:14:40.387594+00:00' AIRFLOW_CTX_TRY_NUMBER='1' AIRFLOW_CTX_DAG_RUN_ID='manual__2025-02-14T02:14:40.387594+00:00'
[2025-02-14T02:14:47.559+0000] {taskinstance.py:731} INFO - ::endgroup::
[2025-02-14T02:14:47.568+0000] {subprocess.py:78} INFO - Tmp dir root location: /tmp
[2025-02-14T02:14:47.569+0000] {subprocess.py:88} INFO - Running command: ['/usr/bin/bash', '-c', 'curl -sSL https://github.com/DataTalksClub/nyc-tlc-data/releases/download/yellow/yellow_tripdata_2022-03.csv.gz > /opt/***/yellow_tripdata_2022-03.csv.gz']
[2025-02-14T02:14:47.575+0000] {subprocess.py:99} INFO - Output:
[2025-02-14T02:14:50.396+0000] {subprocess.py:110} INFO - Command exited with return code 0
[2025-02-14T02:14:50.860+0000] {taskinstance.py:340} INFO - ::group::Post task execution logs
[2025-02-14T02:14:50.863+0000] {taskinstance.py:352} INFO - Marking task as SUCCESS. dag_id=Backfill_Yellow_Taxi, task_id=wget_2022_3, run_id=manual__2025-02-14T02:14:40.387594+00:00, execution_date=20250214T021440, start_date=20250214T021447, end_date=20250214T021450
[2025-02-14T02:14:51.006+0000] {local_task_job_runner.py:266} INFO - Task exited with return code 0
[2025-02-14T02:14:51.034+0000] {local_task_job_runner.py:245} INFO - ::endgroup::
