[2025-02-11T01:59:08.886+0000] {local_task_job_runner.py:123} INFO - ::group::Pre task execution logs
[2025-02-11T01:59:08.905+0000] {taskinstance.py:2613} INFO - Dependencies all met for dep_context=non-requeueable deps ti=<TaskInstance: LocalIngestionDag.wget scheduled__2023-04-02T06:00:00+00:00 [queued]>
[2025-02-11T01:59:08.914+0000] {taskinstance.py:2613} INFO - Dependencies all met for dep_context=requeueable deps ti=<TaskInstance: LocalIngestionDag.wget scheduled__2023-04-02T06:00:00+00:00 [queued]>
[2025-02-11T01:59:08.916+0000] {taskinstance.py:2866} INFO - Starting attempt 1 of 1
[2025-02-11T01:59:08.953+0000] {taskinstance.py:2889} INFO - Executing <Task(BashOperator): wget> on 2023-04-02 06:00:00+00:00
[2025-02-11T01:59:08.962+0000] {warnings.py:112} WARNING - /home/***/.local/lib/python3.12/site-packages/***/task/task_runner/standard_task_runner.py:70: DeprecationWarning: This process (pid=508) is multi-threaded, use of fork() may lead to deadlocks in the child.
  pid = os.fork()

[2025-02-11T01:59:08.965+0000] {standard_task_runner.py:72} INFO - Started process 538 to run task
[2025-02-11T01:59:08.971+0000] {standard_task_runner.py:104} INFO - Running: ['***', 'tasks', 'run', 'LocalIngestionDag', 'wget', 'scheduled__2023-04-02T06:00:00+00:00', '--job-id', '48', '--raw', '--subdir', 'DAGS_FOLDER/data_ingestion_local.py', '--cfg-path', '/tmp/tmpvovktm2d']
[2025-02-11T01:59:08.977+0000] {standard_task_runner.py:105} INFO - Job 48: Subtask wget
[2025-02-11T01:59:09.033+0000] {task_command.py:467} INFO - Running <TaskInstance: LocalIngestionDag.wget scheduled__2023-04-02T06:00:00+00:00 [running]> on host 79800649bc05
[2025-02-11T01:59:09.171+0000] {taskinstance.py:3132} INFO - Exporting env vars: AIRFLOW_CTX_DAG_OWNER='***' AIRFLOW_CTX_DAG_ID='LocalIngestionDag' AIRFLOW_CTX_TASK_ID='wget' AIRFLOW_CTX_EXECUTION_DATE='2023-04-02T06:00:00+00:00' AIRFLOW_CTX_TRY_NUMBER='1' AIRFLOW_CTX_DAG_RUN_ID='scheduled__2023-04-02T06:00:00+00:00'
[2025-02-11T01:59:09.176+0000] {taskinstance.py:731} INFO - ::endgroup::
[2025-02-11T01:59:09.232+0000] {subprocess.py:78} INFO - Tmp dir root location: /tmp
[2025-02-11T01:59:09.234+0000] {subprocess.py:88} INFO - Running command: ['/usr/bin/bash', '-c', 'curl -sSL https://s3.amazonaws.com/nyc-tlc/trip+data/yellow_tripdata_2023-04.csv > /opt/***/output_2023-04.csv']
[2025-02-11T01:59:09.244+0000] {subprocess.py:99} INFO - Output:
[2025-02-11T01:59:09.411+0000] {subprocess.py:110} INFO - Command exited with return code 0
[2025-02-11T01:59:09.749+0000] {taskinstance.py:340} INFO - ::group::Post task execution logs
[2025-02-11T01:59:09.751+0000] {taskinstance.py:352} INFO - Marking task as SUCCESS. dag_id=LocalIngestionDag, task_id=wget, run_id=scheduled__2023-04-02T06:00:00+00:00, execution_date=20230402T060000, start_date=20250211T015908, end_date=20250211T015909
[2025-02-11T01:59:09.856+0000] {local_task_job_runner.py:266} INFO - Task exited with return code 0
[2025-02-11T01:59:09.898+0000] {taskinstance.py:3895} INFO - 1 downstream tasks scheduled from follow-on schedule check
[2025-02-11T01:59:09.919+0000] {local_task_job_runner.py:245} INFO - ::endgroup::
[2025-02-12T03:53:46.597+0000] {local_task_job_runner.py:123} INFO - ::group::Pre task execution logs
[2025-02-12T03:53:46.622+0000] {taskinstance.py:2613} INFO - Dependencies all met for dep_context=non-requeueable deps ti=<TaskInstance: LocalIngestionDag.wget scheduled__2023-04-02T06:00:00+00:00 [queued]>
[2025-02-12T03:53:46.632+0000] {taskinstance.py:2613} INFO - Dependencies all met for dep_context=requeueable deps ti=<TaskInstance: LocalIngestionDag.wget scheduled__2023-04-02T06:00:00+00:00 [queued]>
[2025-02-12T03:53:46.632+0000] {taskinstance.py:2866} INFO - Starting attempt 1 of 1
[2025-02-12T03:53:46.641+0000] {taskinstance.py:2889} INFO - Executing <Task(BashOperator): wget> on 2023-04-02 06:00:00+00:00
[2025-02-12T03:53:46.645+0000] {warnings.py:112} WARNING - /home/***/.local/lib/python3.12/site-packages/***/task/task_runner/standard_task_runner.py:70: DeprecationWarning: This process (pid=827) is multi-threaded, use of fork() may lead to deadlocks in the child.
  pid = os.fork()

[2025-02-12T03:53:46.646+0000] {standard_task_runner.py:72} INFO - Started process 841 to run task
[2025-02-12T03:53:46.647+0000] {standard_task_runner.py:104} INFO - Running: ['***', 'tasks', 'run', 'LocalIngestionDag', 'wget', 'scheduled__2023-04-02T06:00:00+00:00', '--job-id', '50', '--raw', '--subdir', 'DAGS_FOLDER/data_ingestion_local.py', '--cfg-path', '/tmp/tmprf6d2ga5']
[2025-02-12T03:53:46.649+0000] {standard_task_runner.py:105} INFO - Job 50: Subtask wget
[2025-02-12T03:53:46.700+0000] {task_command.py:467} INFO - Running <TaskInstance: LocalIngestionDag.wget scheduled__2023-04-02T06:00:00+00:00 [running]> on host ee2ea8770015
[2025-02-12T03:53:46.774+0000] {taskinstance.py:3132} INFO - Exporting env vars: AIRFLOW_CTX_DAG_OWNER='***' AIRFLOW_CTX_DAG_ID='LocalIngestionDag' AIRFLOW_CTX_TASK_ID='wget' AIRFLOW_CTX_EXECUTION_DATE='2023-04-02T06:00:00+00:00' AIRFLOW_CTX_TRY_NUMBER='1' AIRFLOW_CTX_DAG_RUN_ID='scheduled__2023-04-02T06:00:00+00:00'
[2025-02-12T03:53:46.775+0000] {taskinstance.py:731} INFO - ::endgroup::
[2025-02-12T03:53:46.788+0000] {subprocess.py:78} INFO - Tmp dir root location: /tmp
[2025-02-12T03:53:46.790+0000] {subprocess.py:88} INFO - Running command: ['/usr/bin/bash', '-c', 'curl -sSL https://github.com/DataTalksClub/nyc-tlc-data/releases/download/yellow/yellow_tripdata_2019-01.csv.gz > /opt/***/yellow_tripdata_2019-01.csv.gz']
[2025-02-12T03:53:46.797+0000] {subprocess.py:99} INFO - Output:
[2025-02-12T03:54:31.475+0000] {subprocess.py:110} INFO - Command exited with return code 0
[2025-02-12T03:54:32.884+0000] {taskinstance.py:340} INFO - ::group::Post task execution logs
[2025-02-12T03:54:32.885+0000] {taskinstance.py:352} INFO - Marking task as SUCCESS. dag_id=LocalIngestionDag, task_id=wget, run_id=scheduled__2023-04-02T06:00:00+00:00, execution_date=20230402T060000, start_date=20250212T035346, end_date=20250212T035432
[2025-02-12T03:54:32.918+0000] {local_task_job_runner.py:266} INFO - Task exited with return code 0
[2025-02-12T03:54:32.932+0000] {taskinstance.py:3895} INFO - 1 downstream tasks scheduled from follow-on schedule check
[2025-02-12T03:54:32.933+0000] {local_task_job_runner.py:245} INFO - ::endgroup::
