[2025-02-11T01:59:19.191+0000] {local_task_job_runner.py:123} INFO - ::group::Pre task execution logs
[2025-02-11T01:59:19.214+0000] {taskinstance.py:2613} INFO - Dependencies all met for dep_context=non-requeueable deps ti=<TaskInstance: LocalIngestionDag.wget scheduled__2024-07-02T06:00:00+00:00 [queued]>
[2025-02-11T01:59:19.222+0000] {taskinstance.py:2613} INFO - Dependencies all met for dep_context=requeueable deps ti=<TaskInstance: LocalIngestionDag.wget scheduled__2024-07-02T06:00:00+00:00 [queued]>
[2025-02-11T01:59:19.223+0000] {taskinstance.py:2866} INFO - Starting attempt 1 of 1
[2025-02-11T01:59:19.247+0000] {taskinstance.py:2889} INFO - Executing <Task(BashOperator): wget> on 2024-07-02 06:00:00+00:00
[2025-02-11T01:59:19.250+0000] {warnings.py:112} WARNING - /home/***/.local/lib/python3.12/site-packages/***/task/task_runner/standard_task_runner.py:70: DeprecationWarning: This process (pid=710) is multi-threaded, use of fork() may lead to deadlocks in the child.
  pid = os.fork()

[2025-02-11T01:59:19.256+0000] {standard_task_runner.py:72} INFO - Started process 724 to run task
[2025-02-11T01:59:19.255+0000] {standard_task_runner.py:104} INFO - Running: ['***', 'tasks', 'run', 'LocalIngestionDag', 'wget', 'scheduled__2024-07-02T06:00:00+00:00', '--job-id', '89', '--raw', '--subdir', 'DAGS_FOLDER/data_ingestion_local.py', '--cfg-path', '/tmp/tmpz2ytgmuu']
[2025-02-11T01:59:19.263+0000] {standard_task_runner.py:105} INFO - Job 89: Subtask wget
[2025-02-11T01:59:19.333+0000] {task_command.py:467} INFO - Running <TaskInstance: LocalIngestionDag.wget scheduled__2024-07-02T06:00:00+00:00 [running]> on host 79800649bc05
[2025-02-11T01:59:19.408+0000] {taskinstance.py:3132} INFO - Exporting env vars: AIRFLOW_CTX_DAG_OWNER='***' AIRFLOW_CTX_DAG_ID='LocalIngestionDag' AIRFLOW_CTX_TASK_ID='wget' AIRFLOW_CTX_EXECUTION_DATE='2024-07-02T06:00:00+00:00' AIRFLOW_CTX_TRY_NUMBER='1' AIRFLOW_CTX_DAG_RUN_ID='scheduled__2024-07-02T06:00:00+00:00'
[2025-02-11T01:59:19.410+0000] {taskinstance.py:731} INFO - ::endgroup::
[2025-02-11T01:59:19.418+0000] {subprocess.py:78} INFO - Tmp dir root location: /tmp
[2025-02-11T01:59:19.419+0000] {subprocess.py:88} INFO - Running command: ['/usr/bin/bash', '-c', 'curl -sSL https://s3.amazonaws.com/nyc-tlc/trip+data/yellow_tripdata_2024-07.csv > /opt/***/output_2024-07.csv']
[2025-02-11T01:59:19.432+0000] {subprocess.py:99} INFO - Output:
[2025-02-11T01:59:19.773+0000] {subprocess.py:110} INFO - Command exited with return code 0
[2025-02-11T01:59:19.923+0000] {taskinstance.py:340} INFO - ::group::Post task execution logs
[2025-02-11T01:59:19.924+0000] {taskinstance.py:352} INFO - Marking task as SUCCESS. dag_id=LocalIngestionDag, task_id=wget, run_id=scheduled__2024-07-02T06:00:00+00:00, execution_date=20240702T060000, start_date=20250211T015919, end_date=20250211T015919
[2025-02-11T01:59:20.030+0000] {local_task_job_runner.py:266} INFO - Task exited with return code 0
[2025-02-11T01:59:20.088+0000] {taskinstance.py:3895} INFO - 1 downstream tasks scheduled from follow-on schedule check
[2025-02-11T01:59:20.089+0000] {local_task_job_runner.py:245} INFO - ::endgroup::
[2025-02-12T03:54:55.138+0000] {local_task_job_runner.py:123} INFO - ::group::Pre task execution logs
[2025-02-12T03:54:55.153+0000] {taskinstance.py:2613} INFO - Dependencies all met for dep_context=non-requeueable deps ti=<TaskInstance: LocalIngestionDag.wget scheduled__2024-07-02T06:00:00+00:00 [queued]>
[2025-02-12T03:54:55.158+0000] {taskinstance.py:2613} INFO - Dependencies all met for dep_context=requeueable deps ti=<TaskInstance: LocalIngestionDag.wget scheduled__2024-07-02T06:00:00+00:00 [queued]>
[2025-02-12T03:54:55.163+0000] {taskinstance.py:2866} INFO - Starting attempt 1 of 1
[2025-02-12T03:54:55.195+0000] {taskinstance.py:2889} INFO - Executing <Task(BashOperator): wget> on 2024-07-02 06:00:00+00:00
[2025-02-12T03:54:55.199+0000] {warnings.py:112} WARNING - /home/***/.local/lib/python3.12/site-packages/***/task/task_runner/standard_task_runner.py:70: DeprecationWarning: This process (pid=1230) is multi-threaded, use of fork() may lead to deadlocks in the child.
  pid = os.fork()

[2025-02-12T03:54:55.207+0000] {standard_task_runner.py:72} INFO - Started process 1241 to run task
[2025-02-12T03:54:55.203+0000] {standard_task_runner.py:104} INFO - Running: ['***', 'tasks', 'run', 'LocalIngestionDag', 'wget', 'scheduled__2024-07-02T06:00:00+00:00', '--job-id', '82', '--raw', '--subdir', 'DAGS_FOLDER/data_ingestion_local.py', '--cfg-path', '/tmp/tmp1jzngwgo']
[2025-02-12T03:54:55.220+0000] {standard_task_runner.py:105} INFO - Job 82: Subtask wget
[2025-02-12T03:54:55.345+0000] {task_command.py:467} INFO - Running <TaskInstance: LocalIngestionDag.wget scheduled__2024-07-02T06:00:00+00:00 [running]> on host ee2ea8770015
[2025-02-12T03:54:55.500+0000] {taskinstance.py:3132} INFO - Exporting env vars: AIRFLOW_CTX_DAG_OWNER='***' AIRFLOW_CTX_DAG_ID='LocalIngestionDag' AIRFLOW_CTX_TASK_ID='wget' AIRFLOW_CTX_EXECUTION_DATE='2024-07-02T06:00:00+00:00' AIRFLOW_CTX_TRY_NUMBER='1' AIRFLOW_CTX_DAG_RUN_ID='scheduled__2024-07-02T06:00:00+00:00'
[2025-02-12T03:54:55.505+0000] {taskinstance.py:731} INFO - ::endgroup::
[2025-02-12T03:54:55.524+0000] {subprocess.py:78} INFO - Tmp dir root location: /tmp
[2025-02-12T03:54:55.528+0000] {subprocess.py:88} INFO - Running command: ['/usr/bin/bash', '-c', 'curl -sSL https://github.com/DataTalksClub/nyc-tlc-data/releases/download/yellow/yellow_tripdata_2019-01.csv.gz > /opt/***/yellow_tripdata_2019-01.csv.gz']
[2025-02-12T03:54:55.540+0000] {subprocess.py:99} INFO - Output:
[2025-02-12T03:55:42.473+0000] {subprocess.py:110} INFO - Command exited with return code 0
[2025-02-12T03:55:42.517+0000] {taskinstance.py:340} INFO - ::group::Post task execution logs
[2025-02-12T03:55:42.525+0000] {taskinstance.py:352} INFO - Marking task as SUCCESS. dag_id=LocalIngestionDag, task_id=wget, run_id=scheduled__2024-07-02T06:00:00+00:00, execution_date=20240702T060000, start_date=20250212T035455, end_date=20250212T035542
[2025-02-12T03:55:42.610+0000] {local_task_job_runner.py:266} INFO - Task exited with return code 0
[2025-02-12T03:55:42.662+0000] {taskinstance.py:3895} INFO - 1 downstream tasks scheduled from follow-on schedule check
[2025-02-12T03:55:42.669+0000] {local_task_job_runner.py:245} INFO - ::endgroup::
