[2025-02-11T01:59:15.091+0000] {local_task_job_runner.py:123} INFO - ::group::Pre task execution logs
[2025-02-11T01:59:15.108+0000] {taskinstance.py:2613} INFO - Dependencies all met for dep_context=non-requeueable deps ti=<TaskInstance: LocalIngestionDag.wget scheduled__2024-06-02T06:00:00+00:00 [queued]>
[2025-02-11T01:59:15.113+0000] {taskinstance.py:2613} INFO - Dependencies all met for dep_context=requeueable deps ti=<TaskInstance: LocalIngestionDag.wget scheduled__2024-06-02T06:00:00+00:00 [queued]>
[2025-02-11T01:59:15.114+0000] {taskinstance.py:2866} INFO - Starting attempt 1 of 1
[2025-02-11T01:59:15.125+0000] {taskinstance.py:2889} INFO - Executing <Task(BashOperator): wget> on 2024-06-02 06:00:00+00:00
[2025-02-11T01:59:15.129+0000] {warnings.py:112} WARNING - /home/***/.local/lib/python3.12/site-packages/***/task/task_runner/standard_task_runner.py:70: DeprecationWarning: This process (pid=656) is multi-threaded, use of fork() may lead to deadlocks in the child.
  pid = os.fork()

[2025-02-11T01:59:15.131+0000] {standard_task_runner.py:104} INFO - Running: ['***', 'tasks', 'run', 'LocalIngestionDag', 'wget', 'scheduled__2024-06-02T06:00:00+00:00', '--job-id', '79', '--raw', '--subdir', 'DAGS_FOLDER/data_ingestion_local.py', '--cfg-path', '/tmp/tmpqr_7uqc4']
[2025-02-11T01:59:15.134+0000] {standard_task_runner.py:72} INFO - Started process 677 to run task
[2025-02-11T01:59:15.134+0000] {standard_task_runner.py:105} INFO - Job 79: Subtask wget
[2025-02-11T01:59:15.183+0000] {task_command.py:467} INFO - Running <TaskInstance: LocalIngestionDag.wget scheduled__2024-06-02T06:00:00+00:00 [running]> on host 79800649bc05
[2025-02-11T01:59:15.261+0000] {taskinstance.py:3132} INFO - Exporting env vars: AIRFLOW_CTX_DAG_OWNER='***' AIRFLOW_CTX_DAG_ID='LocalIngestionDag' AIRFLOW_CTX_TASK_ID='wget' AIRFLOW_CTX_EXECUTION_DATE='2024-06-02T06:00:00+00:00' AIRFLOW_CTX_TRY_NUMBER='1' AIRFLOW_CTX_DAG_RUN_ID='scheduled__2024-06-02T06:00:00+00:00'
[2025-02-11T01:59:15.263+0000] {taskinstance.py:731} INFO - ::endgroup::
[2025-02-11T01:59:15.273+0000] {subprocess.py:78} INFO - Tmp dir root location: /tmp
[2025-02-11T01:59:15.276+0000] {subprocess.py:88} INFO - Running command: ['/usr/bin/bash', '-c', 'curl -sSL https://s3.amazonaws.com/nyc-tlc/trip+data/yellow_tripdata_2024-06.csv > /opt/***/output_2024-06.csv']
[2025-02-11T01:59:15.282+0000] {subprocess.py:99} INFO - Output:
[2025-02-11T01:59:15.539+0000] {subprocess.py:110} INFO - Command exited with return code 0
[2025-02-11T01:59:15.660+0000] {taskinstance.py:340} INFO - ::group::Post task execution logs
[2025-02-11T01:59:15.661+0000] {taskinstance.py:352} INFO - Marking task as SUCCESS. dag_id=LocalIngestionDag, task_id=wget, run_id=scheduled__2024-06-02T06:00:00+00:00, execution_date=20240602T060000, start_date=20250211T015915, end_date=20250211T015915
[2025-02-11T01:59:15.693+0000] {local_task_job_runner.py:266} INFO - Task exited with return code 0
[2025-02-11T01:59:15.707+0000] {taskinstance.py:3895} INFO - 1 downstream tasks scheduled from follow-on schedule check
[2025-02-11T01:59:15.708+0000] {local_task_job_runner.py:245} INFO - ::endgroup::
[2025-02-12T03:54:54.953+0000] {local_task_job_runner.py:123} INFO - ::group::Pre task execution logs
[2025-02-12T03:54:54.990+0000] {taskinstance.py:2613} INFO - Dependencies all met for dep_context=non-requeueable deps ti=<TaskInstance: LocalIngestionDag.wget scheduled__2024-06-02T06:00:00+00:00 [queued]>
[2025-02-12T03:54:54.996+0000] {taskinstance.py:2613} INFO - Dependencies all met for dep_context=requeueable deps ti=<TaskInstance: LocalIngestionDag.wget scheduled__2024-06-02T06:00:00+00:00 [queued]>
[2025-02-12T03:54:54.999+0000] {taskinstance.py:2866} INFO - Starting attempt 1 of 1
[2025-02-12T03:54:55.036+0000] {taskinstance.py:2889} INFO - Executing <Task(BashOperator): wget> on 2024-06-02 06:00:00+00:00
[2025-02-12T03:54:55.044+0000] {warnings.py:112} WARNING - /home/***/.local/lib/python3.12/site-packages/***/task/task_runner/standard_task_runner.py:70: DeprecationWarning: This process (pid=1229) is multi-threaded, use of fork() may lead to deadlocks in the child.
  pid = os.fork()

[2025-02-12T03:54:55.046+0000] {standard_task_runner.py:72} INFO - Started process 1235 to run task
[2025-02-12T03:54:55.047+0000] {standard_task_runner.py:104} INFO - Running: ['***', 'tasks', 'run', 'LocalIngestionDag', 'wget', 'scheduled__2024-06-02T06:00:00+00:00', '--job-id', '81', '--raw', '--subdir', 'DAGS_FOLDER/data_ingestion_local.py', '--cfg-path', '/tmp/tmp5tcf612a']
[2025-02-12T03:54:55.051+0000] {standard_task_runner.py:105} INFO - Job 81: Subtask wget
[2025-02-12T03:54:55.125+0000] {task_command.py:467} INFO - Running <TaskInstance: LocalIngestionDag.wget scheduled__2024-06-02T06:00:00+00:00 [running]> on host ee2ea8770015
[2025-02-12T03:54:55.281+0000] {taskinstance.py:3132} INFO - Exporting env vars: AIRFLOW_CTX_DAG_OWNER='***' AIRFLOW_CTX_DAG_ID='LocalIngestionDag' AIRFLOW_CTX_TASK_ID='wget' AIRFLOW_CTX_EXECUTION_DATE='2024-06-02T06:00:00+00:00' AIRFLOW_CTX_TRY_NUMBER='1' AIRFLOW_CTX_DAG_RUN_ID='scheduled__2024-06-02T06:00:00+00:00'
[2025-02-12T03:54:55.288+0000] {taskinstance.py:731} INFO - ::endgroup::
[2025-02-12T03:54:55.306+0000] {subprocess.py:78} INFO - Tmp dir root location: /tmp
[2025-02-12T03:54:55.308+0000] {subprocess.py:88} INFO - Running command: ['/usr/bin/bash', '-c', 'curl -sSL https://github.com/DataTalksClub/nyc-tlc-data/releases/download/yellow/yellow_tripdata_2019-01.csv.gz > /opt/***/yellow_tripdata_2019-01.csv.gz']
[2025-02-12T03:54:55.352+0000] {subprocess.py:99} INFO - Output:
[2025-02-12T03:55:36.279+0000] {subprocess.py:110} INFO - Command exited with return code 0
[2025-02-12T03:55:36.303+0000] {taskinstance.py:340} INFO - ::group::Post task execution logs
[2025-02-12T03:55:36.303+0000] {taskinstance.py:352} INFO - Marking task as SUCCESS. dag_id=LocalIngestionDag, task_id=wget, run_id=scheduled__2024-06-02T06:00:00+00:00, execution_date=20240602T060000, start_date=20250212T035454, end_date=20250212T035536
[2025-02-12T03:55:36.340+0000] {local_task_job_runner.py:266} INFO - Task exited with return code 0
[2025-02-12T03:55:36.356+0000] {taskinstance.py:3895} INFO - 1 downstream tasks scheduled from follow-on schedule check
[2025-02-12T03:55:36.357+0000] {local_task_job_runner.py:245} INFO - ::endgroup::
