[2025-02-11T01:59:08.057+0000] {local_task_job_runner.py:123} INFO - ::group::Pre task execution logs
[2025-02-11T01:59:08.095+0000] {taskinstance.py:2613} INFO - Dependencies all met for dep_context=non-requeueable deps ti=<TaskInstance: LocalIngestionDag.wget scheduled__2022-10-02T06:00:00+00:00 [queued]>
[2025-02-11T01:59:08.102+0000] {taskinstance.py:2613} INFO - Dependencies all met for dep_context=requeueable deps ti=<TaskInstance: LocalIngestionDag.wget scheduled__2022-10-02T06:00:00+00:00 [queued]>
[2025-02-11T01:59:08.106+0000] {taskinstance.py:2866} INFO - Starting attempt 1 of 1
[2025-02-11T01:59:08.132+0000] {taskinstance.py:2889} INFO - Executing <Task(BashOperator): wget> on 2022-10-02 06:00:00+00:00
[2025-02-11T01:59:08.142+0000] {warnings.py:112} WARNING - /home/***/.local/lib/python3.12/site-packages/***/task/task_runner/standard_task_runner.py:70: DeprecationWarning: This process (pid=474) is multi-threaded, use of fork() may lead to deadlocks in the child.
  pid = os.fork()

[2025-02-11T01:59:08.142+0000] {standard_task_runner.py:104} INFO - Running: ['***', 'tasks', 'run', 'LocalIngestionDag', 'wget', 'scheduled__2022-10-02T06:00:00+00:00', '--job-id', '42', '--raw', '--subdir', 'DAGS_FOLDER/data_ingestion_local.py', '--cfg-path', '/tmp/tmpt5hg50co']
[2025-02-11T01:59:08.146+0000] {standard_task_runner.py:72} INFO - Started process 495 to run task
[2025-02-11T01:59:08.146+0000] {standard_task_runner.py:105} INFO - Job 42: Subtask wget
[2025-02-11T01:59:08.220+0000] {task_command.py:467} INFO - Running <TaskInstance: LocalIngestionDag.wget scheduled__2022-10-02T06:00:00+00:00 [running]> on host 79800649bc05
[2025-02-11T01:59:08.362+0000] {taskinstance.py:3132} INFO - Exporting env vars: AIRFLOW_CTX_DAG_OWNER='***' AIRFLOW_CTX_DAG_ID='LocalIngestionDag' AIRFLOW_CTX_TASK_ID='wget' AIRFLOW_CTX_EXECUTION_DATE='2022-10-02T06:00:00+00:00' AIRFLOW_CTX_TRY_NUMBER='1' AIRFLOW_CTX_DAG_RUN_ID='scheduled__2022-10-02T06:00:00+00:00'
[2025-02-11T01:59:08.367+0000] {taskinstance.py:731} INFO - ::endgroup::
[2025-02-11T01:59:08.389+0000] {subprocess.py:78} INFO - Tmp dir root location: /tmp
[2025-02-11T01:59:08.391+0000] {subprocess.py:88} INFO - Running command: ['/usr/bin/bash', '-c', 'curl -sSL https://s3.amazonaws.com/nyc-tlc/trip+data/yellow_tripdata_2022-10.csv > /opt/***/output_2022-10.csv']
[2025-02-11T01:59:08.411+0000] {subprocess.py:99} INFO - Output:
[2025-02-11T01:59:08.533+0000] {subprocess.py:110} INFO - Command exited with return code 0
[2025-02-11T01:59:08.825+0000] {taskinstance.py:340} INFO - ::group::Post task execution logs
[2025-02-11T01:59:08.827+0000] {taskinstance.py:352} INFO - Marking task as SUCCESS. dag_id=LocalIngestionDag, task_id=wget, run_id=scheduled__2022-10-02T06:00:00+00:00, execution_date=20221002T060000, start_date=20250211T015908, end_date=20250211T015908
[2025-02-11T01:59:08.961+0000] {local_task_job_runner.py:266} INFO - Task exited with return code 0
[2025-02-11T01:59:09.022+0000] {taskinstance.py:3895} INFO - 1 downstream tasks scheduled from follow-on schedule check
[2025-02-11T01:59:09.034+0000] {local_task_job_runner.py:245} INFO - ::endgroup::
[2025-02-12T03:53:25.503+0000] {local_task_job_runner.py:123} INFO - ::group::Pre task execution logs
[2025-02-12T03:53:25.518+0000] {taskinstance.py:2613} INFO - Dependencies all met for dep_context=non-requeueable deps ti=<TaskInstance: LocalIngestionDag.wget scheduled__2022-10-02T06:00:00+00:00 [queued]>
[2025-02-12T03:53:25.525+0000] {taskinstance.py:2613} INFO - Dependencies all met for dep_context=requeueable deps ti=<TaskInstance: LocalIngestionDag.wget scheduled__2022-10-02T06:00:00+00:00 [queued]>
[2025-02-12T03:53:25.525+0000] {taskinstance.py:2866} INFO - Starting attempt 1 of 1
[2025-02-12T03:53:25.536+0000] {taskinstance.py:2889} INFO - Executing <Task(BashOperator): wget> on 2022-10-02 06:00:00+00:00
[2025-02-12T03:53:25.539+0000] {warnings.py:112} WARNING - /home/***/.local/lib/python3.12/site-packages/***/task/task_runner/standard_task_runner.py:70: DeprecationWarning: This process (pid=722) is multi-threaded, use of fork() may lead to deadlocks in the child.
  pid = os.fork()

[2025-02-12T03:53:25.541+0000] {standard_task_runner.py:72} INFO - Started process 768 to run task
[2025-02-12T03:53:25.541+0000] {standard_task_runner.py:104} INFO - Running: ['***', 'tasks', 'run', 'LocalIngestionDag', 'wget', 'scheduled__2022-10-02T06:00:00+00:00', '--job-id', '44', '--raw', '--subdir', 'DAGS_FOLDER/data_ingestion_local.py', '--cfg-path', '/tmp/tmpl5es7gxa']
[2025-02-12T03:53:25.543+0000] {standard_task_runner.py:105} INFO - Job 44: Subtask wget
[2025-02-12T03:53:25.581+0000] {task_command.py:467} INFO - Running <TaskInstance: LocalIngestionDag.wget scheduled__2022-10-02T06:00:00+00:00 [running]> on host ee2ea8770015
[2025-02-12T03:53:25.625+0000] {taskinstance.py:3132} INFO - Exporting env vars: AIRFLOW_CTX_DAG_OWNER='***' AIRFLOW_CTX_DAG_ID='LocalIngestionDag' AIRFLOW_CTX_TASK_ID='wget' AIRFLOW_CTX_EXECUTION_DATE='2022-10-02T06:00:00+00:00' AIRFLOW_CTX_TRY_NUMBER='1' AIRFLOW_CTX_DAG_RUN_ID='scheduled__2022-10-02T06:00:00+00:00'
[2025-02-12T03:53:25.626+0000] {taskinstance.py:731} INFO - ::endgroup::
[2025-02-12T03:53:25.634+0000] {subprocess.py:78} INFO - Tmp dir root location: /tmp
[2025-02-12T03:53:25.635+0000] {subprocess.py:88} INFO - Running command: ['/usr/bin/bash', '-c', 'curl -sSL https://github.com/DataTalksClub/nyc-tlc-data/releases/download/yellow/yellow_tripdata_2019-01.csv.gz > /opt/***/yellow_tripdata_2019-01.csv.gz']
[2025-02-12T03:53:25.640+0000] {subprocess.py:99} INFO - Output:
[2025-02-12T03:54:09.434+0000] {subprocess.py:110} INFO - Command exited with return code 0
[2025-02-12T03:54:10.339+0000] {taskinstance.py:340} INFO - ::group::Post task execution logs
[2025-02-12T03:54:10.339+0000] {taskinstance.py:352} INFO - Marking task as SUCCESS. dag_id=LocalIngestionDag, task_id=wget, run_id=scheduled__2022-10-02T06:00:00+00:00, execution_date=20221002T060000, start_date=20250212T035325, end_date=20250212T035410
[2025-02-12T03:54:10.355+0000] {local_task_job_runner.py:266} INFO - Task exited with return code 0
[2025-02-12T03:54:10.373+0000] {taskinstance.py:3895} INFO - 1 downstream tasks scheduled from follow-on schedule check
[2025-02-12T03:54:10.374+0000] {local_task_job_runner.py:245} INFO - ::endgroup::
