[2025-02-11T01:59:14.655+0000] {local_task_job_runner.py:123} INFO - ::group::Pre task execution logs
[2025-02-11T01:59:14.674+0000] {taskinstance.py:2613} INFO - Dependencies all met for dep_context=non-requeueable deps ti=<TaskInstance: LocalIngestionDag.wget scheduled__2024-02-02T06:00:00+00:00 [queued]>
[2025-02-11T01:59:14.683+0000] {taskinstance.py:2613} INFO - Dependencies all met for dep_context=requeueable deps ti=<TaskInstance: LocalIngestionDag.wget scheduled__2024-02-02T06:00:00+00:00 [queued]>
[2025-02-11T01:59:14.685+0000] {taskinstance.py:2866} INFO - Starting attempt 1 of 1
[2025-02-11T01:59:14.704+0000] {taskinstance.py:2889} INFO - Executing <Task(BashOperator): wget> on 2024-02-02 06:00:00+00:00
[2025-02-11T01:59:14.711+0000] {warnings.py:112} WARNING - /home/***/.local/lib/python3.12/site-packages/***/task/task_runner/standard_task_runner.py:70: DeprecationWarning: This process (pid=631) is multi-threaded, use of fork() may lead to deadlocks in the child.
  pid = os.fork()

[2025-02-11T01:59:14.714+0000] {standard_task_runner.py:72} INFO - Started process 654 to run task
[2025-02-11T01:59:14.722+0000] {standard_task_runner.py:104} INFO - Running: ['***', 'tasks', 'run', 'LocalIngestionDag', 'wget', 'scheduled__2024-02-02T06:00:00+00:00', '--job-id', '75', '--raw', '--subdir', 'DAGS_FOLDER/data_ingestion_local.py', '--cfg-path', '/tmp/tmpskjv9fev']
[2025-02-11T01:59:14.724+0000] {standard_task_runner.py:105} INFO - Job 75: Subtask wget
[2025-02-11T01:59:14.788+0000] {task_command.py:467} INFO - Running <TaskInstance: LocalIngestionDag.wget scheduled__2024-02-02T06:00:00+00:00 [running]> on host 79800649bc05
[2025-02-11T01:59:14.870+0000] {taskinstance.py:3132} INFO - Exporting env vars: AIRFLOW_CTX_DAG_OWNER='***' AIRFLOW_CTX_DAG_ID='LocalIngestionDag' AIRFLOW_CTX_TASK_ID='wget' AIRFLOW_CTX_EXECUTION_DATE='2024-02-02T06:00:00+00:00' AIRFLOW_CTX_TRY_NUMBER='1' AIRFLOW_CTX_DAG_RUN_ID='scheduled__2024-02-02T06:00:00+00:00'
[2025-02-11T01:59:14.871+0000] {taskinstance.py:731} INFO - ::endgroup::
[2025-02-11T01:59:14.879+0000] {subprocess.py:78} INFO - Tmp dir root location: /tmp
[2025-02-11T01:59:14.880+0000] {subprocess.py:88} INFO - Running command: ['/usr/bin/bash', '-c', 'curl -sSL https://s3.amazonaws.com/nyc-tlc/trip+data/yellow_tripdata_2024-02.csv > /opt/***/output_2024-02.csv']
[2025-02-11T01:59:14.887+0000] {subprocess.py:99} INFO - Output:
[2025-02-11T01:59:15.096+0000] {subprocess.py:110} INFO - Command exited with return code 0
[2025-02-11T01:59:15.255+0000] {taskinstance.py:340} INFO - ::group::Post task execution logs
[2025-02-11T01:59:15.255+0000] {taskinstance.py:352} INFO - Marking task as SUCCESS. dag_id=LocalIngestionDag, task_id=wget, run_id=scheduled__2024-02-02T06:00:00+00:00, execution_date=20240202T060000, start_date=20250211T015914, end_date=20250211T015915
[2025-02-11T01:59:15.277+0000] {local_task_job_runner.py:266} INFO - Task exited with return code 0
[2025-02-11T01:59:15.293+0000] {taskinstance.py:3895} INFO - 1 downstream tasks scheduled from follow-on schedule check
[2025-02-11T01:59:15.293+0000] {local_task_job_runner.py:245} INFO - ::endgroup::
[2025-02-12T03:54:32.621+0000] {local_task_job_runner.py:123} INFO - ::group::Pre task execution logs
[2025-02-12T03:54:32.648+0000] {taskinstance.py:2613} INFO - Dependencies all met for dep_context=non-requeueable deps ti=<TaskInstance: LocalIngestionDag.wget scheduled__2024-02-02T06:00:00+00:00 [queued]>
[2025-02-12T03:54:32.655+0000] {taskinstance.py:2613} INFO - Dependencies all met for dep_context=requeueable deps ti=<TaskInstance: LocalIngestionDag.wget scheduled__2024-02-02T06:00:00+00:00 [queued]>
[2025-02-12T03:54:32.655+0000] {taskinstance.py:2866} INFO - Starting attempt 1 of 1
[2025-02-12T03:54:32.668+0000] {taskinstance.py:2889} INFO - Executing <Task(BashOperator): wget> on 2024-02-02 06:00:00+00:00
[2025-02-12T03:54:32.674+0000] {warnings.py:112} WARNING - /home/***/.local/lib/python3.12/site-packages/***/task/task_runner/standard_task_runner.py:70: DeprecationWarning: This process (pid=1071) is multi-threaded, use of fork() may lead to deadlocks in the child.
  pid = os.fork()

[2025-02-12T03:54:32.675+0000] {standard_task_runner.py:104} INFO - Running: ['***', 'tasks', 'run', 'LocalIngestionDag', 'wget', 'scheduled__2024-02-02T06:00:00+00:00', '--job-id', '71', '--raw', '--subdir', 'DAGS_FOLDER/data_ingestion_local.py', '--cfg-path', '/tmp/tmpdwxxh46_']
[2025-02-12T03:54:32.676+0000] {standard_task_runner.py:72} INFO - Started process 1098 to run task
[2025-02-12T03:54:32.677+0000] {standard_task_runner.py:105} INFO - Job 71: Subtask wget
[2025-02-12T03:54:32.725+0000] {task_command.py:467} INFO - Running <TaskInstance: LocalIngestionDag.wget scheduled__2024-02-02T06:00:00+00:00 [running]> on host ee2ea8770015
[2025-02-12T03:54:32.792+0000] {taskinstance.py:3132} INFO - Exporting env vars: AIRFLOW_CTX_DAG_OWNER='***' AIRFLOW_CTX_DAG_ID='LocalIngestionDag' AIRFLOW_CTX_TASK_ID='wget' AIRFLOW_CTX_EXECUTION_DATE='2024-02-02T06:00:00+00:00' AIRFLOW_CTX_TRY_NUMBER='1' AIRFLOW_CTX_DAG_RUN_ID='scheduled__2024-02-02T06:00:00+00:00'
[2025-02-12T03:54:32.793+0000] {taskinstance.py:731} INFO - ::endgroup::
[2025-02-12T03:54:32.804+0000] {subprocess.py:78} INFO - Tmp dir root location: /tmp
[2025-02-12T03:54:32.805+0000] {subprocess.py:88} INFO - Running command: ['/usr/bin/bash', '-c', 'curl -sSL https://github.com/DataTalksClub/nyc-tlc-data/releases/download/yellow/yellow_tripdata_2019-01.csv.gz > /opt/***/yellow_tripdata_2019-01.csv.gz']
[2025-02-12T03:54:32.812+0000] {subprocess.py:99} INFO - Output:
[2025-02-12T03:55:11.559+0000] {subprocess.py:110} INFO - Command exited with return code 0
[2025-02-12T03:55:11.948+0000] {taskinstance.py:340} INFO - ::group::Post task execution logs
[2025-02-12T03:55:11.949+0000] {taskinstance.py:352} INFO - Marking task as SUCCESS. dag_id=LocalIngestionDag, task_id=wget, run_id=scheduled__2024-02-02T06:00:00+00:00, execution_date=20240202T060000, start_date=20250212T035432, end_date=20250212T035511
[2025-02-12T03:55:12.004+0000] {local_task_job_runner.py:266} INFO - Task exited with return code 0
[2025-02-12T03:55:12.038+0000] {taskinstance.py:3895} INFO - 1 downstream tasks scheduled from follow-on schedule check
[2025-02-12T03:55:12.053+0000] {local_task_job_runner.py:245} INFO - ::endgroup::
