[2025-02-14T02:14:43.136+0000] {local_task_job_runner.py:123} INFO - ::group::Pre task execution logs
[2025-02-14T02:14:43.190+0000] {taskinstance.py:2613} INFO - Dependencies all met for dep_context=non-requeueable deps ti=<TaskInstance: Backfill_Yellow_Taxi.wget_2022_12 scheduled__2021-01-01T00:00:00+00:00 [queued]>
[2025-02-14T02:14:43.226+0000] {taskinstance.py:2613} INFO - Dependencies all met for dep_context=requeueable deps ti=<TaskInstance: Backfill_Yellow_Taxi.wget_2022_12 scheduled__2021-01-01T00:00:00+00:00 [queued]>
[2025-02-14T02:14:43.227+0000] {taskinstance.py:2866} INFO - Starting attempt 1 of 2
[2025-02-14T02:14:43.247+0000] {taskinstance.py:2889} INFO - Executing <Task(BashOperator): wget_2022_12> on 2021-01-01 00:00:00+00:00
[2025-02-14T02:14:43.266+0000] {standard_task_runner.py:104} INFO - Running: ['***', 'tasks', 'run', 'Backfill_Yellow_Taxi', 'wget_2022_12', 'scheduled__2021-01-01T00:00:00+00:00', '--job-id', '117', '--raw', '--subdir', 'DAGS_FOLDER/data_ingestion_local.py', '--cfg-path', '/tmp/tmpczy0hyzk']
[2025-02-14T02:14:43.257+0000] {warnings.py:112} WARNING - /home/***/.local/lib/python3.12/site-packages/***/task/task_runner/standard_task_runner.py:70: DeprecationWarning: This process (pid=16381) is multi-threaded, use of fork() may lead to deadlocks in the child.
  pid = os.fork()

[2025-02-14T02:14:43.270+0000] {standard_task_runner.py:72} INFO - Started process 16395 to run task
[2025-02-14T02:14:43.272+0000] {standard_task_runner.py:105} INFO - Job 117: Subtask wget_2022_12
[2025-02-14T02:14:43.515+0000] {task_command.py:467} INFO - Running <TaskInstance: Backfill_Yellow_Taxi.wget_2022_12 scheduled__2021-01-01T00:00:00+00:00 [running]> on host 06c256ee3505
[2025-02-14T02:14:43.863+0000] {taskinstance.py:3132} INFO - Exporting env vars: AIRFLOW_CTX_DAG_OWNER='***' AIRFLOW_CTX_DAG_ID='Backfill_Yellow_Taxi' AIRFLOW_CTX_TASK_ID='wget_2022_12' AIRFLOW_CTX_EXECUTION_DATE='2021-01-01T00:00:00+00:00' AIRFLOW_CTX_TRY_NUMBER='1' AIRFLOW_CTX_DAG_RUN_ID='scheduled__2021-01-01T00:00:00+00:00'
[2025-02-14T02:14:43.868+0000] {taskinstance.py:731} INFO - ::endgroup::
[2025-02-14T02:14:43.916+0000] {subprocess.py:78} INFO - Tmp dir root location: /tmp
[2025-02-14T02:14:43.941+0000] {subprocess.py:88} INFO - Running command: ['/usr/bin/bash', '-c', 'curl -sSL https://github.com/DataTalksClub/nyc-tlc-data/releases/download/yellow/yellow_tripdata_2022-12.csv.gz > /opt/***/yellow_tripdata_2022-12.csv.gz']
[2025-02-14T02:14:43.961+0000] {subprocess.py:99} INFO - Output:
[2025-02-14T02:14:50.433+0000] {subprocess.py:110} INFO - Command exited with return code 0
[2025-02-14T02:14:51.149+0000] {taskinstance.py:340} INFO - ::group::Post task execution logs
[2025-02-14T02:14:51.150+0000] {taskinstance.py:352} INFO - Marking task as SUCCESS. dag_id=Backfill_Yellow_Taxi, task_id=wget_2022_12, run_id=scheduled__2021-01-01T00:00:00+00:00, execution_date=20210101T000000, start_date=20250214T021443, end_date=20250214T021451
[2025-02-14T02:14:51.288+0000] {local_task_job_runner.py:266} INFO - Task exited with return code 0
[2025-02-14T02:14:51.362+0000] {taskinstance.py:3895} INFO - 1 downstream tasks scheduled from follow-on schedule check
[2025-02-14T02:14:51.369+0000] {local_task_job_runner.py:245} INFO - ::endgroup::
