[2025-02-11T01:58:52.419+0000] {local_task_job_runner.py:123} INFO - ::group::Pre task execution logs
[2025-02-11T01:58:52.439+0000] {taskinstance.py:2613} INFO - Dependencies all met for dep_context=non-requeueable deps ti=<TaskInstance: LocalIngestionDag.wget scheduled__2022-02-02T06:00:00+00:00 [queued]>
[2025-02-11T01:58:52.447+0000] {taskinstance.py:2613} INFO - Dependencies all met for dep_context=requeueable deps ti=<TaskInstance: LocalIngestionDag.wget scheduled__2022-02-02T06:00:00+00:00 [queued]>
[2025-02-11T01:58:52.448+0000] {taskinstance.py:2866} INFO - Starting attempt 1 of 1
[2025-02-11T01:58:52.458+0000] {taskinstance.py:2889} INFO - Executing <Task(BashOperator): wget> on 2022-02-02 06:00:00+00:00
[2025-02-11T01:58:52.463+0000] {warnings.py:112} WARNING - /home/***/.local/lib/python3.12/site-packages/***/task/task_runner/standard_task_runner.py:70: DeprecationWarning: This process (pid=317) is multi-threaded, use of fork() may lead to deadlocks in the child.
  pid = os.fork()

[2025-02-11T01:58:52.466+0000] {standard_task_runner.py:72} INFO - Started process 390 to run task
[2025-02-11T01:58:52.467+0000] {standard_task_runner.py:104} INFO - Running: ['***', 'tasks', 'run', 'LocalIngestionDag', 'wget', 'scheduled__2022-02-02T06:00:00+00:00', '--job-id', '19', '--raw', '--subdir', 'DAGS_FOLDER/data_ingestion_local.py', '--cfg-path', '/tmp/tmpasx_jx1d']
[2025-02-11T01:58:52.486+0000] {standard_task_runner.py:105} INFO - Job 19: Subtask wget
[2025-02-11T01:58:52.537+0000] {task_command.py:467} INFO - Running <TaskInstance: LocalIngestionDag.wget scheduled__2022-02-02T06:00:00+00:00 [running]> on host 79800649bc05
[2025-02-11T01:58:52.613+0000] {taskinstance.py:3132} INFO - Exporting env vars: AIRFLOW_CTX_DAG_OWNER='***' AIRFLOW_CTX_DAG_ID='LocalIngestionDag' AIRFLOW_CTX_TASK_ID='wget' AIRFLOW_CTX_EXECUTION_DATE='2022-02-02T06:00:00+00:00' AIRFLOW_CTX_TRY_NUMBER='1' AIRFLOW_CTX_DAG_RUN_ID='scheduled__2022-02-02T06:00:00+00:00'
[2025-02-11T01:58:52.614+0000] {taskinstance.py:731} INFO - ::endgroup::
[2025-02-11T01:58:52.622+0000] {subprocess.py:78} INFO - Tmp dir root location: /tmp
[2025-02-11T01:58:52.623+0000] {subprocess.py:88} INFO - Running command: ['/usr/bin/bash', '-c', 'curl -sSL https://s3.amazonaws.com/nyc-tlc/trip+data/yellow_tripdata_2022-02.csv > /opt/***/output_2022-02.csv']
[2025-02-11T01:58:52.629+0000] {subprocess.py:99} INFO - Output:
[2025-02-11T01:58:58.039+0000] {subprocess.py:110} INFO - Command exited with return code 0
[2025-02-11T01:58:58.498+0000] {taskinstance.py:340} INFO - ::group::Post task execution logs
[2025-02-11T01:58:58.502+0000] {taskinstance.py:352} INFO - Marking task as SUCCESS. dag_id=LocalIngestionDag, task_id=wget, run_id=scheduled__2022-02-02T06:00:00+00:00, execution_date=20220202T060000, start_date=20250211T015852, end_date=20250211T015858
[2025-02-11T01:58:58.569+0000] {local_task_job_runner.py:266} INFO - Task exited with return code 0
[2025-02-11T01:58:58.594+0000] {taskinstance.py:3895} INFO - 0 downstream tasks scheduled from follow-on schedule check
[2025-02-11T01:58:58.606+0000] {local_task_job_runner.py:245} INFO - ::endgroup::
[2025-02-12T03:51:47.800+0000] {local_task_job_runner.py:123} INFO - ::group::Pre task execution logs
[2025-02-12T03:51:47.814+0000] {taskinstance.py:2613} INFO - Dependencies all met for dep_context=non-requeueable deps ti=<TaskInstance: LocalIngestionDag.wget scheduled__2022-02-02T06:00:00+00:00 [queued]>
[2025-02-12T03:51:47.819+0000] {taskinstance.py:2613} INFO - Dependencies all met for dep_context=requeueable deps ti=<TaskInstance: LocalIngestionDag.wget scheduled__2022-02-02T06:00:00+00:00 [queued]>
[2025-02-12T03:51:47.819+0000] {taskinstance.py:2866} INFO - Starting attempt 1 of 1
[2025-02-12T03:51:47.828+0000] {taskinstance.py:2889} INFO - Executing <Task(BashOperator): wget> on 2022-02-02 06:00:00+00:00
[2025-02-12T03:51:47.834+0000] {warnings.py:112} WARNING - /home/***/.local/lib/python3.12/site-packages/***/task/task_runner/standard_task_runner.py:70: DeprecationWarning: This process (pid=329) is multi-threaded, use of fork() may lead to deadlocks in the child.
  pid = os.fork()

[2025-02-12T03:51:47.835+0000] {standard_task_runner.py:72} INFO - Started process 375 to run task
[2025-02-12T03:51:47.836+0000] {standard_task_runner.py:104} INFO - Running: ['***', 'tasks', 'run', 'LocalIngestionDag', 'wget', 'scheduled__2022-02-02T06:00:00+00:00', '--job-id', '17', '--raw', '--subdir', 'DAGS_FOLDER/data_ingestion_local.py', '--cfg-path', '/tmp/tmpu5xve0y_']
[2025-02-12T03:51:47.838+0000] {standard_task_runner.py:105} INFO - Job 17: Subtask wget
[2025-02-12T03:51:47.875+0000] {task_command.py:467} INFO - Running <TaskInstance: LocalIngestionDag.wget scheduled__2022-02-02T06:00:00+00:00 [running]> on host ee2ea8770015
[2025-02-12T03:51:47.926+0000] {taskinstance.py:3132} INFO - Exporting env vars: AIRFLOW_CTX_DAG_OWNER='***' AIRFLOW_CTX_DAG_ID='LocalIngestionDag' AIRFLOW_CTX_TASK_ID='wget' AIRFLOW_CTX_EXECUTION_DATE='2022-02-02T06:00:00+00:00' AIRFLOW_CTX_TRY_NUMBER='1' AIRFLOW_CTX_DAG_RUN_ID='scheduled__2022-02-02T06:00:00+00:00'
[2025-02-12T03:51:47.926+0000] {taskinstance.py:731} INFO - ::endgroup::
[2025-02-12T03:51:47.934+0000] {subprocess.py:78} INFO - Tmp dir root location: /tmp
[2025-02-12T03:51:47.934+0000] {subprocess.py:88} INFO - Running command: ['/usr/bin/bash', '-c', 'curl -sSL https://github.com/DataTalksClub/nyc-tlc-data/releases/download/yellow/yellow_tripdata_2019-01.csv.gz > /opt/***/yellow_tripdata_2019-01.csv.gz']
[2025-02-12T03:51:47.940+0000] {subprocess.py:99} INFO - Output:
[2025-02-12T03:52:58.801+0000] {subprocess.py:110} INFO - Command exited with return code 0
[2025-02-12T03:52:59.517+0000] {taskinstance.py:340} INFO - ::group::Post task execution logs
[2025-02-12T03:52:59.518+0000] {taskinstance.py:352} INFO - Marking task as SUCCESS. dag_id=LocalIngestionDag, task_id=wget, run_id=scheduled__2022-02-02T06:00:00+00:00, execution_date=20220202T060000, start_date=20250212T035147, end_date=20250212T035259
[2025-02-12T03:52:59.597+0000] {local_task_job_runner.py:266} INFO - Task exited with return code 0
[2025-02-12T03:52:59.626+0000] {taskinstance.py:3895} INFO - 1 downstream tasks scheduled from follow-on schedule check
[2025-02-12T03:52:59.627+0000] {local_task_job_runner.py:245} INFO - ::endgroup::
