[2025-02-11T01:58:50.887+0000] {local_task_job_runner.py:123} INFO - ::group::Pre task execution logs
[2025-02-11T01:58:50.937+0000] {taskinstance.py:2613} INFO - Dependencies all met for dep_context=non-requeueable deps ti=<TaskInstance: LocalIngestionDag.wget scheduled__2021-07-02T06:00:00+00:00 [queued]>
[2025-02-11T01:58:50.969+0000] {taskinstance.py:2613} INFO - Dependencies all met for dep_context=requeueable deps ti=<TaskInstance: LocalIngestionDag.wget scheduled__2021-07-02T06:00:00+00:00 [queued]>
[2025-02-11T01:58:50.979+0000] {taskinstance.py:2866} INFO - Starting attempt 1 of 1
[2025-02-11T01:58:51.152+0000] {taskinstance.py:2889} INFO - Executing <Task(BashOperator): wget> on 2021-07-02 06:00:00+00:00
[2025-02-11T01:58:51.180+0000] {warnings.py:112} WARNING - /home/***/.local/lib/python3.12/site-packages/***/task/task_runner/standard_task_runner.py:70: DeprecationWarning: This process (pid=310) is multi-threaded, use of fork() may lead to deadlocks in the child.
  pid = os.fork()

[2025-02-11T01:58:51.187+0000] {standard_task_runner.py:72} INFO - Started process 337 to run task
[2025-02-11T01:58:51.185+0000] {standard_task_runner.py:104} INFO - Running: ['***', 'tasks', 'run', 'LocalIngestionDag', 'wget', 'scheduled__2021-07-02T06:00:00+00:00', '--job-id', '12', '--raw', '--subdir', 'DAGS_FOLDER/data_ingestion_local.py', '--cfg-path', '/tmp/tmpt_9mf64v']
[2025-02-11T01:58:51.198+0000] {standard_task_runner.py:105} INFO - Job 12: Subtask wget
[2025-02-11T01:58:51.394+0000] {task_command.py:467} INFO - Running <TaskInstance: LocalIngestionDag.wget scheduled__2021-07-02T06:00:00+00:00 [running]> on host 79800649bc05
[2025-02-11T01:58:51.958+0000] {taskinstance.py:3132} INFO - Exporting env vars: AIRFLOW_CTX_DAG_OWNER='***' AIRFLOW_CTX_DAG_ID='LocalIngestionDag' AIRFLOW_CTX_TASK_ID='wget' AIRFLOW_CTX_EXECUTION_DATE='2021-07-02T06:00:00+00:00' AIRFLOW_CTX_TRY_NUMBER='1' AIRFLOW_CTX_DAG_RUN_ID='scheduled__2021-07-02T06:00:00+00:00'
[2025-02-11T01:58:51.966+0000] {taskinstance.py:731} INFO - ::endgroup::
[2025-02-11T01:58:52.025+0000] {subprocess.py:78} INFO - Tmp dir root location: /tmp
[2025-02-11T01:58:52.030+0000] {subprocess.py:88} INFO - Running command: ['/usr/bin/bash', '-c', 'curl -sSL https://s3.amazonaws.com/nyc-tlc/trip+data/yellow_tripdata_2021-07.csv > /opt/***/output_2021-07.csv']
[2025-02-11T01:58:52.058+0000] {subprocess.py:99} INFO - Output:
[2025-02-11T01:58:58.023+0000] {subprocess.py:110} INFO - Command exited with return code 0
[2025-02-11T01:58:58.461+0000] {taskinstance.py:340} INFO - ::group::Post task execution logs
[2025-02-11T01:58:58.474+0000] {taskinstance.py:352} INFO - Marking task as SUCCESS. dag_id=LocalIngestionDag, task_id=wget, run_id=scheduled__2021-07-02T06:00:00+00:00, execution_date=20210702T060000, start_date=20250211T015850, end_date=20250211T015858
[2025-02-11T01:58:58.564+0000] {local_task_job_runner.py:266} INFO - Task exited with return code 0
[2025-02-11T01:58:58.621+0000] {taskinstance.py:3895} INFO - 0 downstream tasks scheduled from follow-on schedule check
[2025-02-11T01:58:58.649+0000] {local_task_job_runner.py:245} INFO - ::endgroup::
[2025-02-12T03:51:46.488+0000] {local_task_job_runner.py:123} INFO - ::group::Pre task execution logs
[2025-02-12T03:51:46.528+0000] {taskinstance.py:2613} INFO - Dependencies all met for dep_context=non-requeueable deps ti=<TaskInstance: LocalIngestionDag.wget scheduled__2021-07-02T06:00:00+00:00 [queued]>
[2025-02-12T03:51:46.549+0000] {taskinstance.py:2613} INFO - Dependencies all met for dep_context=requeueable deps ti=<TaskInstance: LocalIngestionDag.wget scheduled__2021-07-02T06:00:00+00:00 [queued]>
[2025-02-12T03:51:46.554+0000] {taskinstance.py:2866} INFO - Starting attempt 1 of 1
[2025-02-12T03:51:46.643+0000] {taskinstance.py:2889} INFO - Executing <Task(BashOperator): wget> on 2021-07-02 06:00:00+00:00
[2025-02-12T03:51:46.650+0000] {warnings.py:112} WARNING - /home/***/.local/lib/python3.12/site-packages/***/task/task_runner/standard_task_runner.py:70: DeprecationWarning: This process (pid=302) is multi-threaded, use of fork() may lead to deadlocks in the child.
  pid = os.fork()

[2025-02-12T03:51:46.660+0000] {standard_task_runner.py:72} INFO - Started process 308 to run task
[2025-02-12T03:51:46.653+0000] {standard_task_runner.py:104} INFO - Running: ['***', 'tasks', 'run', 'LocalIngestionDag', 'wget', 'scheduled__2021-07-02T06:00:00+00:00', '--job-id', '6', '--raw', '--subdir', 'DAGS_FOLDER/data_ingestion_local.py', '--cfg-path', '/tmp/tmpdltnj8g5']
[2025-02-12T03:51:46.665+0000] {standard_task_runner.py:105} INFO - Job 6: Subtask wget
[2025-02-12T03:51:46.851+0000] {task_command.py:467} INFO - Running <TaskInstance: LocalIngestionDag.wget scheduled__2021-07-02T06:00:00+00:00 [running]> on host ee2ea8770015
[2025-02-12T03:51:47.065+0000] {taskinstance.py:3132} INFO - Exporting env vars: AIRFLOW_CTX_DAG_OWNER='***' AIRFLOW_CTX_DAG_ID='LocalIngestionDag' AIRFLOW_CTX_TASK_ID='wget' AIRFLOW_CTX_EXECUTION_DATE='2021-07-02T06:00:00+00:00' AIRFLOW_CTX_TRY_NUMBER='1' AIRFLOW_CTX_DAG_RUN_ID='scheduled__2021-07-02T06:00:00+00:00'
[2025-02-12T03:51:47.071+0000] {taskinstance.py:731} INFO - ::endgroup::
[2025-02-12T03:51:47.359+0000] {subprocess.py:78} INFO - Tmp dir root location: /tmp
[2025-02-12T03:51:47.366+0000] {subprocess.py:88} INFO - Running command: ['/usr/bin/bash', '-c', 'curl -sSL https://github.com/DataTalksClub/nyc-tlc-data/releases/download/yellow/yellow_tripdata_2019-01.csv.gz > /opt/***/yellow_tripdata_2019-01.csv.gz']
[2025-02-12T03:51:47.388+0000] {subprocess.py:99} INFO - Output:
[2025-02-12T03:53:01.386+0000] {subprocess.py:110} INFO - Command exited with return code 0
[2025-02-12T03:53:01.513+0000] {taskinstance.py:340} INFO - ::group::Post task execution logs
[2025-02-12T03:53:01.515+0000] {taskinstance.py:352} INFO - Marking task as SUCCESS. dag_id=LocalIngestionDag, task_id=wget, run_id=scheduled__2021-07-02T06:00:00+00:00, execution_date=20210702T060000, start_date=20250212T035146, end_date=20250212T035301
[2025-02-12T03:53:01.708+0000] {local_task_job_runner.py:266} INFO - Task exited with return code 0
[2025-02-12T03:53:01.863+0000] {taskinstance.py:3895} INFO - 1 downstream tasks scheduled from follow-on schedule check
[2025-02-12T03:53:01.885+0000] {local_task_job_runner.py:245} INFO - ::endgroup::
