[2025-02-12T03:59:46.301+0000] {local_task_job_runner.py:123} INFO - ::group::Pre task execution logs
[2025-02-12T03:59:46.313+0000] {taskinstance.py:2613} INFO - Dependencies all met for dep_context=non-requeueable deps ti=<TaskInstance: LocalIngestionDag.wget manual__2025-02-12T03:59:45.449269+00:00 [queued]>
[2025-02-12T03:59:46.328+0000] {taskinstance.py:2613} INFO - Dependencies all met for dep_context=requeueable deps ti=<TaskInstance: LocalIngestionDag.wget manual__2025-02-12T03:59:45.449269+00:00 [queued]>
[2025-02-12T03:59:46.329+0000] {taskinstance.py:2866} INFO - Starting attempt 1 of 1
[2025-02-12T03:59:46.340+0000] {taskinstance.py:2889} INFO - Executing <Task(BashOperator): wget> on 2025-02-12 03:59:45.449269+00:00
[2025-02-12T03:59:46.343+0000] {warnings.py:112} WARNING - /home/***/.local/lib/python3.12/site-packages/***/task/task_runner/standard_task_runner.py:70: DeprecationWarning: This process (pid=1780) is multi-threaded, use of fork() may lead to deadlocks in the child.
  pid = os.fork()

[2025-02-12T03:59:46.344+0000] {standard_task_runner.py:72} INFO - Started process 1781 to run task
[2025-02-12T03:59:46.345+0000] {standard_task_runner.py:104} INFO - Running: ['***', 'tasks', 'run', 'LocalIngestionDag', 'wget', 'manual__2025-02-12T03:59:45.449269+00:00', '--job-id', '103', '--raw', '--subdir', 'DAGS_FOLDER/data_ingestion_local.py', '--cfg-path', '/tmp/tmprhyk38of']
[2025-02-12T03:59:46.346+0000] {standard_task_runner.py:105} INFO - Job 103: Subtask wget
[2025-02-12T03:59:46.377+0000] {task_command.py:467} INFO - Running <TaskInstance: LocalIngestionDag.wget manual__2025-02-12T03:59:45.449269+00:00 [running]> on host ee2ea8770015
[2025-02-12T03:59:46.426+0000] {taskinstance.py:3132} INFO - Exporting env vars: AIRFLOW_CTX_DAG_OWNER='***' AIRFLOW_CTX_DAG_ID='LocalIngestionDag' AIRFLOW_CTX_TASK_ID='wget' AIRFLOW_CTX_EXECUTION_DATE='2025-02-12T03:59:45.449269+00:00' AIRFLOW_CTX_TRY_NUMBER='1' AIRFLOW_CTX_DAG_RUN_ID='manual__2025-02-12T03:59:45.449269+00:00'
[2025-02-12T03:59:46.426+0000] {taskinstance.py:731} INFO - ::endgroup::
[2025-02-12T03:59:46.435+0000] {subprocess.py:78} INFO - Tmp dir root location: /tmp
[2025-02-12T03:59:46.436+0000] {subprocess.py:88} INFO - Running command: ['/usr/bin/bash', '-c', 'curl -sSL https://github.com/DataTalksClub/nyc-tlc-data/releases/download/yellow/yellow_tripdata_2019-01.csv.gz > /opt/***/yellow_tripdata_2019-01.csv.gz']
[2025-02-12T03:59:46.442+0000] {subprocess.py:99} INFO - Output:
[2025-02-12T03:59:51.630+0000] {subprocess.py:110} INFO - Command exited with return code 0
[2025-02-12T03:59:51.799+0000] {taskinstance.py:340} INFO - ::group::Post task execution logs
[2025-02-12T03:59:51.800+0000] {taskinstance.py:352} INFO - Marking task as SUCCESS. dag_id=LocalIngestionDag, task_id=wget, run_id=manual__2025-02-12T03:59:45.449269+00:00, execution_date=20250212T035945, start_date=20250212T035946, end_date=20250212T035951
[2025-02-12T03:59:51.819+0000] {local_task_job_runner.py:266} INFO - Task exited with return code 0
[2025-02-12T03:59:51.834+0000] {taskinstance.py:3895} INFO - 1 downstream tasks scheduled from follow-on schedule check
[2025-02-12T03:59:51.835+0000] {local_task_job_runner.py:245} INFO - ::endgroup::
