[2025-02-14T02:14:45.367+0000] {local_task_job_runner.py:123} INFO - ::group::Pre task execution logs
[2025-02-14T02:14:45.379+0000] {taskinstance.py:2613} INFO - Dependencies all met for dep_context=non-requeueable deps ti=<TaskInstance: Backfill_Yellow_Taxi.wget_2022_5 scheduled__2021-01-01T00:00:00+00:00 [queued]>
[2025-02-14T02:14:45.383+0000] {taskinstance.py:2613} INFO - Dependencies all met for dep_context=requeueable deps ti=<TaskInstance: Backfill_Yellow_Taxi.wget_2022_5 scheduled__2021-01-01T00:00:00+00:00 [queued]>
[2025-02-14T02:14:45.383+0000] {taskinstance.py:2866} INFO - Starting attempt 1 of 2
[2025-02-14T02:14:45.390+0000] {taskinstance.py:2889} INFO - Executing <Task(BashOperator): wget_2022_5> on 2021-01-01 00:00:00+00:00
[2025-02-14T02:14:45.393+0000] {warnings.py:112} WARNING - /home/***/.local/lib/python3.12/site-packages/***/task/task_runner/standard_task_runner.py:70: DeprecationWarning: This process (pid=16448) is multi-threaded, use of fork() may lead to deadlocks in the child.
  pid = os.fork()

[2025-02-14T02:14:45.394+0000] {standard_task_runner.py:72} INFO - Started process 16467 to run task
[2025-02-14T02:14:45.395+0000] {standard_task_runner.py:104} INFO - Running: ['***', 'tasks', 'run', 'Backfill_Yellow_Taxi', 'wget_2022_5', 'scheduled__2021-01-01T00:00:00+00:00', '--job-id', '133', '--raw', '--subdir', 'DAGS_FOLDER/data_ingestion_local.py', '--cfg-path', '/tmp/tmp7wzkhuiy']
[2025-02-14T02:14:45.397+0000] {standard_task_runner.py:105} INFO - Job 133: Subtask wget_2022_5
[2025-02-14T02:14:45.429+0000] {task_command.py:467} INFO - Running <TaskInstance: Backfill_Yellow_Taxi.wget_2022_5 scheduled__2021-01-01T00:00:00+00:00 [running]> on host 06c256ee3505
[2025-02-14T02:14:45.474+0000] {taskinstance.py:3132} INFO - Exporting env vars: AIRFLOW_CTX_DAG_OWNER='***' AIRFLOW_CTX_DAG_ID='Backfill_Yellow_Taxi' AIRFLOW_CTX_TASK_ID='wget_2022_5' AIRFLOW_CTX_EXECUTION_DATE='2021-01-01T00:00:00+00:00' AIRFLOW_CTX_TRY_NUMBER='1' AIRFLOW_CTX_DAG_RUN_ID='scheduled__2021-01-01T00:00:00+00:00'
[2025-02-14T02:14:45.475+0000] {taskinstance.py:731} INFO - ::endgroup::
[2025-02-14T02:14:45.481+0000] {subprocess.py:78} INFO - Tmp dir root location: /tmp
[2025-02-14T02:14:45.482+0000] {subprocess.py:88} INFO - Running command: ['/usr/bin/bash', '-c', 'curl -sSL https://github.com/DataTalksClub/nyc-tlc-data/releases/download/yellow/yellow_tripdata_2022-05.csv.gz > /opt/***/yellow_tripdata_2022-05.csv.gz']
[2025-02-14T02:14:45.487+0000] {subprocess.py:99} INFO - Output:
[2025-02-14T02:14:50.404+0000] {subprocess.py:110} INFO - Command exited with return code 0
[2025-02-14T02:14:50.492+0000] {taskinstance.py:340} INFO - ::group::Post task execution logs
[2025-02-14T02:14:50.498+0000] {taskinstance.py:352} INFO - Marking task as SUCCESS. dag_id=Backfill_Yellow_Taxi, task_id=wget_2022_5, run_id=scheduled__2021-01-01T00:00:00+00:00, execution_date=20210101T000000, start_date=20250214T021445, end_date=20250214T021450
[2025-02-14T02:14:50.660+0000] {local_task_job_runner.py:266} INFO - Task exited with return code 0
[2025-02-14T02:14:50.699+0000] {local_task_job_runner.py:245} INFO - ::endgroup::
