[2025-02-11T01:59:08.199+0000] {local_task_job_runner.py:123} INFO - ::group::Pre task execution logs
[2025-02-11T01:59:08.240+0000] {taskinstance.py:2613} INFO - Dependencies all met for dep_context=non-requeueable deps ti=<TaskInstance: LocalIngestionDag.wget scheduled__2022-11-02T06:00:00+00:00 [queued]>
[2025-02-11T01:59:08.265+0000] {taskinstance.py:2613} INFO - Dependencies all met for dep_context=requeueable deps ti=<TaskInstance: LocalIngestionDag.wget scheduled__2022-11-02T06:00:00+00:00 [queued]>
[2025-02-11T01:59:08.266+0000] {taskinstance.py:2866} INFO - Starting attempt 1 of 1
[2025-02-11T01:59:08.320+0000] {taskinstance.py:2889} INFO - Executing <Task(BashOperator): wget> on 2022-11-02 06:00:00+00:00
[2025-02-11T01:59:08.326+0000] {warnings.py:112} WARNING - /home/***/.local/lib/python3.12/site-packages/***/task/task_runner/standard_task_runner.py:70: DeprecationWarning: This process (pid=476) is multi-threaded, use of fork() may lead to deadlocks in the child.
  pid = os.fork()

[2025-02-11T01:59:08.330+0000] {standard_task_runner.py:104} INFO - Running: ['***', 'tasks', 'run', 'LocalIngestionDag', 'wget', 'scheduled__2022-11-02T06:00:00+00:00', '--job-id', '43', '--raw', '--subdir', 'DAGS_FOLDER/data_ingestion_local.py', '--cfg-path', '/tmp/tmpwh6iav7h']
[2025-02-11T01:59:08.335+0000] {standard_task_runner.py:105} INFO - Job 43: Subtask wget
[2025-02-11T01:59:08.332+0000] {standard_task_runner.py:72} INFO - Started process 507 to run task
[2025-02-11T01:59:08.462+0000] {task_command.py:467} INFO - Running <TaskInstance: LocalIngestionDag.wget scheduled__2022-11-02T06:00:00+00:00 [running]> on host 79800649bc05
[2025-02-11T01:59:08.670+0000] {taskinstance.py:3132} INFO - Exporting env vars: AIRFLOW_CTX_DAG_OWNER='***' AIRFLOW_CTX_DAG_ID='LocalIngestionDag' AIRFLOW_CTX_TASK_ID='wget' AIRFLOW_CTX_EXECUTION_DATE='2022-11-02T06:00:00+00:00' AIRFLOW_CTX_TRY_NUMBER='1' AIRFLOW_CTX_DAG_RUN_ID='scheduled__2022-11-02T06:00:00+00:00'
[2025-02-11T01:59:08.677+0000] {taskinstance.py:731} INFO - ::endgroup::
[2025-02-11T01:59:08.701+0000] {subprocess.py:78} INFO - Tmp dir root location: /tmp
[2025-02-11T01:59:08.710+0000] {subprocess.py:88} INFO - Running command: ['/usr/bin/bash', '-c', 'curl -sSL https://s3.amazonaws.com/nyc-tlc/trip+data/yellow_tripdata_2022-11.csv > /opt/***/output_2022-11.csv']
[2025-02-11T01:59:08.739+0000] {subprocess.py:99} INFO - Output:
[2025-02-11T01:59:08.895+0000] {subprocess.py:110} INFO - Command exited with return code 0
[2025-02-11T01:59:09.298+0000] {taskinstance.py:340} INFO - ::group::Post task execution logs
[2025-02-11T01:59:09.305+0000] {taskinstance.py:352} INFO - Marking task as SUCCESS. dag_id=LocalIngestionDag, task_id=wget, run_id=scheduled__2022-11-02T06:00:00+00:00, execution_date=20221102T060000, start_date=20250211T015908, end_date=20250211T015909
[2025-02-11T01:59:09.355+0000] {local_task_job_runner.py:266} INFO - Task exited with return code 0
[2025-02-11T01:59:09.382+0000] {taskinstance.py:3895} INFO - 1 downstream tasks scheduled from follow-on schedule check
[2025-02-11T01:59:09.393+0000] {local_task_job_runner.py:245} INFO - ::endgroup::
