[2025-02-11T01:59:14.533+0000] {local_task_job_runner.py:123} INFO - ::group::Pre task execution logs
[2025-02-11T01:59:14.561+0000] {taskinstance.py:2613} INFO - Dependencies all met for dep_context=non-requeueable deps ti=<TaskInstance: LocalIngestionDag.wget scheduled__2024-01-02T06:00:00+00:00 [queued]>
[2025-02-11T01:59:14.569+0000] {taskinstance.py:2613} INFO - Dependencies all met for dep_context=requeueable deps ti=<TaskInstance: LocalIngestionDag.wget scheduled__2024-01-02T06:00:00+00:00 [queued]>
[2025-02-11T01:59:14.574+0000] {taskinstance.py:2866} INFO - Starting attempt 1 of 1
[2025-02-11T01:59:14.606+0000] {taskinstance.py:2889} INFO - Executing <Task(BashOperator): wget> on 2024-01-02 06:00:00+00:00
[2025-02-11T01:59:14.619+0000] {warnings.py:112} WARNING - /home/***/.local/lib/python3.12/site-packages/***/task/task_runner/standard_task_runner.py:70: DeprecationWarning: This process (pid=630) is multi-threaded, use of fork() may lead to deadlocks in the child.
  pid = os.fork()

[2025-02-11T01:59:14.623+0000] {standard_task_runner.py:72} INFO - Started process 648 to run task
[2025-02-11T01:59:14.621+0000] {standard_task_runner.py:104} INFO - Running: ['***', 'tasks', 'run', 'LocalIngestionDag', 'wget', 'scheduled__2024-01-02T06:00:00+00:00', '--job-id', '74', '--raw', '--subdir', 'DAGS_FOLDER/data_ingestion_local.py', '--cfg-path', '/tmp/tmpan8t8elz']
[2025-02-11T01:59:14.624+0000] {standard_task_runner.py:105} INFO - Job 74: Subtask wget
[2025-02-11T01:59:14.701+0000] {task_command.py:467} INFO - Running <TaskInstance: LocalIngestionDag.wget scheduled__2024-01-02T06:00:00+00:00 [running]> on host 79800649bc05
[2025-02-11T01:59:14.763+0000] {taskinstance.py:3132} INFO - Exporting env vars: AIRFLOW_CTX_DAG_OWNER='***' AIRFLOW_CTX_DAG_ID='LocalIngestionDag' AIRFLOW_CTX_TASK_ID='wget' AIRFLOW_CTX_EXECUTION_DATE='2024-01-02T06:00:00+00:00' AIRFLOW_CTX_TRY_NUMBER='1' AIRFLOW_CTX_DAG_RUN_ID='scheduled__2024-01-02T06:00:00+00:00'
[2025-02-11T01:59:14.765+0000] {taskinstance.py:731} INFO - ::endgroup::
[2025-02-11T01:59:14.774+0000] {subprocess.py:78} INFO - Tmp dir root location: /tmp
[2025-02-11T01:59:14.775+0000] {subprocess.py:88} INFO - Running command: ['/usr/bin/bash', '-c', 'curl -sSL https://s3.amazonaws.com/nyc-tlc/trip+data/yellow_tripdata_2024-01.csv > /opt/***/output_2024-01.csv']
[2025-02-11T01:59:14.785+0000] {subprocess.py:99} INFO - Output:
[2025-02-11T01:59:15.095+0000] {subprocess.py:110} INFO - Command exited with return code 0
[2025-02-11T01:59:15.252+0000] {taskinstance.py:340} INFO - ::group::Post task execution logs
[2025-02-11T01:59:15.255+0000] {taskinstance.py:352} INFO - Marking task as SUCCESS. dag_id=LocalIngestionDag, task_id=wget, run_id=scheduled__2024-01-02T06:00:00+00:00, execution_date=20240102T060000, start_date=20250211T015914, end_date=20250211T015915
[2025-02-11T01:59:15.299+0000] {local_task_job_runner.py:266} INFO - Task exited with return code 0
[2025-02-11T01:59:15.313+0000] {taskinstance.py:3895} INFO - 1 downstream tasks scheduled from follow-on schedule check
[2025-02-11T01:59:15.314+0000] {local_task_job_runner.py:245} INFO - ::endgroup::
[2025-02-12T03:54:32.556+0000] {local_task_job_runner.py:123} INFO - ::group::Pre task execution logs
[2025-02-12T03:54:32.575+0000] {taskinstance.py:2613} INFO - Dependencies all met for dep_context=non-requeueable deps ti=<TaskInstance: LocalIngestionDag.wget scheduled__2024-01-02T06:00:00+00:00 [queued]>
[2025-02-12T03:54:32.583+0000] {taskinstance.py:2613} INFO - Dependencies all met for dep_context=requeueable deps ti=<TaskInstance: LocalIngestionDag.wget scheduled__2024-01-02T06:00:00+00:00 [queued]>
[2025-02-12T03:54:32.585+0000] {taskinstance.py:2866} INFO - Starting attempt 1 of 1
[2025-02-12T03:54:32.598+0000] {taskinstance.py:2889} INFO - Executing <Task(BashOperator): wget> on 2024-01-02 06:00:00+00:00
[2025-02-12T03:54:32.601+0000] {warnings.py:112} WARNING - /home/***/.local/lib/python3.12/site-packages/***/task/task_runner/standard_task_runner.py:70: DeprecationWarning: This process (pid=1070) is multi-threaded, use of fork() may lead to deadlocks in the child.
  pid = os.fork()

[2025-02-12T03:54:32.605+0000] {standard_task_runner.py:72} INFO - Started process 1093 to run task
[2025-02-12T03:54:32.604+0000] {standard_task_runner.py:104} INFO - Running: ['***', 'tasks', 'run', 'LocalIngestionDag', 'wget', 'scheduled__2024-01-02T06:00:00+00:00', '--job-id', '70', '--raw', '--subdir', 'DAGS_FOLDER/data_ingestion_local.py', '--cfg-path', '/tmp/tmpklevuag0']
[2025-02-12T03:54:32.608+0000] {standard_task_runner.py:105} INFO - Job 70: Subtask wget
[2025-02-12T03:54:32.678+0000] {task_command.py:467} INFO - Running <TaskInstance: LocalIngestionDag.wget scheduled__2024-01-02T06:00:00+00:00 [running]> on host ee2ea8770015
[2025-02-12T03:54:32.745+0000] {taskinstance.py:3132} INFO - Exporting env vars: AIRFLOW_CTX_DAG_OWNER='***' AIRFLOW_CTX_DAG_ID='LocalIngestionDag' AIRFLOW_CTX_TASK_ID='wget' AIRFLOW_CTX_EXECUTION_DATE='2024-01-02T06:00:00+00:00' AIRFLOW_CTX_TRY_NUMBER='1' AIRFLOW_CTX_DAG_RUN_ID='scheduled__2024-01-02T06:00:00+00:00'
[2025-02-12T03:54:32.747+0000] {taskinstance.py:731} INFO - ::endgroup::
[2025-02-12T03:54:32.756+0000] {subprocess.py:78} INFO - Tmp dir root location: /tmp
[2025-02-12T03:54:32.757+0000] {subprocess.py:88} INFO - Running command: ['/usr/bin/bash', '-c', 'curl -sSL https://github.com/DataTalksClub/nyc-tlc-data/releases/download/yellow/yellow_tripdata_2019-01.csv.gz > /opt/***/yellow_tripdata_2019-01.csv.gz']
[2025-02-12T03:54:32.764+0000] {subprocess.py:99} INFO - Output:
[2025-02-12T03:55:16.605+0000] {subprocess.py:110} INFO - Command exited with return code 0
[2025-02-12T03:55:16.783+0000] {taskinstance.py:340} INFO - ::group::Post task execution logs
[2025-02-12T03:55:16.784+0000] {taskinstance.py:352} INFO - Marking task as SUCCESS. dag_id=LocalIngestionDag, task_id=wget, run_id=scheduled__2024-01-02T06:00:00+00:00, execution_date=20240102T060000, start_date=20250212T035432, end_date=20250212T035516
[2025-02-12T03:55:16.804+0000] {local_task_job_runner.py:266} INFO - Task exited with return code 0
[2025-02-12T03:55:16.819+0000] {taskinstance.py:3895} INFO - 1 downstream tasks scheduled from follow-on schedule check
[2025-02-12T03:55:16.821+0000] {local_task_job_runner.py:245} INFO - ::endgroup::
