[2025-02-11T01:59:08.816+0000] {local_task_job_runner.py:123} INFO - ::group::Pre task execution logs
[2025-02-11T01:59:08.841+0000] {taskinstance.py:2613} INFO - Dependencies all met for dep_context=non-requeueable deps ti=<TaskInstance: LocalIngestionDag.wget scheduled__2023-03-02T06:00:00+00:00 [queued]>
[2025-02-11T01:59:08.853+0000] {taskinstance.py:2613} INFO - Dependencies all met for dep_context=requeueable deps ti=<TaskInstance: LocalIngestionDag.wget scheduled__2023-03-02T06:00:00+00:00 [queued]>
[2025-02-11T01:59:08.854+0000] {taskinstance.py:2866} INFO - Starting attempt 1 of 1
[2025-02-11T01:59:08.872+0000] {taskinstance.py:2889} INFO - Executing <Task(BashOperator): wget> on 2023-03-02 06:00:00+00:00
[2025-02-11T01:59:08.884+0000] {warnings.py:112} WARNING - /home/***/.local/lib/python3.12/site-packages/***/task/task_runner/standard_task_runner.py:70: DeprecationWarning: This process (pid=497) is multi-threaded, use of fork() may lead to deadlocks in the child.
  pid = os.fork()

[2025-02-11T01:59:08.891+0000] {standard_task_runner.py:72} INFO - Started process 530 to run task
[2025-02-11T01:59:08.888+0000] {standard_task_runner.py:104} INFO - Running: ['***', 'tasks', 'run', 'LocalIngestionDag', 'wget', 'scheduled__2023-03-02T06:00:00+00:00', '--job-id', '47', '--raw', '--subdir', 'DAGS_FOLDER/data_ingestion_local.py', '--cfg-path', '/tmp/tmpukrefwux']
[2025-02-11T01:59:08.896+0000] {standard_task_runner.py:105} INFO - Job 47: Subtask wget
[2025-02-11T01:59:09.038+0000] {task_command.py:467} INFO - Running <TaskInstance: LocalIngestionDag.wget scheduled__2023-03-02T06:00:00+00:00 [running]> on host 79800649bc05
[2025-02-11T01:59:09.217+0000] {taskinstance.py:3132} INFO - Exporting env vars: AIRFLOW_CTX_DAG_OWNER='***' AIRFLOW_CTX_DAG_ID='LocalIngestionDag' AIRFLOW_CTX_TASK_ID='wget' AIRFLOW_CTX_EXECUTION_DATE='2023-03-02T06:00:00+00:00' AIRFLOW_CTX_TRY_NUMBER='1' AIRFLOW_CTX_DAG_RUN_ID='scheduled__2023-03-02T06:00:00+00:00'
[2025-02-11T01:59:09.224+0000] {taskinstance.py:731} INFO - ::endgroup::
[2025-02-11T01:59:09.250+0000] {subprocess.py:78} INFO - Tmp dir root location: /tmp
[2025-02-11T01:59:09.255+0000] {subprocess.py:88} INFO - Running command: ['/usr/bin/bash', '-c', 'curl -sSL https://s3.amazonaws.com/nyc-tlc/trip+data/yellow_tripdata_2023-03.csv > /opt/***/output_2023-03.csv']
[2025-02-11T01:59:09.270+0000] {subprocess.py:99} INFO - Output:
[2025-02-11T01:59:09.419+0000] {subprocess.py:110} INFO - Command exited with return code 0
[2025-02-11T01:59:09.634+0000] {taskinstance.py:340} INFO - ::group::Post task execution logs
[2025-02-11T01:59:09.636+0000] {taskinstance.py:352} INFO - Marking task as SUCCESS. dag_id=LocalIngestionDag, task_id=wget, run_id=scheduled__2023-03-02T06:00:00+00:00, execution_date=20230302T060000, start_date=20250211T015908, end_date=20250211T015909
[2025-02-11T01:59:09.740+0000] {local_task_job_runner.py:266} INFO - Task exited with return code 0
[2025-02-11T01:59:09.769+0000] {taskinstance.py:3895} INFO - 1 downstream tasks scheduled from follow-on schedule check
[2025-02-11T01:59:09.773+0000] {local_task_job_runner.py:245} INFO - ::endgroup::
[2025-02-12T03:53:46.083+0000] {local_task_job_runner.py:123} INFO - ::group::Pre task execution logs
[2025-02-12T03:53:46.108+0000] {taskinstance.py:2613} INFO - Dependencies all met for dep_context=non-requeueable deps ti=<TaskInstance: LocalIngestionDag.wget scheduled__2023-03-02T06:00:00+00:00 [queued]>
[2025-02-12T03:53:46.115+0000] {taskinstance.py:2613} INFO - Dependencies all met for dep_context=requeueable deps ti=<TaskInstance: LocalIngestionDag.wget scheduled__2023-03-02T06:00:00+00:00 [queued]>
[2025-02-12T03:53:46.115+0000] {taskinstance.py:2866} INFO - Starting attempt 1 of 1
[2025-02-12T03:53:46.128+0000] {taskinstance.py:2889} INFO - Executing <Task(BashOperator): wget> on 2023-03-02 06:00:00+00:00
[2025-02-12T03:53:46.132+0000] {warnings.py:112} WARNING - /home/***/.local/lib/python3.12/site-packages/***/task/task_runner/standard_task_runner.py:70: DeprecationWarning: This process (pid=826) is multi-threaded, use of fork() may lead to deadlocks in the child.
  pid = os.fork()

[2025-02-12T03:53:46.136+0000] {standard_task_runner.py:72} INFO - Started process 831 to run task
[2025-02-12T03:53:46.135+0000] {standard_task_runner.py:104} INFO - Running: ['***', 'tasks', 'run', 'LocalIngestionDag', 'wget', 'scheduled__2023-03-02T06:00:00+00:00', '--job-id', '48', '--raw', '--subdir', 'DAGS_FOLDER/data_ingestion_local.py', '--cfg-path', '/tmp/tmps4oacvwx']
[2025-02-12T03:53:46.139+0000] {standard_task_runner.py:105} INFO - Job 48: Subtask wget
[2025-02-12T03:53:46.205+0000] {task_command.py:467} INFO - Running <TaskInstance: LocalIngestionDag.wget scheduled__2023-03-02T06:00:00+00:00 [running]> on host ee2ea8770015
[2025-02-12T03:53:46.273+0000] {taskinstance.py:3132} INFO - Exporting env vars: AIRFLOW_CTX_DAG_OWNER='***' AIRFLOW_CTX_DAG_ID='LocalIngestionDag' AIRFLOW_CTX_TASK_ID='wget' AIRFLOW_CTX_EXECUTION_DATE='2023-03-02T06:00:00+00:00' AIRFLOW_CTX_TRY_NUMBER='1' AIRFLOW_CTX_DAG_RUN_ID='scheduled__2023-03-02T06:00:00+00:00'
[2025-02-12T03:53:46.278+0000] {taskinstance.py:731} INFO - ::endgroup::
[2025-02-12T03:53:46.314+0000] {subprocess.py:78} INFO - Tmp dir root location: /tmp
[2025-02-12T03:53:46.317+0000] {subprocess.py:88} INFO - Running command: ['/usr/bin/bash', '-c', 'curl -sSL https://github.com/DataTalksClub/nyc-tlc-data/releases/download/yellow/yellow_tripdata_2019-01.csv.gz > /opt/***/yellow_tripdata_2019-01.csv.gz']
[2025-02-12T03:53:46.330+0000] {subprocess.py:99} INFO - Output:
[2025-02-12T03:54:30.768+0000] {subprocess.py:110} INFO - Command exited with return code 0
[2025-02-12T03:54:30.962+0000] {taskinstance.py:340} INFO - ::group::Post task execution logs
[2025-02-12T03:54:30.963+0000] {taskinstance.py:352} INFO - Marking task as SUCCESS. dag_id=LocalIngestionDag, task_id=wget, run_id=scheduled__2023-03-02T06:00:00+00:00, execution_date=20230302T060000, start_date=20250212T035346, end_date=20250212T035430
[2025-02-12T03:54:31.018+0000] {local_task_job_runner.py:266} INFO - Task exited with return code 0
[2025-02-12T03:54:31.034+0000] {taskinstance.py:3895} INFO - 1 downstream tasks scheduled from follow-on schedule check
[2025-02-12T03:54:31.037+0000] {local_task_job_runner.py:245} INFO - ::endgroup::
