[2025-02-12T02:42:17.363+0000] {local_task_job_runner.py:123} INFO - ::group::Pre task execution logs
[2025-02-12T02:42:17.373+0000] {taskinstance.py:2613} INFO - Dependencies all met for dep_context=non-requeueable deps ti=<TaskInstance: LocalIngestionDag.wget manual__2025-02-12T02:42:15.729097+00:00 [queued]>
[2025-02-12T02:42:17.377+0000] {taskinstance.py:2613} INFO - Dependencies all met for dep_context=requeueable deps ti=<TaskInstance: LocalIngestionDag.wget manual__2025-02-12T02:42:15.729097+00:00 [queued]>
[2025-02-12T02:42:17.377+0000] {taskinstance.py:2866} INFO - Starting attempt 1 of 1
[2025-02-12T02:42:17.383+0000] {taskinstance.py:2889} INFO - Executing <Task(BashOperator): wget> on 2025-02-12 02:42:15.729097+00:00
[2025-02-12T02:42:17.386+0000] {warnings.py:112} WARNING - /home/***/.local/lib/python3.12/site-packages/***/task/task_runner/standard_task_runner.py:70: DeprecationWarning: This process (pid=81) is multi-threaded, use of fork() may lead to deadlocks in the child.
  pid = os.fork()

[2025-02-12T02:42:17.387+0000] {standard_task_runner.py:72} INFO - Started process 82 to run task
[2025-02-12T02:42:17.387+0000] {standard_task_runner.py:104} INFO - Running: ['***', 'tasks', 'run', 'LocalIngestionDag', 'wget', 'manual__2025-02-12T02:42:15.729097+00:00', '--job-id', '123', '--raw', '--subdir', 'DAGS_FOLDER/data_ingestion_local.py', '--cfg-path', '/tmp/tmpjjofhlme']
[2025-02-12T02:42:17.389+0000] {standard_task_runner.py:105} INFO - Job 123: Subtask wget
[2025-02-12T02:42:17.417+0000] {task_command.py:467} INFO - Running <TaskInstance: LocalIngestionDag.wget manual__2025-02-12T02:42:15.729097+00:00 [running]> on host daeebf3e3edd
[2025-02-12T02:42:17.563+0000] {taskinstance.py:3132} INFO - Exporting env vars: AIRFLOW_CTX_DAG_OWNER='***' AIRFLOW_CTX_DAG_ID='LocalIngestionDag' AIRFLOW_CTX_TASK_ID='wget' AIRFLOW_CTX_EXECUTION_DATE='2025-02-12T02:42:15.729097+00:00' AIRFLOW_CTX_TRY_NUMBER='1' AIRFLOW_CTX_DAG_RUN_ID='manual__2025-02-12T02:42:15.729097+00:00'
[2025-02-12T02:42:17.564+0000] {taskinstance.py:731} INFO - ::endgroup::
[2025-02-12T02:42:17.578+0000] {subprocess.py:78} INFO - Tmp dir root location: /tmp
[2025-02-12T02:42:17.578+0000] {subprocess.py:88} INFO - Running command: ['/usr/bin/bash', '-c', 'curl -sSL https://s3.amazonaws.com/nyc-tlc/trip+data/yellow_tripdata_2025-02.csv > /opt/***/output_2025-02.csv']
[2025-02-12T02:42:17.585+0000] {subprocess.py:99} INFO - Output:
[2025-02-12T02:42:17.898+0000] {subprocess.py:110} INFO - Command exited with return code 0
[2025-02-12T02:42:17.917+0000] {taskinstance.py:340} INFO - ::group::Post task execution logs
[2025-02-12T02:42:17.918+0000] {taskinstance.py:352} INFO - Marking task as SUCCESS. dag_id=LocalIngestionDag, task_id=wget, run_id=manual__2025-02-12T02:42:15.729097+00:00, execution_date=20250212T024215, start_date=20250212T024217, end_date=20250212T024217
[2025-02-12T02:42:17.956+0000] {local_task_job_runner.py:266} INFO - Task exited with return code 0
[2025-02-12T02:42:17.973+0000] {taskinstance.py:3895} INFO - 1 downstream tasks scheduled from follow-on schedule check
[2025-02-12T02:42:17.974+0000] {local_task_job_runner.py:245} INFO - ::endgroup::
