[2025-02-12T04:02:40.881+0000] {local_task_job_runner.py:123} INFO - ::group::Pre task execution logs
[2025-02-12T04:02:40.893+0000] {taskinstance.py:2613} INFO - Dependencies all met for dep_context=non-requeueable deps ti=<TaskInstance: LocalIngestionDag.ingest manual__2025-02-12T04:02:33.095484+00:00 [queued]>
[2025-02-12T04:02:40.897+0000] {taskinstance.py:2613} INFO - Dependencies all met for dep_context=requeueable deps ti=<TaskInstance: LocalIngestionDag.ingest manual__2025-02-12T04:02:33.095484+00:00 [queued]>
[2025-02-12T04:02:40.897+0000] {taskinstance.py:2866} INFO - Starting attempt 1 of 1
[2025-02-12T04:02:40.904+0000] {taskinstance.py:2889} INFO - Executing <Task(PythonOperator): ingest> on 2025-02-12 04:02:33.095484+00:00
[2025-02-12T04:02:40.907+0000] {warnings.py:112} WARNING - /home/***/.local/lib/python3.12/site-packages/***/task/task_runner/standard_task_runner.py:70: DeprecationWarning: This process (pid=1982) is multi-threaded, use of fork() may lead to deadlocks in the child.
  pid = os.fork()

[2025-02-12T04:02:40.908+0000] {standard_task_runner.py:72} INFO - Started process 1983 to run task
[2025-02-12T04:02:40.909+0000] {standard_task_runner.py:104} INFO - Running: ['***', 'tasks', 'run', 'LocalIngestionDag', 'ingest', 'manual__2025-02-12T04:02:33.095484+00:00', '--job-id', '106', '--raw', '--subdir', 'DAGS_FOLDER/data_ingestion_local.py', '--cfg-path', '/tmp/tmpsvdixxa2']
[2025-02-12T04:02:40.910+0000] {standard_task_runner.py:105} INFO - Job 106: Subtask ingest
[2025-02-12T04:02:40.942+0000] {task_command.py:467} INFO - Running <TaskInstance: LocalIngestionDag.ingest manual__2025-02-12T04:02:33.095484+00:00 [running]> on host ee2ea8770015
[2025-02-12T04:02:40.989+0000] {taskinstance.py:3132} INFO - Exporting env vars: AIRFLOW_CTX_DAG_OWNER='***' AIRFLOW_CTX_DAG_ID='LocalIngestionDag' AIRFLOW_CTX_TASK_ID='ingest' AIRFLOW_CTX_EXECUTION_DATE='2025-02-12T04:02:33.095484+00:00' AIRFLOW_CTX_TRY_NUMBER='1' AIRFLOW_CTX_DAG_RUN_ID='manual__2025-02-12T04:02:33.095484+00:00'
[2025-02-12T04:02:40.990+0000] {taskinstance.py:731} INFO - ::endgroup::
[2025-02-12T04:02:40.997+0000] {logging_mixin.py:190} INFO - Connection to PostgreSQL database successful.
[2025-02-12T04:02:40.997+0000] {logging_mixin.py:190} INFO - Ingesting data from /opt/***/yellow_tripdata_2019-01.csv.gz into yellow_taxi.
[2025-02-12T04:02:42.520+0000] {logging_mixin.py:190} INFO - Data successfully read from /opt/***/yellow_tripdata_2019-01.csv.gz.
[2025-02-12T04:02:53.573+0000] {job.py:229} INFO - Heartbeat recovered after 12.73 seconds
[2025-02-12T04:02:53.712+0000] {local_task_job_runner.py:266} INFO - Task exited with return code -9. For more information, see https://***.apache.org/docs/apache-***/stable/troubleshooting.html#LocalTaskJob-killed
[2025-02-12T04:02:53.741+0000] {taskinstance.py:3895} INFO - 0 downstream tasks scheduled from follow-on schedule check
[2025-02-12T04:02:53.741+0000] {local_task_job_runner.py:245} INFO - ::endgroup::
