[2025-02-12T01:50:26.495+0000] {local_task_job_runner.py:123} INFO - ::group::Pre task execution logs
[2025-02-12T01:50:26.507+0000] {taskinstance.py:2613} INFO - Dependencies all met for dep_context=non-requeueable deps ti=<TaskInstance: LocalIngestionDag.wget manual__2025-02-12T01:50:25.819700+00:00 [queued]>
[2025-02-12T01:50:26.510+0000] {taskinstance.py:2613} INFO - Dependencies all met for dep_context=requeueable deps ti=<TaskInstance: LocalIngestionDag.wget manual__2025-02-12T01:50:25.819700+00:00 [queued]>
[2025-02-12T01:50:26.510+0000] {taskinstance.py:2866} INFO - Starting attempt 1 of 1
[2025-02-12T01:50:26.517+0000] {taskinstance.py:2889} INFO - Executing <Task(BashOperator): wget> on 2025-02-12 01:50:25.819700+00:00
[2025-02-12T01:50:26.520+0000] {warnings.py:112} WARNING - /home/***/.local/lib/python3.12/site-packages/***/task/task_runner/standard_task_runner.py:70: DeprecationWarning: This process (pid=12867) is multi-threaded, use of fork() may lead to deadlocks in the child.
  pid = os.fork()

[2025-02-12T01:50:26.521+0000] {standard_task_runner.py:72} INFO - Started process 12868 to run task
[2025-02-12T01:50:26.522+0000] {standard_task_runner.py:104} INFO - Running: ['***', 'tasks', 'run', 'LocalIngestionDag', 'wget', 'manual__2025-02-12T01:50:25.819700+00:00', '--job-id', '103', '--raw', '--subdir', 'DAGS_FOLDER/data_ingestion_local.py', '--cfg-path', '/tmp/tmpqa_svf_f']
[2025-02-12T01:50:26.523+0000] {standard_task_runner.py:105} INFO - Job 103: Subtask wget
[2025-02-12T01:50:26.552+0000] {task_command.py:467} INFO - Running <TaskInstance: LocalIngestionDag.wget manual__2025-02-12T01:50:25.819700+00:00 [running]> on host 79800649bc05
[2025-02-12T01:50:26.597+0000] {taskinstance.py:3132} INFO - Exporting env vars: AIRFLOW_CTX_DAG_OWNER='***' AIRFLOW_CTX_DAG_ID='LocalIngestionDag' AIRFLOW_CTX_TASK_ID='wget' AIRFLOW_CTX_EXECUTION_DATE='2025-02-12T01:50:25.819700+00:00' AIRFLOW_CTX_TRY_NUMBER='1' AIRFLOW_CTX_DAG_RUN_ID='manual__2025-02-12T01:50:25.819700+00:00'
[2025-02-12T01:50:26.598+0000] {taskinstance.py:731} INFO - ::endgroup::
[2025-02-12T01:50:26.605+0000] {subprocess.py:78} INFO - Tmp dir root location: /tmp
[2025-02-12T01:50:26.605+0000] {subprocess.py:88} INFO - Running command: ['/usr/bin/bash', '-c', 'curl -sSL https://s3.amazonaws.com/nyc-tlc/trip+data/yellow_tripdata_2025-02.csv > /opt/***/output_2025-02.csv']
[2025-02-12T01:50:26.610+0000] {subprocess.py:99} INFO - Output:
[2025-02-12T01:50:26.938+0000] {subprocess.py:110} INFO - Command exited with return code 0
[2025-02-12T01:50:27.075+0000] {taskinstance.py:340} INFO - ::group::Post task execution logs
[2025-02-12T01:50:27.075+0000] {taskinstance.py:352} INFO - Marking task as SUCCESS. dag_id=LocalIngestionDag, task_id=wget, run_id=manual__2025-02-12T01:50:25.819700+00:00, execution_date=20250212T015025, start_date=20250212T015026, end_date=20250212T015027
[2025-02-12T01:50:27.092+0000] {local_task_job_runner.py:266} INFO - Task exited with return code 0
[2025-02-12T01:50:27.105+0000] {taskinstance.py:3895} INFO - 1 downstream tasks scheduled from follow-on schedule check
[2025-02-12T01:50:27.106+0000] {local_task_job_runner.py:245} INFO - ::endgroup::
