[2025-02-11T01:59:07.854+0000] {local_task_job_runner.py:123} INFO - ::group::Pre task execution logs
[2025-02-11T01:59:07.886+0000] {taskinstance.py:2613} INFO - Dependencies all met for dep_context=non-requeueable deps ti=<TaskInstance: LocalIngestionDag.wget scheduled__2022-09-02T06:00:00+00:00 [queued]>
[2025-02-11T01:59:07.895+0000] {taskinstance.py:2613} INFO - Dependencies all met for dep_context=requeueable deps ti=<TaskInstance: LocalIngestionDag.wget scheduled__2022-09-02T06:00:00+00:00 [queued]>
[2025-02-11T01:59:07.896+0000] {taskinstance.py:2866} INFO - Starting attempt 1 of 1
[2025-02-11T01:59:07.933+0000] {taskinstance.py:2889} INFO - Executing <Task(BashOperator): wget> on 2022-09-02 06:00:00+00:00
[2025-02-11T01:59:07.937+0000] {warnings.py:112} WARNING - /home/***/.local/lib/python3.12/site-packages/***/task/task_runner/standard_task_runner.py:70: DeprecationWarning: This process (pid=473) is multi-threaded, use of fork() may lead to deadlocks in the child.
  pid = os.fork()

[2025-02-11T01:59:07.938+0000] {standard_task_runner.py:72} INFO - Started process 491 to run task
[2025-02-11T01:59:07.940+0000] {standard_task_runner.py:104} INFO - Running: ['***', 'tasks', 'run', 'LocalIngestionDag', 'wget', 'scheduled__2022-09-02T06:00:00+00:00', '--job-id', '41', '--raw', '--subdir', 'DAGS_FOLDER/data_ingestion_local.py', '--cfg-path', '/tmp/tmpxuesayni']
[2025-02-11T01:59:07.943+0000] {standard_task_runner.py:105} INFO - Job 41: Subtask wget
[2025-02-11T01:59:08.036+0000] {task_command.py:467} INFO - Running <TaskInstance: LocalIngestionDag.wget scheduled__2022-09-02T06:00:00+00:00 [running]> on host 79800649bc05
[2025-02-11T01:59:08.133+0000] {taskinstance.py:3132} INFO - Exporting env vars: AIRFLOW_CTX_DAG_OWNER='***' AIRFLOW_CTX_DAG_ID='LocalIngestionDag' AIRFLOW_CTX_TASK_ID='wget' AIRFLOW_CTX_EXECUTION_DATE='2022-09-02T06:00:00+00:00' AIRFLOW_CTX_TRY_NUMBER='1' AIRFLOW_CTX_DAG_RUN_ID='scheduled__2022-09-02T06:00:00+00:00'
[2025-02-11T01:59:08.134+0000] {taskinstance.py:731} INFO - ::endgroup::
[2025-02-11T01:59:08.154+0000] {subprocess.py:78} INFO - Tmp dir root location: /tmp
[2025-02-11T01:59:08.159+0000] {subprocess.py:88} INFO - Running command: ['/usr/bin/bash', '-c', 'curl -sSL https://s3.amazonaws.com/nyc-tlc/trip+data/yellow_tripdata_2022-09.csv > /opt/***/output_2022-09.csv']
[2025-02-11T01:59:08.180+0000] {subprocess.py:99} INFO - Output:
[2025-02-11T01:59:08.350+0000] {subprocess.py:110} INFO - Command exited with return code 0
[2025-02-11T01:59:08.613+0000] {taskinstance.py:340} INFO - ::group::Post task execution logs
[2025-02-11T01:59:08.619+0000] {taskinstance.py:352} INFO - Marking task as SUCCESS. dag_id=LocalIngestionDag, task_id=wget, run_id=scheduled__2022-09-02T06:00:00+00:00, execution_date=20220902T060000, start_date=20250211T015907, end_date=20250211T015908
[2025-02-11T01:59:08.673+0000] {local_task_job_runner.py:266} INFO - Task exited with return code 0
[2025-02-11T01:59:08.711+0000] {taskinstance.py:3895} INFO - 1 downstream tasks scheduled from follow-on schedule check
[2025-02-11T01:59:08.722+0000] {local_task_job_runner.py:245} INFO - ::endgroup::
[2025-02-12T03:53:24.894+0000] {local_task_job_runner.py:123} INFO - ::group::Pre task execution logs
[2025-02-12T03:53:24.912+0000] {taskinstance.py:2613} INFO - Dependencies all met for dep_context=non-requeueable deps ti=<TaskInstance: LocalIngestionDag.wget scheduled__2022-09-02T06:00:00+00:00 [queued]>
[2025-02-12T03:53:24.923+0000] {taskinstance.py:2613} INFO - Dependencies all met for dep_context=requeueable deps ti=<TaskInstance: LocalIngestionDag.wget scheduled__2022-09-02T06:00:00+00:00 [queued]>
[2025-02-12T03:53:24.924+0000] {taskinstance.py:2866} INFO - Starting attempt 1 of 1
[2025-02-12T03:53:24.970+0000] {taskinstance.py:2889} INFO - Executing <Task(BashOperator): wget> on 2022-09-02 06:00:00+00:00
[2025-02-12T03:53:24.984+0000] {warnings.py:112} WARNING - /home/***/.local/lib/python3.12/site-packages/***/task/task_runner/standard_task_runner.py:70: DeprecationWarning: This process (pid=721) is multi-threaded, use of fork() may lead to deadlocks in the child.
  pid = os.fork()

[2025-02-12T03:53:24.992+0000] {standard_task_runner.py:72} INFO - Started process 744 to run task
[2025-02-12T03:53:24.986+0000] {standard_task_runner.py:104} INFO - Running: ['***', 'tasks', 'run', 'LocalIngestionDag', 'wget', 'scheduled__2022-09-02T06:00:00+00:00', '--job-id', '40', '--raw', '--subdir', 'DAGS_FOLDER/data_ingestion_local.py', '--cfg-path', '/tmp/tmpx9g1x6aa']
[2025-02-12T03:53:24.995+0000] {standard_task_runner.py:105} INFO - Job 40: Subtask wget
[2025-02-12T03:53:25.064+0000] {task_command.py:467} INFO - Running <TaskInstance: LocalIngestionDag.wget scheduled__2022-09-02T06:00:00+00:00 [running]> on host ee2ea8770015
[2025-02-12T03:53:25.138+0000] {taskinstance.py:3132} INFO - Exporting env vars: AIRFLOW_CTX_DAG_OWNER='***' AIRFLOW_CTX_DAG_ID='LocalIngestionDag' AIRFLOW_CTX_TASK_ID='wget' AIRFLOW_CTX_EXECUTION_DATE='2022-09-02T06:00:00+00:00' AIRFLOW_CTX_TRY_NUMBER='1' AIRFLOW_CTX_DAG_RUN_ID='scheduled__2022-09-02T06:00:00+00:00'
[2025-02-12T03:53:25.139+0000] {taskinstance.py:731} INFO - ::endgroup::
[2025-02-12T03:53:25.149+0000] {subprocess.py:78} INFO - Tmp dir root location: /tmp
[2025-02-12T03:53:25.151+0000] {subprocess.py:88} INFO - Running command: ['/usr/bin/bash', '-c', 'curl -sSL https://github.com/DataTalksClub/nyc-tlc-data/releases/download/yellow/yellow_tripdata_2019-01.csv.gz > /opt/***/yellow_tripdata_2019-01.csv.gz']
[2025-02-12T03:53:25.158+0000] {subprocess.py:99} INFO - Output:
[2025-02-12T03:54:14.141+0000] {subprocess.py:110} INFO - Command exited with return code 0
[2025-02-12T03:54:14.301+0000] {taskinstance.py:340} INFO - ::group::Post task execution logs
[2025-02-12T03:54:14.302+0000] {taskinstance.py:352} INFO - Marking task as SUCCESS. dag_id=LocalIngestionDag, task_id=wget, run_id=scheduled__2022-09-02T06:00:00+00:00, execution_date=20220902T060000, start_date=20250212T035324, end_date=20250212T035414
[2025-02-12T03:54:14.343+0000] {local_task_job_runner.py:266} INFO - Task exited with return code 0
[2025-02-12T03:54:14.361+0000] {taskinstance.py:3895} INFO - 1 downstream tasks scheduled from follow-on schedule check
[2025-02-12T03:54:14.365+0000] {local_task_job_runner.py:245} INFO - ::endgroup::
